<?xml version="1.0" encoding="UTF-8"?>
<coverage generated="1773448083575" clover="3.2.0">
  <project timestamp="1773448083575" name="All files">
    <metrics statements="174" coveredstatements="170" conditionals="167" coveredconditionals="152" methods="17" coveredmethods="17" elements="358" coveredelements="339" complexity="0" loc="174" ncloc="174" packages="2" files="3" classes="3"/>
    <package name="server.modules.tiberMatrix">
      <metrics statements="169" coveredstatements="165" conditionals="167" coveredconditionals="152" methods="16" coveredmethods="16"/>
      <file name="assignRoleFromUsage.ts" path="/home/user/TIBER-Fantasy/server/modules/tiberMatrix/assignRoleFromUsage.ts">
        <metrics statements="166" coveredstatements="162" conditionals="167" coveredconditionals="152" methods="15" coveredmethods="15"/>
        <line num="6" count="1" type="stmt"/>
        <line num="82" count="1" type="stmt"/>
        <line num="116" count="1" type="stmt"/>
        <line num="117" count="1315" type="stmt"/>
        <line num="118" count="1315" type="cond" truecount="4" falsecount="0"/>
        <line num="122" count="1" type="stmt"/>
        <line num="123" count="749" type="cond" truecount="2" falsecount="0"/>
        <line num="124" count="298" type="stmt"/>
        <line num="125" count="298" type="stmt"/>
        <line num="130" count="1012" type="cond" truecount="2" falsecount="0"/>
        <line num="135" count="6" type="stmt"/>
        <line num="141" count="6" type="cond" truecount="4" falsecount="0"/>
        <line num="142" count="6" type="cond" truecount="4" falsecount="0"/>
        <line num="143" count="6" type="cond" truecount="4" falsecount="0"/>
        <line num="144" count="6" type="cond" truecount="3" falsecount="1"/>
        <line num="145" count="6" type="stmt"/>
        <line num="146" count="6" type="stmt"/>
        <line num="148" count="6" type="stmt"/>
        <line num="149" count="6" type="stmt"/>
        <line num="150" count="6" type="stmt"/>
        <line num="151" count="6" type="stmt"/>
        <line num="152" count="6" type="stmt"/>
        <line num="154" count="6" type="cond" truecount="2" falsecount="0"/>
        <line num="155" count="2" type="stmt"/>
        <line num="158" count="6" type="stmt"/>
        <line num="159" count="6" type="stmt"/>
        <line num="164" count="6" type="stmt"/>
        <line num="169" count="6" type="stmt"/>
        <line num="174" count="6" type="stmt"/>
        <line num="180" count="6" type="cond" truecount="1" falsecount="1"/>
        <line num="181" count="0" type="cond" truecount="0" falsecount="2"/>
        <line num="184" count="6" type="stmt"/>
        <line num="185" count="6" type="stmt"/>
        <line num="186" count="6" type="stmt"/>
        <line num="187" count="6" type="stmt"/>
        <line num="188" count="6" type="stmt"/>
        <line num="190" count="6" type="stmt"/>
        <line num="194" count="11" type="cond" truecount="3" falsecount="1"/>
        <line num="195" count="11" type="cond" truecount="3" falsecount="1"/>
        <line num="196" count="11" type="cond" truecount="4" falsecount="0"/>
        <line num="197" count="11" type="cond" truecount="4" falsecount="0"/>
        <line num="198" count="11" type="cond" truecount="4" falsecount="0"/>
        <line num="199" count="11" type="cond" truecount="4" falsecount="0"/>
        <line num="200" count="11" type="cond" truecount="4" falsecount="0"/>
        <line num="201" count="11" type="stmt"/>
        <line num="203" count="11" type="stmt"/>
        <line num="204" count="11" type="stmt"/>
        <line num="205" count="11" type="stmt"/>
        <line num="206" count="11" type="stmt"/>
        <line num="208" count="11" type="stmt"/>
        <line num="210" count="11" type="stmt"/>
        <line num="211" count="11" type="stmt"/>
        <line num="212" count="11" type="stmt"/>
        <line num="213" count="11" type="stmt"/>
        <line num="214" count="11" type="stmt"/>
        <line num="216" count="11" type="cond" truecount="1" falsecount="1"/>
        <line num="217" count="0" type="stmt"/>
        <line num="220" count="11" type="stmt"/>
        <line num="221" count="11" type="stmt"/>
        <line num="222" count="11" type="stmt"/>
        <line num="223" count="11" type="stmt"/>
        <line num="224" count="11" type="stmt"/>
        <line num="226" count="11" type="stmt"/>
        <line num="227" count="11" type="stmt"/>
        <line num="228" count="11" type="stmt"/>
        <line num="229" count="11" type="stmt"/>
        <line num="230" count="11" type="stmt"/>
        <line num="232" count="11" type="stmt"/>
        <line num="233" count="11" type="stmt"/>
        <line num="234" count="11" type="stmt"/>
        <line num="239" count="11" type="stmt"/>
        <line num="241" count="11" type="stmt"/>
        <line num="245" count="16" type="cond" truecount="4" falsecount="0"/>
        <line num="246" count="16" type="cond" truecount="4" falsecount="0"/>
        <line num="247" count="16" type="cond" truecount="4" falsecount="0"/>
        <line num="248" count="16" type="cond" truecount="3" falsecount="1"/>
        <line num="249" count="16" type="cond" truecount="4" falsecount="0"/>
        <line num="250" count="16" type="cond" truecount="4" falsecount="0"/>
        <line num="251" count="16" type="cond" truecount="4" falsecount="0"/>
        <line num="252" count="16" type="stmt"/>
        <line num="253" count="16" type="stmt"/>
        <line num="256" count="16" type="stmt"/>
        <line num="257" count="16" type="stmt"/>
        <line num="258" count="16" type="stmt"/>
        <line num="259" count="16" type="stmt"/>
        <line num="261" count="16" type="stmt"/>
        <line num="262" count="16" type="cond" truecount="2" falsecount="0"/>
        <line num="263" count="3" type="stmt"/>
        <line num="267" count="16" type="stmt"/>
        <line num="268" count="16" type="stmt"/>
        <line num="269" count="16" type="stmt"/>
        <line num="270" count="16" type="stmt"/>
        <line num="272" count="16" type="stmt"/>
        <line num="275" count="16" type="stmt"/>
        <line num="276" count="16" type="stmt"/>
        <line num="281" count="16" type="stmt"/>
        <line num="282" count="16" type="stmt"/>
        <line num="284" count="16" type="stmt"/>
        <line num="291" count="16" type="stmt"/>
        <line num="292" count="16" type="stmt"/>
        <line num="293" count="16" type="stmt"/>
        <line num="294" count="16" type="stmt"/>
        <line num="295" count="16" type="stmt"/>
        <line num="298" count="16" type="stmt"/>
        <line num="299" count="16" type="stmt"/>
        <line num="300" count="16" type="stmt"/>
        <line num="301" count="16" type="stmt"/>
        <line num="303" count="16" type="stmt"/>
        <line num="306" count="16" type="stmt"/>
        <line num="307" count="16" type="stmt"/>
        <line num="308" count="16" type="stmt"/>
        <line num="309" count="16" type="stmt"/>
        <line num="310" count="16" type="stmt"/>
        <line num="311" count="16" type="cond" truecount="2" falsecount="0"/>
        <line num="312" count="2" type="stmt"/>
        <line num="315" count="16" type="stmt"/>
        <line num="319" count="7" type="cond" truecount="4" falsecount="0"/>
        <line num="320" count="7" type="cond" truecount="4" falsecount="0"/>
        <line num="321" count="7" type="cond" truecount="3" falsecount="1"/>
        <line num="322" count="7" type="cond" truecount="4" falsecount="0"/>
        <line num="323" count="7" type="cond" truecount="4" falsecount="0"/>
        <line num="326" count="7" type="stmt"/>
        <line num="327" count="7" type="stmt"/>
        <line num="328" count="7" type="stmt"/>
        <line num="329" count="7" type="stmt"/>
        <line num="331" count="7" type="stmt"/>
        <line num="334" count="7" type="stmt"/>
        <line num="335" count="7" type="stmt"/>
        <line num="336" count="7" type="stmt"/>
        <line num="337" count="7" type="stmt"/>
        <line num="339" count="7" type="stmt"/>
        <line num="342" count="7" type="stmt"/>
        <line num="343" count="7" type="stmt"/>
        <line num="344" count="7" type="stmt"/>
        <line num="345" count="7" type="stmt"/>
        <line num="347" count="7" type="stmt"/>
        <line num="353" count="40" type="stmt"/>
        <line num="360" count="40" type="stmt"/>
        <line num="365" count="40" type="cond" truecount="1" falsecount="1"/>
        <line num="366" count="40" type="cond" truecount="4" falsecount="0"/>
        <line num="367" count="34" type="cond" truecount="2" falsecount="0"/>
        <line num="368" count="3" type="stmt"/>
        <line num="372" count="40" type="cond" truecount="1" falsecount="1"/>
        <line num="373" count="40" type="cond" truecount="2" falsecount="0"/>
        <line num="377" count="39" type="stmt"/>
        <line num="379" count="1" type="cond" truecount="3" falsecount="1"/>
        <line num="380" count="0" type="stmt"/>
        <line num="384" count="46" type="cond" truecount="2" falsecount="0"/>
        <line num="385" count="40" type="cond" truecount="2" falsecount="0"/>
        <line num="386" count="2" type="stmt"/>
        <line num="389" count="1" type="stmt"/>
        <line num="390" count="46" type="stmt"/>
        <line num="391" count="46" type="stmt"/>
        <line num="392" count="46" type="stmt"/>
        <line num="395" count="46" type="cond" truecount="2" falsecount="0"/>
        <line num="396" count="6" type="stmt"/>
        <line num="414" count="273" type="stmt"/>
        <line num="415" count="40" type="stmt"/>
        <line num="419" count="40" type="cond" truecount="3" falsecount="1"/>
        <line num="420" count="0" type="stmt"/>
        <line num="437" count="40" type="cond" truecount="6" falsecount="2"/>
        <line num="438" count="40" type="stmt"/>
        <line num="439" count="40" type="stmt"/>
        <line num="441" count="40" type="cond" truecount="3" falsecount="0"/>
        <line num="445" count="40" type="stmt"/>
        <line num="464" count="1" type="stmt"/>
      </file>
      <file name="roleOntology.ts" path="/home/user/TIBER-Fantasy/server/modules/tiberMatrix/roleOntology.ts">
        <metrics statements="3" coveredstatements="3" conditionals="0" coveredconditionals="0" methods="1" coveredmethods="1"/>
        <line num="1" count="1" type="stmt"/>
        <line num="8" count="21" type="stmt"/>
        <line num="10" count="1" type="stmt"/>
      </file>
    </package>
    <package name="shared.types">
      <metrics statements="5" coveredstatements="5" conditionals="0" coveredconditionals="0" methods="1" coveredmethods="1"/>
      <file name="roleOntology.ts" path="/home/user/TIBER-Fantasy/shared/types/roleOntology.ts">
        <metrics statements="5" coveredstatements="5" conditionals="0" coveredconditionals="0" methods="1" coveredmethods="1"/>
        <line num="1" count="1" type="stmt"/>
        <line num="3" count="1" type="stmt"/>
        <line num="31" count="1" type="stmt"/>
        <line num="32" count="21" type="stmt"/>
        <line num="115" count="1" type="stmt"/>
      </file>
    </package>
  </project>
</coverage>
