<?xml version="1.0" encoding="UTF-8"?>
<coverage generated="1771946496333" clover="3.2.0">
  <project timestamp="1771946496334" name="All files">
    <metrics statements="2892" coveredstatements="885" conditionals="2449" coveredconditionals="491" methods="563" coveredmethods="53" elements="5904" coveredelements="1429" complexity="0" loc="2892" ncloc="2892" packages="6" files="26" classes="26"/>
    <package name="server.modules.forge">
      <metrics statements="1823" coveredstatements="260" conditionals="1693" coveredconditionals="95" methods="295" coveredmethods="19"/>
      <file name="envMatchupRefresh.ts" path="/home/user/TIBER-Fantasy/server/modules/forge/envMatchupRefresh.ts">
        <metrics statements="111" coveredstatements="11" conditionals="34" coveredconditionals="0" methods="34" coveredmethods="0"/>
        <line num="16" count="1" type="stmt"/>
        <line num="17" count="1" type="stmt"/>
        <line num="18" count="1" type="stmt"/>
        <line num="25" count="1" type="stmt"/>
        <line num="32" count="1" type="stmt"/>
        <line num="88" count="1" type="stmt"/>
        <line num="89" count="0" type="stmt"/>
        <line num="91" count="0" type="stmt"/>
        <line num="92" count="0" type="stmt"/>
        <line num="102" count="0" type="cond" truecount="0" falsecount="2"/>
        <line num="103" count="0" type="stmt"/>
        <line num="104" count="0" type="stmt"/>
        <line num="108" count="0" type="stmt"/>
        <line num="110" count="0" type="stmt"/>
        <line num="111" count="0" type="stmt"/>
        <line num="112" count="0" type="stmt"/>
        <line num="114" count="0" type="stmt"/>
        <line num="138" count="0" type="stmt"/>
        <line num="141" count="0" type="stmt"/>
        <line num="142" count="0" type="stmt"/>
        <line num="144" count="0" type="stmt"/>
        <line num="145" count="0" type="stmt"/>
        <line num="152" count="1" type="stmt"/>
        <line num="153" count="0" type="stmt"/>
        <line num="155" count="0" type="stmt"/>
        <line num="156" count="0" type="stmt"/>
        <line num="166" count="0" type="cond" truecount="0" falsecount="2"/>
        <line num="167" count="0" type="stmt"/>
        <line num="168" count="0" type="stmt"/>
        <line num="172" count="0" type="stmt"/>
        <line num="174" count="0" type="stmt"/>
        <line num="175" count="0" type="stmt"/>
        <line num="176" count="0" type="stmt"/>
        <line num="177" count="0" type="stmt"/>
        <line num="179" count="0" type="stmt"/>
        <line num="208" count="0" type="stmt"/>
        <line num="212" count="0" type="stmt"/>
        <line num="213" count="0" type="stmt"/>
        <line num="215" count="0" type="stmt"/>
        <line num="216" count="0" type="stmt"/>
        <line num="223" count="1" type="stmt"/>
        <line num="227" count="0" type="stmt"/>
        <line num="228" count="0" type="stmt"/>
        <line num="229" count="0" type="stmt"/>
        <line num="236" count="0" type="stmt"/>
        <line num="237" count="0" type="stmt"/>
        <line num="238" count="0" type="stmt"/>
        <line num="239" count="0" type="stmt"/>
        <line num="240" count="0" type="stmt"/>
        <line num="242" count="0" type="stmt"/>
        <line num="255" count="0" type="stmt"/>
        <line num="256" count="0" type="stmt"/>
        <line num="257" count="0" type="stmt"/>
        <line num="258" count="0" type="stmt"/>
        <line num="259" count="0" type="stmt"/>
        <line num="261" count="0" type="stmt"/>
        <line num="290" count="0" type="stmt"/>
        <line num="293" count="0" type="stmt"/>
        <line num="296" count="0" type="stmt"/>
        <line num="299" count="0" type="stmt"/>
        <line num="300" count="0" type="stmt"/>
        <line num="301" count="0" type="stmt"/>
        <line num="305" count="0" type="stmt"/>
        <line num="309" count="0" type="stmt"/>
        <line num="324" count="0" type="stmt"/>
        <line num="339" count="0" type="cond" truecount="0" falsecount="4"/>
        <line num="341" count="0" type="stmt"/>
        <line num="343" count="0" type="stmt"/>
        <line num="345" count="0" type="stmt"/>
        <line num="347" count="0" type="stmt"/>
        <line num="356" count="0" type="stmt"/>
        <line num="359" count="0" type="stmt"/>
        <line num="362" count="0" type="stmt"/>
        <line num="366" count="0" type="stmt"/>
        <line num="370" count="0" type="stmt"/>
        <line num="375" count="0" type="stmt"/>
        <line num="383" count="0" type="stmt"/>
        <line num="386" count="0" type="stmt"/>
        <line num="389" count="0" type="stmt"/>
        <line num="397" count="0" type="stmt"/>
        <line num="400" count="0" type="stmt"/>
        <line num="403" count="0" type="stmt"/>
        <line num="406" count="0" type="stmt"/>
        <line num="412" count="1" type="stmt"/>
        <line num="417" count="0" type="stmt"/>
        <line num="418" count="0" type="stmt"/>
        <line num="428" count="0" type="stmt"/>
        <line num="429" count="0" type="cond" truecount="0" falsecount="2"/>
        <line num="431" count="0" type="stmt"/>
        <line num="432" count="0" type="stmt"/>
        <line num="434" count="0" type="stmt"/>
        <line num="439" count="0" type="stmt"/>
        <line num="440" count="0" type="stmt"/>
        <line num="447" count="1" type="stmt"/>
        <line num="453" count="0" type="cond" truecount="0" falsecount="2"/>
        <line num="455" count="0" type="stmt"/>
        <line num="458" count="0" type="stmt"/>
        <line num="459" count="0" type="stmt"/>
        <line num="469" count="0" type="stmt"/>
        <line num="470" count="0" type="cond" truecount="0" falsecount="2"/>
        <line num="472" count="0" type="stmt"/>
        <line num="475" count="0" type="stmt"/>
        <line num="476" count="0" type="stmt"/>
        <line num="477" count="0" type="stmt"/>
        <line num="478" count="0" type="stmt"/>
        <line num="481" count="0" type="stmt"/>
        <line num="486" count="0" type="stmt"/>
        <line num="497" count="0" type="stmt"/>
        <line num="502" count="0" type="stmt"/>
        <line num="503" count="0" type="stmt"/>
        <line num="507" count="1" type="stmt"/>
      </file>
      <file name="environmentService.ts" path="/home/user/TIBER-Fantasy/server/modules/forge/environmentService.ts">
        <metrics statements="42" coveredstatements="7" conditionals="84" coveredconditionals="0" methods="5" coveredmethods="0"/>
        <line num="19" count="1" type="stmt"/>
        <line num="20" count="1" type="stmt"/>
        <line num="21" count="1" type="stmt"/>
        <line num="24" count="1" type="stmt"/>
        <line num="30" count="1" type="stmt"/>
        <line num="35" count="0" type="stmt"/>
        <line num="37" count="0" type="stmt"/>
        <line num="49" count="0" type="cond" truecount="0" falsecount="2"/>
        <line num="50" count="0" type="stmt"/>
        <line num="51" count="0" type="stmt"/>
        <line num="70" count="0" type="stmt"/>
        <line num="82" count="0" type="cond" truecount="0" falsecount="2"/>
        <line num="83" count="0" type="stmt"/>
        <line num="85" count="0" type="stmt"/>
        <line num="86" count="0" type="stmt"/>
        <line num="99" count="0" type="stmt"/>
        <line num="101" count="0" type="stmt"/>
        <line num="102" count="0" type="stmt"/>
        <line num="110" count="1" type="stmt"/>
        <line num="114" count="0" type="stmt"/>
        <line num="115" count="0" type="stmt"/>
        <line num="125" count="0" type="stmt"/>
        <line num="139" count="0" type="stmt"/>
        <line num="140" count="0" type="stmt"/>
        <line num="156" count="0" type="stmt"/>
        <line num="157" count="0" type="stmt"/>
        <line num="159" count="0" type="cond" truecount="0" falsecount="2"/>
        <line num="161" count="0" type="stmt"/>
        <line num="162" count="0" type="stmt"/>
        <line num="163" count="0" type="stmt"/>
        <line num="166" count="0" type="cond" truecount="0" falsecount="2"/>
        <line num="168" count="0" type="stmt"/>
        <line num="169" count="0" type="stmt"/>
        <line num="170" count="0" type="stmt"/>
        <line num="173" count="0" type="cond" truecount="0" falsecount="2"/>
        <line num="175" count="0" type="stmt"/>
        <line num="176" count="0" type="stmt"/>
        <line num="177" count="0" type="stmt"/>
        <line num="181" count="0" type="stmt"/>
        <line num="188" count="0" type="cond" truecount="0" falsecount="2"/>
        <line num="189" count="0" type="stmt"/>
        <line num="192" count="1" type="stmt"/>
      </file>
      <file name="forgeEngine.ts" path="/home/user/TIBER-Fantasy/server/modules/forge/forgeEngine.ts">
        <metrics statements="347" coveredstatements="52" conditionals="323" coveredconditionals="16" methods="34" coveredmethods="4"/>
        <line num="10" count="2" type="stmt"/>
        <line num="11" count="2" type="stmt"/>
        <line num="12" count="2" type="stmt"/>
        <line num="13" count="2" type="stmt"/>
        <line num="14" count="2" type="stmt"/>
        <line num="15" count="2" type="stmt"/>
        <line num="17" count="2" type="stmt"/>
        <line num="23" count="2" type="stmt"/>
        <line num="24" count="2" type="stmt"/>
        <line num="25" count="2" type="stmt"/>
        <line num="27" count="2" type="stmt"/>
        <line num="28" count="0" type="stmt"/>
        <line num="31" count="2" type="stmt"/>
        <line num="32" count="0" type="stmt"/>
        <line num="35" count="2" type="stmt"/>
        <line num="36" count="0" type="cond" truecount="0" falsecount="2"/>
        <line num="37" count="0" type="stmt"/>
        <line num="126" count="2" type="stmt"/>
        <line num="157" count="2" type="stmt"/>
        <line num="188" count="2" type="stmt"/>
        <line num="219" count="2" type="stmt"/>
        <line num="254" count="2" type="stmt"/>
        <line num="255" count="0" type="cond" truecount="0" falsecount="2"/>
        <line num="256" count="0" type="stmt"/>
        <line num="258" count="0" type="cond" truecount="0" falsecount="4"/>
        <line num="260" count="0" type="stmt"/>
        <line num="262" count="0" type="stmt"/>
        <line num="264" count="0" type="stmt"/>
        <line num="266" count="0" type="stmt"/>
        <line num="270" count="2" type="stmt"/>
        <line num="274" count="9" type="stmt"/>
        <line num="275" count="9" type="stmt"/>
        <line num="277" count="9" type="stmt"/>
        <line num="278" count="11" type="stmt"/>
        <line num="279" count="11" type="cond" truecount="2" falsecount="0"/>
        <line num="281" count="8" type="cond" truecount="2" falsecount="0"/>
        <line num="282" count="1" type="stmt"/>
        <line num="285" count="8" type="cond" truecount="2" falsecount="0"/>
        <line num="286" count="2" type="cond" truecount="1" falsecount="1"/>
        <line num="287" count="2" type="cond" truecount="1" falsecount="1"/>
        <line num="290" count="8" type="stmt"/>
        <line num="291" count="8" type="stmt"/>
        <line num="294" count="9" type="cond" truecount="2" falsecount="0"/>
        <line num="295" count="2" type="stmt"/>
        <line num="298" count="7" type="stmt"/>
        <line num="302" count="0" type="cond" truecount="0" falsecount="4"/>
        <line num="304" count="0" type="stmt"/>
        <line num="330" count="0" type="stmt"/>
        <line num="331" count="0" type="cond" truecount="0" falsecount="2"/>
        <line num="332" count="0" type="stmt"/>
        <line num="335" count="0" type="stmt"/>
        <line num="336" count="0" type="stmt"/>
        <line num="345" count="0" type="stmt"/>
        <line num="346" count="0" type="stmt"/>
        <line num="348" count="0" type="cond" truecount="0" falsecount="14"/>
        <line num="352" count="0" type="cond" truecount="0" falsecount="3"/>
        <line num="353" count="0" type="stmt"/>
        <line num="354" count="0" type="stmt"/>
        <line num="355" count="0" type="stmt"/>
        <line num="361" count="0" type="stmt"/>
        <line num="362" count="0" type="cond" truecount="0" falsecount="2"/>
        <line num="364" count="0" type="stmt"/>
        <line num="365" count="0" type="cond" truecount="0" falsecount="2"/>
        <line num="366" count="0" type="stmt"/>
        <line num="369" count="0" type="stmt"/>
        <line num="375" count="0" type="stmt"/>
        <line num="376" count="0" type="cond" truecount="0" falsecount="2"/>
        <line num="377" count="0" type="stmt"/>
        <line num="380" count="0" type="stmt"/>
        <line num="381" count="0" type="cond" truecount="0" falsecount="2"/>
        <line num="382" count="0" type="stmt"/>
        <line num="384" count="0" type="stmt"/>
        <line num="390" count="0" type="stmt"/>
        <line num="391" count="0" type="cond" truecount="0" falsecount="2"/>
        <line num="395" count="0" type="stmt"/>
        <line num="396" count="0" type="stmt"/>
        <line num="399" count="0" type="stmt"/>
        <line num="400" count="0" type="cond" truecount="0" falsecount="2"/>
        <line num="401" count="0" type="stmt"/>
        <line num="403" count="0" type="stmt"/>
        <line num="409" count="0" type="stmt"/>
        <line num="410" count="0" type="stmt"/>
        <line num="412" count="0" type="cond" truecount="0" falsecount="4"/>
        <line num="415" count="0" type="stmt"/>
        <line num="416" count="0" type="stmt"/>
        <line num="419" count="0" type="cond" truecount="0" falsecount="2"/>
        <line num="420" count="0" type="cond" truecount="0" falsecount="2"/>
        <line num="422" count="0" type="stmt"/>
        <line num="427" count="0" type="stmt"/>
        <line num="428" count="0" type="cond" truecount="0" falsecount="4"/>
        <line num="430" count="0" type="stmt"/>
        <line num="431" count="0" type="cond" truecount="0" falsecount="2"/>
        <line num="433" count="0" type="stmt"/>
        <line num="438" count="0" type="stmt"/>
        <line num="439" count="0" type="cond" truecount="0" falsecount="4"/>
        <line num="442" count="0" type="stmt"/>
        <line num="443" count="0" type="stmt"/>
        <line num="453" count="0" type="stmt"/>
        <line num="454" count="0" type="cond" truecount="0" falsecount="2"/>
        <line num="456" count="0" type="cond" truecount="0" falsecount="7"/>
        <line num="458" count="0" type="stmt"/>
        <line num="460" count="0" type="stmt"/>
        <line num="462" count="0" type="stmt"/>
        <line num="464" count="0" type="stmt"/>
        <line num="466" count="0" type="stmt"/>
        <line num="468" count="0" type="stmt"/>
        <line num="470" count="0" type="stmt"/>
        <line num="475" count="0" type="stmt"/>
        <line num="479" count="2" type="stmt"/>
        <line num="480" count="0" type="stmt"/>
        <line num="481" count="0" type="stmt"/>
        <line num="483" count="0" type="cond" truecount="0" falsecount="6"/>
        <line num="485" count="0" type="cond" truecount="0" falsecount="4"/>
        <line num="486" count="0" type="stmt"/>
        <line num="488" count="0" type="cond" truecount="0" falsecount="4"/>
        <line num="489" count="0" type="stmt"/>
        <line num="491" count="0" type="cond" truecount="0" falsecount="4"/>
        <line num="492" count="0" type="stmt"/>
        <line num="494" count="0" type="cond" truecount="0" falsecount="6"/>
        <line num="495" count="0" type="cond" truecount="0" falsecount="6"/>
        <line num="496" count="0" type="stmt"/>
        <line num="498" count="0" type="stmt"/>
        <line num="499" count="0" type="stmt"/>
        <line num="501" count="0" type="stmt"/>
        <line num="504" count="0" type="cond" truecount="0" falsecount="2"/>
        <line num="506" count="0" type="stmt"/>
        <line num="513" count="0" type="cond" truecount="0" falsecount="2"/>
        <line num="514" count="0" type="stmt"/>
        <line num="517" count="0" type="stmt"/>
        <line num="521" count="2" type="stmt"/>
        <line num="525" count="0" type="stmt"/>
        <line num="536" count="0" type="stmt"/>
        <line num="537" count="0" type="stmt"/>
        <line num="539" count="0" type="stmt"/>
        <line num="542" count="0" type="stmt"/>
        <line num="550" count="0" type="stmt"/>
        <line num="551" count="0" type="cond" truecount="0" falsecount="2"/>
        <line num="552" count="0" type="stmt"/>
        <line num="554" count="0" type="cond" truecount="0" falsecount="3"/>
        <line num="557" count="0" type="stmt"/>
        <line num="563" count="0" type="cond" truecount="0" falsecount="2"/>
        <line num="564" count="0" type="stmt"/>
        <line num="565" count="0" type="stmt"/>
        <line num="568" count="0" type="stmt"/>
        <line num="569" count="0" type="stmt"/>
        <line num="571" count="0" type="stmt"/>
        <line num="572" count="0" type="cond" truecount="0" falsecount="2"/>
        <line num="573" count="0" type="stmt"/>
        <line num="577" count="0" type="stmt"/>
        <line num="579" count="0" type="stmt"/>
        <line num="580" count="0" type="stmt"/>
        <line num="588" count="0" type="stmt"/>
        <line num="595" count="0" type="cond" truecount="0" falsecount="2"/>
        <line num="597" count="0" type="stmt"/>
        <line num="598" count="0" type="stmt"/>
        <line num="612" count="0" type="cond" truecount="0" falsecount="2"/>
        <line num="613" count="0" type="stmt"/>
        <line num="627" count="0" type="cond" truecount="0" falsecount="2"/>
        <line num="629" count="0" type="stmt"/>
        <line num="630" count="0" type="stmt"/>
        <line num="633" count="0" type="stmt"/>
        <line num="634" count="0" type="stmt"/>
        <line num="635" count="0" type="cond" truecount="0" falsecount="16"/>
        <line num="636" count="0" type="stmt"/>
        <line num="638" count="0" type="stmt"/>
        <line num="639" count="0" type="stmt"/>
        <line num="647" count="2" type="stmt"/>
        <line num="648" count="9" type="cond" truecount="2" falsecount="0"/>
        <line num="649" count="7" type="stmt"/>
        <line num="650" count="7" type="stmt"/>
        <line num="654" count="0" type="cond" truecount="0" falsecount="2"/>
        <line num="655" count="0" type="cond" truecount="0" falsecount="2"/>
        <line num="656" count="0" type="cond" truecount="0" falsecount="2"/>
        <line num="657" count="0" type="cond" truecount="0" falsecount="2"/>
        <line num="658" count="0" type="cond" truecount="0" falsecount="2"/>
        <line num="660" count="0" type="stmt"/>
        <line num="673" count="0" type="stmt"/>
        <line num="679" count="0" type="cond" truecount="0" falsecount="2"/>
        <line num="681" count="0" type="stmt"/>
        <line num="682" count="0" type="stmt"/>
        <line num="688" count="0" type="cond" truecount="0" falsecount="2"/>
        <line num="690" count="0" type="stmt"/>
        <line num="691" count="0" type="stmt"/>
        <line num="692" count="0" type="stmt"/>
        <line num="693" count="0" type="cond" truecount="0" falsecount="2"/>
        <line num="696" count="0" type="stmt"/>
        <line num="702" count="0" type="stmt"/>
        <line num="703" count="0" type="stmt"/>
        <line num="727" count="0" type="cond" truecount="0" falsecount="2"/>
        <line num="729" count="0" type="stmt"/>
        <line num="730" count="0" type="stmt"/>
        <line num="731" count="0" type="stmt"/>
        <line num="733" count="0" type="stmt"/>
        <line num="736" count="0" type="cond" truecount="0" falsecount="2"/>
        <line num="737" count="0" type="stmt"/>
        <line num="738" count="0" type="stmt"/>
        <line num="741" count="0" type="stmt"/>
        <line num="757" count="0" type="stmt"/>
        <line num="758" count="0" type="cond" truecount="0" falsecount="2"/>
        <line num="761" count="0" type="cond" truecount="0" falsecount="2"/>
        <line num="763" count="0" type="stmt"/>
        <line num="764" count="0" type="stmt"/>
        <line num="765" count="0" type="cond" truecount="0" falsecount="3"/>
        <line num="766" count="0" type="cond" truecount="0" falsecount="2"/>
        <line num="769" count="0" type="stmt"/>
        <line num="779" count="0" type="stmt"/>
        <line num="780" count="0" type="stmt"/>
        <line num="782" count="0" type="cond" truecount="0" falsecount="2"/>
        <line num="783" count="0" type="stmt"/>
        <line num="784" count="0" type="cond" truecount="0" falsecount="3"/>
        <line num="787" count="0" type="stmt"/>
        <line num="788" count="0" type="cond" truecount="0" falsecount="3"/>
        <line num="790" count="0" type="stmt"/>
        <line num="794" count="0" type="stmt"/>
        <line num="798" count="0" type="stmt"/>
        <line num="801" count="0" type="stmt"/>
        <line num="819" count="0" type="cond" truecount="0" falsecount="2"/>
        <line num="821" count="0" type="stmt"/>
        <line num="822" count="0" type="stmt"/>
        <line num="824" count="0" type="stmt"/>
        <line num="827" count="0" type="stmt"/>
        <line num="828" count="0" type="cond" truecount="0" falsecount="4"/>
        <line num="830" count="0" type="cond" truecount="0" falsecount="2"/>
        <line num="832" count="0" type="stmt"/>
        <line num="835" count="0" type="stmt"/>
        <line num="844" count="0" type="stmt"/>
        <line num="845" count="0" type="stmt"/>
        <line num="847" count="0" type="cond" truecount="0" falsecount="2"/>
        <line num="848" count="0" type="stmt"/>
        <line num="849" count="0" type="cond" truecount="0" falsecount="3"/>
        <line num="852" count="0" type="stmt"/>
        <line num="853" count="0" type="cond" truecount="0" falsecount="3"/>
        <line num="855" count="0" type="stmt"/>
        <line num="859" count="0" type="stmt"/>
        <line num="860" count="0" type="stmt"/>
        <line num="864" count="0" type="stmt"/>
        <line num="865" count="0" type="cond" truecount="0" falsecount="2"/>
        <line num="867" count="0" type="stmt"/>
        <line num="876" count="0" type="stmt"/>
        <line num="877" count="0" type="cond" truecount="0" falsecount="2"/>
        <line num="878" count="0" type="stmt"/>
        <line num="879" count="0" type="cond" truecount="0" falsecount="3"/>
        <line num="881" count="0" type="stmt"/>
        <line num="885" count="0" type="stmt"/>
        <line num="889" count="0" type="cond" truecount="0" falsecount="2"/>
        <line num="890" count="0" type="stmt"/>
        <line num="891" count="0" type="cond" truecount="0" falsecount="2"/>
        <line num="898" count="0" type="cond" truecount="0" falsecount="4"/>
        <line num="899" count="0" type="cond" truecount="0" falsecount="4"/>
        <line num="900" count="0" type="stmt"/>
        <line num="903" count="0" type="cond" truecount="0" falsecount="4"/>
        <line num="904" count="0" type="cond" truecount="0" falsecount="4"/>
        <line num="905" count="0" type="cond" truecount="0" falsecount="4"/>
        <line num="908" count="0" type="stmt"/>
        <line num="909" count="0" type="cond" truecount="0" falsecount="2"/>
        <line num="911" count="0" type="stmt"/>
        <line num="912" count="0" type="stmt"/>
        <line num="914" count="0" type="stmt"/>
        <line num="917" count="0" type="stmt"/>
        <line num="922" count="0" type="stmt"/>
        <line num="926" count="0" type="stmt"/>
        <line num="929" count="2" type="stmt"/>
        <line num="935" count="0" type="stmt"/>
        <line num="937" count="0" type="stmt"/>
        <line num="939" count="0" type="stmt"/>
        <line num="941" count="0" type="stmt"/>
        <line num="944" count="0" type="stmt"/>
        <line num="951" count="0" type="stmt"/>
        <line num="952" count="0" type="cond" truecount="0" falsecount="2"/>
        <line num="953" count="0" type="stmt"/>
        <line num="954" count="0" type="cond" truecount="0" falsecount="3"/>
        <line num="956" count="0" type="cond" truecount="0" falsecount="2"/>
        <line num="957" count="0" type="stmt"/>
        <line num="960" count="0" type="stmt"/>
        <line num="966" count="0" type="cond" truecount="0" falsecount="2"/>
        <line num="967" count="0" type="stmt"/>
        <line num="968" count="0" type="cond" truecount="0" falsecount="2"/>
        <line num="969" count="0" type="cond" truecount="0" falsecount="2"/>
        <line num="972" count="0" type="stmt"/>
        <line num="977" count="0" type="cond" truecount="0" falsecount="2"/>
        <line num="978" count="0" type="cond" truecount="0" falsecount="2"/>
        <line num="981" count="0" type="stmt"/>
        <line num="998" count="0" type="cond" truecount="0" falsecount="2"/>
        <line num="999" count="0" type="stmt"/>
        <line num="1005" count="0" type="stmt"/>
        <line num="1008" count="0" type="stmt"/>
        <line num="1011" count="0" type="stmt"/>
        <line num="1012" count="0" type="stmt"/>
        <line num="1015" count="0" type="stmt"/>
        <line num="1018" count="0" type="stmt"/>
        <line num="1020" count="0" type="stmt"/>
        <line num="1040" count="2" type="stmt"/>
        <line num="1047" count="2" type="stmt"/>
        <line num="1049" count="2" type="stmt"/>
        <line num="1054" count="6" type="stmt"/>
        <line num="1055" count="6" type="cond" truecount="2" falsecount="0"/>
        <line num="1057" count="5" type="stmt"/>
        <line num="1059" count="5" type="stmt"/>
        <line num="1060" count="21" type="stmt"/>
        <line num="1062" count="5" type="stmt"/>
        <line num="1071" count="2" type="stmt"/>
        <line num="1077" count="0" type="stmt"/>
        <line num="1079" count="0" type="cond" truecount="0" falsecount="2"/>
        <line num="1080" count="0" type="stmt"/>
        <line num="1083" count="0" type="stmt"/>
        <line num="1084" count="0" type="stmt"/>
        <line num="1085" count="0" type="stmt"/>
        <line num="1088" count="0" type="stmt"/>
        <line num="1096" count="0" type="stmt"/>
        <line num="1105" count="0" type="stmt"/>
        <line num="1110" count="0" type="stmt"/>
        <line num="1114" count="0" type="cond" truecount="0" falsecount="4"/>
        <line num="1115" count="0" type="stmt"/>
        <line num="1116" count="0" type="cond" truecount="0" falsecount="2"/>
        <line num="1117" count="0" type="stmt"/>
        <line num="1129" count="0" type="stmt"/>
        <line num="1132" count="0" type="cond" truecount="0" falsecount="2"/>
        <line num="1133" count="0" type="cond" truecount="0" falsecount="12"/>
        <line num="1136" count="0" type="cond" truecount="0" falsecount="8"/>
        <line num="1138" count="0" type="stmt"/>
        <line num="1154" count="2" type="stmt"/>
        <line num="1155" count="0" type="stmt"/>
        <line num="1160" count="0" type="stmt"/>
        <line num="1161" count="0" type="stmt"/>
        <line num="1163" count="0" type="cond" truecount="0" falsecount="2"/>
        <line num="1164" count="0" type="stmt"/>
        <line num="1171" count="0" type="stmt"/>
        <line num="1172" count="0" type="stmt"/>
        <line num="1173" count="0" type="stmt"/>
        <line num="1174" count="0" type="stmt"/>
        <line num="1175" count="0" type="stmt"/>
        <line num="1176" count="0" type="stmt"/>
        <line num="1177" count="0" type="stmt"/>
        <line num="1179" count="0" type="stmt"/>
        <line num="1181" count="0" type="stmt"/>
        <line num="1184" count="0" type="stmt"/>
        <line num="1186" count="0" type="stmt"/>
        <line num="1191" count="0" type="stmt"/>
        <line num="1198" count="0" type="stmt"/>
        <line num="1200" count="0" type="stmt"/>
        <line num="1201" count="0" type="stmt"/>
        <line num="1202" count="0" type="cond" truecount="0" falsecount="2"/>
        <line num="1203" count="0" type="stmt"/>
        <line num="1204" count="0" type="stmt"/>
        <line num="1208" count="0" type="stmt"/>
        <line num="1210" count="0" type="stmt"/>
        <line num="1211" count="0" type="stmt"/>
      </file>
      <file name="forgeFootballLens.ts" path="/home/user/TIBER-Fantasy/server/modules/forge/forgeFootballLens.ts">
        <metrics statements="42" coveredstatements="1" conditionals="48" coveredconditionals="0" methods="2" coveredmethods="0"/>
        <line num="32" count="0" type="stmt"/>
        <line num="33" count="0" type="cond" truecount="0" falsecount="2"/>
        <line num="34" count="0" type="stmt"/>
        <line num="40" count="1" type="stmt"/>
        <line num="43" count="0" type="stmt"/>
        <line num="44" count="0" type="stmt"/>
        <line num="45" count="0" type="stmt"/>
        <line num="47" count="0" type="cond" truecount="0" falsecount="2"/>
        <line num="48" count="0" type="stmt"/>
        <line num="50" count="0" type="cond" truecount="0" falsecount="4"/>
        <line num="51" count="0" type="stmt"/>
        <line num="59" count="0" type="stmt"/>
        <line num="62" count="0" type="cond" truecount="0" falsecount="4"/>
        <line num="63" count="0" type="stmt"/>
        <line num="74" count="0" type="cond" truecount="0" falsecount="2"/>
        <line num="75" count="0" type="stmt"/>
        <line num="77" count="0" type="cond" truecount="0" falsecount="4"/>
        <line num="78" count="0" type="stmt"/>
        <line num="88" count="0" type="cond" truecount="0" falsecount="4"/>
        <line num="89" count="0" type="stmt"/>
        <line num="99" count="0" type="cond" truecount="0" falsecount="4"/>
        <line num="100" count="0" type="stmt"/>
        <line num="108" count="0" type="stmt"/>
        <line num="112" count="0" type="cond" truecount="0" falsecount="2"/>
        <line num="113" count="0" type="stmt"/>
        <line num="115" count="0" type="cond" truecount="0" falsecount="4"/>
        <line num="116" count="0" type="stmt"/>
        <line num="124" count="0" type="stmt"/>
        <line num="128" count="0" type="cond" truecount="0" falsecount="2"/>
        <line num="129" count="0" type="stmt"/>
        <line num="131" count="0" type="cond" truecount="0" falsecount="4"/>
        <line num="132" count="0" type="stmt"/>
        <line num="142" count="0" type="cond" truecount="0" falsecount="4"/>
        <line num="143" count="0" type="stmt"/>
        <line num="154" count="0" type="stmt"/>
        <line num="155" count="0" type="stmt"/>
        <line num="156" count="0" type="stmt"/>
        <line num="157" count="0" type="cond" truecount="0" falsecount="4"/>
        <line num="158" count="0" type="stmt"/>
        <line num="166" count="0" type="cond" truecount="0" falsecount="2"/>
        <line num="167" count="0" type="stmt"/>
        <line num="175" count="0" type="stmt"/>
      </file>
      <file name="forgeGrading.ts" path="/home/user/TIBER-Fantasy/server/modules/forge/forgeGrading.ts">
        <metrics statements="85" coveredstatements="12" conditionals="58" coveredconditionals="0" methods="8" coveredmethods="0"/>
        <line num="11" count="1" type="stmt"/>
        <line num="12" count="1" type="stmt"/>
        <line num="13" count="1" type="stmt"/>
        <line num="14" count="1" type="stmt"/>
        <line num="48" count="1" type="stmt"/>
        <line num="64" count="1" type="stmt"/>
        <line num="76" count="1" type="stmt"/>
        <line num="89" count="0" type="stmt"/>
        <line num="90" count="0" type="cond" truecount="0" falsecount="2"/>
        <line num="91" count="0" type="stmt"/>
        <line num="99" count="1" type="stmt"/>
        <line num="103" count="0" type="cond" truecount="0" falsecount="4"/>
        <line num="106" count="0" type="stmt"/>
        <line num="110" count="0" type="stmt"/>
        <line num="111" count="0" type="stmt"/>
        <line num="117" count="0" type="stmt"/>
        <line num="123" count="0" type="stmt"/>
        <line num="128" count="0" type="stmt"/>
        <line num="129" count="0" type="cond" truecount="0" falsecount="2"/>
        <line num="131" count="0" type="stmt"/>
        <line num="132" count="0" type="stmt"/>
        <line num="133" count="0" type="cond" truecount="0" falsecount="2"/>
        <line num="135" count="0" type="stmt"/>
        <line num="136" count="0" type="stmt"/>
        <line num="143" count="0" type="stmt"/>
        <line num="144" count="0" type="stmt"/>
        <line num="146" count="0" type="cond" truecount="0" falsecount="2"/>
        <line num="149" count="0" type="stmt"/>
        <line num="155" count="0" type="stmt"/>
        <line num="163" count="1" type="stmt"/>
        <line num="167" count="0" type="stmt"/>
        <line num="168" count="0" type="stmt"/>
        <line num="169" count="0" type="stmt"/>
        <line num="171" count="0" type="cond" truecount="0" falsecount="4"/>
        <line num="172" count="0" type="stmt"/>
        <line num="173" count="0" type="stmt"/>
        <line num="174" count="0" type="stmt"/>
        <line num="177" count="0" type="cond" truecount="0" falsecount="2"/>
        <line num="178" count="0" type="stmt"/>
        <line num="179" count="0" type="stmt"/>
        <line num="180" count="0" type="stmt"/>
        <line num="183" count="0" type="stmt"/>
        <line num="189" count="1" type="stmt"/>
        <line num="190" count="0" type="stmt"/>
        <line num="192" count="0" type="cond" truecount="0" falsecount="2"/>
        <line num="193" count="0" type="cond" truecount="0" falsecount="2"/>
        <line num="194" count="0" type="cond" truecount="0" falsecount="2"/>
        <line num="195" count="0" type="cond" truecount="0" falsecount="2"/>
        <line num="196" count="0" type="stmt"/>
        <line num="199" count="1" type="stmt"/>
        <line num="203" count="0" type="cond" truecount="0" falsecount="4"/>
        <line num="204" count="0" type="cond" truecount="0" falsecount="4"/>
        <line num="206" count="0" type="stmt"/>
        <line num="207" count="0" type="stmt"/>
        <line num="208" count="0" type="stmt"/>
        <line num="210" count="0" type="cond" truecount="0" falsecount="2"/>
        <line num="211" count="0" type="stmt"/>
        <line num="212" count="0" type="stmt"/>
        <line num="213" count="0" type="stmt"/>
        <line num="214" count="0" type="stmt"/>
        <line num="218" count="0" type="stmt"/>
        <line num="219" count="0" type="stmt"/>
        <line num="221" count="0" type="cond" truecount="0" falsecount="5"/>
        <line num="223" count="0" type="stmt"/>
        <line num="224" count="0" type="stmt"/>
        <line num="225" count="0" type="stmt"/>
        <line num="226" count="0" type="cond" truecount="0" falsecount="4"/>
        <line num="228" count="0" type="cond" truecount="0" falsecount="4"/>
        <line num="230" count="0" type="cond" truecount="0" falsecount="2"/>
        <line num="232" count="0" type="stmt"/>
        <line num="233" count="0" type="stmt"/>
        <line num="234" count="0" type="stmt"/>
        <line num="237" count="0" type="stmt"/>
        <line num="238" count="0" type="stmt"/>
        <line num="239" count="0" type="stmt"/>
        <line num="243" count="0" type="stmt"/>
        <line num="245" count="0" type="stmt"/>
        <line num="247" count="0" type="stmt"/>
        <line num="252" count="0" type="stmt"/>
        <line num="254" count="0" type="stmt"/>
        <line num="256" count="0" type="cond" truecount="0" falsecount="2"/>
        <line num="258" count="0" type="stmt"/>
        <line num="284" count="1" type="stmt"/>
        <line num="288" count="0" type="stmt"/>
        <line num="290" count="0" type="stmt"/>
      </file>
      <file name="matchupService.ts" path="/home/user/TIBER-Fantasy/server/modules/forge/matchupService.ts">
        <metrics statements="74" coveredstatements="7" conditionals="74" coveredconditionals="0" methods="7" coveredmethods="0"/>
        <line num="20" count="1" type="stmt"/>
        <line num="21" count="1" type="stmt"/>
        <line num="22" count="1" type="stmt"/>
        <line num="25" count="1" type="stmt"/>
        <line num="30" count="1" type="stmt"/>
        <line num="37" count="0" type="stmt"/>
        <line num="39" count="0" type="stmt"/>
        <line num="52" count="0" type="cond" truecount="0" falsecount="2"/>
        <line num="53" count="0" type="stmt"/>
        <line num="54" count="0" type="stmt"/>
        <line num="74" count="0" type="stmt"/>
        <line num="86" count="0" type="cond" truecount="0" falsecount="2"/>
        <line num="87" count="0" type="stmt"/>
        <line num="88" count="0" type="stmt"/>
        <line num="89" count="0" type="stmt"/>
        <line num="105" count="0" type="stmt"/>
        <line num="114" count="0" type="stmt"/>
        <line num="115" count="0" type="stmt"/>
        <line num="129" count="1" type="stmt"/>
        <line num="134" count="0" type="stmt"/>
        <line num="135" count="0" type="stmt"/>
        <line num="142" count="0" type="stmt"/>
        <line num="143" count="0" type="stmt"/>
        <line num="154" count="0" type="stmt"/>
        <line num="155" count="0" type="stmt"/>
        <line num="156" count="0" type="cond" truecount="0" falsecount="2"/>
        <line num="157" count="0" type="cond" truecount="0" falsecount="4"/>
        <line num="161" count="0" type="stmt"/>
        <line num="164" count="0" type="stmt"/>
        <line num="181" count="0" type="stmt"/>
        <line num="183" count="0" type="cond" truecount="0" falsecount="4"/>
        <line num="185" count="0" type="stmt"/>
        <line num="186" count="0" type="stmt"/>
        <line num="188" count="0" type="stmt"/>
        <line num="189" count="0" type="stmt"/>
        <line num="191" count="0" type="stmt"/>
        <line num="192" count="0" type="stmt"/>
        <line num="195" count="0" type="stmt"/>
        <line num="196" count="0" type="stmt"/>
        <line num="199" count="0" type="stmt"/>
        <line num="207" count="0" type="stmt"/>
        <line num="208" count="0" type="stmt"/>
        <line num="212" count="0" type="cond" truecount="0" falsecount="2"/>
        <line num="213" count="0" type="stmt"/>
        <line num="214" count="0" type="stmt"/>
        <line num="215" count="0" type="stmt"/>
        <line num="220" count="0" type="cond" truecount="0" falsecount="2"/>
        <line num="221" count="0" type="stmt"/>
        <line num="222" count="0" type="stmt"/>
        <line num="223" count="0" type="stmt"/>
        <line num="227" count="0" type="cond" truecount="0" falsecount="2"/>
        <line num="228" count="0" type="stmt"/>
        <line num="229" count="0" type="stmt"/>
        <line num="230" count="0" type="stmt"/>
        <line num="233" count="0" type="stmt"/>
        <line num="241" count="0" type="stmt"/>
        <line num="245" count="0" type="cond" truecount="0" falsecount="2"/>
        <line num="246" count="0" type="stmt"/>
        <line num="247" count="0" type="stmt"/>
        <line num="251" count="0" type="cond" truecount="0" falsecount="2"/>
        <line num="252" count="0" type="stmt"/>
        <line num="253" count="0" type="stmt"/>
        <line num="256" count="0" type="stmt"/>
        <line num="263" count="0" type="stmt"/>
        <line num="266" count="0" type="cond" truecount="0" falsecount="2"/>
        <line num="267" count="0" type="stmt"/>
        <line num="268" count="0" type="stmt"/>
        <line num="272" count="0" type="cond" truecount="0" falsecount="2"/>
        <line num="273" count="0" type="stmt"/>
        <line num="274" count="0" type="stmt"/>
        <line num="277" count="0" type="stmt"/>
        <line num="284" count="0" type="cond" truecount="0" falsecount="2"/>
        <line num="285" count="0" type="stmt"/>
        <line num="288" count="1" type="stmt"/>
      </file>
      <file name="qbContextPopulator.ts" path="/home/user/TIBER-Fantasy/server/modules/forge/qbContextPopulator.ts">
        <metrics statements="114" coveredstatements="6" conditionals="86" coveredconditionals="0" methods="13" coveredmethods="0"/>
        <line num="13" count="1" type="stmt"/>
        <line num="14" count="1" type="stmt"/>
        <line num="15" count="1" type="stmt"/>
        <line num="22" count="1" type="stmt"/>
        <line num="32" count="0" type="cond" truecount="0" falsecount="2"/>
        <line num="35" count="0" type="cond" truecount="0" falsecount="4"/>
        <line num="37" count="0" type="cond" truecount="0" falsecount="4"/>
        <line num="39" count="0" type="cond" truecount="0" falsecount="4"/>
        <line num="41" count="0" type="cond" truecount="0" falsecount="2"/>
        <line num="43" count="0" type="cond" truecount="0" falsecount="4"/>
        <line num="45" count="0" type="stmt"/>
        <line num="70" count="1" type="cond" truecount="0" falsecount="1"/>
        <line num="75" count="0" type="stmt"/>
        <line num="76" count="0" type="stmt"/>
        <line num="78" count="0" type="stmt"/>
        <line num="79" count="0" type="stmt"/>
        <line num="82" count="0" type="stmt"/>
        <line num="87" count="0" type="stmt"/>
        <line num="88" count="0" type="stmt"/>
        <line num="91" count="0" type="stmt"/>
        <line num="93" count="0" type="stmt"/>
        <line num="94" count="0" type="stmt"/>
        <line num="96" count="0" type="stmt"/>
        <line num="105" count="0" type="cond" truecount="0" falsecount="2"/>
        <line num="107" count="0" type="stmt"/>
        <line num="108" count="0" type="stmt"/>
        <line num="109" count="0" type="stmt"/>
        <line num="112" count="0" type="stmt"/>
        <line num="125" count="0" type="cond" truecount="0" falsecount="2"/>
        <line num="126" count="0" type="stmt"/>
        <line num="127" count="0" type="cond" truecount="0" falsecount="2"/>
        <line num="128" count="0" type="cond" truecount="0" falsecount="2"/>
        <line num="129" count="0" type="cond" truecount="0" falsecount="2"/>
        <line num="130" count="0" type="cond" truecount="0" falsecount="2"/>
        <line num="133" count="0" type="stmt"/>
        <line num="134" count="0" type="stmt"/>
        <line num="135" count="0" type="stmt"/>
        <line num="136" count="0" type="stmt"/>
        <line num="140" count="0" type="stmt"/>
        <line num="161" count="0" type="cond" truecount="0" falsecount="2"/>
        <line num="162" count="0" type="stmt"/>
        <line num="163" count="0" type="stmt"/>
        <line num="167" count="0" type="stmt"/>
        <line num="168" count="0" type="stmt"/>
        <line num="169" count="0" type="cond" truecount="0" falsecount="2"/>
        <line num="170" count="0" type="cond" truecount="0" falsecount="2"/>
        <line num="171" count="0" type="cond" truecount="0" falsecount="2"/>
        <line num="172" count="0" type="cond" truecount="0" falsecount="2"/>
        <line num="173" count="0" type="cond" truecount="0" falsecount="2"/>
        <line num="177" count="0" type="stmt"/>
        <line num="184" count="0" type="stmt"/>
        <line num="191" count="0" type="stmt"/>
        <line num="194" count="0" type="stmt"/>
        <line num="205" count="0" type="stmt"/>
        <line num="208" count="0" type="stmt"/>
        <line num="211" count="0" type="stmt"/>
        <line num="248" count="0" type="stmt"/>
        <line num="249" count="0" type="stmt"/>
        <line num="252" count="0" type="stmt"/>
        <line num="253" count="0" type="stmt"/>
        <line num="257" count="0" type="stmt"/>
        <line num="259" count="0" type="stmt"/>
        <line num="262" count="0" type="stmt"/>
        <line num="263" count="0" type="stmt"/>
        <line num="286" count="0" type="stmt"/>
        <line num="289" count="0" type="stmt"/>
        <line num="294" count="0" type="stmt"/>
        <line num="295" count="0" type="stmt"/>
        <line num="298" count="0" type="cond" truecount="0" falsecount="2"/>
        <line num="299" count="0" type="cond" truecount="0" falsecount="2"/>
        <line num="301" count="0" type="stmt"/>
        <line num="305" count="0" type="stmt"/>
        <line num="306" count="0" type="stmt"/>
        <line num="307" count="0" type="stmt"/>
        <line num="310" count="0" type="stmt"/>
        <line num="313" count="0" type="stmt"/>
        <line num="316" count="0" type="cond" truecount="0" falsecount="2"/>
        <line num="318" count="0" type="stmt"/>
        <line num="319" count="0" type="stmt"/>
        <line num="323" count="0" type="cond" truecount="0" falsecount="2"/>
        <line num="325" count="0" type="stmt"/>
        <line num="326" count="0" type="stmt"/>
        <line num="330" count="0" type="cond" truecount="0" falsecount="2"/>
        <line num="331" count="0" type="stmt"/>
        <line num="332" count="0" type="stmt"/>
        <line num="335" count="0" type="stmt"/>
        <line num="341" count="0" type="stmt"/>
        <line num="342" count="0" type="cond" truecount="0" falsecount="2"/>
        <line num="343" count="0" type="stmt"/>
        <line num="347" count="0" type="stmt"/>
        <line num="350" count="0" type="stmt"/>
        <line num="354" count="0" type="stmt"/>
        <line num="360" count="0" type="cond" truecount="0" falsecount="2"/>
        <line num="361" count="0" type="stmt"/>
        <line num="363" count="0" type="stmt"/>
        <line num="374" count="0" type="stmt"/>
        <line num="375" count="0" type="stmt"/>
        <line num="380" count="0" type="cond" truecount="0" falsecount="2"/>
        <line num="381" count="0" type="cond" truecount="0" falsecount="2"/>
        <line num="383" count="0" type="cond" truecount="0" falsecount="2"/>
        <line num="389" count="0" type="stmt"/>
        <line num="393" count="0" type="stmt"/>
        <line num="394" count="0" type="stmt"/>
        <line num="399" count="0" type="cond" truecount="0" falsecount="2"/>
        <line num="400" count="0" type="cond" truecount="0" falsecount="2"/>
        <line num="406" count="0" type="stmt"/>
        <line num="412" count="1" type="cond" truecount="0" falsecount="1"/>
        <line num="421" count="0" type="stmt"/>
        <line num="422" count="0" type="stmt"/>
        <line num="428" count="0" type="cond" truecount="0" falsecount="2"/>
        <line num="430" count="0" type="stmt"/>
        <line num="431" count="0" type="stmt"/>
        <line num="441" count="0" type="stmt"/>
        <line num="442" count="0" type="stmt"/>
      </file>
      <file name="robustNormalize.ts" path="/home/user/TIBER-Fantasy/server/modules/forge/robustNormalize.ts">
        <metrics statements="37" coveredstatements="7" conditionals="25" coveredconditionals="0" methods="9" coveredmethods="0"/>
        <line num="22" count="1" type="stmt"/>
        <line num="27" count="1" type="stmt"/>
        <line num="28" count="0" type="cond" truecount="0" falsecount="2"/>
        <line num="29" count="0" type="stmt"/>
        <line num="32" count="0" type="cond" truecount="0" falsecount="2"/>
        <line num="33" count="0" type="cond" truecount="0" falsecount="2"/>
        <line num="34" count="0" type="stmt"/>
        <line num="37" count="0" type="stmt"/>
        <line num="38" count="0" type="stmt"/>
        <line num="39" count="0" type="stmt"/>
        <line num="40" count="0" type="stmt"/>
        <line num="42" count="0" type="stmt"/>
        <line num="49" count="0" type="cond" truecount="0" falsecount="2"/>
        <line num="50" count="0" type="cond" truecount="0" falsecount="2"/>
        <line num="52" count="0" type="stmt"/>
        <line num="53" count="0" type="stmt"/>
        <line num="54" count="0" type="stmt"/>
        <line num="55" count="0" type="stmt"/>
        <line num="57" count="0" type="cond" truecount="0" falsecount="2"/>
        <line num="58" count="0" type="stmt"/>
        <line num="73" count="1" type="stmt"/>
        <line num="79" count="0" type="cond" truecount="0" falsecount="4"/>
        <line num="80" count="0" type="stmt"/>
        <line num="84" count="0" type="stmt"/>
        <line num="87" count="0" type="cond" truecount="0" falsecount="2"/>
        <line num="88" count="0" type="stmt"/>
        <line num="92" count="0" type="stmt"/>
        <line num="95" count="0" type="stmt"/>
        <line num="101" count="1" type="stmt"/>
        <line num="105" count="0" type="stmt"/>
        <line num="106" count="0" type="stmt"/>
        <line num="107" count="0" type="cond" truecount="0" falsecount="3"/>
        <line num="109" count="0" type="stmt"/>
        <line num="120" count="1" type="stmt"/>
        <line num="126" count="0" type="stmt"/>
        <line num="136" count="1" type="stmt"/>
        <line num="152" count="1" type="stmt"/>
      </file>
      <file name="roleConsistencyPillar.ts" path="/home/user/TIBER-Fantasy/server/modules/forge/roleConsistencyPillar.ts">
        <metrics statements="70" coveredstatements="22" conditionals="49" coveredconditionals="6" methods="17" coveredmethods="5"/>
        <line num="16" count="2" type="stmt"/>
        <line num="17" count="2" type="stmt"/>
        <line num="19" count="2" type="stmt"/>
        <line num="32" count="2" type="stmt"/>
        <line num="40" count="2" type="stmt"/>
        <line num="49" count="2" type="stmt"/>
        <line num="56" count="2" type="stmt"/>
        <line num="61" count="2" type="stmt"/>
        <line num="66" count="0" type="stmt"/>
        <line num="68" count="0" type="stmt"/>
        <line num="75" count="0" type="stmt"/>
        <line num="76" count="0" type="cond" truecount="0" falsecount="2"/>
        <line num="77" count="0" type="stmt"/>
        <line num="78" count="0" type="cond" truecount="0" falsecount="3"/>
        <line num="82" count="0" type="stmt"/>
        <line num="84" count="0" type="cond" truecount="0" falsecount="2"/>
        <line num="85" count="0" type="stmt"/>
        <line num="89" count="0" type="stmt"/>
        <line num="91" count="0" type="cond" truecount="0" falsecount="2"/>
        <line num="92" count="0" type="stmt"/>
        <line num="96" count="0" type="stmt"/>
        <line num="99" count="0" type="cond" truecount="0" falsecount="2"/>
        <line num="100" count="0" type="stmt"/>
        <line num="104" count="0" type="stmt"/>
        <line num="105" count="0" type="stmt"/>
        <line num="106" count="0" type="stmt"/>
        <line num="109" count="0" type="stmt"/>
        <line num="112" count="0" type="cond" truecount="0" falsecount="4"/>
        <line num="113" count="0" type="cond" truecount="0" falsecount="2"/>
        <line num="116" count="0" type="stmt"/>
        <line num="123" count="0" type="stmt"/>
        <line num="124" count="0" type="stmt"/>
        <line num="143" count="0" type="stmt"/>
        <line num="160" count="0" type="stmt"/>
        <line num="166" count="0" type="stmt"/>
        <line num="184" count="0" type="stmt"/>
        <line num="186" count="0" type="stmt"/>
        <line num="187" count="0" type="cond" truecount="0" falsecount="4"/>
        <line num="189" count="0" type="stmt"/>
        <line num="192" count="0" type="stmt"/>
        <line num="194" count="0" type="stmt"/>
        <line num="203" count="0" type="cond" truecount="0" falsecount="4"/>
        <line num="206" count="0" type="stmt"/>
        <line num="208" count="0" type="stmt"/>
        <line num="209" count="0" type="stmt"/>
        <line num="210" count="0" type="stmt"/>
        <line num="219" count="0" type="stmt"/>
        <line num="221" count="0" type="stmt"/>
        <line num="222" count="0" type="stmt"/>
        <line num="223" count="0" type="stmt"/>
        <line num="231" count="0" type="stmt"/>
        <line num="233" count="0" type="stmt"/>
        <line num="234" count="0" type="stmt"/>
        <line num="235" count="0" type="cond" truecount="0" falsecount="2"/>
        <line num="237" count="0" type="stmt"/>
        <line num="238" count="0" type="stmt"/>
        <line num="251" count="2" type="stmt"/>
        <line num="252" count="10" type="cond" truecount="2" falsecount="0"/>
        <line num="254" count="8" type="stmt"/>
        <line num="255" count="8" type="cond" truecount="2" falsecount="0"/>
        <line num="257" count="6" type="stmt"/>
        <line num="258" count="6" type="stmt"/>
        <line num="261" count="6" type="stmt"/>
        <line num="262" count="6" type="stmt"/>
        <line num="266" count="14" type="cond" truecount="1" falsecount="1"/>
        <line num="267" count="64" type="stmt"/>
        <line num="271" count="6" type="cond" truecount="1" falsecount="1"/>
        <line num="272" count="6" type="stmt"/>
        <line num="273" count="29" type="stmt"/>
        <line num="274" count="6" type="stmt"/>
      </file>
      <file name="routes.ts" path="/home/user/TIBER-Fantasy/server/modules/forge/routes.ts">
        <metrics statements="763" coveredstatements="115" conditionals="838" coveredconditionals="73" methods="149" coveredmethods="10"/>
        <line num="10" count="1" type="stmt"/>
        <line num="11" count="1" type="stmt"/>
        <line num="13" count="1" type="stmt"/>
        <line num="14" count="1" type="stmt"/>
        <line num="15" count="1" type="stmt"/>
        <line num="16" count="1" type="stmt"/>
        <line num="17" count="1" type="stmt"/>
        <line num="18" count="1" type="stmt"/>
        <line num="19" count="1" type="stmt"/>
        <line num="20" count="1" type="stmt"/>
        <line num="26" count="1" type="stmt"/>
        <line num="27" count="1" type="stmt"/>
        <line num="29" count="1" type="stmt"/>
        <line num="30" count="1" type="stmt"/>
        <line num="31" count="1" type="stmt"/>
        <line num="32" count="1" type="stmt"/>
        <line num="34" count="1" type="stmt"/>
        <line num="55" count="0" type="stmt"/>
        <line num="58" count="0" type="stmt"/>
        <line num="59" count="0" type="cond" truecount="0" falsecount="12"/>
        <line num="60" count="0" type="cond" truecount="0" falsecount="12"/>
        <line num="61" count="0" type="cond" truecount="0" falsecount="12"/>
        <line num="64" count="0" type="stmt"/>
        <line num="66" count="0" type="stmt"/>
        <line num="82" count="1" type="stmt"/>
        <line num="83" count="0" type="stmt"/>
        <line num="93" count="1" type="stmt"/>
        <line num="96" count="1" type="stmt"/>
        <line num="134" count="1" type="stmt"/>
        <line num="135" count="0" type="stmt"/>
        <line num="136" count="0" type="cond" truecount="0" falsecount="4"/>
        <line num="137" count="0" type="cond" truecount="0" falsecount="2"/>
        <line num="138" count="0" type="cond" truecount="0" falsecount="2"/>
        <line num="139" count="0" type="cond" truecount="0" falsecount="2"/>
        <line num="140" count="0" type="stmt"/>
        <line num="141" count="0" type="cond" truecount="0" falsecount="2"/>
        <line num="142" count="0" type="cond" truecount="0" falsecount="2"/>
        <line num="144" count="0" type="cond" truecount="0" falsecount="4"/>
        <line num="145" count="0" type="stmt"/>
        <line num="151" count="0" type="stmt"/>
        <line num="155" count="0" type="cond" truecount="0" falsecount="2"/>
        <line num="156" count="0" type="stmt"/>
        <line num="157" count="0" type="stmt"/>
        <line num="159" count="0" type="stmt"/>
        <line num="167" count="0" type="cond" truecount="0" falsecount="2"/>
        <line num="168" count="0" type="stmt"/>
        <line num="171" count="0" type="stmt"/>
        <line num="173" count="0" type="stmt"/>
        <line num="174" count="0" type="cond" truecount="0" falsecount="2"/>
        <line num="175" count="0" type="cond" truecount="0" falsecount="2"/>
        <line num="177" count="0" type="cond" truecount="0" falsecount="2"/>
        <line num="178" count="0" type="cond" truecount="0" falsecount="2"/>
        <line num="181" count="0" type="stmt"/>
        <line num="183" count="0" type="stmt"/>
        <line num="184" count="0" type="stmt"/>
        <line num="187" count="0" type="stmt"/>
        <line num="204" count="0" type="stmt"/>
        <line num="205" count="0" type="stmt"/>
        <line num="229" count="1" type="stmt"/>
        <line num="230" count="0" type="stmt"/>
        <line num="231" count="0" type="cond" truecount="0" falsecount="4"/>
        <line num="232" count="0" type="cond" truecount="0" falsecount="2"/>
        <line num="233" count="0" type="cond" truecount="0" falsecount="2"/>
        <line num="234" count="0" type="cond" truecount="0" falsecount="2"/>
        <line num="236" count="0" type="cond" truecount="0" falsecount="4"/>
        <line num="237" count="0" type="stmt"/>
        <line num="243" count="0" type="stmt"/>
        <line num="246" count="0" type="stmt"/>
        <line num="253" count="0" type="cond" truecount="0" falsecount="2"/>
        <line num="254" count="0" type="stmt"/>
        <line num="255" count="0" type="stmt"/>
        <line num="268" count="0" type="stmt"/>
        <line num="271" count="0" type="stmt"/>
        <line num="274" count="0" type="stmt"/>
        <line num="277" count="0" type="stmt"/>
        <line num="278" count="0" type="stmt"/>
        <line num="280" count="0" type="stmt"/>
        <line num="309" count="0" type="stmt"/>
        <line num="310" count="0" type="stmt"/>
        <line num="329" count="1" type="stmt"/>
        <line num="330" count="0" type="stmt"/>
        <line num="331" count="0" type="stmt"/>
        <line num="332" count="0" type="cond" truecount="0" falsecount="2"/>
        <line num="333" count="0" type="cond" truecount="0" falsecount="2"/>
        <line num="335" count="0" type="cond" truecount="0" falsecount="2"/>
        <line num="336" count="0" type="stmt"/>
        <line num="342" count="0" type="stmt"/>
        <line num="344" count="0" type="stmt"/>
        <line num="347" count="0" type="stmt"/>
        <line num="350" count="0" type="stmt"/>
        <line num="356" count="0" type="cond" truecount="0" falsecount="2"/>
        <line num="357" count="0" type="stmt"/>
        <line num="358" count="0" type="stmt"/>
        <line num="362" count="0" type="stmt"/>
        <line num="373" count="0" type="stmt"/>
        <line num="374" count="0" type="stmt"/>
        <line num="386" count="1" type="stmt"/>
        <line num="387" count="1" type="stmt"/>
        <line num="415" count="1" type="stmt"/>
        <line num="416" count="1" type="stmt"/>
        <line num="417" count="1" type="stmt"/>
        <line num="420" count="1" type="cond" truecount="3" falsecount="1"/>
        <line num="425" count="1" type="cond" truecount="2" falsecount="2"/>
        <line num="430" count="1" type="cond" truecount="3" falsecount="1"/>
        <line num="435" count="1" type="cond" truecount="2" falsecount="2"/>
        <line num="441" count="1" type="cond" truecount="2" falsecount="2"/>
        <line num="446" count="1" type="cond" truecount="2" falsecount="2"/>
        <line num="452" count="1" type="cond" truecount="2" falsecount="2"/>
        <line num="457" count="1" type="cond" truecount="2" falsecount="2"/>
        <line num="461" count="1" type="cond" truecount="2" falsecount="2"/>
        <line num="464" count="1" type="cond" truecount="3" falsecount="1"/>
        <line num="467" count="1" type="cond" truecount="3" falsecount="1"/>
        <line num="469" count="1" type="stmt"/>
        <line num="481" count="1" type="stmt"/>
        <line num="484" count="1" type="stmt"/>
        <line num="486" count="0" type="cond" truecount="0" falsecount="2"/>
        <line num="488" count="0" type="cond" truecount="0" falsecount="4"/>
        <line num="489" count="0" type="cond" truecount="0" falsecount="4"/>
        <line num="490" count="0" type="cond" truecount="0" falsecount="2"/>
        <line num="492" count="0" type="cond" truecount="0" falsecount="8"/>
        <line num="495" count="1" type="cond" truecount="3" falsecount="1"/>
        <line num="496" count="1" type="stmt"/>
        <line num="497" count="0" type="stmt"/>
        <line num="503" count="1" type="stmt"/>
        <line num="510" count="1" type="stmt"/>
        <line num="511" count="1" type="stmt"/>
        <line num="512" count="1" type="stmt"/>
        <line num="513" count="0" type="stmt"/>
        <line num="517" count="1" type="cond" truecount="1" falsecount="1"/>
        <line num="518" count="0" type="stmt"/>
        <line num="519" count="0" type="stmt"/>
        <line num="523" count="1" type="stmt"/>
        <line num="546" count="0" type="stmt"/>
        <line num="547" count="0" type="stmt"/>
        <line num="567" count="1" type="stmt"/>
        <line num="568" count="0" type="stmt"/>
        <line num="569" count="0" type="stmt"/>
        <line num="572" count="0" type="cond" truecount="0" falsecount="4"/>
        <line num="577" count="0" type="cond" truecount="0" falsecount="4"/>
        <line num="582" count="0" type="cond" truecount="0" falsecount="4"/>
        <line num="587" count="0" type="cond" truecount="0" falsecount="4"/>
        <line num="591" count="0" type="stmt"/>
        <line num="593" count="0" type="cond" truecount="0" falsecount="4"/>
        <line num="595" count="0" type="stmt"/>
        <line num="596" count="0" type="stmt"/>
        <line num="597" count="0" type="stmt"/>
        <line num="598" count="0" type="stmt"/>
        <line num="599" count="0" type="stmt"/>
        <line num="600" count="0" type="stmt"/>
        <line num="602" count="0" type="stmt"/>
        <line num="609" count="0" type="stmt"/>
        <line num="611" count="0" type="stmt"/>
        <line num="612" count="0" type="stmt"/>
        <line num="613" count="0" type="stmt"/>
        <line num="614" count="0" type="cond" truecount="0" falsecount="2"/>
        <line num="617" count="0" type="cond" truecount="0" falsecount="4"/>
        <line num="619" count="0" type="stmt"/>
        <line num="620" count="0" type="stmt"/>
        <line num="622" count="0" type="stmt"/>
        <line num="623" count="0" type="stmt"/>
        <line num="625" count="0" type="stmt"/>
        <line num="626" count="0" type="stmt"/>
        <line num="628" count="0" type="stmt"/>
        <line num="631" count="0" type="stmt"/>
        <line num="637" count="0" type="stmt"/>
        <line num="642" count="0" type="stmt"/>
        <line num="646" count="0" type="stmt"/>
        <line num="648" count="0" type="stmt"/>
        <line num="664" count="0" type="stmt"/>
        <line num="665" count="0" type="stmt"/>
        <line num="677" count="1" type="stmt"/>
        <line num="678" count="0" type="stmt"/>
        <line num="679" count="0" type="stmt"/>
        <line num="680" count="0" type="cond" truecount="0" falsecount="2"/>
        <line num="682" count="0" type="stmt"/>
        <line num="683" count="0" type="stmt"/>
        <line num="685" count="0" type="cond" truecount="0" falsecount="2"/>
        <line num="686" count="0" type="stmt"/>
        <line num="692" count="0" type="stmt"/>
        <line num="696" count="0" type="stmt"/>
        <line num="714" count="0" type="stmt"/>
        <line num="715" count="0" type="stmt"/>
        <line num="734" count="1" type="stmt"/>
        <line num="735" count="0" type="stmt"/>
        <line num="736" count="0" type="cond" truecount="0" falsecount="2"/>
        <line num="737" count="0" type="stmt"/>
        <line num="740" count="0" type="cond" truecount="0" falsecount="4"/>
        <line num="742" count="0" type="cond" truecount="0" falsecount="8"/>
        <line num="744" count="0" type="stmt"/>
        <line num="751" count="0" type="stmt"/>
        <line num="756" count="0" type="stmt"/>
        <line num="757" count="0" type="stmt"/>
        <line num="775" count="1" type="stmt"/>
        <line num="776" count="0" type="stmt"/>
        <line num="777" count="0" type="cond" truecount="0" falsecount="2"/>
        <line num="778" count="0" type="stmt"/>
        <line num="781" count="0" type="cond" truecount="0" falsecount="4"/>
        <line num="782" count="0" type="cond" truecount="0" falsecount="2"/>
        <line num="783" count="0" type="cond" truecount="0" falsecount="2"/>
        <line num="784" count="0" type="stmt"/>
        <line num="785" count="0" type="cond" truecount="0" falsecount="4"/>
        <line num="786" count="0" type="cond" truecount="0" falsecount="4"/>
        <line num="788" count="0" type="cond" truecount="0" falsecount="4"/>
        <line num="789" count="0" type="stmt"/>
        <line num="795" count="0" type="stmt"/>
        <line num="797" count="0" type="stmt"/>
        <line num="798" count="0" type="stmt"/>
        <line num="800" count="0" type="stmt"/>
        <line num="801" count="0" type="cond" truecount="0" falsecount="4"/>
        <line num="803" count="0" type="stmt"/>
        <line num="804" count="0" type="cond" truecount="0" falsecount="2"/>
        <line num="808" count="0" type="stmt"/>
        <line num="809" count="0" type="stmt"/>
        <line num="810" count="0" type="cond" truecount="0" falsecount="2"/>
        <line num="811" count="0" type="stmt"/>
        <line num="813" count="0" type="cond" truecount="0" falsecount="2"/>
        <line num="814" count="0" type="stmt"/>
        <line num="831" count="0" type="stmt"/>
        <line num="832" count="0" type="stmt"/>
        <line num="833" count="0" type="stmt"/>
        <line num="834" count="0" type="stmt"/>
        <line num="835" count="0" type="stmt"/>
        <line num="836" count="0" type="stmt"/>
        <line num="837" count="0" type="stmt"/>
        <line num="838" count="0" type="stmt"/>
        <line num="839" count="0" type="stmt"/>
        <line num="840" count="0" type="stmt"/>
        <line num="842" count="0" type="stmt"/>
        <line num="855" count="0" type="stmt"/>
        <line num="862" count="0" type="stmt"/>
        <line num="864" count="0" type="stmt"/>
        <line num="887" count="0" type="stmt"/>
        <line num="888" count="0" type="stmt"/>
        <line num="908" count="1" type="stmt"/>
        <line num="909" count="0" type="stmt"/>
        <line num="910" count="0" type="stmt"/>
        <line num="911" count="0" type="stmt"/>
        <line num="912" count="0" type="cond" truecount="0" falsecount="2"/>
        <line num="914" count="0" type="cond" truecount="0" falsecount="2"/>
        <line num="915" count="0" type="stmt"/>
        <line num="921" count="0" type="stmt"/>
        <line num="922" count="0" type="stmt"/>
        <line num="924" count="0" type="cond" truecount="0" falsecount="2"/>
        <line num="925" count="0" type="stmt"/>
        <line num="931" count="0" type="cond" truecount="0" falsecount="6"/>
        <line num="933" count="0" type="cond" truecount="0" falsecount="2"/>
        <line num="934" count="0" type="stmt"/>
        <line num="940" count="0" type="cond" truecount="0" falsecount="6"/>
        <line num="942" count="0" type="stmt"/>
        <line num="944" count="0" type="stmt"/>
        <line num="946" count="0" type="stmt"/>
        <line num="961" count="0" type="stmt"/>
        <line num="962" count="0" type="stmt"/>
        <line num="981" count="1" type="stmt"/>
        <line num="982" count="0" type="stmt"/>
        <line num="983" count="0" type="cond" truecount="0" falsecount="3"/>
        <line num="985" count="0" type="cond" truecount="0" falsecount="4"/>
        <line num="986" count="0" type="stmt"/>
        <line num="992" count="0" type="stmt"/>
        <line num="994" count="0" type="cond" truecount="0" falsecount="4"/>
        <line num="995" count="0" type="stmt"/>
        <line num="1001" count="0" type="stmt"/>
        <line num="1004" count="0" type="stmt"/>
        <line num="1007" count="0" type="stmt"/>
        <line num="1008" count="0" type="cond" truecount="0" falsecount="2"/>
        <line num="1011" count="0" type="stmt"/>
        <line num="1012" count="0" type="stmt"/>
        <line num="1013" count="0" type="stmt"/>
        <line num="1014" count="0" type="stmt"/>
        <line num="1015" count="0" type="cond" truecount="0" falsecount="2"/>
        <line num="1017" count="0" type="stmt"/>
        <line num="1018" count="0" type="stmt"/>
        <line num="1020" count="0" type="stmt"/>
        <line num="1032" count="0" type="stmt"/>
        <line num="1038" count="0" type="stmt"/>
        <line num="1039" count="0" type="stmt"/>
        <line num="1040" count="0" type="stmt"/>
        <line num="1043" count="0" type="stmt"/>
        <line num="1057" count="0" type="stmt"/>
        <line num="1064" count="0" type="stmt"/>
        <line num="1065" count="0" type="stmt"/>
        <line num="1076" count="0" type="stmt"/>
        <line num="1079" count="0" type="stmt"/>
        <line num="1080" count="0" type="stmt"/>
        <line num="1081" count="0" type="stmt"/>
        <line num="1082" count="0" type="stmt"/>
        <line num="1083" count="0" type="stmt"/>
        <line num="1086" count="0" type="stmt"/>
        <line num="1087" count="0" type="stmt"/>
        <line num="1088" count="0" type="stmt"/>
        <line num="1091" count="0" type="stmt"/>
        <line num="1092" count="0" type="stmt"/>
        <line num="1094" count="0" type="stmt"/>
        <line num="1106" count="0" type="stmt"/>
        <line num="1108" count="0" type="stmt"/>
        <line num="1109" count="0" type="stmt"/>
        <line num="1110" count="0" type="stmt"/>
        <line num="1112" count="0" type="stmt"/>
        <line num="1115" count="0" type="stmt"/>
        <line num="1126" count="0" type="stmt"/>
        <line num="1127" count="0" type="stmt"/>
        <line num="1128" count="0" type="cond" truecount="0" falsecount="4"/>
        <line num="1130" count="0" type="cond" truecount="0" falsecount="4"/>
        <line num="1131" count="0" type="cond" truecount="0" falsecount="2"/>
        <line num="1134" count="0" type="stmt"/>
        <line num="1145" count="0" type="cond" truecount="0" falsecount="2"/>
        <line num="1148" count="0" type="cond" truecount="0" falsecount="2"/>
        <line num="1150" count="0" type="stmt"/>
        <line num="1152" count="0" type="cond" truecount="0" falsecount="2"/>
        <line num="1155" count="0" type="stmt"/>
        <line num="1156" count="0" type="stmt"/>
        <line num="1167" count="0" type="cond" truecount="0" falsecount="4"/>
        <line num="1170" count="0" type="cond" truecount="0" falsecount="2"/>
        <line num="1171" count="0" type="stmt"/>
        <line num="1174" count="0" type="stmt"/>
        <line num="1177" count="0" type="cond" truecount="0" falsecount="2"/>
        <line num="1178" count="0" type="stmt"/>
        <line num="1182" count="0" type="stmt"/>
        <line num="1183" count="0" type="cond" truecount="0" falsecount="2"/>
        <line num="1186" count="0" type="cond" truecount="0" falsecount="2"/>
        <line num="1187" count="0" type="stmt"/>
        <line num="1190" count="0" type="cond" truecount="0" falsecount="2"/>
        <line num="1191" count="0" type="stmt"/>
        <line num="1194" count="0" type="cond" truecount="0" falsecount="4"/>
        <line num="1195" count="0" type="stmt"/>
        <line num="1198" count="0" type="stmt"/>
        <line num="1200" count="0" type="stmt"/>
        <line num="1201" count="0" type="stmt"/>
        <line num="1212" count="0" type="stmt"/>
        <line num="1213" count="0" type="stmt"/>
        <line num="1225" count="0" type="stmt"/>
        <line num="1227" count="0" type="stmt"/>
        <line num="1228" count="0" type="stmt"/>
        <line num="1236" count="1" type="stmt"/>
        <line num="1237" count="1" type="stmt"/>
        <line num="1238" count="1" type="stmt"/>
        <line num="1250" count="1" type="stmt"/>
        <line num="1251" count="0" type="stmt"/>
        <line num="1252" count="0" type="cond" truecount="0" falsecount="2"/>
        <line num="1253" count="0" type="cond" truecount="0" falsecount="2"/>
        <line num="1254" count="0" type="cond" truecount="0" falsecount="6"/>
        <line num="1256" count="0" type="stmt"/>
        <line num="1258" count="0" type="stmt"/>
        <line num="1260" count="0" type="stmt"/>
        <line num="1269" count="0" type="stmt"/>
        <line num="1270" count="0" type="stmt"/>
        <line num="1280" count="1" type="stmt"/>
        <line num="1281" count="0" type="stmt"/>
        <line num="1282" count="0" type="cond" truecount="0" falsecount="2"/>
        <line num="1283" count="0" type="cond" truecount="0" falsecount="2"/>
        <line num="1285" count="0" type="stmt"/>
        <line num="1287" count="0" type="stmt"/>
        <line num="1290" count="0" type="stmt"/>
        <line num="1293" count="0" type="stmt"/>
        <line num="1294" count="0" type="stmt"/>
        <line num="1310" count="1" type="stmt"/>
        <line num="1311" count="0" type="stmt"/>
        <line num="1312" count="0" type="cond" truecount="0" falsecount="2"/>
        <line num="1313" count="0" type="cond" truecount="0" falsecount="2"/>
        <line num="1314" count="0" type="cond" truecount="0" falsecount="6"/>
        <line num="1315" count="0" type="cond" truecount="0" falsecount="6"/>
        <line num="1316" count="0" type="cond" truecount="0" falsecount="6"/>
        <line num="1318" count="0" type="cond" truecount="0" falsecount="2"/>
        <line num="1319" count="0" type="stmt"/>
        <line num="1322" count="0" type="stmt"/>
        <line num="1324" count="0" type="stmt"/>
        <line num="1326" count="0" type="stmt"/>
        <line num="1335" count="0" type="stmt"/>
        <line num="1336" count="0" type="stmt"/>
        <line num="1345" count="1" type="stmt"/>
        <line num="1346" count="0" type="stmt"/>
        <line num="1347" count="0" type="cond" truecount="0" falsecount="2"/>
        <line num="1348" count="0" type="cond" truecount="0" falsecount="2"/>
        <line num="1349" count="0" type="cond" truecount="0" falsecount="6"/>
        <line num="1351" count="0" type="stmt"/>
        <line num="1353" count="0" type="stmt"/>
        <line num="1358" count="0" type="stmt"/>
        <line num="1359" count="0" type="stmt"/>
        <line num="1374" count="1" type="stmt"/>
        <line num="1375" count="0" type="stmt"/>
        <line num="1376" count="0" type="cond" truecount="0" falsecount="2"/>
        <line num="1377" count="0" type="cond" truecount="0" falsecount="2"/>
        <line num="1378" count="0" type="cond" truecount="0" falsecount="6"/>
        <line num="1380" count="0" type="stmt"/>
        <line num="1382" count="0" type="cond" truecount="0" falsecount="2"/>
        <line num="1383" count="0" type="stmt"/>
        <line num="1389" count="0" type="stmt"/>
        <line num="1395" count="0" type="stmt"/>
        <line num="1396" count="0" type="stmt"/>
        <line num="1413" count="1" type="stmt"/>
        <line num="1414" count="0" type="stmt"/>
        <line num="1415" count="0" type="cond" truecount="0" falsecount="2"/>
        <line num="1416" count="0" type="cond" truecount="0" falsecount="2"/>
        <line num="1417" count="0" type="cond" truecount="0" falsecount="6"/>
        <line num="1418" count="0" type="cond" truecount="0" falsecount="6"/>
        <line num="1420" count="0" type="cond" truecount="0" falsecount="2"/>
        <line num="1421" count="0" type="stmt"/>
        <line num="1428" count="0" type="stmt"/>
        <line num="1430" count="0" type="cond" truecount="0" falsecount="2"/>
        <line num="1431" count="0" type="stmt"/>
        <line num="1437" count="0" type="stmt"/>
        <line num="1443" count="0" type="stmt"/>
        <line num="1444" count="0" type="stmt"/>
        <line num="1456" count="0" type="cond" truecount="0" falsecount="2"/>
        <line num="1457" count="0" type="cond" truecount="0" falsecount="2"/>
        <line num="1458" count="0" type="cond" truecount="0" falsecount="2"/>
        <line num="1459" count="0" type="cond" truecount="0" falsecount="2"/>
        <line num="1460" count="0" type="stmt"/>
        <line num="1467" count="0" type="cond" truecount="0" falsecount="4"/>
        <line num="1468" count="0" type="stmt"/>
        <line num="1469" count="0" type="cond" truecount="0" falsecount="2"/>
        <line num="1470" count="0" type="cond" truecount="0" falsecount="2"/>
        <line num="1471" count="0" type="stmt"/>
        <line num="1483" count="1" type="stmt"/>
        <line num="1484" count="0" type="stmt"/>
        <line num="1485" count="0" type="cond" truecount="0" falsecount="2"/>
        <line num="1487" count="0" type="stmt"/>
        <line num="1489" count="0" type="stmt"/>
        <line num="1515" count="0" type="stmt"/>
        <line num="1525" count="0" type="stmt"/>
        <line num="1530" count="0" type="stmt"/>
        <line num="1531" count="0" type="stmt"/>
        <line num="1546" count="1" type="stmt"/>
        <line num="1547" count="0" type="stmt"/>
        <line num="1548" count="0" type="cond" truecount="0" falsecount="2"/>
        <line num="1549" count="0" type="cond" truecount="0" falsecount="2"/>
        <line num="1550" count="0" type="cond" truecount="0" falsecount="6"/>
        <line num="1552" count="0" type="cond" truecount="0" falsecount="2"/>
        <line num="1553" count="0" type="stmt"/>
        <line num="1556" count="0" type="stmt"/>
        <line num="1559" count="0" type="stmt"/>
        <line num="1571" count="0" type="stmt"/>
        <line num="1574" count="0" type="stmt"/>
        <line num="1579" count="0" type="stmt"/>
        <line num="1580" count="0" type="stmt"/>
        <line num="1581" count="0" type="cond" truecount="0" falsecount="2"/>
        <line num="1585" count="0" type="stmt"/>
        <line num="1590" count="0" type="stmt"/>
        <line num="1591" count="0" type="stmt"/>
        <line num="1592" count="0" type="cond" truecount="0" falsecount="2"/>
        <line num="1597" count="0" type="stmt"/>
        <line num="1599" count="0" type="stmt"/>
        <line num="1601" count="0" type="stmt"/>
        <line num="1604" count="0" type="cond" truecount="0" falsecount="2"/>
        <line num="1605" count="0" type="cond" truecount="0" falsecount="2"/>
        <line num="1608" count="0" type="cond" truecount="0" falsecount="2"/>
        <line num="1609" count="0" type="cond" truecount="0" falsecount="2"/>
        <line num="1612" count="0" type="stmt"/>
        <line num="1626" count="0" type="stmt"/>
        <line num="1641" count="0" type="stmt"/>
        <line num="1642" count="0" type="cond" truecount="0" falsecount="2"/>
        <line num="1643" count="0" type="cond" truecount="0" falsecount="2"/>
        <line num="1646" count="0" type="stmt"/>
        <line num="1651" count="0" type="stmt"/>
        <line num="1652" count="0" type="stmt"/>
        <line num="1661" count="1" type="stmt"/>
        <line num="1662" count="0" type="stmt"/>
        <line num="1663" count="0" type="cond" truecount="0" falsecount="2"/>
        <line num="1665" count="0" type="stmt"/>
        <line num="1672" count="0" type="stmt"/>
        <line num="1674" count="0" type="stmt"/>
        <line num="1680" count="0" type="stmt"/>
        <line num="1681" count="0" type="stmt"/>
        <line num="1690" count="1" type="stmt"/>
        <line num="1691" count="0" type="stmt"/>
        <line num="1692" count="0" type="stmt"/>
        <line num="1693" count="0" type="cond" truecount="0" falsecount="2"/>
[...]
        <line num="1272" count="2" type="stmt"/>
        <line num="1283" count="2" type="stmt"/>
        <line num="1289" count="2" type="stmt"/>
        <line num="1295" count="2" type="stmt"/>
        <line num="1300" count="2" type="stmt"/>
        <line num="1306" count="2" type="stmt"/>
        <line num="1311" count="2" type="stmt"/>
        <line num="1361" count="2" type="stmt"/>
        <line num="1370" count="2" type="stmt"/>
        <line num="1384" count="2" type="stmt"/>
        <line num="1390" count="2" type="stmt"/>
        <line num="1395" count="2" type="stmt"/>
        <line num="1403" count="2" type="stmt"/>
        <line num="1411" count="2" type="stmt"/>
        <line num="1413" count="0" type="stmt"/>
        <line num="1422" count="2" type="stmt"/>
        <line num="1424" count="0" type="stmt"/>
        <line num="1425" count="0" type="stmt"/>
        <line num="1432" count="2" type="stmt"/>
        <line num="1438" count="2" type="stmt"/>
        <line num="1445" count="2" type="stmt"/>
        <line num="1459" count="2" type="stmt"/>
        <line num="1464" count="2" type="stmt"/>
        <line num="1469" count="2" type="stmt"/>
        <line num="1493" count="2" type="stmt"/>
        <line num="1504" count="0" type="stmt"/>
        <line num="1508" count="2" type="stmt"/>
        <line num="1524" count="2" type="stmt"/>
        <line num="1535" count="2" type="stmt"/>
        <line num="1542" count="2" type="stmt"/>
        <line num="1549" count="2" type="stmt"/>
        <line num="1556" count="2" type="stmt"/>
        <line num="1567" count="2" type="stmt"/>
        <line num="1575" count="2" type="stmt"/>
        <line num="1576" count="2" type="stmt"/>
        <line num="1578" count="2" type="stmt"/>
        <line num="1588" count="0" type="stmt"/>
        <line num="1594" count="2" type="stmt"/>
        <line num="1601" count="2" type="stmt"/>
        <line num="1610" count="0" type="stmt"/>
        <line num="1624" count="2" type="stmt"/>
        <line num="1640" count="2" type="stmt"/>
        <line num="1648" count="2" type="stmt"/>
        <line num="1657" count="0" type="stmt"/>
        <line num="1661" count="2" type="stmt"/>
        <line num="1672" count="0" type="stmt"/>
        <line num="1686" count="2" type="stmt"/>
        <line num="1697" count="0" type="stmt"/>
        <line num="1701" count="2" type="stmt"/>
        <line num="1710" count="0" type="stmt"/>
        <line num="1714" count="2" type="stmt"/>
        <line num="1723" count="0" type="stmt"/>
        <line num="1728" count="2" type="stmt"/>
        <line num="1738" count="0" type="stmt"/>
        <line num="1743" count="2" type="stmt"/>
        <line num="1751" count="0" type="stmt"/>
        <line num="1755" count="2" type="stmt"/>
        <line num="1757" count="0" type="stmt"/>
        <line num="1764" count="2" type="stmt"/>
        <line num="1780" count="2" type="stmt"/>
        <line num="1809" count="0" type="stmt"/>
        <line num="1816" count="2" type="stmt"/>
        <line num="1844" count="0" type="stmt"/>
        <line num="1851" count="2" type="stmt"/>
        <line num="1868" count="0" type="stmt"/>
        <line num="1875" count="2" type="stmt"/>
        <line num="1898" count="0" type="stmt"/>
        <line num="1923" count="2" type="stmt"/>
        <line num="1976" count="0" type="stmt"/>
        <line num="1989" count="2" type="stmt"/>
        <line num="2010" count="0" type="stmt"/>
        <line num="2022" count="2" type="stmt"/>
        <line num="2036" count="2" type="stmt"/>
        <line num="2046" count="2" type="stmt"/>
        <line num="2047" count="0" type="stmt"/>
        <line num="2056" count="2" type="stmt"/>
        <line num="2057" count="0" type="stmt"/>
        <line num="2060" count="0" type="stmt"/>
        <line num="2067" count="2" type="stmt"/>
        <line num="2068" count="0" type="stmt"/>
        <line num="2078" count="2" type="stmt"/>
        <line num="2085" count="2" type="stmt"/>
        <line num="2102" count="2" type="stmt"/>
        <line num="2104" count="0" type="stmt"/>
        <line num="2115" count="0" type="stmt"/>
        <line num="2123" count="2" type="stmt"/>
        <line num="2125" count="0" type="stmt"/>
        <line num="2135" count="0" type="stmt"/>
        <line num="2142" count="2" type="stmt"/>
        <line num="2144" count="0" type="stmt"/>
        <line num="2153" count="0" type="stmt"/>
        <line num="2170" count="2" type="stmt"/>
        <line num="2171" count="2" type="stmt"/>
        <line num="2172" count="2" type="stmt"/>
        <line num="2180" count="2" type="stmt"/>
        <line num="2212" count="0" type="stmt"/>
        <line num="2221" count="2" type="stmt"/>
        <line num="2231" count="2" type="stmt"/>
        <line num="2239" count="2" type="stmt"/>
        <line num="2250" count="0" type="stmt"/>
        <line num="2267" count="2" type="stmt"/>
        <line num="2277" count="2" type="stmt"/>
        <line num="2288" count="2" type="stmt"/>
        <line num="2330" count="0" type="stmt"/>
        <line num="2343" count="2" type="stmt"/>
        <line num="2384" count="0" type="stmt"/>
        <line num="2394" count="2" type="stmt"/>
        <line num="2416" count="0" type="stmt"/>
        <line num="2426" count="2" type="stmt"/>
        <line num="2433" count="0" type="stmt"/>
        <line num="2441" count="2" type="stmt"/>
        <line num="2485" count="0" type="stmt"/>
        <line num="2492" count="2" type="stmt"/>
        <line num="2522" count="0" type="stmt"/>
        <line num="2536" count="2" type="stmt"/>
        <line num="2538" count="0" type="stmt"/>
        <line num="2565" count="0" type="stmt"/>
        <line num="2574" count="2" type="stmt"/>
        <line num="2599" count="0" type="stmt"/>
        <line num="2611" count="2" type="stmt"/>
        <line num="2661" count="0" type="stmt"/>
        <line num="2677" count="2" type="stmt"/>
        <line num="2687" count="2" type="stmt"/>
        <line num="2693" count="2" type="stmt"/>
        <line num="2711" count="0" type="stmt"/>
        <line num="2719" count="2" type="stmt"/>
        <line num="2727" count="2" type="stmt"/>
        <line num="2735" count="2" type="stmt"/>
        <line num="2739" count="2" type="stmt"/>
        <line num="2748" count="2" type="stmt"/>
        <line num="2768" count="0" type="stmt"/>
        <line num="2777" count="2" type="stmt"/>
        <line num="2786" count="2" type="stmt"/>
        <line num="2787" count="0" type="stmt"/>
        <line num="2790" count="0" type="stmt"/>
        <line num="2837" count="0" type="stmt"/>
        <line num="2848" count="2" type="stmt"/>
        <line num="2850" count="0" type="stmt"/>
        <line num="2889" count="0" type="stmt"/>
        <line num="2903" count="2" type="stmt"/>
        <line num="2912" count="0" type="stmt"/>
        <line num="2933" count="0" type="stmt"/>
        <line num="2941" count="2" type="stmt"/>
        <line num="2943" count="0" type="stmt"/>
        <line num="2991" count="0" type="stmt"/>
        <line num="3005" count="2" type="stmt"/>
        <line num="3006" count="0" type="stmt"/>
        <line num="3057" count="0" type="stmt"/>
        <line num="3069" count="2" type="stmt"/>
        <line num="3100" count="0" type="stmt"/>
        <line num="3108" count="2" type="stmt"/>
        <line num="3136" count="0" type="stmt"/>
        <line num="3150" count="2" type="stmt"/>
        <line num="3156" count="2" type="stmt"/>
        <line num="3161" count="2" type="stmt"/>
        <line num="3166" count="2" type="stmt"/>
        <line num="3171" count="2" type="stmt"/>
        <line num="3176" count="2" type="stmt"/>
        <line num="3182" count="2" type="stmt"/>
        <line num="3189" count="2" type="stmt"/>
        <line num="3195" count="2" type="stmt"/>
        <line num="3201" count="2" type="stmt"/>
        <line num="3206" count="2" type="stmt"/>
        <line num="3212" count="2" type="stmt"/>
        <line num="3219" count="2" type="stmt"/>
        <line num="3225" count="2" type="stmt"/>
        <line num="3273" count="2" type="stmt"/>
        <line num="3284" count="2" type="stmt"/>
        <line num="3290" count="2" type="stmt"/>
        <line num="3298" count="2" type="stmt"/>
        <line num="3306" count="2" type="stmt"/>
        <line num="3318" count="2" type="stmt"/>
        <line num="3330" count="2" type="stmt"/>
        <line num="3338" count="2" type="stmt"/>
        <line num="3346" count="2" type="stmt"/>
        <line num="3354" count="2" type="stmt"/>
        <line num="3366" count="2" type="stmt"/>
        <line num="3395" count="0" type="stmt"/>
        <line num="3404" count="2" type="stmt"/>
        <line num="3412" count="2" type="stmt"/>
        <line num="3421" count="0" type="stmt"/>
        <line num="3429" count="2" type="stmt"/>
        <line num="3440" count="2" type="stmt"/>
        <line num="3497" count="0" type="stmt"/>
        <line num="3509" count="2" type="stmt"/>
        <line num="3519" count="2" type="stmt"/>
        <line num="3530" count="2" type="stmt"/>
        <line num="3572" count="0" type="stmt"/>
        <line num="3584" count="2" type="stmt"/>
        <line num="3594" count="2" type="stmt"/>
        <line num="3605" count="2" type="stmt"/>
        <line num="3645" count="0" type="stmt"/>
        <line num="3657" count="2" type="stmt"/>
        <line num="3667" count="2" type="stmt"/>
        <line num="3678" count="2" type="stmt"/>
        <line num="3727" count="0" type="stmt"/>
        <line num="3739" count="2" type="stmt"/>
        <line num="3749" count="2" type="stmt"/>
        <line num="3760" count="2" type="stmt"/>
        <line num="3778" count="0" type="stmt"/>
        <line num="3784" count="2" type="stmt"/>
        <line num="3822" count="0" type="stmt"/>
        <line num="3828" count="2" type="stmt"/>
        <line num="3856" count="0" type="stmt"/>
        <line num="3866" count="2" type="stmt"/>
        <line num="3903" count="0" type="stmt"/>
        <line num="3909" count="2" type="stmt"/>
        <line num="3935" count="0" type="stmt"/>
        <line num="3941" count="2" type="stmt"/>
        <line num="3973" count="0" type="stmt"/>
        <line num="3980" count="2" type="stmt"/>
        <line num="3981" count="2" type="stmt"/>
        <line num="3982" count="2" type="stmt"/>
        <line num="3985" count="2" type="stmt"/>
        <line num="3986" count="2" type="stmt"/>
        <line num="3989" count="2" type="stmt"/>
        <line num="4010" count="2" type="stmt"/>
        <line num="4011" count="2" type="stmt"/>
        <line num="4030" count="2" type="stmt"/>
        <line num="4039" count="0" type="stmt"/>
        <line num="4045" count="2" type="stmt"/>
        <line num="4064" count="0" type="stmt"/>
        <line num="4075" count="2" type="stmt"/>
        <line num="4122" count="2" type="stmt"/>
        <line num="4138" count="0" type="stmt"/>
        <line num="4143" count="2" type="stmt"/>
        <line num="4145" count="0" type="stmt"/>
        <line num="4153" count="0" type="stmt"/>
        <line num="4158" count="2" type="stmt"/>
        <line num="4160" count="0" type="stmt"/>
        <line num="4161" count="0" type="stmt"/>
        <line num="4170" count="2" type="stmt"/>
        <line num="4182" count="2" type="stmt"/>
        <line num="4187" count="0" type="stmt"/>
        <line num="4193" count="2" type="stmt"/>
        <line num="4205" count="0" type="stmt"/>
        <line num="4212" count="2" type="stmt"/>
        <line num="4213" count="2" type="stmt"/>
        <line num="4214" count="2" type="stmt"/>
        <line num="4224" count="2" type="stmt"/>
        <line num="4232" count="0" type="stmt"/>
        <line num="4237" count="2" type="stmt"/>
        <line num="4239" count="0" type="stmt"/>
        <line num="4252" count="0" type="stmt"/>
        <line num="4257" count="2" type="stmt"/>
        <line num="4259" count="0" type="stmt"/>
        <line num="4263" count="0" type="stmt"/>
        <line num="4268" count="2" type="stmt"/>
        <line num="4270" count="0" type="stmt"/>
        <line num="4274" count="0" type="stmt"/>
        <line num="4283" count="2" type="stmt"/>
        <line num="4294" count="2" type="stmt"/>
        <line num="4297" count="0" type="stmt"/>
        <line num="4322" count="0" type="stmt"/>
        <line num="4329" count="2" type="stmt"/>
        <line num="4336" count="2" type="stmt"/>
        <line num="4337" count="2" type="stmt"/>
        <line num="4339" count="2" type="stmt"/>
        <line num="4346" count="0" type="stmt"/>
        <line num="4351" count="2" type="stmt"/>
        <line num="4352" count="2" type="stmt"/>
        <line num="4353" count="2" type="stmt"/>
        <line num="4374" count="2" type="stmt"/>
        <line num="4375" count="2" type="stmt"/>
        <line num="4403" count="2" type="stmt"/>
        <line num="4426" count="0" type="stmt"/>
        <line num="4447" count="2" type="stmt"/>
        <line num="4470" count="0" type="stmt"/>
        <line num="4496" count="2" type="stmt"/>
        <line num="4534" count="0" type="stmt"/>
        <line num="4549" count="2" type="stmt"/>
        <line num="4593" count="0" type="stmt"/>
        <line num="4618" count="2" type="stmt"/>
        <line num="4665" count="0" type="stmt"/>
        <line num="4681" count="2" type="stmt"/>
        <line num="4703" count="0" type="stmt"/>
        <line num="4715" count="2" type="stmt"/>
        <line num="4717" count="0" type="stmt"/>
        <line num="4742" count="0" type="stmt"/>
        <line num="4759" count="2" type="stmt"/>
        <line num="4775" count="0" type="stmt"/>
        <line num="4784" count="2" type="stmt"/>
        <line num="4832" count="0" type="stmt"/>
        <line num="4843" count="2" type="stmt"/>
        <line num="4891" count="0" type="stmt"/>
        <line num="4902" count="2" type="stmt"/>
        <line num="4904" count="0" type="stmt"/>
        <line num="5076" count="0" type="stmt"/>
        <line num="5090" count="2" type="stmt"/>
        <line num="5092" count="0" type="stmt"/>
        <line num="5136" count="0" type="stmt"/>
        <line num="5148" count="2" type="stmt"/>
        <line num="5164" count="0" type="stmt"/>
        <line num="5174" count="2" type="stmt"/>
        <line num="5203" count="0" type="stmt"/>
        <line num="5233" count="2" type="stmt"/>
        <line num="5268" count="0" type="stmt"/>
        <line num="5274" count="2" type="stmt"/>
        <line num="5289" count="2" type="stmt"/>
        <line num="5301" count="0" type="stmt"/>
        <line num="5307" count="2" type="stmt"/>
        <line num="5311" count="2" type="stmt"/>
        <line num="5316" count="0" type="stmt"/>
        <line num="5320" count="2" type="stmt"/>
        <line num="5332" count="2" type="stmt"/>
        <line num="5347" count="0" type="stmt"/>
        <line num="5361" count="2" type="stmt"/>
        <line num="5389" count="0" type="stmt"/>
        <line num="5395" count="2" type="stmt"/>
        <line num="5430" count="0" type="stmt"/>
        <line num="5436" count="2" type="stmt"/>
        <line num="5445" count="0" type="stmt"/>
        <line num="5449" count="2" type="stmt"/>
        <line num="5453" count="0" type="stmt"/>
      </file>
      <file name="weekDetection.ts" path="/home/user/TIBER-Fantasy/shared/weekDetection.ts">
        <metrics statements="74" coveredstatements="16" conditionals="77" coveredconditionals="6" methods="8" coveredmethods="1"/>
        <line num="26" count="1" type="stmt"/>
        <line num="175" count="1" type="stmt"/>
        <line num="176" count="1" type="cond" truecount="2" falsecount="0"/>
        <line num="177" count="1" type="stmt"/>
        <line num="180" count="1" type="stmt"/>
        <line num="181" count="18" type="stmt"/>
        <line num="182" count="18" type="stmt"/>
        <line num="183" count="18" type="stmt"/>
        <line num="184" count="18" type="stmt"/>
        <line num="187" count="18" type="cond" truecount="3" falsecount="1"/>
        <line num="188" count="0" type="stmt"/>
        <line num="191" count="0" type="cond" truecount="0" falsecount="2"/>
        <line num="192" count="0" type="stmt"/>
        <line num="193" count="0" type="cond" truecount="0" falsecount="2"/>
        <line num="194" count="0" type="stmt"/>
        <line num="196" count="0" type="stmt"/>
        <line num="199" count="0" type="stmt"/>
        <line num="214" count="1" type="cond" truecount="1" falsecount="1"/>
        <line num="215" count="0" type="stmt"/>
        <line num="229" count="1" type="stmt"/>
        <line num="245" count="0" type="stmt"/>
        <line num="246" count="0" type="stmt"/>
        <line num="247" count="0" type="stmt"/>
        <line num="250" count="0" type="cond" truecount="0" falsecount="2"/>
        <line num="253" count="0" type="cond" truecount="0" falsecount="2"/>
        <line num="260" count="0" type="stmt"/>
        <line num="261" count="0" type="stmt"/>
        <line num="263" count="0" type="cond" truecount="0" falsecount="2"/>
        <line num="264" count="0" type="stmt"/>
        <line num="265" count="0" type="cond" truecount="0" falsecount="2"/>
        <line num="266" count="0" type="cond" truecount="0" falsecount="2"/>
        <line num="267" count="0" type="cond" truecount="0" falsecount="2"/>
        <line num="268" count="0" type="stmt"/>
        <line num="269" count="0" type="cond" truecount="0" falsecount="4"/>
        <line num="270" count="0" type="cond" truecount="0" falsecount="2"/>
        <line num="271" count="0" type="cond" truecount="0" falsecount="2"/>
        <line num="272" count="0" type="cond" truecount="0" falsecount="2"/>
        <line num="273" count="0" type="stmt"/>
        <line num="275" count="0" type="cond" truecount="0" falsecount="2"/>
        <line num="282" count="1" type="cond" truecount="0" falsecount="1"/>
        <line num="283" count="0" type="stmt"/>
        <line num="284" count="0" type="cond" truecount="0" falsecount="2"/>
        <line num="286" count="0" type="stmt"/>
        <line num="287" count="0" type="stmt"/>
        <line num="288" count="0" type="stmt"/>
        <line num="289" count="0" type="stmt"/>
        <line num="290" count="0" type="stmt"/>
        <line num="292" count="0" type="stmt"/>
        <line num="295" count="0" type="cond" truecount="0" falsecount="2"/>
        <line num="296" count="0" type="stmt"/>
        <line num="297" count="0" type="cond" truecount="0" falsecount="2"/>
        <line num="298" count="0" type="stmt"/>
        <line num="300" count="0" type="stmt"/>
        <line num="303" count="0" type="stmt"/>
        <line num="305" count="0" type="stmt"/>
        <line num="322" count="1" type="stmt"/>
        <line num="324" count="0" type="cond" truecount="0" falsecount="2"/>
        <line num="327" count="0" type="stmt"/>
        <line num="328" count="0" type="cond" truecount="0" falsecount="6"/>
        <line num="334" count="1" type="stmt"/>
        <line num="335" count="0" type="stmt"/>
        <line num="338" count="0" type="cond" truecount="0" falsecount="4"/>
        <line num="339" count="0" type="stmt"/>
        <line num="343" count="0" type="cond" truecount="0" falsecount="2"/>
        <line num="344" count="0" type="stmt"/>
        <line num="345" count="0" type="cond" truecount="0" falsecount="6"/>
        <line num="346" count="0" type="stmt"/>
        <line num="351" count="0" type="stmt"/>
        <line num="357" count="1" type="stmt"/>
        <line num="358" count="0" type="cond" truecount="0" falsecount="2"/>
        <line num="359" count="0" type="stmt"/>
        <line num="361" count="0" type="stmt"/>
        <line num="362" count="0" type="stmt"/>
        <line num="364" count="0" type="stmt"/>
      </file>
    </package>
  </project>
</coverage>
