{"/home/user/TIBER-Fantasy/server/modules/forge/envMatchupRefresh.ts": {"path":"/home/user/TIBER-Fantasy/server/modules/forge/envMatchupRefresh.ts","statementMap":{"0":{"start":{"line":88,"column":0},"end":{"line":88,"column":22}},"1":{"start":{"line":152,"column":0},"end":{"line":152,"column":22}},"2":{"start":{"line":223,"column":0},"end":{"line":223,"column":22}},"3":{"start":{"line":412,"column":0},"end":{"line":412,"column":22}},"4":{"start":{"line":447,"column":0},"end":{"line":447,"column":22}},"5":{"start":{"line":16,"column":0},"end":{"line":16,"column":36}},"6":{"start":{"line":17,"column":0},"end":{"line":17,"column":43}},"7":{"start":{"line":18,"column":0},"end":{"line":18,"column":null}},"8":{"start":{"line":25,"column":0},"end":{"line":25,"column":null}},"9":{"start":{"line":32,"column":36},"end":{"line":32,"column":54}},"10":{"start":{"line":89,"column":2},"end":{"line":89,"column":94}},"11":{"start":{"line":91,"column":2},"end":{"line":146,"column":3}},"12":{"start":{"line":92,"column":23},"end":{"line":99,"column":null}},"13":{"start":{"line":102,"column":4},"end":{"line":105,"column":5}},"14":{"start":{"line":103,"column":6},"end":{"line":103,"column":90}},"15":{"start":{"line":104,"column":6},"end":{"line":104,"column":15}},"16":{"start":{"line":108,"column":24},"end":{"line":108,"column":62}},"17":{"start":{"line":110,"column":19},"end":{"line":110,"column":20}},"18":{"start":{"line":111,"column":4},"end":{"line":139,"column":5}},"19":{"start":{"line":112,"column":39},"end":{"line":112,"column":82}},"20":{"start":{"line":114,"column":6},"end":{"line":136,"column":11}},"21":{"start":{"line":138,"column":6},"end":{"line":138,"column":17}},"22":{"start":{"line":141,"column":4},"end":{"line":141,"column":87}},"23":{"start":{"line":142,"column":4},"end":{"line":142,"column":20}},"24":{"start":{"line":144,"column":4},"end":{"line":144,"column":78}},"25":{"start":{"line":145,"column":4},"end":{"line":145,"column":14}},"26":{"start":{"line":153,"column":2},"end":{"line":153,"column":93}},"27":{"start":{"line":155,"column":2},"end":{"line":217,"column":3}},"28":{"start":{"line":156,"column":23},"end":{"line":163,"column":null}},"29":{"start":{"line":166,"column":4},"end":{"line":169,"column":5}},"30":{"start":{"line":167,"column":6},"end":{"line":167,"column":90}},"31":{"start":{"line":168,"column":6},"end":{"line":168,"column":15}},"32":{"start":{"line":172,"column":21},"end":{"line":172,"column":60}},"33":{"start":{"line":174,"column":19},"end":{"line":174,"column":20}},"34":{"start":{"line":175,"column":4},"end":{"line":210,"column":5}},"35":{"start":{"line":176,"column":6},"end":{"line":209,"column":7}},"36":{"start":{"line":177,"column":29},"end":{"line":177,"column":75}},"37":{"start":{"line":179,"column":8},"end":{"line":206,"column":13}},"38":{"start":{"line":208,"column":8},"end":{"line":208,"column":19}},"39":{"start":{"line":212,"column":4},"end":{"line":212,"column":86}},"40":{"start":{"line":213,"column":4},"end":{"line":213,"column":20}},"41":{"start":{"line":215,"column":4},"end":{"line":215,"column":77}},"42":{"start":{"line":216,"column":4},"end":{"line":216,"column":14}},"43":{"start":{"line":227,"column":23},"end":{"line":227,"column":66}},"44":{"start":{"line":228,"column":19},"end":{"line":228,"column":61}},"45":{"start":{"line":229,"column":2},"end":{"line":229,"column":36}},"46":{"start":{"line":236,"column":19},"end":{"line":236,"column":82}},"47":{"start":{"line":236,"column":33},"end":{"line":236,"column":42}},"48":{"start":{"line":236,"column":71},"end":{"line":236,"column":81}},"49":{"start":{"line":237,"column":16},"end":{"line":237,"column":76}},"50":{"start":{"line":237,"column":30},"end":{"line":237,"column":36}},"51":{"start":{"line":237,"column":65},"end":{"line":237,"column":75}},"52":{"start":{"line":238,"column":20},"end":{"line":238,"column":95}},"53":{"start":{"line":238,"column":34},"end":{"line":238,"column":55}},"54":{"start":{"line":238,"column":84},"end":{"line":238,"column":94}},"55":{"start":{"line":239,"column":21},"end":{"line":239,"column":91}},"56":{"start":{"line":239,"column":35},"end":{"line":239,"column":51}},"57":{"start":{"line":239,"column":80},"end":{"line":239,"column":90}},"58":{"start":{"line":240,"column":19},"end":{"line":240,"column":82}},"59":{"start":{"line":240,"column":33},"end":{"line":240,"column":42}},"60":{"start":{"line":240,"column":71},"end":{"line":240,"column":81}},"61":{"start":{"line":242,"column":2},"end":{"line":248,"column":4}},"62":{"start":{"line":255,"column":19},"end":{"line":255,"column":89}},"63":{"start":{"line":255,"column":33},"end":{"line":255,"column":49}},"64":{"start":{"line":255,"column":78},"end":{"line":255,"column":88}},"65":{"start":{"line":256,"column":19},"end":{"line":256,"column":89}},"66":{"start":{"line":256,"column":33},"end":{"line":256,"column":49}},"67":{"start":{"line":256,"column":78},"end":{"line":256,"column":88}},"68":{"start":{"line":257,"column":20},"end":{"line":257,"column":97}},"69":{"start":{"line":257,"column":34},"end":{"line":257,"column":57}},"70":{"start":{"line":257,"column":86},"end":{"line":257,"column":96}},"71":{"start":{"line":258,"column":21},"end":{"line":258,"column":99}},"72":{"start":{"line":258,"column":35},"end":{"line":258,"column":59}},"73":{"start":{"line":258,"column":88},"end":{"line":258,"column":98}},"74":{"start":{"line":259,"column":15},"end":{"line":259,"column":81}},"75":{"start":{"line":259,"column":29},"end":{"line":259,"column":41}},"76":{"start":{"line":259,"column":70},"end":{"line":259,"column":80}},"77":{"start":{"line":261,"column":2},"end":{"line":267,"column":4}},"78":{"start":{"line":290,"column":21},"end":{"line":290,"column":69}},"79":{"start":{"line":293,"column":23},"end":{"line":293,"column":101}},"80":{"start":{"line":296,"column":22},"end":{"line":296,"column":84}},"81":{"start":{"line":299,"column":21},"end":{"line":299,"column":23}},"82":{"start":{"line":300,"column":21},"end":{"line":300,"column":23}},"83":{"start":{"line":301,"column":20},"end":{"line":301,"column":22}},"84":{"start":{"line":305,"column":6},"end":{"line":307,"column":24}},"85":{"start":{"line":309,"column":40},"end":{"line":322,"column":4}},"86":{"start":{"line":324,"column":2},"end":{"line":324,"column":34}},"87":{"start":{"line":339,"column":2},"end":{"line":348,"column":3}},"88":{"start":{"line":341,"column":6},"end":{"line":341,"column":44}},"89":{"start":{"line":343,"column":6},"end":{"line":343,"column":44}},"90":{"start":{"line":345,"column":6},"end":{"line":345,"column":44}},"91":{"start":{"line":347,"column":6},"end":{"line":347,"column":16}},"92":{"start":{"line":356,"column":23},"end":{"line":356,"column":85}},"93":{"start":{"line":359,"column":25},"end":{"line":359,"column":97}},"94":{"start":{"line":362,"column":24},"end":{"line":362,"column":78}},"95":{"start":{"line":366,"column":29},"end":{"line":366,"column":111}},"96":{"start":{"line":370,"column":6},"end":{"line":373,"column":31}},"97":{"start":{"line":375,"column":2},"end":{"line":375,"column":50}},"98":{"start":{"line":383,"column":23},"end":{"line":383,"column":85}},"99":{"start":{"line":386,"column":24},"end":{"line":386,"column":106}},"100":{"start":{"line":389,"column":2},"end":{"line":389,"column":52}},"101":{"start":{"line":397,"column":23},"end":{"line":397,"column":85}},"102":{"start":{"line":400,"column":24},"end":{"line":400,"column":106}},"103":{"start":{"line":403,"column":24},"end":{"line":403,"column":78}},"104":{"start":{"line":406,"column":2},"end":{"line":406,"column":75}},"105":{"start":{"line":417,"column":2},"end":{"line":441,"column":3}},"106":{"start":{"line":418,"column":23},"end":{"line":425,"column":null}},"107":{"start":{"line":428,"column":16},"end":{"line":428,"column":53}},"108":{"start":{"line":428,"column":37},"end":{"line":428,"column":52}},"109":{"start":{"line":429,"column":4},"end":{"line":429,"column":26}},"110":{"start":{"line":429,"column":14},"end":{"line":429,"column":26}},"111":{"start":{"line":431,"column":18},"end":{"line":431,"column":56}},"112":{"start":{"line":432,"column":37},"end":{"line":432,"column":74}},"113":{"start":{"line":434,"column":4},"end":{"line":437,"column":6}},"114":{"start":{"line":439,"column":4},"end":{"line":439,"column":50}},"115":{"start":{"line":440,"column":4},"end":{"line":440,"column":16}},"116":{"start":{"line":453,"column":2},"end":{"line":456,"column":3}},"117":{"start":{"line":455,"column":4},"end":{"line":455,"column":16}},"118":{"start":{"line":458,"column":2},"end":{"line":504,"column":3}},"119":{"start":{"line":459,"column":23},"end":{"line":466,"column":null}},"120":{"start":{"line":469,"column":16},"end":{"line":469,"column":56}},"121":{"start":{"line":469,"column":37},"end":{"line":469,"column":55}},"122":{"start":{"line":470,"column":4},"end":{"line":470,"column":26}},"123":{"start":{"line":470,"column":14},"end":{"line":470,"column":26}},"124":{"start":{"line":472,"column":18},"end":{"line":472,"column":57}},"125":{"start":{"line":475,"column":25},"end":{"line":475,"column":87}},"126":{"start":{"line":476,"column":27},"end":{"line":476,"column":99}},"127":{"start":{"line":477,"column":26},"end":{"line":477,"column":80}},"128":{"start":{"line":478,"column":31},"end":{"line":478,"column":113}},"129":{"start":{"line":481,"column":8},"end":{"line":484,"column":33}},"130":{"start":{"line":486,"column":46},"end":{"line":495,"column":6}},"131":{"start":{"line":497,"column":4},"end":{"line":500,"column":6}},"132":{"start":{"line":502,"column":4},"end":{"line":502,"column":54}},"133":{"start":{"line":503,"column":4},"end":{"line":503,"column":16}},"134":{"start":{"line":507,"column":0},"end":{"line":513,"column":2}}},"fnMap":{"0":{"name":"refreshTeamEnvironments","decl":{"start":{"line":88,"column":22},"end":{"line":88,"column":45}},"loc":{"start":{"line":88,"column":74},"end":{"line":147,"column":null}}},"1":{"name":"refreshMatchupContexts","decl":{"start":{"line":152,"column":22},"end":{"line":152,"column":44}},"loc":{"start":{"line":152,"column":73},"end":{"line":218,"column":null}}},"2":{"name":"refreshForgeContext","decl":{"start":{"line":223,"column":22},"end":{"line":223,"column":41}},"loc":{"start":{"line":223,"column":70},"end":{"line":230,"column":null}}},"3":{"name":"calculateLeagueRobustStats","decl":{"start":{"line":235,"column":9},"end":{"line":235,"column":35}},"loc":{"start":{"line":235,"column":47},"end":{"line":249,"column":1}}},"4":{"name":"(anonymous_14)","decl":{"start":{"line":236,"column":28},"end":{"line":236,"column":29}},"loc":{"start":{"line":236,"column":33},"end":{"line":236,"column":42}}},"5":{"name":"(anonymous_15)","decl":{"start":{"line":236,"column":51},"end":{"line":236,"column":52}},"loc":{"start":{"line":236,"column":71},"end":{"line":236,"column":81}}},"6":{"name":"(anonymous_16)","decl":{"start":{"line":237,"column":25},"end":{"line":237,"column":26}},"loc":{"start":{"line":237,"column":30},"end":{"line":237,"column":36}}},"7":{"name":"(anonymous_17)","decl":{"start":{"line":237,"column":45},"end":{"line":237,"column":46}},"loc":{"start":{"line":237,"column":65},"end":{"line":237,"column":75}}},"8":{"name":"(anonymous_18)","decl":{"start":{"line":238,"column":29},"end":{"line":238,"column":30}},"loc":{"start":{"line":238,"column":34},"end":{"line":238,"column":55}}},"9":{"name":"(anonymous_19)","decl":{"start":{"line":238,"column":64},"end":{"line":238,"column":65}},"loc":{"start":{"line":238,"column":84},"end":{"line":238,"column":94}}},"10":{"name":"(anonymous_20)","decl":{"start":{"line":239,"column":30},"end":{"line":239,"column":31}},"loc":{"start":{"line":239,"column":35},"end":{"line":239,"column":51}}},"11":{"name":"(anonymous_21)","decl":{"start":{"line":239,"column":60},"end":{"line":239,"column":61}},"loc":{"start":{"line":239,"column":80},"end":{"line":239,"column":90}}},"12":{"name":"(anonymous_22)","decl":{"start":{"line":240,"column":28},"end":{"line":240,"column":29}},"loc":{"start":{"line":240,"column":33},"end":{"line":240,"column":42}}},"13":{"name":"(anonymous_23)","decl":{"start":{"line":240,"column":51},"end":{"line":240,"column":52}},"loc":{"start":{"line":240,"column":71},"end":{"line":240,"column":81}}},"14":{"name":"calculateDefenseRobustStats","decl":{"start":{"line":254,"column":9},"end":{"line":254,"column":36}},"loc":{"start":{"line":254,"column":48},"end":{"line":268,"column":1}}},"15":{"name":"(anonymous_25)","decl":{"start":{"line":255,"column":28},"end":{"line":255,"column":29}},"loc":{"start":{"line":255,"column":33},"end":{"line":255,"column":49}}},"16":{"name":"(anonymous_26)","decl":{"start":{"line":255,"column":58},"end":{"line":255,"column":59}},"loc":{"start":{"line":255,"column":78},"end":{"line":255,"column":88}}},"17":{"name":"(anonymous_27)","decl":{"start":{"line":256,"column":28},"end":{"line":256,"column":29}},"loc":{"start":{"line":256,"column":33},"end":{"line":256,"column":49}}},"18":{"name":"(anonymous_28)","decl":{"start":{"line":256,"column":58},"end":{"line":256,"column":59}},"loc":{"start":{"line":256,"column":78},"end":{"line":256,"column":88}}},"19":{"name":"(anonymous_29)","decl":{"start":{"line":257,"column":29},"end":{"line":257,"column":30}},"loc":{"start":{"line":257,"column":34},"end":{"line":257,"column":57}}},"20":{"name":"(anonymous_30)","decl":{"start":{"line":257,"column":66},"end":{"line":257,"column":67}},"loc":{"start":{"line":257,"column":86},"end":{"line":257,"column":96}}},"21":{"name":"(anonymous_31)","decl":{"start":{"line":258,"column":30},"end":{"line":258,"column":31}},"loc":{"start":{"line":258,"column":35},"end":{"line":258,"column":59}}},"22":{"name":"(anonymous_32)","decl":{"start":{"line":258,"column":68},"end":{"line":258,"column":69}},"loc":{"start":{"line":258,"column":88},"end":{"line":258,"column":98}}},"23":{"name":"(anonymous_33)","decl":{"start":{"line":259,"column":24},"end":{"line":259,"column":25}},"loc":{"start":{"line":259,"column":29},"end":{"line":259,"column":41}}},"24":{"name":"(anonymous_34)","decl":{"start":{"line":259,"column":50},"end":{"line":259,"column":51}},"loc":{"start":{"line":259,"column":70},"end":{"line":259,"column":80}}},"25":{"name":"computeEnvironmentScoreV2","decl":{"start":{"line":285,"column":9},"end":{"line":285,"column":34}},"loc":{"start":{"line":287,"column":26},"end":{"line":325,"column":1}}},"26":{"name":"computeMatchupScoreV2","decl":{"start":{"line":338,"column":9},"end":{"line":338,"column":30}},"loc":{"start":{"line":338,"column":92},"end":{"line":349,"column":1}}},"27":{"name":"computeWRMatchupV2","decl":{"start":{"line":354,"column":9},"end":{"line":354,"column":27}},"loc":{"start":{"line":354,"column":63},"end":{"line":376,"column":1}}},"28":{"name":"computeRBMatchupV2","decl":{"start":{"line":381,"column":9},"end":{"line":381,"column":27}},"loc":{"start":{"line":381,"column":63},"end":{"line":390,"column":1}}},"29":{"name":"computeTEMatchupV2","decl":{"start":{"line":395,"column":9},"end":{"line":395,"column":27}},"loc":{"start":{"line":395,"column":63},"end":{"line":407,"column":1}}},"30":{"name":"getEnvDebug","decl":{"start":{"line":412,"column":22},"end":{"line":412,"column":33}},"loc":{"start":{"line":415,"column":14},"end":{"line":442,"column":null}}},"31":{"name":"(anonymous_42)","decl":{"start":{"line":428,"column":32},"end":{"line":428,"column":33}},"loc":{"start":{"line":428,"column":37},"end":{"line":428,"column":52}}},"32":{"name":"getMatchupDebug","decl":{"start":{"line":447,"column":22},"end":{"line":447,"column":37}},"loc":{"start":{"line":451,"column":26},"end":{"line":505,"column":null}}},"33":{"name":"(anonymous_45)","decl":{"start":{"line":469,"column":32},"end":{"line":469,"column":33}},"loc":{"start":{"line":469,"column":37},"end":{"line":469,"column":55}}}},"branchMap":{"0":{"loc":{"start":{"line":102,"column":4},"end":{"line":105,"column":5}},"type":"if","locations":[{"start":{"line":102,"column":4},"end":{"line":105,"column":5}},{"start":{},"end":{}}]},"1":{"loc":{"start":{"line":166,"column":4},"end":{"line":169,"column":5}},"type":"if","locations":[{"start":{"line":166,"column":4},"end":{"line":169,"column":5}},{"start":{},"end":{}}]},"2":{"loc":{"start":{"line":243,"column":13},"end":{"line":243,"column":95}},"type":"cond-expr","locations":[{"start":{"line":243,"column":36},"end":{"line":243,"column":66}},{"start":{"line":243,"column":69},"end":{"line":243,"column":95}}]},"3":{"loc":{"start":{"line":244,"column":10},"end":{"line":244,"column":82}},"type":"cond-expr","locations":[{"start":{"line":244,"column":30},"end":{"line":244,"column":57}},{"start":{"line":244,"column":60},"end":{"line":244,"column":82}}]},"4":{"loc":{"start":{"line":245,"column":25},"end":{"line":245,"column":122}},"type":"cond-expr","locations":[{"start":{"line":245,"column":49},"end":{"line":245,"column":80}},{"start":{"line":245,"column":83},"end":{"line":245,"column":122}}]},"5":{"loc":{"start":{"line":246,"column":20},"end":{"line":246,"column":114}},"type":"cond-expr","locations":[{"start":{"line":246,"column":45},"end":{"line":246,"column":77}},{"start":{"line":246,"column":80},"end":{"line":246,"column":114}}]},"6":{"loc":{"start":{"line":247,"column":13},"end":{"line":247,"column":113}},"type":"cond-expr","locations":[{"start":{"line":247,"column":36},"end":{"line":247,"column":66}},{"start":{"line":247,"column":69},"end":{"line":247,"column":113}}]},"7":{"loc":{"start":{"line":262,"column":20},"end":{"line":262,"column":110}},"type":"cond-expr","locations":[{"start":{"line":262,"column":43},"end":{"line":262,"column":73}},{"start":{"line":262,"column":76},"end":{"line":262,"column":110}}]},"8":{"loc":{"start":{"line":263,"column":20},"end":{"line":263,"column":110}},"type":"cond-expr","locations":[{"start":{"line":263,"column":43},"end":{"line":263,"column":73}},{"start":{"line":263,"column":76},"end":{"line":263,"column":110}}]},"9":{"loc":{"start":{"line":264,"column":27},"end":{"line":264,"column":126}},"type":"cond-expr","locations":[{"start":{"line":264,"column":51},"end":{"line":264,"column":82}},{"start":{"line":264,"column":85},"end":{"line":264,"column":126}}]},"10":{"loc":{"start":{"line":265,"column":22},"end":{"line":265,"column":114}},"type":"cond-expr","locations":[{"start":{"line":265,"column":47},"end":{"line":265,"column":79}},{"start":{"line":265,"column":82},"end":{"line":265,"column":114}}]},"11":{"loc":{"start":{"line":266,"column":16},"end":{"line":266,"column":93}},"type":"cond-expr","locations":[{"start":{"line":266,"column":35},"end":{"line":266,"column":61}},{"start":{"line":266,"column":64},"end":{"line":266,"column":93}}]},"12":{"loc":{"start":{"line":339,"column":2},"end":{"line":348,"column":3}},"type":"switch","locations":[{"start":{"line":340,"column":4},"end":{"line":341,"column":44}},{"start":{"line":342,"column":4},"end":{"line":343,"column":44}},{"start":{"line":344,"column":4},"end":{"line":345,"column":44}},{"start":{"line":346,"column":4},"end":{"line":347,"column":16}}]},"13":{"loc":{"start":{"line":429,"column":4},"end":{"line":429,"column":26}},"type":"if","locations":[{"start":{"line":429,"column":4},"end":{"line":429,"column":26}},{"start":{},"end":{}}]},"14":{"loc":{"start":{"line":453,"column":2},"end":{"line":456,"column":3}},"type":"if","locations":[{"start":{"line":453,"column":2},"end":{"line":456,"column":3}},{"start":{},"end":{}}]},"15":{"loc":{"start":{"line":470,"column":4},"end":{"line":470,"column":26}},"type":"if","locations":[{"start":{"line":470,"column":4},"end":{"line":470,"column":26}},{"start":{},"end":{}}]}},"s":{"0":1,"1":1,"2":1,"3":1,"4":1,"5":1,"6":1,"7":1,"8":1,"9":1,"10":0,"11":0,"12":0,"13":0,"14":0,"15":0,"16":0,"17":0,"18":0,"19":0,"20":0,"21":0,"22":0,"23":0,"24":0,"25":0,"26":0,"27":0,"28":0,"29":0,"30":0,"31":0,"32":0,"33":0,"34":0,"35":0,"36":0,"37":0,"38":0,"39":0,"40":0,"41":0,"42":0,"43":0,"44":0,"45":0,"46":0,"47":0,"48":0,"49":0,"50":0,"51":0,"52":0,"53":0,"54":0,"55":0,"56":0,"57":0,"58":0,"59":0,"60":0,"61":0,"62":0,"63":0,"64":0,"65":0,"66":0,"67":0,"68":0,"69":0,"70":0,"71":0,"72":0,"73":0,"74":0,"75":0,"76":0,"77":0,"78":0,"79":0,"80":0,"81":0,"82":0,"83":0,"84":0,"85":0,"86":0,"87":0,"88":0,"89":0,"90":0,"91":0,"92":0,"93":0,"94":0,"95":0,"96":0,"97":0,"98":0,"99":0,"100":0,"101":0,"102":0,"103":0,"104":0,"105":0,"106":0,"107":0,"108":0,"109":0,"110":0,"111":0,"112":0,"113":0,"114":0,"115":0,"116":0,"117":0,"118":0,"119":0,"120":0,"121":0,"122":0,"123":0,"124":0,"125":0,"126":0,"127":0,"128":0,"129":0,"130":0,"131":0,"132":0,"133":0,"134":1},"f":{"0":0,"1":0,"2":0,"3":0,"4":0,"5":0,"6":0,"7":0,"8":0,"9":0,"10":0,"11":0,"12":0,"13":0,"14":0,"15":0,"16":0,"17":0,"18":0,"19":0,"20":0,"21":0,"22":0,"23":0,"24":0,"25":0,"26":0,"27":0,"28":0,"29":0,"30":0,"31":0,"32":0,"33":0},"b":{"0":[0,0],"1":[0,0],"2":[0,0],"3":[0,0],"4":[0,0],"5":[0,0],"6":[0,0],"7":[0,0],"8":[0,0],"9":[0,0],"10":[0,0],"11":[0,0],"12":[0,0,0,0],"13":[0,0],"14":[0,0],"15":[0,0]}}
,"/home/user/TIBER-Fantasy/server/modules/forge/environmentService.ts": {"path":"/home/user/TIBER-Fantasy/server/modules/forge/environmentService.ts","statementMap":{"0":{"start":{"line":30,"column":0},"end":{"line":30,"column":22}},"1":{"start":{"line":110,"column":0},"end":{"line":110,"column":22}},"2":{"start":{"line":19,"column":0},"end":{"line":19,"column":36}},"3":{"start":{"line":20,"column":0},"end":{"line":20,"column":38}},"4":{"start":{"line":21,"column":0},"end":{"line":21,"column":98}},"5":{"start":{"line":24,"column":29},"end":{"line":24,"column":31}},"6":{"start":{"line":35,"column":2},"end":{"line":103,"column":3}},"7":{"start":{"line":37,"column":19},"end":{"line":47,"column":15}},"8":{"start":{"line":49,"column":4},"end":{"line":67,"column":5}},"9":{"start":{"line":50,"column":18},"end":{"line":50,"column":27}},"10":{"start":{"line":51,"column":6},"end":{"line":66,"column":8}},"11":{"start":{"line":70,"column":19},"end":{"line":80,"column":15}},"12":{"start":{"line":82,"column":4},"end":{"line":97,"column":5}},"13":{"start":{"line":83,"column":18},"end":{"line":83,"column":27}},"14":{"start":{"line":85,"column":23},"end":{"line":85,"column":54}},"15":{"start":{"line":86,"column":6},"end":{"line":96,"column":8}},"16":{"start":{"line":99,"column":4},"end":{"line":99,"column":16}},"17":{"start":{"line":101,"column":4},"end":{"line":101,"column":78}},"18":{"start":{"line":102,"column":4},"end":{"line":102,"column":16}},"19":{"start":{"line":114,"column":2},"end":{"line":141,"column":3}},"20":{"start":{"line":115,"column":17},"end":{"line":122,"column":null}},"21":{"start":{"line":125,"column":4},"end":{"line":137,"column":8}},"22":{"start":{"line":125,"column":27},"end":{"line":137,"column":7}},"23":{"start":{"line":139,"column":4},"end":{"line":139,"column":71}},"24":{"start":{"line":140,"column":4},"end":{"line":140,"column":14}},"25":{"start":{"line":156,"column":14},"end":{"line":156,"column":16}},"26":{"start":{"line":157,"column":16},"end":{"line":157,"column":17}},"27":{"start":{"line":159,"column":2},"end":{"line":164,"column":3}},"28":{"start":{"line":161,"column":20},"end":{"line":161,"column":55}},"29":{"start":{"line":162,"column":4},"end":{"line":162,"column":34}},"30":{"start":{"line":163,"column":4},"end":{"line":163,"column":14}},"31":{"start":{"line":166,"column":2},"end":{"line":171,"column":3}},"32":{"start":{"line":168,"column":21},"end":{"line":168,"column":47}},"33":{"start":{"line":169,"column":4},"end":{"line":169,"column":35}},"34":{"start":{"line":170,"column":4},"end":{"line":170,"column":14}},"35":{"start":{"line":173,"column":2},"end":{"line":178,"column":3}},"36":{"start":{"line":175,"column":22},"end":{"line":175,"column":72}},"37":{"start":{"line":176,"column":4},"end":{"line":176,"column":36}},"38":{"start":{"line":177,"column":4},"end":{"line":177,"column":14}},"39":{"start":{"line":181,"column":2},"end":{"line":181,"column":55}},"40":{"start":{"line":188,"column":2},"end":{"line":188,"column":30}},"41":{"start":{"line":188,"column":19},"end":{"line":188,"column":30}},"42":{"start":{"line":189,"column":2},"end":{"line":189,"column":63}},"43":{"start":{"line":192,"column":0},"end":{"line":195,"column":2}}},"fnMap":{"0":{"name":"getTeamEnvironment","decl":{"start":{"line":30,"column":22},"end":{"line":30,"column":40}},"loc":{"start":{"line":33,"column":14},"end":{"line":104,"column":null}}},"1":{"name":"getAllTeamEnvironments","decl":{"start":{"line":110,"column":22},"end":{"line":110,"column":44}},"loc":{"start":{"line":112,"column":14},"end":{"line":142,"column":null}}},"2":{"name":"(anonymous_11)","decl":{"start":{"line":125,"column":20},"end":{"line":125,"column":23}},"loc":{"start":{"line":125,"column":26},"end":{"line":137,"column":7}}},"3":{"name":"computeEnvScoreFromContext","decl":{"start":{"line":148,"column":9},"end":{"line":148,"column":35}},"loc":{"start":{"line":152,"column":1},"end":{"line":182,"column":1}}},"4":{"name":"normalize","decl":{"start":{"line":187,"column":9},"end":{"line":187,"column":18}},"loc":{"start":{"line":187,"column":58},"end":{"line":190,"column":1}}}},"branchMap":{"0":{"loc":{"start":{"line":49,"column":4},"end":{"line":67,"column":5}},"type":"if","locations":[{"start":{"line":49,"column":4},"end":{"line":67,"column":5}},{"start":{},"end":{}}]},"1":{"loc":{"start":{"line":55,"column":21},"end":{"line":55,"column":60}},"type":"cond-expr","locations":[{"start":{"line":55,"column":36},"end":{"line":55,"column":40}},{"start":{"line":55,"column":40},"end":{"line":55,"column":60}}]},"2":{"loc":{"start":{"line":55,"column":21},"end":{"line":55,"column":40}},"type":"binary-expr","locations":[{"start":{"line":55,"column":21},"end":{"line":55,"column":40}},{"start":{"line":55,"column":36},"end":{"line":55,"column":40}}]},"3":{"loc":{"start":{"line":57,"column":18},"end":{"line":57,"column":41}},"type":"cond-expr","locations":[{"start":{"line":57,"column":28},"end":{"line":57,"column":32}},{"start":{"line":57,"column":32},"end":{"line":57,"column":41}}]},"4":{"loc":{"start":{"line":57,"column":18},"end":{"line":57,"column":32}},"type":"binary-expr","locations":[{"start":{"line":57,"column":18},"end":{"line":57,"column":32}},{"start":{"line":57,"column":28},"end":{"line":57,"column":32}}]},"5":{"loc":{"start":{"line":58,"column":28},"end":{"line":58,"column":61}},"type":"cond-expr","locations":[{"start":{"line":58,"column":48},"end":{"line":58,"column":52}},{"start":{"line":58,"column":52},"end":{"line":58,"column":61}}]},"6":{"loc":{"start":{"line":58,"column":28},"end":{"line":58,"column":52}},"type":"binary-expr","locations":[{"start":{"line":58,"column":28},"end":{"line":58,"column":52}},{"start":{"line":58,"column":48},"end":{"line":58,"column":52}}]},"7":{"loc":{"start":{"line":59,"column":27},"end":{"line":59,"column":59}},"type":"cond-expr","locations":[{"start":{"line":59,"column":46},"end":{"line":59,"column":50}},{"start":{"line":59,"column":50},"end":{"line":59,"column":59}}]},"8":{"loc":{"start":{"line":59,"column":27},"end":{"line":59,"column":50}},"type":"binary-expr","locations":[{"start":{"line":59,"column":27},"end":{"line":59,"column":50}},{"start":{"line":59,"column":46},"end":{"line":59,"column":50}}]},"9":{"loc":{"start":{"line":60,"column":16},"end":{"line":60,"column":37}},"type":"cond-expr","locations":[{"start":{"line":60,"column":24},"end":{"line":60,"column":28}},{"start":{"line":60,"column":28},"end":{"line":60,"column":37}}]},"10":{"loc":{"start":{"line":60,"column":16},"end":{"line":60,"column":28}},"type":"binary-expr","locations":[{"start":{"line":60,"column":16},"end":{"line":60,"column":28}},{"start":{"line":60,"column":24},"end":{"line":60,"column":28}}]},"11":{"loc":{"start":{"line":61,"column":31},"end":{"line":61,"column":67}},"type":"cond-expr","locations":[{"start":{"line":61,"column":54},"end":{"line":61,"column":58}},{"start":{"line":61,"column":58},"end":{"line":61,"column":67}}]},"12":{"loc":{"start":{"line":61,"column":31},"end":{"line":61,"column":58}},"type":"binary-expr","locations":[{"start":{"line":61,"column":31},"end":{"line":61,"column":58}},{"start":{"line":61,"column":54},"end":{"line":61,"column":58}}]},"13":{"loc":{"start":{"line":62,"column":27},"end":{"line":62,"column":59}},"type":"cond-expr","locations":[{"start":{"line":62,"column":46},"end":{"line":62,"column":50}},{"start":{"line":62,"column":50},"end":{"line":62,"column":59}}]},"14":{"loc":{"start":{"line":62,"column":27},"end":{"line":62,"column":50}},"type":"binary-expr","locations":[{"start":{"line":62,"column":27},"end":{"line":62,"column":50}},{"start":{"line":62,"column":46},"end":{"line":62,"column":50}}]},"15":{"loc":{"start":{"line":63,"column":15},"end":{"line":63,"column":35}},"type":"cond-expr","locations":[{"start":{"line":63,"column":22},"end":{"line":63,"column":26}},{"start":{"line":63,"column":26},"end":{"line":63,"column":35}}]},"16":{"loc":{"start":{"line":63,"column":15},"end":{"line":63,"column":26}},"type":"binary-expr","locations":[{"start":{"line":63,"column":15},"end":{"line":63,"column":26}},{"start":{"line":63,"column":22},"end":{"line":63,"column":26}}]},"17":{"loc":{"start":{"line":64,"column":32},"end":{"line":64,"column":69}},"type":"cond-expr","locations":[{"start":{"line":64,"column":56},"end":{"line":64,"column":60}},{"start":{"line":64,"column":60},"end":{"line":64,"column":69}}]},"18":{"loc":{"start":{"line":64,"column":32},"end":{"line":64,"column":60}},"type":"binary-expr","locations":[{"start":{"line":64,"column":32},"end":{"line":64,"column":60}},{"start":{"line":64,"column":56},"end":{"line":64,"column":60}}]},"19":{"loc":{"start":{"line":82,"column":4},"end":{"line":97,"column":5}},"type":"if","locations":[{"start":{"line":82,"column":4},"end":{"line":97,"column":5}},{"start":{},"end":{}}]},"20":{"loc":{"start":{"line":92,"column":18},"end":{"line":92,"column":39}},"type":"cond-expr","locations":[{"start":{"line":92,"column":26},"end":{"line":92,"column":30}},{"start":{"line":92,"column":30},"end":{"line":92,"column":39}}]},"21":{"loc":{"start":{"line":92,"column":18},"end":{"line":92,"column":30}},"type":"binary-expr","locations":[{"start":{"line":92,"column":18},"end":{"line":92,"column":30}},{"start":{"line":92,"column":26},"end":{"line":92,"column":30}}]},"22":{"loc":{"start":{"line":93,"column":28},"end":{"line":93,"column":52}},"type":"cond-expr","locations":[{"start":{"line":93,"column":39},"end":{"line":93,"column":43}},{"start":{"line":93,"column":43},"end":{"line":93,"column":52}}]},"23":{"loc":{"start":{"line":93,"column":28},"end":{"line":93,"column":43}},"type":"binary-expr","locations":[{"start":{"line":93,"column":28},"end":{"line":93,"column":43}},{"start":{"line":93,"column":39},"end":{"line":93,"column":43}}]},"24":{"loc":{"start":{"line":94,"column":31},"end":{"line":94,"column":67}},"type":"cond-expr","locations":[{"start":{"line":94,"column":54},"end":{"line":94,"column":58}},{"start":{"line":94,"column":58},"end":{"line":94,"column":67}}]},"25":{"loc":{"start":{"line":94,"column":31},"end":{"line":94,"column":58}},"type":"binary-expr","locations":[{"start":{"line":94,"column":31},"end":{"line":94,"column":58}},{"start":{"line":94,"column":54},"end":{"line":94,"column":58}}]},"26":{"loc":{"start":{"line":129,"column":19},"end":{"line":129,"column":58}},"type":"cond-expr","locations":[{"start":{"line":129,"column":34},"end":{"line":129,"column":38}},{"start":{"line":129,"column":38},"end":{"line":129,"column":58}}]},"27":{"loc":{"start":{"line":129,"column":19},"end":{"line":129,"column":38}},"type":"binary-expr","locations":[{"start":{"line":129,"column":19},"end":{"line":129,"column":38}},{"start":{"line":129,"column":34},"end":{"line":129,"column":38}}]},"28":{"loc":{"start":{"line":131,"column":16},"end":{"line":131,"column":39}},"type":"cond-expr","locations":[{"start":{"line":131,"column":26},"end":{"line":131,"column":30}},{"start":{"line":131,"column":30},"end":{"line":131,"column":39}}]},"29":{"loc":{"start":{"line":131,"column":16},"end":{"line":131,"column":30}},"type":"binary-expr","locations":[{"start":{"line":131,"column":16},"end":{"line":131,"column":30}},{"start":{"line":131,"column":26},"end":{"line":131,"column":30}}]},"30":{"loc":{"start":{"line":132,"column":26},"end":{"line":132,"column":59}},"type":"cond-expr","locations":[{"start":{"line":132,"column":46},"end":{"line":132,"column":50}},{"start":{"line":132,"column":50},"end":{"line":132,"column":59}}]},"31":{"loc":{"start":{"line":132,"column":26},"end":{"line":132,"column":50}},"type":"binary-expr","locations":[{"start":{"line":132,"column":26},"end":{"line":132,"column":50}},{"start":{"line":132,"column":46},"end":{"line":132,"column":50}}]},"32":{"loc":{"start":{"line":133,"column":25},"end":{"line":133,"column":57}},"type":"cond-expr","locations":[{"start":{"line":133,"column":44},"end":{"line":133,"column":48}},{"start":{"line":133,"column":48},"end":{"line":133,"column":57}}]},"33":{"loc":{"start":{"line":133,"column":25},"end":{"line":133,"column":48}},"type":"binary-expr","locations":[{"start":{"line":133,"column":25},"end":{"line":133,"column":48}},{"start":{"line":133,"column":44},"end":{"line":133,"column":48}}]},"34":{"loc":{"start":{"line":134,"column":14},"end":{"line":134,"column":35}},"type":"cond-expr","locations":[{"start":{"line":134,"column":22},"end":{"line":134,"column":26}},{"start":{"line":134,"column":26},"end":{"line":134,"column":35}}]},"35":{"loc":{"start":{"line":134,"column":14},"end":{"line":134,"column":26}},"type":"binary-expr","locations":[{"start":{"line":134,"column":14},"end":{"line":134,"column":26}},{"start":{"line":134,"column":22},"end":{"line":134,"column":26}}]},"36":{"loc":{"start":{"line":135,"column":29},"end":{"line":135,"column":65}},"type":"cond-expr","locations":[{"start":{"line":135,"column":52},"end":{"line":135,"column":56}},{"start":{"line":135,"column":56},"end":{"line":135,"column":65}}]},"37":{"loc":{"start":{"line":135,"column":29},"end":{"line":135,"column":56}},"type":"binary-expr","locations":[{"start":{"line":135,"column":29},"end":{"line":135,"column":56}},{"start":{"line":135,"column":52},"end":{"line":135,"column":56}}]},"38":{"loc":{"start":{"line":159,"column":2},"end":{"line":164,"column":3}},"type":"if","locations":[{"start":{"line":159,"column":2},"end":{"line":164,"column":3}},{"start":{},"end":{}}]},"39":{"loc":{"start":{"line":166,"column":2},"end":{"line":171,"column":3}},"type":"if","locations":[{"start":{"line":166,"column":2},"end":{"line":171,"column":3}},{"start":{},"end":{}}]},"40":{"loc":{"start":{"line":173,"column":2},"end":{"line":178,"column":3}},"type":"if","locations":[{"start":{"line":173,"column":2},"end":{"line":178,"column":3}},{"start":{},"end":{}}]},"41":{"loc":{"start":{"line":188,"column":2},"end":{"line":188,"column":30}},"type":"if","locations":[{"start":{"line":188,"column":2},"end":{"line":188,"column":30}},{"start":{},"end":{}}]}},"s":{"0":1,"1":1,"2":1,"3":1,"4":1,"5":1,"6":0,"7":0,"8":0,"9":0,"10":0,"11":0,"12":0,"13":0,"14":0,"15":0,"16":0,"17":0,"18":0,"19":0,"20":0,"21":0,"22":0,"23":0,"24":0,"25":0,"26":0,"27":0,"28":0,"29":0,"30":0,"31":0,"32":0,"33":0,"34":0,"35":0,"36":0,"37":0,"38":0,"39":0,"40":0,"41":0,"42":0,"43":1},"f":{"0":0,"1":0,"2":0,"3":0,"4":0},"b":{"0":[0,0],"1":[0,0],"2":[0,0],"3":[0,0],"4":[0,0],"5":[0,0],"6":[0,0],"7":[0,0],"8":[0,0],"9":[0,0],"10":[0,0],"11":[0,0],"12":[0,0],"13":[0,0],"14":[0,0],"15":[0,0],"16":[0,0],"17":[0,0],"18":[0,0],"19":[0,0],"20":[0,0],"21":[0,0],"22":[0,0],"23":[0,0],"24":[0,0],"25":[0,0],"26":[0,0],"27":[0,0],"28":[0,0],"29":[0,0],"30":[0,0],"31":[0,0],"32":[0,0],"33":[0,0],"34":[0,0],"35":[0,0],"36":[0,0],"37":[0,0],"38":[0,0],"39":[0,0],"40":[0,0],"41":[0,0]}}
,"/home/user/TIBER-Fantasy/server/modules/forge/forgeEngine.ts": {"path":"/home/user/TIBER-Fantasy/server/modules/forge/forgeEngine.ts","statementMap":{"0":{"start":{"line":27,"column":0},"end":{"line":27,"column":16}},"1":{"start":{"line":31,"column":0},"end":{"line":31,"column":16}},"2":{"start":{"line":35,"column":0},"end":{"line":35,"column":16}},"3":{"start":{"line":254,"column":0},"end":{"line":254,"column":16}},"4":{"start":{"line":270,"column":0},"end":{"line":270,"column":16}},"5":{"start":{"line":479,"column":0},"end":{"line":479,"column":16}},"6":{"start":{"line":521,"column":0},"end":{"line":521,"column":16}},"7":{"start":{"line":647,"column":0},"end":{"line":647,"column":16}},"8":{"start":{"line":929,"column":0},"end":{"line":929,"column":22}},"9":{"start":{"line":1049,"column":0},"end":{"line":1049,"column":16}},"10":{"start":{"line":1071,"column":0},"end":{"line":1071,"column":22}},"11":{"start":{"line":1154,"column":0},"end":{"line":1154,"column":22}},"12":{"start":{"line":10,"column":0},"end":{"line":10,"column":36}},"13":{"start":{"line":11,"column":0},"end":{"line":11,"column":34}},"14":{"start":{"line":12,"column":0},"end":{"line":12,"column":59}},"15":{"start":{"line":13,"column":0},"end":{"line":13,"column":91}},"16":{"start":{"line":14,"column":0},"end":{"line":14,"column":93}},"17":{"start":{"line":15,"column":0},"end":{"line":15,"column":63}},"18":{"start":{"line":17,"column":0},"end":{"line":17,"column":57}},"19":{"start":{"line":23,"column":13},"end":{"line":23,"column":96}},"20":{"start":{"line":24,"column":13},"end":{"line":24,"column":103}},"21":{"start":{"line":25,"column":13},"end":{"line":25,"column":119}},"22":{"start":{"line":28,"column":2},"end":{"line":28,"column":70}},"23":{"start":{"line":32,"column":2},"end":{"line":32,"column":70}},"24":{"start":{"line":36,"column":2},"end":{"line":38,"column":3}},"25":{"start":{"line":37,"column":4},"end":{"line":37,"column":107}},"26":{"start":{"line":126,"column":41},"end":{"line":155,"column":2}},"27":{"start":{"line":157,"column":41},"end":{"line":186,"column":2}},"28":{"start":{"line":188,"column":41},"end":{"line":217,"column":2}},"29":{"start":{"line":219,"column":41},"end":{"line":252,"column":2}},"30":{"start":{"line":255,"column":2},"end":{"line":257,"column":3}},"31":{"start":{"line":256,"column":4},"end":{"line":256,"column":86}},"32":{"start":{"line":258,"column":2},"end":{"line":267,"column":3}},"33":{"start":{"line":260,"column":6},"end":{"line":260,"column":24}},"34":{"start":{"line":262,"column":6},"end":{"line":262,"column":24}},"35":{"start":{"line":264,"column":6},"end":{"line":264,"column":24}},"36":{"start":{"line":266,"column":6},"end":{"line":266,"column":24}},"37":{"start":{"line":274,"column":14},"end":{"line":274,"column":15}},"38":{"start":{"line":275,"column":18},"end":{"line":275,"column":19}},"39":{"start":{"line":277,"column":2},"end":{"line":292,"column":3}},"40":{"start":{"line":278,"column":16},"end":{"line":278,"column":55}},"41":{"start":{"line":279,"column":4},"end":{"line":279,"column":32}},"42":{"start":{"line":279,"column":23},"end":{"line":279,"column":32}},"43":{"start":{"line":281,"column":4},"end":{"line":283,"column":5}},"44":{"start":{"line":282,"column":6},"end":{"line":282,"column":26}},"45":{"start":{"line":285,"column":4},"end":{"line":288,"column":5}},"46":{"start":{"line":286,"column":6},"end":{"line":286,"column":80}},"47":{"start":{"line":286,"column":40},"end":{"line":286,"column":80}},"48":{"start":{"line":287,"column":6},"end":{"line":287,"column":80}},"49":{"start":{"line":287,"column":40},"end":{"line":287,"column":80}},"50":{"start":{"line":290,"column":4},"end":{"line":290,"column":35}},"51":{"start":{"line":291,"column":4},"end":{"line":291,"column":31}},"52":{"start":{"line":294,"column":2},"end":{"line":296,"column":3}},"53":{"start":{"line":295,"column":4},"end":{"line":295,"column":14}},"54":{"start":{"line":298,"column":2},"end":{"line":298,"column":55}},"55":{"start":{"line":302,"column":2},"end":{"line":302,"column":57}},"56":{"start":{"line":302,"column":45},"end":{"line":302,"column":57}},"57":{"start":{"line":304,"column":76},"end":{"line":328,"column":4}},"58":{"start":{"line":330,"column":16},"end":{"line":330,"column":46}},"59":{"start":{"line":331,"column":2},"end":{"line":333,"column":3}},"60":{"start":{"line":332,"column":4},"end":{"line":332,"column":45}},"61":{"start":{"line":335,"column":21},"end":{"line":335,"column":74}},"62":{"start":{"line":336,"column":2},"end":{"line":336,"column":48}},"63":{"start":{"line":345,"column":19},"end":{"line":345,"column":35}},"64":{"start":{"line":346,"column":22},"end":{"line":346,"column":41}},"65":{"start":{"line":348,"column":2},"end":{"line":476,"column":3}},"66":{"start":{"line":352,"column":26},"end":{"line":352,"column":88}},"67":{"start":{"line":353,"column":23},"end":{"line":353,"column":25}},"68":{"start":{"line":354,"column":25},"end":{"line":354,"column":70}},"69":{"start":{"line":355,"column":6},"end":{"line":355,"column":24}},"70":{"start":{"line":361,"column":25},"end":{"line":361,"column":62}},"71":{"start":{"line":362,"column":6},"end":{"line":367,"column":7}},"72":{"start":{"line":364,"column":30},"end":{"line":364,"column":67}},"73":{"start":{"line":365,"column":8},"end":{"line":365,"column":45}},"74":{"start":{"line":365,"column":35},"end":{"line":365,"column":45}},"75":{"start":{"line":366,"column":8},"end":{"line":366,"column":57}},"76":{"start":{"line":369,"column":6},"end":{"line":369,"column":45}},"77":{"start":{"line":375,"column":29},"end":{"line":375,"column":66}},"78":{"start":{"line":376,"column":6},"end":{"line":378,"column":7}},"79":{"start":{"line":377,"column":8},"end":{"line":377,"column":58}},"80":{"start":{"line":380,"column":31},"end":{"line":380,"column":70}},"81":{"start":{"line":381,"column":6},"end":{"line":383,"column":7}},"82":{"start":{"line":382,"column":8},"end":{"line":382,"column":66}},"83":{"start":{"line":384,"column":6},"end":{"line":384,"column":16}},"84":{"start":{"line":390,"column":29},"end":{"line":390,"column":67}},"85":{"start":{"line":391,"column":6},"end":{"line":397,"column":7}},"86":{"start":{"line":395,"column":27},"end":{"line":395,"column":80}},"87":{"start":{"line":396,"column":8},"end":{"line":396,"column":40}},"88":{"start":{"line":399,"column":24},"end":{"line":399,"column":56}},"89":{"start":{"line":400,"column":6},"end":{"line":402,"column":7}},"90":{"start":{"line":401,"column":8},"end":{"line":401,"column":53}},"91":{"start":{"line":403,"column":6},"end":{"line":403,"column":16}},"92":{"start":{"line":409,"column":29},"end":{"line":409,"column":70}},"93":{"start":{"line":410,"column":23},"end":{"line":410,"column":57}},"94":{"start":{"line":412,"column":6},"end":{"line":417,"column":7}},"95":{"start":{"line":415,"column":24},"end":{"line":415,"column":65}},"96":{"start":{"line":416,"column":8},"end":{"line":416,"column":52}},"97":{"start":{"line":419,"column":6},"end":{"line":419,"column":85}},"98":{"start":{"line":419,"column":34},"end":{"line":419,"column":85}},"99":{"start":{"line":420,"column":6},"end":{"line":420,"column":73}},"100":{"start":{"line":420,"column":28},"end":{"line":420,"column":73}},"101":{"start":{"line":422,"column":6},"end":{"line":422,"column":16}},"102":{"start":{"line":427,"column":22},"end":{"line":427,"column":37}},"103":{"start":{"line":428,"column":6},"end":{"line":432,"column":7}},"104":{"start":{"line":430,"column":28},"end":{"line":430,"column":62}},"105":{"start":{"line":431,"column":8},"end":{"line":431,"column":82}},"106":{"start":{"line":433,"column":6},"end":{"line":433,"column":71}},"107":{"start":{"line":438,"column":22},"end":{"line":438,"column":37}},"108":{"start":{"line":439,"column":6},"end":{"line":439,"column":57}},"109":{"start":{"line":439,"column":47},"end":{"line":439,"column":57}},"110":{"start":{"line":442,"column":25},"end":{"line":442,"column":75}},"111":{"start":{"line":443,"column":6},"end":{"line":443,"column":52}},"112":{"start":{"line":453,"column":17},"end":{"line":453,"column":40}},"113":{"start":{"line":454,"column":6},"end":{"line":454,"column":25}},"114":{"start":{"line":454,"column":15},"end":{"line":454,"column":25}},"115":{"start":{"line":456,"column":6},"end":{"line":471,"column":7}},"116":{"start":{"line":458,"column":10},"end":{"line":458,"column":33}},"117":{"start":{"line":460,"column":10},"end":{"line":460,"column":35}},"118":{"start":{"line":462,"column":10},"end":{"line":462,"column":33}},"119":{"start":{"line":464,"column":10},"end":{"line":464,"column":35}},"120":{"start":{"line":466,"column":10},"end":{"line":466,"column":33}},"121":{"start":{"line":468,"column":10},"end":{"line":468,"column":35}},"122":{"start":{"line":470,"column":10},"end":{"line":470,"column":20}},"123":{"start":{"line":475,"column":6},"end":{"line":475,"column":18}},"124":{"start":{"line":480,"column":2},"end":{"line":518,"column":4}},"125":{"start":{"line":481,"column":34},"end":{"line":481,"column":38}},"126":{"start":{"line":483,"column":4},"end":{"line":502,"column":5}},"127":{"start":{"line":485,"column":8},"end":{"line":485,"column":55}},"128":{"start":{"line":486,"column":8},"end":{"line":486,"column":14}},"129":{"start":{"line":488,"column":8},"end":{"line":488,"column":58}},"130":{"start":{"line":489,"column":8},"end":{"line":489,"column":14}},"131":{"start":{"line":491,"column":8},"end":{"line":491,"column":54}},"132":{"start":{"line":492,"column":8},"end":{"line":492,"column":14}},"133":{"start":{"line":494,"column":8},"end":{"line":494,"column":89}},"134":{"start":{"line":494,"column":41},"end":{"line":494,"column":89}},"135":{"start":{"line":495,"column":8},"end":{"line":495,"column":95}},"136":{"start":{"line":495,"column":44},"end":{"line":495,"column":95}},"137":{"start":{"line":496,"column":8},"end":{"line":496,"column":14}},"138":{"start":{"line":498,"column":8},"end":{"line":498,"column":60}},"139":{"start":{"line":499,"column":8},"end":{"line":499,"column":14}},"140":{"start":{"line":501,"column":8},"end":{"line":501,"column":24}},"141":{"start":{"line":504,"column":4},"end":{"line":504,"column":39}},"142":{"start":{"line":504,"column":27},"end":{"line":504,"column":39}},"143":{"start":{"line":506,"column":25},"end":{"line":511,"column":6}},"144":{"start":{"line":513,"column":4},"end":{"line":515,"column":5}},"145":{"start":{"line":514,"column":6},"end":{"line":514,"column":50}},"146":{"start":{"line":517,"column":4},"end":{"line":517,"column":48}},"147":{"start":{"line":525,"column":2},"end":{"line":528,"column":4}},"148":{"start":{"line":536,"column":2},"end":{"line":536,"column":32}},"149":{"start":{"line":537,"column":20},"end":{"line":537,"column":57}},"150":{"start":{"line":539,"column":2},"end":{"line":581,"column":3}},"151":{"start":{"line":542,"column":21},"end":{"line":547,"column":6}},"152":{"start":{"line":550,"column":21},"end":{"line":550,"column":29}},"153":{"start":{"line":551,"column":4},"end":{"line":555,"column":5}},"154":{"start":{"line":552,"column":24},"end":{"line":552,"column":63}},"155":{"start":{"line":554,"column":6},"end":{"line":554,"column":77}},"156":{"start":{"line":557,"column":19},"end":{"line":561,"column":6}},"157":{"start":{"line":563,"column":4},"end":{"line":566,"column":5}},"158":{"start":{"line":564,"column":6},"end":{"line":564,"column":112}},"159":{"start":{"line":565,"column":6},"end":{"line":565,"column":16}},"160":{"start":{"line":568,"column":16},"end":{"line":568,"column":53}},"161":{"start":{"line":569,"column":51},"end":{"line":569,"column":53}},"162":{"start":{"line":571,"column":4},"end":{"line":575,"column":5}},"163":{"start":{"line":572,"column":6},"end":{"line":574,"column":7}},"164":{"start":{"line":573,"column":8},"end":{"line":573,"column":29}},"165":{"start":{"line":577,"column":4},"end":{"line":577,"column":19}},"166":{"start":{"line":579,"column":4},"end":{"line":579,"column":68}},"167":{"start":{"line":580,"column":4},"end":{"line":580,"column":14}},"168":{"start":{"line":588,"column":19},"end":{"line":593,"column":4}},"169":{"start":{"line":595,"column":2},"end":{"line":595,"column":32}},"170":{"start":{"line":595,"column":16},"end":{"line":595,"column":32}},"171":{"start":{"line":597,"column":2},"end":{"line":640,"column":3}},"172":{"start":{"line":598,"column":19},"end":{"line":610,"column":6}},"173":{"start":{"line":612,"column":4},"end":{"line":631,"column":5}},"174":{"start":{"line":613,"column":29},"end":{"line":625,"column":8}},"175":{"start":{"line":627,"column":6},"end":{"line":627,"column":60}},"176":{"start":{"line":627,"column":44},"end":{"line":627,"column":60}},"177":{"start":{"line":629,"column":18},"end":{"line":629,"column":63}},"178":{"start":{"line":630,"column":6},"end":{"line":630,"column":39}},"179":{"start":{"line":633,"column":16},"end":{"line":633,"column":53}},"180":{"start":{"line":634,"column":23},"end":{"line":634,"column":48}},"181":{"start":{"line":635,"column":4},"end":{"line":635,"column":371}},"182":{"start":{"line":636,"column":4},"end":{"line":636,"column":22}},"183":{"start":{"line":638,"column":4},"end":{"line":638,"column":86}},"184":{"start":{"line":639,"column":4},"end":{"line":639,"column":20}},"185":{"start":{"line":648,"column":2},"end":{"line":648,"column":29}},"186":{"start":{"line":648,"column":19},"end":{"line":648,"column":29}},"187":{"start":{"line":649,"column":15},"end":{"line":649,"column":48}},"188":{"start":{"line":650,"column":2},"end":{"line":650,"column":42}},"189":{"start":{"line":654,"column":18},"end":{"line":654,"column":47}},"190":{"start":{"line":655,"column":18},"end":{"line":655,"column":47}},"191":{"start":{"line":656,"column":15},"end":{"line":656,"column":40}},"192":{"start":{"line":657,"column":25},"end":{"line":657,"column":62}},"193":{"start":{"line":658,"column":20},"end":{"line":658,"column":58}},"194":{"start":{"line":660,"column":2},"end":{"line":665,"column":4}},"195":{"start":{"line":673,"column":19},"end":{"line":677,"column":4}},"196":{"start":{"line":679,"column":2},"end":{"line":679,"column":32}},"197":{"start":{"line":679,"column":16},"end":{"line":679,"column":32}},"198":{"start":{"line":681,"column":2},"end":{"line":704,"column":3}},"199":{"start":{"line":682,"column":19},"end":{"line":686,"column":6}},"200":{"start":{"line":688,"column":4},"end":{"line":688,"column":50}},"201":{"start":{"line":688,"column":34},"end":{"line":688,"column":50}},"202":{"start":{"line":690,"column":43},"end":{"line":690,"column":45}},"203":{"start":{"line":691,"column":4},"end":{"line":694,"column":5}},"204":{"start":{"line":692,"column":16},"end":{"line":692,"column":42}},"205":{"start":{"line":693,"column":6},"end":{"line":693,"column":57}},"206":{"start":{"line":696,"column":4},"end":{"line":700,"column":6}},"207":{"start":{"line":702,"column":4},"end":{"line":702,"column":77}},"208":{"start":{"line":703,"column":4},"end":{"line":703,"column":20}},"209":{"start":{"line":727,"column":2},"end":{"line":727,"column":35}},"210":{"start":{"line":727,"column":25},"end":{"line":727,"column":35}},"211":{"start":{"line":729,"column":24},"end":{"line":729,"column":26}},"212":{"start":{"line":730,"column":33},"end":{"line":730,"column":35}},"213":{"start":{"line":731,"column":30},"end":{"line":731,"column":32}},"214":{"start":{"line":733,"column":2},"end":{"line":918,"column":3}},"215":{"start":{"line":736,"column":4},"end":{"line":895,"column":5}},"216":{"start":{"line":737,"column":34},"end":{"line":737,"column":35}},"217":{"start":{"line":738,"column":42},"end":{"line":738,"column":43}},"218":{"start":{"line":741,"column":27},"end":{"line":754,"column":8}},"219":{"start":{"line":757,"column":29},"end":{"line":758,"column":null}},"220":{"start":{"line":758,"column":8},"end":{"line":758,"column":70}},"221":{"start":{"line":761,"column":6},"end":{"line":894,"column":7}},"222":{"start":{"line":763,"column":19},"end":{"line":763,"column":56}},"223":{"start":{"line":764,"column":27},"end":{"line":764,"column":49}},"224":{"start":{"line":765,"column":24},"end":{"line":765,"column":99}},"225":{"start":{"line":766,"column":25},"end":{"line":766,"column":58}},"226":{"start":{"line":769,"column":32},"end":{"line":777,"column":10}},"227":{"start":{"line":779,"column":31},"end":{"line":779,"column":38}},"228":{"start":{"line":780,"column":26},"end":{"line":780,"column":33}},"229":{"start":{"line":782,"column":8},"end":{"line":791,"column":9}},"230":{"start":{"line":783,"column":30},"end":{"line":783,"column":76}},"231":{"start":{"line":784,"column":10},"end":{"line":785,"column":80}},"232":{"start":{"line":787,"column":31},"end":{"line":788,"column":null}},"233":{"start":{"line":788,"column":12},"end":{"line":788,"column":85}},"234":{"start":{"line":790,"column":10},"end":{"line":790,"column":86}},"235":{"start":{"line":790,"column":54},"end":{"line":790,"column":59}},"236":{"start":{"line":794,"column":8},"end":{"line":794,"column":113}},"237":{"start":{"line":798,"column":8},"end":{"line":798,"column":119}},"238":{"start":{"line":801,"column":34},"end":{"line":817,"column":10}},"239":{"start":{"line":819,"column":8},"end":{"line":893,"column":9}},"240":{"start":{"line":821,"column":30},"end":{"line":821,"column":78}},"241":{"start":{"line":822,"column":32},"end":{"line":822,"column":63}},"242":{"start":{"line":824,"column":10},"end":{"line":824,"column":148}},"243":{"start":{"line":827,"column":34},"end":{"line":827,"column":99}},"244":{"start":{"line":827,"column":69},"end":{"line":827,"column":98}},"245":{"start":{"line":828,"column":31},"end":{"line":828,"column":107}},"246":{"start":{"line":830,"column":10},"end":{"line":886,"column":11}},"247":{"start":{"line":832,"column":12},"end":{"line":832,"column":150}},"248":{"start":{"line":835,"column":36},"end":{"line":842,"column":14}},"249":{"start":{"line":844,"column":35},"end":{"line":844,"column":37}},"250":{"start":{"line":845,"column":30},"end":{"line":845,"column":32}},"251":{"start":{"line":847,"column":12},"end":{"line":856,"column":13}},"252":{"start":{"line":848,"column":34},"end":{"line":848,"column":80}},"253":{"start":{"line":849,"column":14},"end":{"line":850,"column":79}},"254":{"start":{"line":852,"column":35},"end":{"line":853,"column":null}},"255":{"start":{"line":853,"column":16},"end":{"line":853,"column":89}},"256":{"start":{"line":855,"column":14},"end":{"line":855,"column":90}},"257":{"start":{"line":855,"column":58},"end":{"line":855,"column":63}},"258":{"start":{"line":859,"column":12},"end":{"line":859,"column":79}},"259":{"start":{"line":860,"column":12},"end":{"line":860,"column":187}},"260":{"start":{"line":864,"column":27},"end":{"line":864,"column":65}},"261":{"start":{"line":865,"column":33},"end":{"line":865,"column":77}},"262":{"start":{"line":867,"column":36},"end":{"line":874,"column":14}},"263":{"start":{"line":876,"column":34},"end":{"line":876,"column":46}},"264":{"start":{"line":877,"column":12},"end":{"line":882,"column":13}},"265":{"start":{"line":878,"column":35},"end":{"line":879,"column":null}},"266":{"start":{"line":879,"column":16},"end":{"line":879,"column":89}},"267":{"start":{"line":881,"column":14},"end":{"line":881,"column":94}},"268":{"start":{"line":881,"column":62},"end":{"line":881,"column":67}},"269":{"start":{"line":885,"column":12},"end":{"line":885,"column":79}},"270":{"start":{"line":889,"column":10},"end":{"line":892,"column":11}},"271":{"start":{"line":890,"column":27},"end":{"line":890,"column":70}},"272":{"start":{"line":891,"column":12},"end":{"line":891,"column":75}},"273":{"start":{"line":898,"column":23},"end":{"line":898,"column":60}},"274":{"start":{"line":899,"column":21},"end":{"line":899,"column":51}},"275":{"start":{"line":900,"column":4},"end":{"line":900,"column":69}},"276":{"start":{"line":903,"column":28},"end":{"line":903,"column":62}},"277":{"start":{"line":904,"column":28},"end":{"line":904,"column":62}},"278":{"start":{"line":905,"column":25},"end":{"line":905,"column":59}},"279":{"start":{"line":908,"column":33},"end":{"line":908,"column":67}},"280":{"start":{"line":909,"column":4},"end":{"line":913,"column":5}},"281":{"start":{"line":911,"column":30},"end":{"line":911,"column":92}},"282":{"start":{"line":912,"column":6},"end":{"line":912,"column":39}},"283":{"start":{"line":914,"column":4},"end":{"line":914,"column":86}},"284":{"start":{"line":914,"column":56},"end":{"line":914,"column":61}},"285":{"start":{"line":917,"column":4},"end":{"line":917,"column":85}},"286":{"start":{"line":922,"column":4},"end":{"line":924,"column":34}},"287":{"start":{"line":926,"column":2},"end":{"line":926,"column":52}},"288":{"start":{"line":935,"column":19},"end":{"line":935,"column":70}},"289":{"start":{"line":937,"column":19},"end":{"line":937,"column":28}},"290":{"start":{"line":939,"column":20},"end":{"line":939,"column":21}},"291":{"start":{"line":941,"column":2},"end":{"line":1009,"column":3}},"292":{"start":{"line":944,"column":21},"end":{"line":949,"column":6}},"293":{"start":{"line":951,"column":18},"end":{"line":951,"column":26}},"294":{"start":{"line":952,"column":4},"end":{"line":958,"column":5}},"295":{"start":{"line":953,"column":24},"end":{"line":953,"column":63}},"296":{"start":{"line":954,"column":6},"end":{"line":954,"column":74}},"297":{"start":{"line":956,"column":6},"end":{"line":956,"column":52}},"298":{"start":{"line":957,"column":6},"end":{"line":957,"column":35}},"299":{"start":{"line":960,"column":25},"end":{"line":965,"column":6}},"300":{"start":{"line":966,"column":4},"end":{"line":970,"column":5}},"301":{"start":{"line":967,"column":18},"end":{"line":967,"column":61}},"302":{"start":{"line":968,"column":6},"end":{"line":968,"column":49}},"303":{"start":{"line":969,"column":6},"end":{"line":969,"column":36}},"304":{"start":{"line":972,"column":21},"end":{"line":976,"column":6}},"305":{"start":{"line":977,"column":4},"end":{"line":979,"column":5}},"306":{"start":{"line":978,"column":6},"end":{"line":978,"column":62}},"307":{"start":{"line":981,"column":27},"end":{"line":996,"column":6}},"308":{"start":{"line":998,"column":4},"end":{"line":1006,"column":5}},"309":{"start":{"line":999,"column":33},"end":{"line":1002,"column":null}},"310":{"start":{"line":1005,"column":6},"end":{"line":1005,"column":79}},"311":{"start":{"line":1008,"column":4},"end":{"line":1008,"column":70}},"312":{"start":{"line":1011,"column":22},"end":{"line":1011,"column":61}},"313":{"start":{"line":1012,"column":18},"end":{"line":1012,"column":63}},"314":{"start":{"line":1015,"column":18},"end":{"line":1015,"column":69}},"315":{"start":{"line":1018,"column":26},"end":{"line":1018,"column":82}},"316":{"start":{"line":1020,"column":2},"end":{"line":1037,"column":4}},"317":{"start":{"line":1040,"column":61},"end":{"line":1045,"column":2}},"318":{"start":{"line":1047,"column":24},"end":{"line":1047,"column":26}},"319":{"start":{"line":1054,"column":19},"end":{"line":1054,"column":46}},"320":{"start":{"line":1055,"column":2},"end":{"line":1055,"column":46}},"321":{"start":{"line":1055,"column":31},"end":{"line":1055,"column":46}},"322":{"start":{"line":1057,"column":21},"end":{"line":1057,"column":67}},"323":{"start":{"line":1059,"column":17},"end":{"line":1060,"column":60}},"324":{"start":{"line":1060,"column":4},"end":{"line":1060,"column":60}},"325":{"start":{"line":1062,"column":2},"end":{"line":1068,"column":4}},"326":{"start":{"line":1077,"column":2},"end":{"line":1077,"column":99}},"327":{"start":{"line":1079,"column":2},"end":{"line":1081,"column":3}},"328":{"start":{"line":1080,"column":4},"end":{"line":1080,"column":63}},"329":{"start":{"line":1083,"column":18},"end":{"line":1083,"column":75}},"330":{"start":{"line":1084,"column":17},"end":{"line":1084,"column":44}},"331":{"start":{"line":1085,"column":17},"end":{"line":1085,"column":50}},"332":{"start":{"line":1088,"column":41},"end":{"line":1093,"column":4}},"333":{"start":{"line":1096,"column":25},"end":{"line":1102,"column":null}},"334":{"start":{"line":1105,"column":15},"end":{"line":1107,"column":null}},"335":{"start":{"line":1110,"column":40},"end":{"line":1110,"column":72}},"336":{"start":{"line":1114,"column":2},"end":{"line":1127,"column":3}},"337":{"start":{"line":1115,"column":19},"end":{"line":1115,"column":69}},"338":{"start":{"line":1116,"column":4},"end":{"line":1126,"column":5}},"339":{"start":{"line":1117,"column":6},"end":{"line":1125,"column":8}},"340":{"start":{"line":1129,"column":26},"end":{"line":1129,"column":91}},"341":{"start":{"line":1132,"column":2},"end":{"line":1134,"column":3}},"342":{"start":{"line":1133,"column":4},"end":{"line":1133,"column":320}},"343":{"start":{"line":1136,"column":2},"end":{"line":1136,"column":479}},"344":{"start":{"line":1138,"column":2},"end":{"line":1151,"column":4}},"345":{"start":{"line":1155,"column":2},"end":{"line":1213,"column":null}},"346":{"start":{"line":1160,"column":2},"end":{"line":1160,"column":32}},"347":{"start":{"line":1161,"column":2},"end":{"line":1161,"column":102}},"348":{"start":{"line":1163,"column":2},"end":{"line":1182,"column":3}},"349":{"start":{"line":1164,"column":19},"end":{"line":1169,"column":6}},"350":{"start":{"line":1171,"column":19},"end":{"line":1171,"column":65}},"351":{"start":{"line":1172,"column":41},"end":{"line":1172,"column":43}},"352":{"start":{"line":1173,"column":24},"end":{"line":1173,"column":26}},"353":{"start":{"line":1174,"column":4},"end":{"line":1180,"column":5}},"354":{"start":{"line":1174,"column":17},"end":{"line":1174,"column":18}},"355":{"start":{"line":1175,"column":20},"end":{"line":1175,"column":52}},"356":{"start":{"line":1176,"column":20},"end":{"line":1177,"column":null}},"357":{"start":{"line":1177,"column":27},"end":{"line":1177,"column":106}},"358":{"start":{"line":1177,"column":101},"end":{"line":1177,"column":105}},"359":{"start":{"line":1179,"column":6},"end":{"line":1179,"column":79}},"360":{"start":{"line":1179,"column":66},"end":{"line":1179,"column":76}},"361":{"start":{"line":1181,"column":4},"end":{"line":1181,"column":19}},"362":{"start":{"line":1184,"column":20},"end":{"line":1184,"column":57}},"363":{"start":{"line":1186,"column":2},"end":{"line":1212,"column":3}},"364":{"start":{"line":1191,"column":19},"end":{"line":1196,"column":6}},"365":{"start":{"line":1198,"column":41},"end":{"line":1198,"column":43}},"366":{"start":{"line":1200,"column":4},"end":{"line":1206,"column":5}},"367":{"start":{"line":1201,"column":24},"end":{"line":1201,"column":45}},"368":{"start":{"line":1202,"column":6},"end":{"line":1205,"column":7}},"369":{"start":{"line":1203,"column":23},"end":{"line":1203,"column":77}},"370":{"start":{"line":1204,"column":8},"end":{"line":1204,"column":29}},"371":{"start":{"line":1208,"column":4},"end":{"line":1208,"column":19}},"372":{"start":{"line":1210,"column":4},"end":{"line":1210,"column":55}},"373":{"start":{"line":1211,"column":4},"end":{"line":1211,"column":14}}},"fnMap":{"0":{"name":"isDefensivePosition","decl":{"start":{"line":27,"column":16},"end":{"line":27,"column":35}},"loc":{"start":{"line":27,"column":47},"end":{"line":29,"column":1}}},"1":{"name":"isOffensivePosition","decl":{"start":{"line":31,"column":16},"end":{"line":31,"column":35}},"loc":{"start":{"line":31,"column":47},"end":{"line":33,"column":1}}},"2":{"name":"assertValidPosition","decl":{"start":{"line":35,"column":16},"end":{"line":35,"column":35}},"loc":{"start":{"line":35,"column":52},"end":{"line":39,"column":1}}},"3":{"name":"getPositionPillarConfig","decl":{"start":{"line":254,"column":16},"end":{"line":254,"column":39}},"loc":{"start":{"line":254,"column":58},"end":{"line":268,"column":1}}},"4":{"name":"computePillarScore","decl":{"start":{"line":270,"column":16},"end":{"line":270,"column":34}},"loc":{"start":{"line":272,"column":24},"end":{"line":299,"column":1}}},"5":{"name":"normalizeMetric","decl":{"start":{"line":301,"column":9},"end":{"line":301,"column":24}},"loc":{"start":{"line":301,"column":64},"end":{"line":337,"column":1}}},"6":{"name":"computeDerivedMetric","decl":{"start":{"line":344,"column":9},"end":{"line":344,"column":29}},"loc":{"start":{"line":344,"column":70},"end":{"line":477,"column":1}}},"7":{"name":"createMetricLookup","decl":{"start":{"line":479,"column":16},"end":{"line":479,"column":34}},"loc":{"start":{"line":479,"column":56},"end":{"line":519,"column":1}}},"8":{"name":"(anonymous_15)","decl":{"start":{"line":480,"column":9},"end":{"line":480,"column":10}},"loc":{"start":{"line":480,"column":68},"end":{"line":518,"column":3}}},"9":{"name":"extractRecursionSignals","decl":{"start":{"line":521,"column":16},"end":{"line":521,"column":39}},"loc":{"start":{"line":521,"column":61},"end":{"line":529,"column":1}}},"10":{"name":"fetchRoleBankData","decl":{"start":{"line":531,"column":15},"end":{"line":531,"column":32}},"loc":{"start":{"line":534,"column":16},"end":{"line":582,"column":null}}},"11":{"name":"fetchTeamContext","decl":{"start":{"line":584,"column":15},"end":{"line":584,"column":31}},"loc":{"start":{"line":586,"column":16},"end":{"line":641,"column":null}}},"12":{"name":"normalizeRange","decl":{"start":{"line":647,"column":16},"end":{"line":647,"column":30}},"loc":{"start":{"line":647,"column":68},"end":{"line":651,"column":1}}},"13":{"name":"normalizeTeamContext","decl":{"start":{"line":653,"column":9},"end":{"line":653,"column":29}},"loc":{"start":{"line":653,"column":54},"end":{"line":666,"column":1}}},"14":{"name":"fetchSoSData","decl":{"start":{"line":668,"column":15},"end":{"line":668,"column":27}},"loc":{"start":{"line":671,"column":16},"end":{"line":705,"column":null}}},"15":{"name":"computeDynastyContext","decl":{"start":{"line":718,"column":15},"end":{"line":718,"column":36}},"loc":{"start":{"line":724,"column":41},"end":{"line":927,"column":null}}},"16":{"name":"(anonymous_27)","decl":{"start":{"line":757,"column":52},"end":{"line":757,"column":53}},"loc":{"start":{"line":758,"column":8},"end":{"line":758,"column":70}}},"17":{"name":"(anonymous_28)","decl":{"start":{"line":787,"column":56},"end":{"line":787,"column":57}},"loc":{"start":{"line":788,"column":12},"end":{"line":788,"column":85}}},"18":{"name":"(anonymous_29)","decl":{"start":{"line":790,"column":44},"end":{"line":790,"column":45}},"loc":{"start":{"line":790,"column":54},"end":{"line":790,"column":59}}},"19":{"name":"(anonymous_30)","decl":{"start":{"line":827,"column":57},"end":{"line":827,"column":58}},"loc":{"start":{"line":827,"column":69},"end":{"line":827,"column":98}}},"20":{"name":"(anonymous_31)","decl":{"start":{"line":852,"column":60},"end":{"line":852,"column":61}},"loc":{"start":{"line":853,"column":16},"end":{"line":853,"column":89}}},"21":{"name":"(anonymous_32)","decl":{"start":{"line":855,"column":48},"end":{"line":855,"column":49}},"loc":{"start":{"line":855,"column":58},"end":{"line":855,"column":63}}},"22":{"name":"(anonymous_33)","decl":{"start":{"line":878,"column":60},"end":{"line":878,"column":61}},"loc":{"start":{"line":879,"column":16},"end":{"line":879,"column":89}}},"23":{"name":"(anonymous_34)","decl":{"start":{"line":881,"column":52},"end":{"line":881,"column":53}},"loc":{"start":{"line":881,"column":62},"end":{"line":881,"column":67}}},"24":{"name":"(anonymous_35)","decl":{"start":{"line":914,"column":46},"end":{"line":914,"column":47}},"loc":{"start":{"line":914,"column":56},"end":{"line":914,"column":61}}},"25":{"name":"fetchForgeContext","decl":{"start":{"line":929,"column":22},"end":{"line":929,"column":39}},"loc":{"start":{"line":933,"column":25},"end":{"line":1038,"column":null}}},"26":{"name":"applyGamesPlayedDampening","decl":{"start":{"line":1049,"column":16},"end":{"line":1049,"column":41}},"loc":{"start":{"line":1052,"column":29},"end":{"line":1069,"column":1}}},"27":{"name":"(anonymous_39)","decl":{"start":{"line":1059,"column":17},"end":{"line":1059,"column":18}},"loc":{"start":{"line":1060,"column":4},"end":{"line":1060,"column":60}}},"28":{"name":"runForgeEngine","decl":{"start":{"line":1071,"column":22},"end":{"line":1071,"column":36}},"loc":{"start":{"line":1075,"column":25},"end":{"line":1152,"column":null}}},"29":{"name":"runForgeEngineBatch","decl":{"start":{"line":1154,"column":22},"end":{"line":1154,"column":41}},"loc":{"start":{"line":1154,"column":41},"end":{"line":1213,"column":null}}},"30":{"name":"(anonymous_43)","decl":{"start":{"line":1155,"column":2},"end":{"line":1155,"column":20}},"loc":{"start":{"line":1158,"column":20},"end":{"line":1213,"column":1}}},"31":{"name":"(anonymous_44)","decl":{"start":{"line":1177,"column":18},"end":{"line":1177,"column":19}},"loc":{"start":{"line":1177,"column":27},"end":{"line":1177,"column":106}}},"32":{"name":"(anonymous_45)","decl":{"start":{"line":1177,"column":95},"end":{"line":1177,"column":98}},"loc":{"start":{"line":1177,"column":101},"end":{"line":1177,"column":105}}},"33":{"name":"(anonymous_46)","decl":{"start":{"line":1179,"column":35},"end":{"line":1179,"column":36}},"loc":{"start":{"line":1179,"column":66},"end":{"line":1179,"column":76}}}},"branchMap":{"0":{"loc":{"start":{"line":36,"column":2},"end":{"line":38,"column":3}},"type":"if","locations":[{"start":{"line":36,"column":2},"end":{"line":38,"column":3}},{"start":{},"end":{}}]},"1":{"loc":{"start":{"line":255,"column":2},"end":{"line":257,"column":3}},"type":"if","locations":[{"start":{"line":255,"column":2},"end":{"line":257,"column":3}},{"start":{},"end":{}}]},"2":{"loc":{"start":{"line":258,"column":2},"end":{"line":267,"column":3}},"type":"switch","locations":[{"start":{"line":259,"column":4},"end":{"line":260,"column":24}},{"start":{"line":261,"column":4},"end":{"line":262,"column":24}},{"start":{"line":263,"column":4},"end":{"line":264,"column":24}},{"start":{"line":265,"column":4},"end":{"line":266,"column":24}}]},"3":{"loc":{"start":{"line":279,"column":4},"end":{"line":279,"column":32}},"type":"if","locations":[{"start":{"line":279,"column":4},"end":{"line":279,"column":32}},{"start":{},"end":{}}]},"4":{"loc":{"start":{"line":281,"column":4},"end":{"line":283,"column":5}},"type":"if","locations":[{"start":{"line":281,"column":4},"end":{"line":283,"column":5}},{"start":{},"end":{}}]},"5":{"loc":{"start":{"line":285,"column":4},"end":{"line":288,"column":5}},"type":"if","locations":[{"start":{"line":285,"column":4},"end":{"line":288,"column":5}},{"start":{},"end":{}}]},"6":{"loc":{"start":{"line":286,"column":6},"end":{"line":286,"column":80}},"type":"if","locations":[{"start":{"line":286,"column":6},"end":{"line":286,"column":80}},{"start":{},"end":{}}]},"7":{"loc":{"start":{"line":287,"column":6},"end":{"line":287,"column":80}},"type":"if","locations":[{"start":{"line":287,"column":6},"end":{"line":287,"column":80}},{"start":{},"end":{}}]},"8":{"loc":{"start":{"line":294,"column":2},"end":{"line":296,"column":3}},"type":"if","locations":[{"start":{"line":294,"column":2},"end":{"line":296,"column":3}},{"start":{},"end":{}}]},"9":{"loc":{"start":{"line":302,"column":2},"end":{"line":302,"column":57}},"type":"if","locations":[{"start":{"line":302,"column":2},"end":{"line":302,"column":57}},{"start":{},"end":{}}]},"10":{"loc":{"start":{"line":302,"column":6},"end":{"line":302,"column":43}},"type":"binary-expr","locations":[{"start":{"line":302,"column":6},"end":{"line":302,"column":20}},{"start":{"line":302,"column":24},"end":{"line":302,"column":43}}]},"11":{"loc":{"start":{"line":331,"column":2},"end":{"line":333,"column":3}},"type":"if","locations":[{"start":{"line":331,"column":2},"end":{"line":333,"column":3}},{"start":{},"end":{}}]},"12":{"loc":{"start":{"line":348,"column":2},"end":{"line":476,"column":3}},"type":"switch","locations":[{"start":{"line":349,"column":4},"end":{"line":356,"column":5}},{"start":{"line":358,"column":4},"end":{"line":370,"column":5}},{"start":{"line":372,"column":4},"end":{"line":385,"column":5}},{"start":{"line":387,"column":4},"end":{"line":404,"column":5}},{"start":{"line":406,"column":4},"end":{"line":423,"column":5}},{"start":{"line":426,"column":4},"end":{"line":434,"column":5}},{"start":{"line":437,"column":4},"end":{"line":444,"column":5}},{"start":{"line":447,"column":4},"end":{"line":447,"column":35}},{"start":{"line":448,"column":4},"end":{"line":448,"column":34}},{"start":{"line":449,"column":4},"end":{"line":449,"column":43}},{"start":{"line":450,"column":4},"end":{"line":450,"column":36}},{"start":{"line":451,"column":4},"end":{"line":451,"column":32}},{"start":{"line":452,"column":4},"end":{"line":472,"column":5}},{"start":{"line":474,"column":4},"end":{"line":475,"column":18}}]},"13":{"loc":{"start":{"line":352,"column":26},"end":{"line":352,"column":88}},"type":"binary-expr","locations":[{"start":{"line":352,"column":26},"end":{"line":352,"column":45}},{"start":{"line":352,"column":49},"end":{"line":352,"column":83}},{"start":{"line":352,"column":87},"end":{"line":352,"column":88}}]},"14":{"loc":{"start":{"line":362,"column":6},"end":{"line":367,"column":7}},"type":"if","locations":[{"start":{"line":362,"column":6},"end":{"line":367,"column":7}},{"start":{},"end":{}}]},"15":{"loc":{"start":{"line":365,"column":8},"end":{"line":365,"column":45}},"type":"if","locations":[{"start":{"line":365,"column":8},"end":{"line":365,"column":45}},{"start":{},"end":{}}]},"16":{"loc":{"start":{"line":376,"column":6},"end":{"line":378,"column":7}},"type":"if","locations":[{"start":{"line":376,"column":6},"end":{"line":378,"column":7}},{"start":{},"end":{}}]},"17":{"loc":{"start":{"line":381,"column":6},"end":{"line":383,"column":7}},"type":"if","locations":[{"start":{"line":381,"column":6},"end":{"line":383,"column":7}},{"start":{},"end":{}}]},"18":{"loc":{"start":{"line":391,"column":6},"end":{"line":397,"column":7}},"type":"if","locations":[{"start":{"line":391,"column":6},"end":{"line":397,"column":7}},{"start":{},"end":{}}]},"19":{"loc":{"start":{"line":400,"column":6},"end":{"line":402,"column":7}},"type":"if","locations":[{"start":{"line":400,"column":6},"end":{"line":402,"column":7}},{"start":{},"end":{}}]},"20":{"loc":{"start":{"line":412,"column":6},"end":{"line":417,"column":7}},"type":"if","locations":[{"start":{"line":412,"column":6},"end":{"line":417,"column":7}},{"start":{},"end":{}}]},"21":{"loc":{"start":{"line":412,"column":10},"end":{"line":412,"column":52}},"type":"binary-expr","locations":[{"start":{"line":412,"column":10},"end":{"line":412,"column":32}},{"start":{"line":412,"column":36},"end":{"line":412,"column":52}}]},"22":{"loc":{"start":{"line":419,"column":6},"end":{"line":419,"column":85}},"type":"if","locations":[{"start":{"line":419,"column":6},"end":{"line":419,"column":85}},{"start":{},"end":{}}]},"23":{"loc":{"start":{"line":420,"column":6},"end":{"line":420,"column":73}},"type":"if","locations":[{"start":{"line":420,"column":6},"end":{"line":420,"column":73}},{"start":{},"end":{}}]},"24":{"loc":{"start":{"line":428,"column":6},"end":{"line":432,"column":7}},"type":"if","locations":[{"start":{"line":428,"column":6},"end":{"line":432,"column":7}},{"start":{},"end":{}}]},"25":{"loc":{"start":{"line":428,"column":10},"end":{"line":428,"column":45}},"type":"binary-expr","locations":[{"start":{"line":428,"column":10},"end":{"line":428,"column":18}},{"start":{"line":428,"column":22},"end":{"line":428,"column":45}}]},"26":{"loc":{"start":{"line":431,"column":15},"end":{"line":431,"column":81}},"type":"cond-expr","locations":[{"start":{"line":431,"column":37},"end":{"line":431,"column":76}},{"start":{"line":431,"column":79},"end":{"line":431,"column":81}}]},"27":{"loc":{"start":{"line":439,"column":6},"end":{"line":439,"column":57}},"type":"if","locations":[{"start":{"line":439,"column":6},"end":{"line":439,"column":57}},{"start":{},"end":{}}]},"28":{"loc":{"start":{"line":439,"column":10},"end":{"line":439,"column":45}},"type":"binary-expr","locations":[{"start":{"line":439,"column":10},"end":{"line":439,"column":18}},{"start":{"line":439,"column":22},"end":{"line":439,"column":45}}]},"29":{"loc":{"start":{"line":454,"column":6},"end":{"line":454,"column":25}},"type":"if","locations":[{"start":{"line":454,"column":6},"end":{"line":454,"column":25}},{"start":{},"end":{}}]},"30":{"loc":{"start":{"line":456,"column":6},"end":{"line":471,"column":7}},"type":"switch","locations":[{"start":{"line":457,"column":8},"end":{"line":458,"column":33}},{"start":{"line":459,"column":8},"end":{"line":460,"column":35}},{"start":{"line":461,"column":8},"end":{"line":462,"column":33}},{"start":{"line":463,"column":8},"end":{"line":464,"column":35}},{"start":{"line":465,"column":8},"end":{"line":466,"column":33}},{"start":{"line":467,"column":8},"end":{"line":468,"column":35}},{"start":{"line":469,"column":8},"end":{"line":470,"column":20}}]},"31":{"loc":{"start":{"line":483,"column":4},"end":{"line":502,"column":5}},"type":"switch","locations":[{"start":{"line":484,"column":6},"end":{"line":486,"column":14}},{"start":{"line":487,"column":6},"end":{"line":489,"column":14}},{"start":{"line":490,"column":6},"end":{"line":492,"column":14}},{"start":{"line":493,"column":6},"end":{"line":496,"column":14}},{"start":{"line":497,"column":6},"end":{"line":499,"column":14}},{"start":{"line":500,"column":6},"end":{"line":501,"column":24}}]},"32":{"loc":{"start":{"line":485,"column":19},"end":{"line":485,"column":54}},"type":"cond-expr","locations":[{"start":{"line":485,"column":46},"end":{"line":485,"column":50}},{"start":{"line":485,"column":50},"end":{"line":485,"column":54}}]},"33":{"loc":{"start":{"line":485,"column":19},"end":{"line":485,"column":50}},"type":"binary-expr","locations":[{"start":{"line":485,"column":19},"end":{"line":485,"column":50}},{"start":{"line":485,"column":46},"end":{"line":485,"column":50}}]},"34":{"loc":{"start":{"line":488,"column":19},"end":{"line":488,"column":57}},"type":"cond-expr","locations":[{"start":{"line":488,"column":49},"end":{"line":488,"column":53}},{"start":{"line":488,"column":53},"end":{"line":488,"column":57}}]},"35":{"loc":{"start":{"line":488,"column":19},"end":{"line":488,"column":53}},"type":"binary-expr","locations":[{"start":{"line":488,"column":19},"end":{"line":488,"column":53}},{"start":{"line":488,"column":49},"end":{"line":488,"column":53}}]},"36":{"loc":{"start":{"line":491,"column":19},"end":{"line":491,"column":53}},"type":"cond-expr","locations":[{"start":{"line":491,"column":45},"end":{"line":491,"column":49}},{"start":{"line":491,"column":49},"end":{"line":491,"column":53}}]},"37":{"loc":{"start":{"line":491,"column":19},"end":{"line":491,"column":49}},"type":"binary-expr","locations":[{"start":{"line":491,"column":19},"end":{"line":491,"column":49}},{"start":{"line":491,"column":45},"end":{"line":491,"column":49}}]},"38":{"loc":{"start":{"line":494,"column":8},"end":{"line":494,"column":89}},"type":"if","locations":[{"start":{"line":494,"column":8},"end":{"line":494,"column":89}},{"start":{},"end":{}}]},"39":{"loc":{"start":{"line":494,"column":52},"end":{"line":494,"column":88}},"type":"cond-expr","locations":[{"start":{"line":494,"column":80},"end":{"line":494,"column":84}},{"start":{"line":494,"column":84},"end":{"line":494,"column":88}}]},"40":{"loc":{"start":{"line":494,"column":52},"end":{"line":494,"column":84}},"type":"binary-expr","locations":[{"start":{"line":494,"column":52},"end":{"line":494,"column":84}},{"start":{"line":494,"column":80},"end":{"line":494,"column":84}}]},"41":{"loc":{"start":{"line":495,"column":8},"end":{"line":495,"column":95}},"type":"if","locations":[{"start":{"line":495,"column":8},"end":{"line":495,"column":95}},{"start":{},"end":{}}]},"42":{"loc":{"start":{"line":495,"column":55},"end":{"line":495,"column":94}},"type":"cond-expr","locations":[{"start":{"line":495,"column":86},"end":{"line":495,"column":90}},{"start":{"line":495,"column":90},"end":{"line":495,"column":94}}]},"43":{"loc":{"start":{"line":495,"column":55},"end":{"line":495,"column":90}},"type":"binary-expr","locations":[{"start":{"line":495,"column":55},"end":{"line":495,"column":90}},{"start":{"line":495,"column":86},"end":{"line":495,"column":90}}]},"44":{"loc":{"start":{"line":504,"column":4},"end":{"line":504,"column":39}},"type":"if","locations":[{"start":{"line":504,"column":4},"end":{"line":504,"column":39}},{"start":{},"end":{}}]},"45":{"loc":{"start":{"line":513,"column":4},"end":{"line":515,"column":5}},"type":"if","locations":[{"start":{"line":513,"column":4},"end":{"line":515,"column":5}},{"start":{},"end":{}}]},"46":{"loc":{"start":{"line":551,"column":4},"end":{"line":555,"column":5}},"type":"i
[...]
3":0,"304":2,"305":0,"306":2,"307":0,"308":2,"309":0,"310":2,"311":0,"312":2,"313":0,"314":2,"315":0,"316":2,"317":0,"318":2,"319":0,"320":2,"321":0,"322":2,"323":2,"324":0,"325":2,"326":0,"327":2,"328":2,"329":0,"330":2,"331":0,"332":2,"333":2,"334":0,"335":2,"336":0,"337":2,"338":2,"339":0,"340":2,"341":0,"342":2,"343":2,"344":0,"345":2,"346":0,"347":2,"348":0,"349":2,"350":0,"351":2,"352":0,"353":2,"354":0,"355":2,"356":2,"357":2,"358":2,"359":2,"360":2,"361":2,"362":2,"363":2,"364":0,"365":2,"366":0,"367":2,"368":2,"369":0,"370":2,"371":0,"372":0,"373":2,"374":0,"375":0,"376":2,"377":2,"378":0,"379":2,"380":0,"381":2,"382":2,"383":2,"384":2,"385":0,"386":2,"387":0,"388":0,"389":2,"390":0,"391":0,"392":2,"393":0,"394":0,"395":2,"396":2,"397":0,"398":0,"399":2,"400":2,"401":2,"402":2,"403":0,"404":2,"405":2,"406":2,"407":2,"408":2,"409":2,"410":0,"411":2,"412":0,"413":2,"414":0,"415":2,"416":0,"417":2,"418":0,"419":2,"420":0,"421":2,"422":0,"423":0,"424":2,"425":0,"426":2,"427":0,"428":2,"429":0,"430":2,"431":0,"432":0,"433":2,"434":0,"435":0,"436":2,"437":0,"438":2,"439":0,"440":2,"441":0,"442":2,"443":2,"444":0,"445":2,"446":2,"447":0,"448":2,"449":2,"450":0,"451":2,"452":0,"453":2,"454":0,"455":2,"456":0,"457":2,"458":0},"f":{"0":0,"1":0,"2":0,"3":0,"4":0,"5":0,"6":0,"7":0,"8":0,"9":0,"10":0,"11":0,"12":0,"13":0,"14":0,"15":0,"16":0,"17":0,"18":0,"19":0,"20":0,"21":0,"22":0,"23":0,"24":0,"25":0,"26":0,"27":0,"28":0,"29":0,"30":0,"31":0,"32":0,"33":0,"34":0,"35":0,"36":0,"37":0,"38":0,"39":0,"40":0,"41":0,"42":0,"43":0,"44":0,"45":0,"46":0,"47":0,"48":0,"49":0,"50":0,"51":0,"52":0,"53":0,"54":0,"55":0,"56":0,"57":0,"58":0,"59":0,"60":0,"61":0,"62":0,"63":0,"64":0,"65":0,"66":0,"67":0,"68":0,"69":0,"70":0,"71":0,"72":0,"73":0,"74":0,"75":0,"76":0,"77":0,"78":0,"79":0,"80":0,"81":0,"82":0,"83":0,"84":0,"85":0,"86":0,"87":0,"88":0,"89":0,"90":0,"91":0,"92":0,"93":0,"94":0,"95":0,"96":0,"97":0,"98":0,"99":0,"100":0,"101":0,"102":0,"103":0,"104":0,"105":0,"106":0,"107":0,"108":0,"109":0,"110":0,"111":0,"112":0,"113":0,"114":0,"115":0,"116":0,"117":0,"118":0,"119":0,"120":0,"121":0,"122":0,"123":0,"124":0,"125":0,"126":0,"127":0,"128":0,"129":0,"130":0,"131":0,"132":0,"133":0,"134":0,"135":0,"136":0,"137":0,"138":0,"139":0,"140":0,"141":0,"142":0,"143":0,"144":0,"145":0,"146":0,"147":0,"148":0,"149":0,"150":0,"151":0,"152":0,"153":0,"154":0,"155":0,"156":0,"157":0,"158":0,"159":0,"160":0,"161":0,"162":0,"163":0,"164":0,"165":0,"166":0,"167":0,"168":0,"169":0,"170":0,"171":0,"172":0,"173":0,"174":0,"175":0,"176":0,"177":0,"178":0,"179":0,"180":0,"181":0,"182":0,"183":0,"184":0,"185":0},"b":{}}
,"/home/user/TIBER-Fantasy/shared/weekDetection.ts": {"path":"/home/user/TIBER-Fantasy/shared/weekDetection.ts","statementMap":{"0":{"start":{"line":175,"column":0},"end":{"line":175,"column":16}},"1":{"start":{"line":282,"column":0},"end":{"line":282,"column":16}},"2":{"start":{"line":322,"column":0},"end":{"line":322,"column":16}},"3":{"start":{"line":334,"column":0},"end":{"line":334,"column":16}},"4":{"start":{"line":357,"column":0},"end":{"line":357,"column":16}},"5":{"start":{"line":26,"column":5},"end":{"line":170,"column":2}},"6":{"start":{"line":176,"column":14},"end":{"line":176,"column":39}},"7":{"start":{"line":177,"column":22},"end":{"line":177,"column":35}},"8":{"start":{"line":180,"column":2},"end":{"line":211,"column":3}},"9":{"start":{"line":180,"column":15},"end":{"line":180,"column":16}},"10":{"start":{"line":181,"column":21},"end":{"line":181,"column":41}},"11":{"start":{"line":182,"column":22},"end":{"line":182,"column":60}},"12":{"start":{"line":183,"column":20},"end":{"line":183,"column":56}},"13":{"start":{"line":184,"column":28},"end":{"line":184,"column":72}},"14":{"start":{"line":187,"column":4},"end":{"line":210,"column":5}},"15":{"start":{"line":188,"column":35},"end":{"line":188,"column":65}},"16":{"start":{"line":191,"column":6},"end":{"line":197,"column":7}},"17":{"start":{"line":192,"column":8},"end":{"line":192,"column":35}},"18":{"start":{"line":193,"column":13},"end":{"line":197,"column":7}},"19":{"start":{"line":194,"column":8},"end":{"line":194,"column":35}},"20":{"start":{"line":196,"column":8},"end":{"line":196,"column":33}},"21":{"start":{"line":199,"column":6},"end":{"line":209,"column":8}},"22":{"start":{"line":214,"column":2},"end":{"line":226,"column":3}},"23":{"start":{"line":215,"column":4},"end":{"line":225,"column":6}},"24":{"start":{"line":229,"column":2},"end":{"line":238,"column":4}},"25":{"start":{"line":245,"column":20},"end":{"line":245,"column":58}},"26":{"start":{"line":246,"column":26},"end":{"line":246,"column":70}},"27":{"start":{"line":247,"column":22},"end":{"line":247,"column":43}},"28":{"start":{"line":250,"column":2},"end":{"line":250,"column":40}},"29":{"start":{"line":250,"column":31},"end":{"line":250,"column":40}},"30":{"start":{"line":253,"column":2},"end":{"line":253,"column":48}},"31":{"start":{"line":253,"column":38},"end":{"line":253,"column":48}},"32":{"start":{"line":260,"column":20},"end":{"line":260,"column":43}},"33":{"start":{"line":261,"column":15},"end":{"line":261,"column":40}},"34":{"start":{"line":263,"column":2},"end":{"line":276,"column":3}},"35":{"start":{"line":264,"column":4},"end":{"line":264,"column":13}},"36":{"start":{"line":265,"column":9},"end":{"line":276,"column":3}},"37":{"start":{"line":266,"column":4},"end":{"line":266,"column":30}},"38":{"start":{"line":267,"column":9},"end":{"line":276,"column":3}},"39":{"start":{"line":268,"column":4},"end":{"line":268,"column":13}},"40":{"start":{"line":269,"column":9},"end":{"line":276,"column":3}},"41":{"start":{"line":270,"column":4},"end":{"line":273,"column":19}},"42":{"start":{"line":270,"column":19},"end":{"line":270,"column":28}},"43":{"start":{"line":271,"column":9},"end":{"line":273,"column":19}},"44":{"start":{"line":271,"column":24},"end":{"line":271,"column":33}},"45":{"start":{"line":272,"column":9},"end":{"line":273,"column":19}},"46":{"start":{"line":272,"column":24},"end":{"line":272,"column":34}},"47":{"start":{"line":273,"column":9},"end":{"line":273,"column":19}},"48":{"start":{"line":275,"column":4},"end":{"line":275,"column":31}},"49":{"start":{"line":283,"column":19},"end":{"line":283,"column":63}},"50":{"start":{"line":283,"column":47},"end":{"line":283,"column":62}},"51":{"start":{"line":284,"column":2},"end":{"line":284,"column":29}},"52":{"start":{"line":284,"column":17},"end":{"line":284,"column":29}},"53":{"start":{"line":286,"column":14},"end":{"line":286,"column":24}},"54":{"start":{"line":287,"column":22},"end":{"line":287,"column":35}},"55":{"start":{"line":288,"column":20},"end":{"line":288,"column":58}},"56":{"start":{"line":289,"column":18},"end":{"line":289,"column":54}},"57":{"start":{"line":290,"column":26},"end":{"line":290,"column":70}},"58":{"start":{"line":292,"column":31},"end":{"line":292,"column":61}},"59":{"start":{"line":295,"column":2},"end":{"line":301,"column":3}},"60":{"start":{"line":296,"column":4},"end":{"line":296,"column":31}},"61":{"start":{"line":297,"column":9},"end":{"line":301,"column":3}},"62":{"start":{"line":298,"column":4},"end":{"line":298,"column":31}},"63":{"start":{"line":300,"column":4},"end":{"line":300,"column":29}},"64":{"start":{"line":303,"column":20},"end":{"line":303,"column":69}},"65":{"start":{"line":303,"column":53},"end":{"line":303,"column":68}},"66":{"start":{"line":305,"column":2},"end":{"line":315,"column":4}},"67":{"start":{"line":324,"column":2},"end":{"line":324,"column":29}},"68":{"start":{"line":324,"column":16},"end":{"line":324,"column":29}},"69":{"start":{"line":327,"column":27},"end":{"line":327,"column":48}},"70":{"start":{"line":328,"column":2},"end":{"line":328,"column":63}},"71":{"start":{"line":335,"column":18},"end":{"line":335,"column":34}},"72":{"start":{"line":338,"column":2},"end":{"line":340,"column":3}},"73":{"start":{"line":339,"column":4},"end":{"line":339,"column":31}},"74":{"start":{"line":343,"column":2},"end":{"line":348,"column":3}},"75":{"start":{"line":344,"column":29},"end":{"line":344,"column":65}},"76":{"start":{"line":345,"column":4},"end":{"line":347,"column":5}},"77":{"start":{"line":346,"column":6},"end":{"line":346,"column":37}},"78":{"start":{"line":351,"column":2},"end":{"line":351,"column":11}},"79":{"start":{"line":358,"column":23},"end":{"line":358,"column":65}},"80":{"start":{"line":359,"column":2},"end":{"line":359,"column":89}},"81":{"start":{"line":361,"column":17},"end":{"line":361,"column":45}},"82":{"start":{"line":362,"column":2},"end":{"line":362,"column":56}},"83":{"start":{"line":364,"column":2},"end":{"line":364,"column":16}}},"fnMap":{"0":{"name":"getCurrentWeek","decl":{"start":{"line":175,"column":16},"end":{"line":175,"column":30}},"loc":{"start":{"line":175,"column":49},"end":{"line":239,"column":1}}},"1":{"name":"estimateGamesCompleted","decl":{"start":{"line":244,"column":9},"end":{"line":244,"column":31}},"loc":{"start":{"line":244,"column":64},"end":{"line":277,"column":1}}},"2":{"name":"getWeekInfo","decl":{"start":{"line":282,"column":16},"end":{"line":282,"column":27}},"loc":{"start":{"line":282,"column":63},"end":{"line":316,"column":1}}},"3":{"name":"(anonymous_3)","decl":{"start":{"line":283,"column":42},"end":{"line":283,"column":43}},"loc":{"start":{"line":283,"column":47},"end":{"line":283,"column":62}}},"4":{"name":"(anonymous_4)","decl":{"start":{"line":303,"column":48},"end":{"line":303,"column":49}},"loc":{"start":{"line":303,"column":53},"end":{"line":303,"column":68}}},"5":{"name":"isRisersFallersDataAvailable","decl":{"start":{"line":322,"column":16},"end":{"line":322,"column":44}},"loc":{"start":{"line":322,"column":57},"end":{"line":329,"column":1}}},"6":{"name":"getBestRisersFallersWeek","decl":{"start":{"line":334,"column":16},"end":{"line":334,"column":40}},"loc":{"start":{"line":334,"column":40},"end":{"line":352,"column":1}}},"7":{"name":"debugWeekDetection","decl":{"start":{"line":357,"column":16},"end":{"line":357,"column":34}},"loc":{"start":{"line":357,"column":52},"end":{"line":365,"column":1}}}},"branchMap":{"0":{"loc":{"start":{"line":176,"column":14},"end":{"line":176,"column":39}},"type":"binary-expr","locations":[{"start":{"line":176,"column":14},"end":{"line":176,"column":25}},{"start":{"line":176,"column":29},"end":{"line":176,"column":39}}]},"1":{"loc":{"start":{"line":187,"column":4},"end":{"line":210,"column":5}},"type":"if","locations":[{"start":{"line":187,"column":4},"end":{"line":210,"column":5}},{"start":{},"end":{}}]},"2":{"loc":{"start":{"line":187,"column":8},"end":{"line":187,"column":57}},"type":"binary-expr","locations":[{"start":{"line":187,"column":8},"end":{"line":187,"column":32}},{"start":{"line":187,"column":36},"end":{"line":187,"column":57}}]},"3":{"loc":{"start":{"line":191,"column":6},"end":{"line":197,"column":7}},"type":"if","locations":[{"start":{"line":191,"column":6},"end":{"line":197,"column":7}},{"start":{"line":193,"column":13},"end":{"line":197,"column":7}}]},"4":{"loc":{"start":{"line":193,"column":13},"end":{"line":197,"column":7}},"type":"if","locations":[{"start":{"line":193,"column":13},"end":{"line":197,"column":7}},{"start":{"line":195,"column":13},"end":{"line":197,"column":7}}]},"5":{"loc":{"start":{"line":206,"column":27},"end":{"line":206,"column":62}},"type":"cond-expr","locations":[{"start":{"line":206,"column":51},"end":{"line":206,"column":53}},{"start":{"line":206,"column":51},"end":{"line":206,"column":62}}]},"6":{"loc":{"start":{"line":206,"column":27},"end":{"line":206,"column":53}},"type":"binary-expr","locations":[{"start":{"line":206,"column":27},"end":{"line":206,"column":53}},{"start":{"line":206,"column":51},"end":{"line":206,"column":53}}]},"7":{"loc":{"start":{"line":207,"column":24},"end":{"line":207,"column":89}},"type":"cond-expr","locations":[{"start":{"line":207,"column":47},"end":{"line":207,"column":49}},{"start":{"line":207,"column":52},"end":{"line":207,"column":89}}]},"8":{"loc":{"start":{"line":214,"column":2},"end":{"line":226,"column":3}},"type":"if","locations":[{"start":{"line":214,"column":2},"end":{"line":226,"column":3}},{"start":{},"end":{}}]},"9":{"loc":{"start":{"line":250,"column":2},"end":{"line":250,"column":40}},"type":"if","locations":[{"start":{"line":250,"column":2},"end":{"line":250,"column":40}},{"start":{},"end":{}}]},"10":{"loc":{"start":{"line":253,"column":2},"end":{"line":253,"column":48}},"type":"if","locations":[{"start":{"line":253,"column":2},"end":{"line":253,"column":48}},{"start":{},"end":{}}]},"11":{"loc":{"start":{"line":263,"column":2},"end":{"line":276,"column":3}},"type":"if","locations":[{"start":{"line":263,"column":2},"end":{"line":276,"column":3}},{"start":{"line":265,"column":9},"end":{"line":276,"column":3}}]},"12":{"loc":{"start":{"line":265,"column":9},"end":{"line":276,"column":3}},"type":"if","locations":[{"start":{"line":265,"column":9},"end":{"line":276,"column":3}},{"start":{"line":267,"column":9},"end":{"line":276,"column":3}}]},"13":{"loc":{"start":{"line":266,"column":11},"end":{"line":266,"column":29}},"type":"cond-expr","locations":[{"start":{"line":266,"column":24},"end":{"line":266,"column":25}},{"start":{"line":266,"column":28},"end":{"line":266,"column":29}}]},"14":{"loc":{"start":{"line":267,"column":9},"end":{"line":276,"column":3}},"type":"if","locations":[{"start":{"line":267,"column":9},"end":{"line":276,"column":3}},{"start":{"line":269,"column":9},"end":{"line":276,"column":3}}]},"15":{"loc":{"start":{"line":269,"column":9},"end":{"line":276,"column":3}},"type":"if","locations":[{"start":{"line":269,"column":9},"end":{"line":276,"column":3}},{"start":{"line":274,"column":9},"end":{"line":276,"column":3}}]},"16":{"loc":{"start":{"line":269,"column":13},"end":{"line":269,"column":47}},"type":"binary-expr","locations":[{"start":{"line":269,"column":13},"end":{"line":269,"column":28}},{"start":{"line":269,"column":32},"end":{"line":269,"column":47}}]},"17":{"loc":{"start":{"line":270,"column":4},"end":{"line":273,"column":19}},"type":"if","locations":[{"start":{"line":270,"column":4},"end":{"line":273,"column":19}},{"start":{"line":271,"column":9},"end":{"line":273,"column":19}}]},"18":{"loc":{"start":{"line":271,"column":9},"end":{"line":273,"column":19}},"type":"if","locations":[{"start":{"line":271,"column":9},"end":{"line":273,"column":19}},{"start":{"line":272,"column":9},"end":{"line":273,"column":19}}]},"19":{"loc":{"start":{"line":272,"column":9},"end":{"line":273,"column":19}},"type":"if","locations":[{"start":{"line":272,"column":9},"end":{"line":273,"column":19}},{"start":{"line":273,"column":9},"end":{"line":273,"column":19}}]},"20":{"loc":{"start":{"line":275,"column":11},"end":{"line":275,"column":30}},"type":"cond-expr","locations":[{"start":{"line":275,"column":23},"end":{"line":275,"column":25}},{"start":{"line":275,"column":28},"end":{"line":275,"column":30}}]},"21":{"loc":{"start":{"line":282,"column":42},"end":{"line":282,"column":63}},"type":"default-arg","locations":[{"start":{"line":282,"column":59},"end":{"line":282,"column":63}}]},"22":{"loc":{"start":{"line":284,"column":2},"end":{"line":284,"column":29}},"type":"if","locations":[{"start":{"line":284,"column":2},"end":{"line":284,"column":29}},{"start":{},"end":{}}]},"23":{"loc":{"start":{"line":295,"column":2},"end":{"line":301,"column":3}},"type":"if","locations":[{"start":{"line":295,"column":2},"end":{"line":301,"column":3}},{"start":{"line":297,"column":9},"end":{"line":301,"column":3}}]},"24":{"loc":{"start":{"line":297,"column":9},"end":{"line":301,"column":3}},"type":"if","locations":[{"start":{"line":297,"column":9},"end":{"line":301,"column":3}},{"start":{"line":299,"column":9},"end":{"line":301,"column":3}}]},"25":{"loc":{"start":{"line":312,"column":23},"end":{"line":312,"column":66}},"type":"cond-expr","locations":[{"start":{"line":312,"column":55},"end":{"line":312,"column":57}},{"start":{"line":312,"column":55},"end":{"line":312,"column":66}}]},"26":{"loc":{"start":{"line":312,"column":23},"end":{"line":312,"column":57}},"type":"binary-expr","locations":[{"start":{"line":312,"column":23},"end":{"line":312,"column":57}},{"start":{"line":312,"column":55},"end":{"line":312,"column":57}}]},"27":{"loc":{"start":{"line":313,"column":20},"end":{"line":313,"column":85}},"type":"cond-expr","locations":[{"start":{"line":313,"column":43},"end":{"line":313,"column":45}},{"start":{"line":313,"column":48},"end":{"line":313,"column":85}}]},"28":{"loc":{"start":{"line":324,"column":2},"end":{"line":324,"column":29}},"type":"if","locations":[{"start":{"line":324,"column":2},"end":{"line":324,"column":29}},{"start":{},"end":{}}]},"29":{"loc":{"start":{"line":328,"column":9},"end":{"line":328,"column":62}},"type":"binary-expr","locations":[{"start":{"line":328,"column":9},"end":{"line":328,"column":53}},{"start":{"line":328,"column":57},"end":{"line":328,"column":62}}]},"30":{"loc":{"start":{"line":328,"column":9},"end":{"line":328,"column":37}},"type":"cond-expr","locations":[{"start":{"line":328,"column":25},"end":{"line":328,"column":27}},{"start":{"line":328,"column":9},"end":{"line":328,"column":37}}]},"31":{"loc":{"start":{"line":328,"column":9},"end":{"line":328,"column":27}},"type":"binary-expr","locations":[{"start":{"line":328,"column":9},"end":{"line":328,"column":27}},{"start":{"line":328,"column":9},"end":{"line":328,"column":27}}]},"32":{"loc":{"start":{"line":338,"column":2},"end":{"line":340,"column":3}},"type":"if","locations":[{"start":{"line":338,"column":2},"end":{"line":340,"column":3}},{"start":{},"end":{}}]},"33":{"loc":{"start":{"line":338,"column":6},"end":{"line":338,"column":68}},"type":"binary-expr","locations":[{"start":{"line":338,"column":6},"end":{"line":338,"column":40}},{"start":{"line":338,"column":44},"end":{"line":338,"column":68}}]},"34":{"loc":{"start":{"line":343,"column":2},"end":{"line":348,"column":3}},"type":"if","locations":[{"start":{"line":343,"column":2},"end":{"line":348,"column":3}},{"start":{},"end":{}}]},"35":{"loc":{"start":{"line":345,"column":4},"end":{"line":347,"column":5}},"type":"if","locations":[{"start":{"line":345,"column":4},"end":{"line":347,"column":5}},{"start":{},"end":{}}]},"36":{"loc":{"start":{"line":345,"column":8},"end":{"line":345,"column":36}},"type":"cond-expr","locations":[{"start":{"line":345,"column":24},"end":{"line":345,"column":26}},{"start":{"line":345,"column":8},"end":{"line":345,"column":36}}]},"37":{"loc":{"start":{"line":345,"column":8},"end":{"line":345,"column":26}},"type":"binary-expr","locations":[{"start":{"line":345,"column":8},"end":{"line":345,"column":26}},{"start":{"line":345,"column":8},"end":{"line":345,"column":26}}]},"38":{"loc":{"start":{"line":358,"column":23},"end":{"line":358,"column":65}},"type":"cond-expr","locations":[{"start":{"line":358,"column":34},"end":{"line":358,"column":52}},{"start":{"line":358,"column":55},"end":{"line":358,"column":65}}]}},"s":{"0":1,"1":1,"2":1,"3":1,"4":1,"5":1,"6":1,"7":1,"8":1,"9":1,"10":18,"11":18,"12":18,"13":18,"14":18,"15":0,"16":0,"17":0,"18":0,"19":0,"20":0,"21":0,"22":1,"23":0,"24":1,"25":0,"26":0,"27":0,"28":0,"29":0,"30":0,"31":0,"32":0,"33":0,"34":0,"35":0,"36":0,"37":0,"38":0,"39":0,"40":0,"41":0,"42":0,"43":0,"44":0,"45":0,"46":0,"47":0,"48":0,"49":0,"50":0,"51":0,"52":0,"53":0,"54":0,"55":0,"56":0,"57":0,"58":0,"59":0,"60":0,"61":0,"62":0,"63":0,"64":0,"65":0,"66":0,"67":0,"68":0,"69":0,"70":0,"71":0,"72":0,"73":0,"74":0,"75":0,"76":0,"77":0,"78":0,"79":0,"80":0,"81":0,"82":0,"83":0},"f":{"0":1,"1":0,"2":0,"3":0,"4":0,"5":0,"6":0,"7":0},"b":{"0":[1,1],"1":[0,18],"2":[18,18],"3":[0,0],"4":[0,0],"5":[0,0],"6":[0,0],"7":[0,0],"8":[0,1],"9":[0,0],"10":[0,0],"11":[0,0],"12":[0,0],"13":[0,0],"14":[0,0],"15":[0,0],"16":[0,0],"17":[0,0],"18":[0,0],"19":[0,0],"20":[0,0],"21":[0],"22":[0,0],"23":[0,0],"24":[0,0],"25":[0,0],"26":[0,0],"27":[0,0],"28":[0,0],"29":[0,0],"30":[0,0],"31":[0,0],"32":[0,0],"33":[0,0],"34":[0,0],"35":[0,0],"36":[0,0],"37":[0,0],"38":[0,0]}}
}
