{"/home/user/TIBER-Fantasy/server/modules/tiberMatrix/assignRoleFromUsage.ts": {"path":"/home/user/TIBER-Fantasy/server/modules/tiberMatrix/assignRoleFromUsage.ts","statementMap":{"0":{"start":{"line":389,"column":0},"end":{"line":389,"column":16}},"1":{"start":{"line":6,"column":13},"end":{"line":79,"column":11}},"2":{"start":{"line":464,"column":23},"end":{"line":6,"column":26}},"3":{"start":{"line":82,"column":55},"end":{"line":105,"column":2}},"4":{"start":{"line":116,"column":12},"end":{"line":119,"column":1}},"5":{"start":{"line":117,"column":14},"end":{"line":117,"column":24}},"6":{"start":{"line":118,"column":2},"end":{"line":118,"column":75}},"7":{"start":{"line":122,"column":16},"end":{"line":126,"column":1}},"8":{"start":{"line":123,"column":2},"end":{"line":123,"column":25}},"9":{"start":{"line":123,"column":18},"end":{"line":123,"column":25}},"10":{"start":{"line":124,"column":2},"end":{"line":124,"column":19}},"11":{"start":{"line":125,"column":2},"end":{"line":125,"column":31}},"12":{"start":{"line":130,"column":2},"end":{"line":130,"column":88}},"13":{"start":{"line":130,"column":41},"end":{"line":130,"column":82}},"14":{"start":{"line":135,"column":2},"end":{"line":135,"column":48}},"15":{"start":{"line":141,"column":27},"end":{"line":141,"column":64}},"16":{"start":{"line":142,"column":23},"end":{"line":142,"column":55}},"17":{"start":{"line":143,"column":25},"end":{"line":143,"column":60}},"18":{"start":{"line":144,"column":15},"end":{"line":144,"column":38}},"19":{"start":{"line":145,"column":25},"end":{"line":145,"column":60}},"20":{"start":{"line":146,"column":24},"end":{"line":146,"column":57}},"21":{"start":{"line":148,"column":32},"end":{"line":148,"column":94}},"22":{"start":{"line":149,"column":2},"end":{"line":149,"column":138}},"23":{"start":{"line":150,"column":2},"end":{"line":150,"column":124}},"24":{"start":{"line":151,"column":2},"end":{"line":151,"column":107}},"25":{"start":{"line":152,"column":2},"end":{"line":152,"column":135}},"26":{"start":{"line":154,"column":2},"end":{"line":156,"column":3}},"27":{"start":{"line":155,"column":4},"end":{"line":155,"column":112}},"28":{"start":{"line":158,"column":30},"end":{"line":158,"column":86}},"29":{"start":{"line":159,"column":2},"end":{"line":163,"column":4}},"30":{"start":{"line":164,"column":2},"end":{"line":168,"column":4}},"31":{"start":{"line":169,"column":2},"end":{"line":173,"column":4}},"32":{"start":{"line":174,"column":2},"end":{"line":178,"column":4}},"33":{"start":{"line":180,"column":2},"end":{"line":182,"column":3}},"34":{"start":{"line":181,"column":4},"end":{"line":181,"column":124}},"35":{"start":{"line":184,"column":32},"end":{"line":184,"column":90}},"36":{"start":{"line":185,"column":2},"end":{"line":185,"column":135}},"37":{"start":{"line":186,"column":2},"end":{"line":186,"column":121}},"38":{"start":{"line":187,"column":2},"end":{"line":187,"column":139}},"39":{"start":{"line":188,"column":2},"end":{"line":188,"column":113}},"40":{"start":{"line":190,"column":2},"end":{"line":190,"column":44}},"41":{"start":{"line":194,"column":21},"end":{"line":194,"column":51}},"42":{"start":{"line":195,"column":20},"end":{"line":195,"column":49}},"43":{"start":{"line":196,"column":20},"end":{"line":196,"column":59}},"44":{"start":{"line":197,"column":20},"end":{"line":197,"column":59}},"45":{"start":{"line":198,"column":19},"end":{"line":198,"column":59}},"46":{"start":{"line":199,"column":18},"end":{"line":199,"column":57}},"47":{"start":{"line":200,"column":21},"end":{"line":200,"column":51}},"48":{"start":{"line":201,"column":22},"end":{"line":201,"column":48}},"49":{"start":{"line":203,"column":29},"end":{"line":203,"column":86}},"50":{"start":{"line":204,"column":2},"end":{"line":204,"column":125}},"51":{"start":{"line":205,"column":2},"end":{"line":205,"column":112}},"52":{"start":{"line":206,"column":2},"end":{"line":206,"column":119}},"53":{"start":{"line":208,"column":2},"end":{"line":208,"column":117}},"54":{"start":{"line":210,"column":29},"end":{"line":210,"column":84}},"55":{"start":{"line":211,"column":2},"end":{"line":211,"column":121}},"56":{"start":{"line":212,"column":2},"end":{"line":212,"column":100}},"57":{"start":{"line":213,"column":2},"end":{"line":213,"column":119}},"58":{"start":{"line":214,"column":2},"end":{"line":214,"column":113}},"59":{"start":{"line":216,"column":2},"end":{"line":218,"column":3}},"60":{"start":{"line":217,"column":4},"end":{"line":217,"column":102}},"61":{"start":{"line":220,"column":31},"end":{"line":220,"column":85}},"62":{"start":{"line":221,"column":2},"end":{"line":221,"column":118}},"63":{"start":{"line":222,"column":2},"end":{"line":222,"column":124}},"64":{"start":{"line":223,"column":2},"end":{"line":223,"column":118}},"65":{"start":{"line":224,"column":2},"end":{"line":224,"column":114}},"66":{"start":{"line":226,"column":28},"end":{"line":226,"column":84}},"67":{"start":{"line":227,"column":2},"end":{"line":227,"column":115}},"68":{"start":{"line":228,"column":2},"end":{"line":228,"column":131}},"69":{"start":{"line":229,"column":2},"end":{"line":229,"column":115}},"70":{"start":{"line":230,"column":2},"end":{"line":230,"column":138}},"71":{"start":{"line":232,"column":26},"end":{"line":232,"column":80}},"72":{"start":{"line":233,"column":2},"end":{"line":233,"column":113}},"73":{"start":{"line":234,"column":2},"end":{"line":238,"column":4}},"74":{"start":{"line":239,"column":2},"end":{"line":239,"column":119}},"75":{"start":{"line":241,"column":2},"end":{"line":241,"column":53}},"76":{"start":{"line":245,"column":23},"end":{"line":245,"column":55}},"77":{"start":{"line":246,"column":19},"end":{"line":246,"column":47}},"78":{"start":{"line":247,"column":29},"end":{"line":247,"column":67}},"79":{"start":{"line":248,"column":15},"end":{"line":248,"column":38}},"80":{"start":{"line":249,"column":25},"end":{"line":249,"column":60}},"81":{"start":{"line":250,"column":21},"end":{"line":250,"column":51}},"82":{"start":{"line":251,"column":29},"end":{"line":251,"column":69}},"83":{"start":{"line":252,"column":22},"end":{"line":252,"column":48}},"84":{"start":{"line":253,"column":27},"end":{"line":253,"column":59}},"85":{"start":{"line":256,"column":28},"end":{"line":256,"column":84}},"86":{"start":{"line":257,"column":2},"end":{"line":257,"column":116}},"87":{"start":{"line":258,"column":2},"end":{"line":258,"column":127}},"88":{"start":{"line":259,"column":2},"end":{"line":259,"column":134}},"89":{"start":{"line":261,"column":2},"end":{"line":261,"column":119}},"90":{"start":{"line":262,"column":2},"end":{"line":264,"column":3}},"91":{"start":{"line":263,"column":4},"end":{"line":263,"column":127}},"92":{"start":{"line":267,"column":31},"end":{"line":267,"column":81}},"93":{"start":{"line":268,"column":2},"end":{"line":268,"column":125}},"94":{"start":{"line":269,"column":2},"end":{"line":269,"column":104}},"95":{"start":{"line":270,"column":2},"end":{"line":270,"column":130}},"96":{"start":{"line":272,"column":2},"end":{"line":272,"column":144}},"97":{"start":{"line":275,"column":29},"end":{"line":275,"column":88}},"98":{"start":{"line":276,"column":2},"end":{"line":280,"column":4}},"99":{"start":{"line":281,"column":2},"end":{"line":281,"column":110}},"100":{"start":{"line":282,"column":2},"end":{"line":282,"column":121}},"101":{"start":{"line":284,"column":2},"end":{"line":288,"column":4}},"102":{"start":{"line":291,"column":29},"end":{"line":291,"column":81}},"103":{"start":{"line":292,"column":2},"end":{"line":292,"column":102}},"104":{"start":{"line":293,"column":2},"end":{"line":293,"column":123}},"105":{"start":{"line":294,"column":2},"end":{"line":294,"column":136}},"106":{"start":{"line":295,"column":2},"end":{"line":295,"column":109}},"107":{"start":{"line":298,"column":35},"end":{"line":298,"column":90}},"108":{"start":{"line":299,"column":2},"end":{"line":299,"column":132}},"109":{"start":{"line":300,"column":2},"end":{"line":300,"column":107}},"110":{"start":{"line":301,"column":2},"end":{"line":301,"column":117}},"111":{"start":{"line":303,"column":2},"end":{"line":303,"column":128}},"112":{"start":{"line":306,"column":32},"end":{"line":306,"column":83}},"113":{"start":{"line":307,"column":2},"end":{"line":307,"column":118}},"114":{"start":{"line":308,"column":2},"end":{"line":308,"column":115}},"115":{"start":{"line":309,"column":2},"end":{"line":309,"column":131}},"116":{"start":{"line":310,"column":2},"end":{"line":310,"column":101}},"117":{"start":{"line":311,"column":2},"end":{"line":313,"column":3}},"118":{"start":{"line":312,"column":4},"end":{"line":312,"column":117}},"119":{"start":{"line":315,"column":2},"end":{"line":315,"column":74}},"120":{"start":{"line":319,"column":21},"end":{"line":319,"column":51}},"121":{"start":{"line":320,"column":29},"end":{"line":320,"column":67}},"122":{"start":{"line":321,"column":15},"end":{"line":321,"column":38}},"123":{"start":{"line":322,"column":29},"end":{"line":322,"column":69}},"124":{"start":{"line":323,"column":19},"end":{"line":323,"column":47}},"125":{"start":{"line":326,"column":28},"end":{"line":326,"column":81}},"126":{"start":{"line":327,"column":2},"end":{"line":327,"column":109}},"127":{"start":{"line":328,"column":2},"end":{"line":328,"column":128}},"128":{"start":{"line":329,"column":2},"end":{"line":329,"column":114}},"129":{"start":{"line":331,"column":2},"end":{"line":331,"column":91}},"130":{"start":{"line":334,"column":30},"end":{"line":334,"column":83}},"131":{"start":{"line":335,"column":2},"end":{"line":335,"column":115}},"132":{"start":{"line":336,"column":2},"end":{"line":336,"column":129}},"133":{"start":{"line":337,"column":2},"end":{"line":337,"column":115}},"134":{"start":{"line":339,"column":2},"end":{"line":339,"column":123}},"135":{"start":{"line":342,"column":34},"end":{"line":342,"column":88}},"136":{"start":{"line":343,"column":2},"end":{"line":343,"column":144}},"137":{"start":{"line":344,"column":2},"end":{"line":344,"column":134}},"138":{"start":{"line":345,"column":2},"end":{"line":345,"column":132}},"139":{"start":{"line":347,"column":2},"end":{"line":347,"column":42}},"140":{"start":{"line":353,"column":92},"end":{"line":358,"column":4}},"141":{"start":{"line":360,"column":2},"end":{"line":360,"column":41}},"142":{"start":{"line":365,"column":2},"end":{"line":365,"column":55}},"143":{"start":{"line":365,"column":42},"end":{"line":365,"column":55}},"144":{"start":{"line":366,"column":2},"end":{"line":366,"column":121}},"145":{"start":{"line":366,"column":107},"end":{"line":366,"column":121}},"146":{"start":{"line":367,"column":2},"end":{"line":367,"column":74}},"147":{"start":{"line":367,"column":58},"end":{"line":367,"column":74}},"148":{"start":{"line":368,"column":2},"end":{"line":368,"column":15}},"149":{"start":{"line":372,"column":2},"end":{"line":372,"column":60}},"150":{"start":{"line":372,"column":42},"end":{"line":372,"column":60}},"151":{"start":{"line":373,"column":2},"end":{"line":378,"column":3}},"152":{"start":{"line":377,"column":4},"end":{"line":377,"column":22}},"153":{"start":{"line":379,"column":2},"end":{"line":379,"column":98}},"154":{"start":{"line":379,"column":82},"end":{"line":379,"column":98}},"155":{"start":{"line":380,"column":2},"end":{"line":380,"column":20}},"156":{"start":{"line":384,"column":2},"end":{"line":384,"column":84}},"157":{"start":{"line":384,"column":62},"end":{"line":384,"column":84}},"158":{"start":{"line":385,"column":2},"end":{"line":385,"column":74}},"159":{"start":{"line":385,"column":57},"end":{"line":385,"column":74}},"160":{"start":{"line":386,"column":2},"end":{"line":386,"column":16}},"161":{"start":{"line":390,"column":23},"end":{"line":390,"column":49}},"162":{"start":{"line":391,"column":26},"end":{"line":391,"column":60}},"163":{"start":{"line":392,"column":29},"end":{"line":392,"column":62}},"164":{"start":{"line":395,"column":2},"end":{"line":411,"column":3}},"165":{"start":{"line":396,"column":4},"end":{"line":410,"column":6}},"166":{"start":{"line":414,"column":17},"end":{"line":414,"column":69}},"167":{"start":{"line":414,"column":51},"end":{"line":414,"column":68}},"168":{"start":{"line":415,"column":49},"end":{"line":415,"column":55}},"169":{"start":{"line":419,"column":2},"end":{"line":435,"column":3}},"170":{"start":{"line":420,"column":4},"end":{"line":434,"column":6}},"171":{"start":{"line":437,"column":17},"end":{"line":437,"column":74}},"172":{"start":{"line":438,"column":25},"end":{"line":438,"column":89}},"173":{"start":{"line":439,"column":24},"end":{"line":439,"column":83}},"174":{"start":{"line":441,"column":4},"end":{"line":443,"column":47}},"175":{"start":{"line":445,"column":2},"end":{"line":461,"column":4}}},"fnMap":{"0":{"name":"(anonymous_0)","decl":{"start":{"line":116,"column":12},"end":{"line":116,"column":13}},"loc":{"start":{"line":116,"column":97},"end":{"line":119,"column":1}}},"1":{"name":"(anonymous_1)","decl":{"start":{"line":122,"column":16},"end":{"line":122,"column":17}},"loc":{"start":{"line":122,"column":79},"end":{"line":126,"column":1}}},"2":{"name":"countPresentMetrics","decl":{"start":{"line":129,"column":9},"end":{"line":129,"column":28}},"loc":{"start":{"line":129,"column":56},"end":{"line":131,"column":1}}},"3":{"name":"(anonymous_3)","decl":{"start":{"line":130,"column":28},"end":{"line":130,"column":29}},"loc":{"start":{"line":130,"column":41},"end":{"line":130,"column":82}}},"4":{"name":"unknownRole","decl":{"start":{"line":134,"column":9},"end":{"line":134,"column":20}},"loc":{"start":{"line":134,"column":48},"end":{"line":136,"column":1}}},"5":{"name":"buildQbScores","decl":{"start":{"line":140,"column":9},"end":{"line":140,"column":22}},"loc":{"start":{"line":140,"column":50},"end":{"line":191,"column":1}}},"6":{"name":"buildRbScores","decl":{"start":{"line":193,"column":9},"end":{"line":193,"column":22}},"loc":{"start":{"line":193,"column":50},"end":{"line":242,"column":1}}},"7":{"name":"buildWrScores","decl":{"start":{"line":244,"column":9},"end":{"line":244,"column":22}},"loc":{"start":{"line":244,"column":50},"end":{"line":316,"column":1}}},"8":{"name":"buildTeScores","decl":{"start":{"line":318,"column":9},"end":{"line":318,"column":22}},"loc":{"start":{"line":318,"column":50},"end":{"line":348,"column":1}}},"9":{"name":"buildScores","decl":{"start":{"line":352,"column":9},"end":{"line":352,"column":20}},"loc":{"start":{"line":352,"column":48},"end":{"line":361,"column":1}}},"10":{"name":"inferConfidence","decl":{"start":{"line":363,"column":9},"end":{"line":363,"column":24}},"loc":{"start":{"line":363,"column":91},"end":{"line":369,"column":1}}},"11":{"name":"inferStability","decl":{"start":{"line":371,"column":9},"end":{"line":371,"column":23}},"loc":{"start":{"line":371,"column":100},"end":{"line":381,"column":1}}},"12":{"name":"inferDataSufficiency","decl":{"start":{"line":383,"column":9},"end":{"line":383,"column":29}},"loc":{"start":{"line":383,"column":50},"end":{"line":387,"column":1}}},"13":{"name":"assignRoleFromUsage","decl":{"start":{"line":389,"column":16},"end":{"line":389,"column":35}},"loc":{"start":{"line":389,"column":63},"end":{"line":462,"column":1}}},"14":{"name":"(anonymous_14)","decl":{"start":{"line":414,"column":41},"end":{"line":414,"column":42}},"loc":{"start":{"line":414,"column":51},"end":{"line":414,"column":68}}}},"branchMap":{"0":{"loc":{"start":{"line":118,"column":9},"end":{"line":118,"column":74}},"type":"cond-expr","locations":[{"start":{"line":118,"column":59},"end":{"line":118,"column":62}},{"start":{"line":118,"column":65},"end":{"line":118,"column":74}}]},"1":{"loc":{"start":{"line":118,"column":9},"end":{"line":118,"column":56}},"type":"binary-expr","locations":[{"start":{"line":118,"column":9},"end":{"line":118,"column":32}},{"start":{"line":118,"column":36},"end":{"line":118,"column":56}}]},"2":{"loc":{"start":{"line":123,"column":2},"end":{"line":123,"column":25}},"type":"if","locations":[{"start":{"line":123,"column":2},"end":{"line":123,"column":25}},{"start":{},"end":{}}]},"3":{"loc":{"start":{"line":130,"column":41},"end":{"line":130,"column":82}},"type":"cond-expr","locations":[{"start":{"line":130,"column":73},"end":{"line":130,"column":78}},{"start":{"line":130,"column":81},"end":{"line":130,"column":82}}]},"4":{"loc":{"start":{"line":141,"column":27},"end":{"line":141,"column":64}},"type":"cond-expr","locations":[{"start":{"line":141,"column":59},"end":{"line":141,"column":63}},{"start":{"line":141,"column":63},"end":{"line":141,"column":64}}]},"5":{"loc":{"start":{"line":141,"column":27},"end":{"line":141,"column":63}},"type":"binary-expr","locations":[{"start":{"line":141,"column":27},"end":{"line":141,"column":63}},{"start":{"line":141,"column":59},"end":{"line":141,"column":63}}]},"6":{"loc":{"start":{"line":142,"column":23},"end":{"line":142,"column":55}},"type":"cond-expr","locations":[{"start":{"line":142,"column":50},"end":{"line":142,"column":54}},{"start":{"line":142,"column":54},"end":{"line":142,"column":55}}]},"7":{"loc":{"start":{"line":142,"column":23},"end":{"line":142,"column":54}},"type":"binary-expr","locations":[{"start":{"line":142,"column":23},"end":{"line":142,"column":54}},{"start":{"line":142,"column":50},"end":{"line":142,"column":54}}]},"8":{"loc":{"start":{"line":143,"column":25},"end":{"line":143,"column":60}},"type":"cond-expr","locations":[{"start":{"line":143,"column":55},"end":{"line":143,"column":59}},{"start":{"line":143,"column":59},"end":{"line":143,"column":60}}]},"9":{"loc":{"start":{"line":143,"column":25},"end":{"line":143,"column":59}},"type":"binary-expr","locations":[{"start":{"line":143,"column":25},"end":{"line":143,"column":59}},{"start":{"line":143,"column":55},"end":{"line":143,"column":59}}]},"10":{"loc":{"start":{"line":144,"column":15},"end":{"line":144,"column":38}},"type":"cond-expr","locations":[{"start":{"line":144,"column":33},"end":{"line":144,"column":37}},{"start":{"line":144,"column":37},"end":{"line":144,"column":38}}]},"11":{"loc":{"start":{"line":144,"column":15},"end":{"line":144,"column":37}},"type":"binary-expr","locations":[{"start":{"line":144,"column":15},"end":{"line":144,"column":37}},{"start":{"line":144,"column":33},"end":{"line":144,"column":37}}]},"12":{"loc":{"start":{"line":154,"column":2},"end":{"line":156,"column":3}},"type":"if","locations":[{"start":{"line":154,"column":2},"end":{"line":156,"column":3}},{"start":{},"end":{}}]},"13":{"loc":{"start":{"line":160,"column":4},"end":{"line":160,"column":115}},"type":"binary-expr","locations":[{"start":{"line":160,"column":4},"end":{"line":160,"column":60}},{"start":{"line":160,"column":64},"end":{"line":160,"column":115}}]},"14":{"loc":{"start":{"line":165,"column":4},"end":{"line":165,"column":97}},"type":"binary-expr","locations":[{"start":{"line":165,"column":4},"end":{"line":165,"column":51}},{"start":{"line":165,"column":55},"end":{"line":165,"column":97}}]},"15":{"loc":{"start":{"line":170,"column":4},"end":{"line":170,"column":67}},"type":"binary-expr","locations":[{"start":{"line":170,"column":4},"end":{"line":170,"column":33}},{"start":{"line":170,"column":37},"end":{"line":170,"column":67}}]},"16":{"loc":{"start":{"line":175,"column":4},"end":{"line":175,"column":107}},"type":"binary-expr","locations":[{"start":{"line":175,"column":4},"end":{"line":175,"column":56}},{"start":{"line":175,"column":60},"end":{"line":175,"column":107}}]},"17":{"loc":{"start":{"line":180,"column":2},"end":{"line":182,"column":3}},"type":"if","locations":[{"start":{"line":180,"column":2},"end":{"line":182,"column":3}},{"start":{},"end":{}}]},"18":{"loc":{"start":{"line":181,"column":12},"end":{"line":181,"column":57}},"type":"binary-expr","locations":[{"start":{"line":181,"column":12},"end":{"line":181,"column":33}},{"start":{"line":181,"column":37},"end":{"line":181,"column":57}}]},"19":{"loc":{"start":{"line":194,"column":21},"end":{"line":194,"column":51}},"type":"cond-expr","locations":[{"start":{"line":194,"column":46},"end":{"line":194,"column":50}},{"start":{"line":194,"column":50},"end":{"line":194,"column":51}}]},"20":{"loc":{"start":{"line":194,"column":21},"end":{"line":194,"column":50}},"type":"binary-expr","locations":[{"start":{"line":194,"column":21},"end":{"line":194,"column":50}},{"start":{"line":194,"column":46},"end":{"line":194,"column":50}}]},"21":{"loc":{"start":{"line":195,"column":20},"end":{"line":195,"column":49}},"type":"cond-expr","locations":[{"start":{"line":195,"column":44},"end":{"line":195,"column":48}},{"start":{"line":195,"column":48},"end":{"line":195,"column":49}}]},"22":{"loc":{"start":{"line":195,"column":20},"end":{"line":195,"column":48}},"type":"binary-expr","locations":[{"start":{"line":195,"column":20},"end":{"line":195,"column":48}},{"start":{"line":195,"column":44},"end":{"line":195,"column":48}}]},"23":{"loc":{"start":{"line":196,"column":20},"end":{"line":196,"column":59}},"type":"cond-expr","locations":[{"start":{"line":196,"column":54},"end":{"line":196,"column":58}},{"start":{"line":196,"column":58},"end":{"line":196,"column":59}}]},"24":{"loc":{"start":{"line":196,"column":20},"end":{"line":196,"column":58}},"type":"binary-expr","locations":[{"start":{"line":196,"column":20},"end":{"line":196,"column":58}},{"start":{"line":196,"column":54},"end":{"line":196,"column":58}}]},"25":{"loc":{"start":{"line":197,"column":20},"end":{"line":197,"column":59}},"type":"cond-expr","locations":[{"start":{"line":197,"column":54},"end":{"line":197,"column":58}},{"start":{"line":197,"column":58},"end":{"line":197,"column":59}}]},"26":{"loc":{"start":{"line":197,"column":20},"end":{"line":197,"column":58}},"type":"binary-expr","locations":[{"start":{"line":197,"column":20},"end":{"line":197,"column":58}},{"start":{"line":197,"column":54},"end":{"line":197,"column":58}}]},"27":{"loc":{"start":{"line":198,"column":19},"end":{"line":198,"column":59}},"type":"cond-expr","locations":[{"start":{"line":198,"column":54},"end":{"line":198,"column":58}},{"start":{"line":198,"column":58},"end":{"line":198,"column":59}}]},"28":{"loc":{"start":{"line":198,"column":19},"end":{"line":198,"column":58}},"type":"binary-expr","locations":[{"start":{"line":198,"column":19},"end":{"line":198,"column":58}},{"start":{"line":198,"column":54},"end":{"line":198,"column":58}}]},"29":{"loc":{"start":{"line":199,"column":18},"end":{"line":199,"column":57}},"type":"cond-expr","locations":[{"start":{"line":199,"column":52},"end":{"line":199,"column":56}},{"start":{"line":199,"column":56},"end":{"line":199,"column":57}}]},"30":{"loc":{"start":{"line":199,"column":18},"end":{"line":199,"column":56}},"type":"binary-expr","locations":[{"start":{"line":199,"column":18},"end":{"line":199,"column":56}},{"start":{"line":199,"column":52},"end":{"line":199,"column":56}}]},"31":{"loc":{"start":{"line":200,"column":21},"end":{"line":200,"column":51}},"type":"cond-expr","locations":[{"start":{"line":200,"column":46},"end":{"line":200,"column":50}},{"start":{"line":200,"column":50},"end":{"line":200,"column":51}}]},"32":{"loc":{"start":{"line":200,"column":21},"end":{"line":200,"column":50}},"type":"binary-expr","locations":[{"start":{"line":200,"column":21},"end":{"line":200,"column":50}},{"start":{"line":200,"column":46},"end":{"line":200,"column":50}}]},"33":{"loc":{"start":{"line":216,"column":2},"end":{"line":218,"column":3}},"type":"if","locations":[{"start":{"line":216,"column":2},"end":{"line":218,"column":3}},{"start":{},"end":{}}]},"34":{"loc":{"start":{"line":235,"column":4},"end":{"line":235,"column":85}},"type":"binary-expr","locations":[{"start":{"line":235,"column":4},"end":{"line":235,"column":45}},{"start":{"line":235,"column":49},"end":{"line":235,"column":85}}]},"35":{"loc":{"start":{"line":245,"column":23},"end":{"line":245,"column":55}},"type":"cond-expr","locations":[{"start":{"line":245,"column":50},"end":{"line":245,"column":54}},{"start":{"line":245,"column":54},"end":{"line":245,"column":55}}]},"36":{"loc":{"start":{"line":245,"column":23},"end":{"line":245,"column":54}},"type":"binary-expr","locations":[{"start":{"line":245,"column":23},"end":{"line":245,"column":54}},{"start":{"line":245,"column":50},"end":{"line":245,"column":54}}]},"37":{"loc":{"start":{"line":246,"column":19},"end":{"line":246,"column":47}},"type":"cond-expr","locations":[{"start":{"line":246,"column":42},"end":{"line":246,"column":46}},{"start":{"line":246,"column":46},"end":{"line":246,"column":47}}]},"38":{"loc":{"start":{"line":246,"column":19},"end":{"line":246,"column":46}},"type":"binary-expr","locations":[{"start":{"line":246,"column":19},"end":{"line":246,"column":46}},{"start":{"line":246,"column":42},"end":{"line":246,"column":46}}]},"39":{"loc":{"start":{"line":247,"column":29},"end":{"line":247,"column":67}},"type":"cond-expr","locations":[{"start":{"line":247,"column":62},"end":{"line":247,"column":66}},{"start":{"line":247,"column":66},"end":{"line":247,"column":67}}]},"40":{"loc":{"start":{"line":247,"column":29},"end":{"line":247,"column":66}},"type":"binary-expr","locations":[{"start":{"line":247,"column":29},"end":{"line":247,"column":66}},{"start":{"line":247,"column":62},"end":{"line":247,"column":66}}]},"41":{"loc":{"start":{"line":248,"column":15},"end":{"line":248,"column":38}},"type":"cond-expr","locations":[{"start":{"line":248,"column":33},"end":{"line":248,"column":37}},{"start":{"line":248,"column":37},"end":{"line":248,"column":38}}]},"42":{"loc":{"start":{"line":248,"column":15},"end":{"line":248,"column":37}},"type":"binary-expr","locations":[{"start":{"line":248,"column":15},"end":{"line":248,"column":37}},{"start":{"line":248,"column":33},"end":{"line":248,"column":37}}]},"43":{"loc":{"start":{"line":249,"column":25},"end":{"line":249,"column":60}},"type":"cond-expr","locations":[{"start":{"line":249,"column":55},"end":{"line":249,"column":59}},{"start":{"line":249,"column":59},"end":{"line":249,"column":60}}]},"44":{"loc":{"start":{"line":249,"column":25},"end":{"line":249,"column":59}},"type":"binary-expr","locations":[{"start":{"line":249,"column":25},"end":{"line":249,"column":59}},{"start":{"line":249,"column":55},"end":{"line":249,"column":59}}]},"45":{"loc":{"start":{"line":250,"column":21},"end":{"line":250,"column":51}},"type":"cond-expr","locations":[{"start":{"line":250,"column":46},"end":{"line":250,"column":50}},{"start":{"line":250,"column":50},"end":{"line":250,"column":51}}]},"46":{"loc":{"start":{"line":250,"column":21},"end":{"line":250,"column":50}},"type":"binary-expr","locations":[{"start":{"line":250,"column":21},"end":{"line":250,"column":50}},{"start":{"line":250,"column":46},"end":{"line":250,"column":50}}]},"47":{"loc":{"start":{"line":251,"column":29},"end":{"line":251,"column":69}},"type":"cond-expr","locations":[{"start":{"line":251,"column":64},"end":{"line":251,"column":68}},{"start":{"line":251,"column":68},"end":{"line":251,"column":69}}]},"48":{"loc":{"start":{"line":251,"column":29},"end":{"line":251,"column":68}},"type":"binary-expr","locations":[{"start":{"line":251,"column":29},"end":{"line":251,"column":68}},{"start":{"line":251,"column":64},"end":{"line":251,"column":68}}]},"49":{"loc":{"start":{"line":262,"column":2},"end":{"line":264,"column":3}},"type":"if","locations":[{"start":{"line":262,"column":2},"end":{"line":264,"column":3}},{"start":{},"end":{}}]},"50":{"loc":{"start":{"line":277,"column":4},"end":{"line":277,"column":101}},"type":"binary-expr","locations":[{"start":{"line":277,"column":4},"end":{"line":277,"column":54}},{"start":{"line":277,"column":58},"end":{"line":277,"column":101}}]},"51":{"loc":{"start":{"line":285,"column":4},"end":{"line":285,"column":56}},"type":"binary-expr","locations":[{"start":{"line":285,"column":4},"end":{"line":285,"column":19}},{"start":{"line":285,"column":23},"end":{"line":285,"column":56}}]},"52":{"loc":{"start":{"line":311,"column":2},"end":{"line":313,"column":3}},"type":"if","locations":[{"start":{"line":311,"column":2},"end":{"line":313,"column":3}},{"start":{},"end":{}}]},"53":{"loc":{"start":{"line":319,"column":21},"end":{"line":319,"column":51}},"type":"cond-expr","locations":[{"start":{"line":319,"column":46},"end":{"line":319,"column":50}},{"start":{"line":319,"column":50},"end":{"line":319,"column":51}}]},"54":{"loc":{"start":{"line":319,"column":21},"end":{"line":319,"column":50}},"type":"binary-expr","locations":[{"start":{"line":319,"column":21},"end":{"line":319,"column":50}},{"start":{"line":319,"column":46},"end":{"line":319,"column":50}}]},"55":{"loc":{"start":{"line":320,"column":29},"end":{"line":320,"column":67}},"type":"cond-expr","locations":[{"start":{"line":320,"column":62},"end":{"line":320,"column":66}},{"start":{"line":320,"column":66},"end":{"line":320,"column":67}}]},"56":{"loc":{"start":{"line":320,"column":29},"end":{"line":320,"column":66}},"type":"binary-expr","locations":[{"start":{"line":320,"column":29},"end":{"line":320,"column":66}},{"start":{"line":320,"column":62},"end":{"line":320,"column":66}}]},"57":{"loc":{"start":{"line":321,"column":15},"end":{"line":321,"column":38}},"type":"cond-expr","locations":[{"start":{"line":321,"column":33},"end":{"line":321,"column":37}},{"start":{"line":321,"column":37},"end":{"line":321,"column":38}}]},"58":{"loc":{"start":{"line":321,"column":15},"end":{"line":321,"column":37}},"type":"binary-expr","locations":[{"start":{"line":321,"column":15},"end":{"line":321,"column":37}},{"start":{"line":321,"column":33},"end":{"line":321,"column":37}}]},"59":{"loc":{"start":{"line":322,"column":29},"end":{"line":322,"column":69}},"type":"cond-expr","locations":[{"start":{"line":322,"column":64},"end":{"line":322,"column":68}},{"start":{"line":322,"column":68},"end":{"line":322,"column":69}}]},"60":{"loc":{"start":{"line":322,"column":29},"end":{"line":322,"column":68}},"type":"binary-expr","locations":[{"start":{"line":322,"column":29},"end":{"line":322,"column":68}},{"start":{"line":322,"column":64},"end":{"line":322,"column":68}}]},"61":{"loc":{"start":{"line":323,"column":19},"end":{"line":323,"column":47}},"type":"cond-expr","locations":[{"start":{"line":323,"column":42},"end":{"line":323,"column":46}},{"start":{"line":323,"column":46},"end":{"line":323,"column":47}}]},"62":{"loc":{"start":{"line":323,"column":19},"end":{"line":323,"column":46}},"type":"binary-expr","locations":[{"start":{"line":323,"column":19},"end":{"line":323,"column":46}},{"start":{"line":323,"column":42},"end":{"line":323,"column":46}}]},"63":{"loc":{"start":{"line":365,"column":2},"end":{"line":365,"column":55}},"type":"if","locations":[{"start":{"line":365,"column":2},"end":{"line":365,"column":55}},{"start":{},"end":{}}]},"64":{"loc":{"start":{"line":366,"column":2},"end":{"line":366,"column":121}},"type":"if","locations":[{"start":{"line":366,"column":2},"end":{"line":366,"column":121}},{"start":{},"end":{}}]},"65":{"loc":{"start":{"line":366,"column":6},"end":{"line":366,"column":105}},"type":"binary-expr","locations":[{"start":{"line":366,"column":6},"end":{"line":366,"column":54}},{"start":{"line":366,"column":58},"end":{"line":366,"column":105}}]},"66":{"loc":{"start":{"line":367,"column":2},"end":{"line":367,"column":74}},"type":"if","locations":[{"start":{"line":367,"column":2},"end":{"line":367,"column":74}},{"start":{},"end":{}}]},"67":{"loc":{"start":{"line":372,"column":2},"end":{"line":372,"column":60}},"type":"if","locations":[{"start":{"line":372,"column":2},"end":{"line":372,"column":60}},{"start":{},"end":{}}]},"68":{"loc":{"start":{"line":373,"column":2},"end":{"line":378,"column":3}},"type":"if","locations":[{"start":{"line":373,"column":2},"end":{"line":378,"column":3}},{"start":{},"end":{}}]},"69":{"loc":{"start":{"line":374,"column":4},"end":{"line":375,"column":44}},"type":"binary-expr","locations":[{"start":{"line":374,"column":4},"end":{"line":374,"column":65}},{"start":{"line":375,"column":4},"end":{"line":375,"column":44}}]},"70":{"loc":{"start":{"line":379,"column":2},"end":{"line":379,"column":98}},"type":"if","locations":[{"start":{"line":379,"column":2},"end":{"line":379,"column":98}},{"start":{},"end":{}}]},"71":{"loc":{"start":{"line":379,"column":6},"end":{"line":379,"column":80}},"type":"binary-expr","locations":[{"start":{"line":379,"column":6},"end":{"line":379,"column":65}},{"start":{"line":379,"column":69},"end":{"line":379,"column":80}}]},"72":{"loc":{"start":{"line":384,"column":2},"end":{"line":384,"column":84}},"type":"if","locations":[{"start":{"line":384,"column":2},"end":{"line":384,"column":84}},{"start":{},"end":{}}]},"73":{"loc":{"start":{"line":385,"column":2},"end":{"line":385,"column":74}},"type":"if","locations":[{"start":{"line":385,"column":2},"end":{"line":385,"column":74}},{"start":{},"end":{}}]},"74":{"loc":{"start":{"line":395,"column":2},"end":{"line":411,"column":3}},"type":"if","locations":[{"start":{"line":395,"column":2},"end":{"line":411,"column":3}},{"start":{},"end":{}}]},"75":{"loc":{"start":{"line":419,"column":2},"end":{"line":435,"column":3}},"type":"if","locations":[{"start":{"line":419,"column":2},"end":{"line":435,"column":3}},{"start":{},"end":{}}]},"76":{"loc":{"start":{"line":419,"column":6},"end":{"line":419,"column":55}},"type":"binary-expr","locations":[{"start":{"line":419,"column":6},"end":{"line":419,"column":23}},{"start":{"line":419,"column":27},"end":{"line":419,"column":55}}]},"77":{"loc":{"start":{"line":437,"column":43},"end":{"line":437,"column":73}},"type":"cond-expr","locations":[{"start":{"line":437,"column":68},"end":{"line":437,"column":72}},{"start":{"line":437,"column":72},"end":{"line":437,"column":73}}]},"78":{"loc":{"start":{"line":437,"column":43},"end":{"line":437,"column":72}},"type":"binary-expr","locations":[{"start":{"line":437,"column":43},"end":{"line":437,"column":72}},{"start":{"line":437,"column":68},"end":{"line":437,"column":72}}]},"79":{"loc":{"start":{"line":437,"column":43},"end":{"line":437,"column":68}},"type":"cond-expr","locations":[{"start":{"line":437,"column":61},"end":{"line":437,"column":63}},{"start":{"line":437,"column":43},"end":{"line":437,"column":68}}]},"80":{"loc":{"start":{"line":437,"column":43},"end":{"line":437,"column":63}},"type":"binary-expr","locations":[{"start":{"line":437,"column":43},"end":{"line":437,"column":63}},{"start":{"line":437,"column":43},"end":{"line":437,"column":63}}]},"81":{"loc":{"start":{"line":441,"column":4},"end":{"line":443,"column":47}},"type":"binary-expr","locations":[{"start":{"line":441,"column":4},"end":{"line":441,"column":24}},{"start":{"line":442,"column":4},"end":{"line":442,"column":32}},{"start":{"line":443,"column":4},"end":{"line":443,"column":47}}]},"82":{"loc":{"start":{"line":452,"column":20},"end":{"line":452,"column":70}},"type":"cond-expr","locations":[{"start":{"line":452,"column":35},"end":{"line":452,"column":58}},{"start":{"line":452,"column":61},"end":{"line":452,"column":70}}]}},"s":{"0":1,"1":1,"2":1,"3":1,"4":1,"5":1315,"6":1315,"7":1,"8":749,"9":451,"10":298,"11":298,"12":46,"13":1012,"14":6,"15":6,"16":6,"17":6,"18":6,"19":6,"20":6,"21":6,"22":6,"23":6,"24":6,"25":6,"26":6,"27":2,"28":6,"29":6,"30":6,"31":6,"32":6,"33":6,"34":0,"35":6,"36":6,"37":6,"38":6,"39":6,"40":6,"41":11,"42":11,"43":11,"44":11,"45":11,"46":11,"47":11,"48":11,"49":11,"50":11,"51":11,"52":11,"53":11,"54":11,"55":11,"56":11,"57":11,"58":11,"59":11,"60":0,"61":11,"62":11,"63":11,"64":11,"65":11,"66":11,"67":11,"68":11,"69":11,"70":11,"71":11,"72":11,"73":11,"74":11,"75":11,"76":16,"77":16,"78":16,"79":16,"80":16,"81":16,"82":16,"83":16,"84":16,"85":16,"86":16,"87":16,"88":16,"89":16,"90":16,"91":3,"92":16,"93":16,"94":16,"95":16,"96":16,"97":16,"98":16,"99":16,"100":16,"101":16,"102":16,"103":16,"104":16,"105":16,"106":16,"107":16,"108":16,"109":16,"110":16,"111":16,"112":16,"113":16,"114":16,"115":16,"116":16,"117":16,"118":2,"119":16,"120":7,"121":7,"122":7,"123":7,"124":7,"125":7,"126":7,"127":7,"128":7,"129":7,"130":7,"131":7,"132":7,"133":7,"134":7,"135":7,"136":7,"137":7,"138":7,"139":7,"140":40,"141":40,"142":40,"143":0,"144":40,"145":6,"146":34,"147":31,"148":3,"149":40,"150":0,"151":40,"152":39,"153":1,"154":1,"155":0,"156":46,"157":6,"158":40,"159":38,"160":2,"161":46,"162":46,"163":46,"164":46,"165":6,"166":40,"167":273,"168":40,"169":40,"170":0,"171":40,"172":40,"173":40,"174":40,"175":40},"f":{"0":1315,"1":749,"2":46,"3":1012,"4":6,"5":6,"6":11,"7":16,"8":7,"9":40,"10":40,"11":40,"12":46,"13":46,"14":273},"b":{"0":[363,952],"1":[1315,363],"2":[451,298],"3":[193,819],"4":[5,1],"5":[6,6],"6":[5,1],"7":[6,6],"8":[5,1],"9":[6,6],"10":[6,0],"11":[6,6],"12":[2,4],"13":[6,2],"14":[6,2],"15":[6,3],"16":[6,2],"17":[0,6],"18":[0,0],"19":[11,0],"20":[11,11],"21":[11,0],"22":[11,11],"23":[8,3],"24":[11,11],"25":[4,7],"26":[11,11],"27":[6,5],"28":[11,11],"29":[1,10],"30":[11,11],"31":[1,10],"32":[11,11],"33":[0,11],"34":[11,6],"35":[13,3],"36":[16,16],"37":[8,8],"38":[16,16],"39":[14,2],"40":[16,16],"41":[16,0],"42":[16,16],"43":[11,5],"44":[16,16],"45":[5,11],"46":[16,16],"47":[8,8],"48":[16,16],"49":[3,13],"50":[16,12],"51":[16,6],"52":[2,14],"53":[6,1],"54":[7,7],"55":[6,1],"56":[7,7],"57":[7,0],"58":[7,7],"59":[2,5],"60":[7,7],"61":[4,3],"62":[7,7],"63":[0,40],"64":[6,34],"65":[40,6],"66":[31,3],"67":[0,40],"68":[39,1],"69":[40,1],"70":[1,0],"71":[1,1],"72":[6,40],"73":[38,2],"74":[6,40],"75":[0,40],"76":[40,40],"77":[40,0],"78":[40,40],"79":[0,40],"80":[40,40],"81":[40,40,35],"82":[12,28]}}
,"/home/user/TIBER-Fantasy/server/modules/tiberMatrix/roleOntology.ts": {"path":"/home/user/TIBER-Fantasy/server/modules/tiberMatrix/roleOntology.ts","statementMap":{"0":{"start":{"line":1,"column":0},"end":{"line":1,"column":null}},"1":{"start":{"line":8,"column":13},"end":{"line":8,"column":105}},"2":{"start":{"line":8,"column":83},"end":{"line":8,"column":105}},"3":{"start":{"line":10,"column":13},"end":{"line":515,"column":2}}},"fnMap":{"0":{"name":"(anonymous_0)","decl":{"start":{"line":8,"column":13},"end":{"line":8,"column":14}},"loc":{"start":{"line":8,"column":83},"end":{"line":8,"column":105}}}},"branchMap":{},"s":{"0":1,"1":1,"2":21,"3":1},"f":{"0":21},"b":{}}
,"/home/user/TIBER-Fantasy/shared/types/roleOntology.ts": {"path":"/home/user/TIBER-Fantasy/shared/types/roleOntology.ts","statementMap":{"0":{"start":{"line":1,"column":13},"end":{"line":1,"column":64}},"1":{"start":{"line":3,"column":13},"end":{"line":26,"column":11}},"2":{"start":{"line":31,"column":13},"end":{"line":33,"column":43}},"3":{"start":{"line":32,"column":10},"end":{"line":32,"column":34}},"4":{"start":{"line":115,"column":13},"end":{"line":125,"column":2}}},"fnMap":{"0":{"name":"(anonymous_0)","decl":{"start":{"line":32,"column":2},"end":{"line":32,"column":3}},"loc":{"start":{"line":32,"column":10},"end":{"line":32,"column":34}}}},"branchMap":{},"s":{"0":1,"1":1,"2":1,"3":21,"4":1},"f":{"0":21},"b":{}}
}
