TN:
SF:server/modules/tiberMatrix/assignRoleFromUsage.ts
FN:116,(anonymous_0)
FN:122,(anonymous_1)
FN:129,countPresentMetrics
FN:130,(anonymous_3)
FN:134,unknownRole
FN:140,buildQbScores
FN:193,buildRbScores
FN:244,buildWrScores
FN:318,buildTeScores
FN:352,buildScores
FN:363,inferConfidence
FN:371,inferStability
FN:383,inferDataSufficiency
FN:389,assignRoleFromUsage
FN:414,(anonymous_14)
FNF:15
FNH:15
FNDA:1315,(anonymous_0)
FNDA:749,(anonymous_1)
FNDA:46,countPresentMetrics
FNDA:1012,(anonymous_3)
FNDA:6,unknownRole
FNDA:6,buildQbScores
FNDA:11,buildRbScores
FNDA:16,buildWrScores
FNDA:7,buildTeScores
FNDA:40,buildScores
FNDA:40,inferConfidence
FNDA:40,inferStability
FNDA:46,inferDataSufficiency
FNDA:46,assignRoleFromUsage
FNDA:273,(anonymous_14)
DA:6,1
DA:82,1
DA:116,1
DA:117,1315
DA:118,1315
DA:122,1
DA:123,749
DA:124,298
DA:125,298
DA:130,1012
DA:135,6
DA:141,6
DA:142,6
DA:143,6
DA:144,6
DA:145,6
DA:146,6
DA:148,6
DA:149,6
DA:150,6
DA:151,6
DA:152,6
DA:154,6
DA:155,2
DA:158,6
DA:159,6
DA:164,6
DA:169,6
DA:174,6
DA:180,6
DA:181,0
DA:184,6
DA:185,6
DA:186,6
DA:187,6
DA:188,6
DA:190,6
DA:194,11
DA:195,11
DA:196,11
DA:197,11
DA:198,11
DA:199,11
DA:200,11
DA:201,11
DA:203,11
DA:204,11
DA:205,11
DA:206,11
DA:208,11
DA:210,11
DA:211,11
DA:212,11
DA:213,11
DA:214,11
DA:216,11
DA:217,0
DA:220,11
DA:221,11
DA:222,11
DA:223,11
DA:224,11
DA:226,11
DA:227,11
DA:228,11
DA:229,11
DA:230,11
DA:232,11
DA:233,11
DA:234,11
DA:239,11
DA:241,11
DA:245,16
DA:246,16
DA:247,16
DA:248,16
DA:249,16
DA:250,16
DA:251,16
DA:252,16
DA:253,16
DA:256,16
DA:257,16
DA:258,16
DA:259,16
DA:261,16
DA:262,16
DA:263,3
DA:267,16
DA:268,16
DA:269,16
DA:270,16
DA:272,16
DA:275,16
DA:276,16
DA:281,16
DA:282,16
DA:284,16
DA:291,16
DA:292,16
DA:293,16
DA:294,16
DA:295,16
DA:298,16
DA:299,16
DA:300,16
DA:301,16
DA:303,16
DA:306,16
DA:307,16
DA:308,16
DA:309,16
DA:310,16
DA:311,16
DA:312,2
DA:315,16
DA:319,7
DA:320,7
DA:321,7
DA:322,7
DA:323,7
DA:326,7
DA:327,7
DA:328,7
DA:329,7
DA:331,7
DA:334,7
DA:335,7
DA:336,7
DA:337,7
DA:339,7
DA:342,7
DA:343,7
DA:344,7
DA:345,7
DA:347,7
DA:353,40
DA:360,40
DA:365,40
DA:366,40
DA:367,34
DA:368,3
DA:372,40
DA:373,40
DA:377,39
DA:379,1
DA:380,0
DA:384,46
DA:385,40
DA:386,2
DA:389,1
DA:390,46
DA:391,46
DA:392,46
DA:395,46
DA:396,6
DA:414,273
DA:415,40
DA:419,40
DA:420,0
DA:437,40
DA:438,40
DA:439,40
DA:441,40
DA:445,40
DA:464,1
LF:166
LH:162
BRDA:118,0,0,363
BRDA:118,0,1,952
BRDA:118,1,0,1315
BRDA:118,1,1,363
BRDA:123,2,0,451
BRDA:123,2,1,298
BRDA:130,3,0,193
BRDA:130,3,1,819
BRDA:141,4,0,5
BRDA:141,4,1,1
BRDA:141,5,0,6
BRDA:141,5,1,6
BRDA:142,6,0,5
BRDA:142,6,1,1
BRDA:142,7,0,6
BRDA:142,7,1,6
BRDA:143,8,0,5
BRDA:143,8,1,1
BRDA:143,9,0,6
BRDA:143,9,1,6
BRDA:144,10,0,6
BRDA:144,10,1,0
BRDA:144,11,0,6
BRDA:144,11,1,6
BRDA:154,12,0,2
BRDA:154,12,1,4
BRDA:160,13,0,6
BRDA:160,13,1,2
BRDA:165,14,0,6
BRDA:165,14,1,2
BRDA:170,15,0,6
BRDA:170,15,1,3
BRDA:175,16,0,6
BRDA:175,16,1,2
BRDA:180,17,0,0
BRDA:180,17,1,6
BRDA:181,18,0,0
BRDA:181,18,1,0
BRDA:194,19,0,11
BRDA:194,19,1,0
BRDA:194,20,0,11
BRDA:194,20,1,11
BRDA:195,21,0,11
BRDA:195,21,1,0
BRDA:195,22,0,11
BRDA:195,22,1,11
BRDA:196,23,0,8
BRDA:196,23,1,3
BRDA:196,24,0,11
BRDA:196,24,1,11
BRDA:197,25,0,4
BRDA:197,25,1,7
BRDA:197,26,0,11
BRDA:197,26,1,11
BRDA:198,27,0,6
BRDA:198,27,1,5
BRDA:198,28,0,11
BRDA:198,28,1,11
BRDA:199,29,0,1
BRDA:199,29,1,10
BRDA:199,30,0,11
BRDA:199,30,1,11
BRDA:200,31,0,1
BRDA:200,31,1,10
BRDA:200,32,0,11
BRDA:200,32,1,11
BRDA:216,33,0,0
BRDA:216,33,1,11
BRDA:235,34,0,11
BRDA:235,34,1,6
BRDA:245,35,0,13
BRDA:245,35,1,3
BRDA:245,36,0,16
BRDA:245,36,1,16
BRDA:246,37,0,8
BRDA:246,37,1,8
BRDA:246,38,0,16
BRDA:246,38,1,16
BRDA:247,39,0,14
BRDA:247,39,1,2
BRDA:247,40,0,16
BRDA:247,40,1,16
BRDA:248,41,0,16
BRDA:248,41,1,0
BRDA:248,42,0,16
BRDA:248,42,1,16
BRDA:249,43,0,11
BRDA:249,43,1,5
BRDA:249,44,0,16
BRDA:249,44,1,16
BRDA:250,45,0,5
BRDA:250,45,1,11
BRDA:250,46,0,16
BRDA:250,46,1,16
BRDA:251,47,0,8
BRDA:251,47,1,8
BRDA:251,48,0,16
BRDA:251,48,1,16
BRDA:262,49,0,3
BRDA:262,49,1,13
BRDA:277,50,0,16
BRDA:277,50,1,12
BRDA:285,51,0,16
BRDA:285,51,1,6
BRDA:311,52,0,2
BRDA:311,52,1,14
BRDA:319,53,0,6
BRDA:319,53,1,1
BRDA:319,54,0,7
BRDA:319,54,1,7
BRDA:320,55,0,6
BRDA:320,55,1,1
BRDA:320,56,0,7
BRDA:320,56,1,7
BRDA:321,57,0,7
BRDA:321,57,1,0
BRDA:321,58,0,7
BRDA:321,58,1,7
BRDA:322,59,0,2
BRDA:322,59,1,5
BRDA:322,60,0,7
BRDA:322,60,1,7
BRDA:323,61,0,4
BRDA:323,61,1,3
BRDA:323,62,0,7
BRDA:323,62,1,7
BRDA:365,63,0,0
BRDA:365,63,1,40
BRDA:366,64,0,6
BRDA:366,64,1,34
BRDA:366,65,0,40
BRDA:366,65,1,6
BRDA:367,66,0,31
BRDA:367,66,1,3
BRDA:372,67,0,0
BRDA:372,67,1,40
BRDA:373,68,0,39
BRDA:373,68,1,1
BRDA:374,69,0,40
BRDA:374,69,1,1
BRDA:379,70,0,1
BRDA:379,70,1,0
BRDA:379,71,0,1
BRDA:379,71,1,1
BRDA:384,72,0,6
BRDA:384,72,1,40
BRDA:385,73,0,38
BRDA:385,73,1,2
BRDA:395,74,0,6
BRDA:395,74,1,40
BRDA:419,75,0,0
BRDA:419,75,1,40
BRDA:419,76,0,40
BRDA:419,76,1,40
BRDA:437,77,0,40
BRDA:437,77,1,0
BRDA:437,78,0,40
BRDA:437,78,1,40
BRDA:437,79,0,0
BRDA:437,79,1,40
BRDA:437,80,0,40
BRDA:437,80,1,40
BRDA:441,81,0,40
BRDA:441,81,1,40
BRDA:441,81,2,35
BRDA:452,82,0,12
BRDA:452,82,1,28
BRF:167
BRH:152
end_of_record
TN:
SF:server/modules/tiberMatrix/roleOntology.ts
FN:8,(anonymous_0)
FNF:1
FNH:1
FNDA:21,(anonymous_0)
DA:1,1
DA:8,21
DA:10,1
LF:3
LH:3
BRF:0
BRH:0
end_of_record
TN:
SF:shared/types/roleOntology.ts
FN:32,(anonymous_0)
FNF:1
FNH:1
FNDA:21,(anonymous_0)
DA:1,1
DA:3,1
DA:31,1
DA:32,21
DA:115,1
LF:5
LH:5
BRF:0
BRH:0
end_of_record
