TN:
SF:server/modules/forge/envMatchupRefresh.ts
FN:88,refreshTeamEnvironments
FN:152,refreshMatchupContexts
FN:223,refreshForgeContext
FN:235,calculateLeagueRobustStats
FN:236,(anonymous_14)
FN:236,(anonymous_15)
FN:237,(anonymous_16)
FN:237,(anonymous_17)
FN:238,(anonymous_18)
FN:238,(anonymous_19)
FN:239,(anonymous_20)
FN:239,(anonymous_21)
FN:240,(anonymous_22)
FN:240,(anonymous_23)
FN:254,calculateDefenseRobustStats
FN:255,(anonymous_25)
FN:255,(anonymous_26)
FN:256,(anonymous_27)
FN:256,(anonymous_28)
FN:257,(anonymous_29)
FN:257,(anonymous_30)
FN:258,(anonymous_31)
FN:258,(anonymous_32)
FN:259,(anonymous_33)
FN:259,(anonymous_34)
FN:285,computeEnvironmentScoreV2
FN:338,computeMatchupScoreV2
FN:354,computeWRMatchupV2
FN:381,computeRBMatchupV2
FN:395,computeTEMatchupV2
FN:412,getEnvDebug
FN:428,(anonymous_42)
FN:447,getMatchupDebug
FN:469,(anonymous_45)
FNF:34
FNH:0
FNDA:0,refreshTeamEnvironments
FNDA:0,refreshMatchupContexts
FNDA:0,refreshForgeContext
FNDA:0,calculateLeagueRobustStats
FNDA:0,(anonymous_14)
FNDA:0,(anonymous_15)
FNDA:0,(anonymous_16)
FNDA:0,(anonymous_17)
FNDA:0,(anonymous_18)
FNDA:0,(anonymous_19)
FNDA:0,(anonymous_20)
FNDA:0,(anonymous_21)
FNDA:0,(anonymous_22)
FNDA:0,(anonymous_23)
FNDA:0,calculateDefenseRobustStats
FNDA:0,(anonymous_25)
FNDA:0,(anonymous_26)
FNDA:0,(anonymous_27)
FNDA:0,(anonymous_28)
FNDA:0,(anonymous_29)
FNDA:0,(anonymous_30)
FNDA:0,(anonymous_31)
FNDA:0,(anonymous_32)
FNDA:0,(anonymous_33)
FNDA:0,(anonymous_34)
FNDA:0,computeEnvironmentScoreV2
FNDA:0,computeMatchupScoreV2
FNDA:0,computeWRMatchupV2
FNDA:0,computeRBMatchupV2
FNDA:0,computeTEMatchupV2
FNDA:0,getEnvDebug
FNDA:0,(anonymous_42)
FNDA:0,getMatchupDebug
FNDA:0,(anonymous_45)
DA:16,1
DA:17,1
DA:18,1
DA:25,1
DA:32,1
DA:88,1
DA:89,0
DA:91,0
DA:92,0
DA:102,0
DA:103,0
DA:104,0
DA:108,0
DA:110,0
DA:111,0
DA:112,0
DA:114,0
DA:138,0
DA:141,0
DA:142,0
DA:144,0
DA:145,0
DA:152,1
DA:153,0
DA:155,0
DA:156,0
DA:166,0
DA:167,0
DA:168,0
DA:172,0
DA:174,0
DA:175,0
DA:176,0
DA:177,0
DA:179,0
DA:208,0
DA:212,0
DA:213,0
DA:215,0
DA:216,0
DA:223,1
DA:227,0
DA:228,0
DA:229,0
DA:236,0
DA:237,0
DA:238,0
DA:239,0
DA:240,0
DA:242,0
DA:255,0
DA:256,0
DA:257,0
DA:258,0
DA:259,0
DA:261,0
DA:290,0
DA:293,0
DA:296,0
DA:299,0
DA:300,0
DA:301,0
DA:305,0
DA:309,0
DA:324,0
DA:339,0
DA:341,0
DA:343,0
DA:345,0
DA:347,0
DA:356,0
DA:359,0
DA:362,0
DA:366,0
DA:370,0
DA:375,0
DA:383,0
DA:386,0
DA:389,0
DA:397,0
DA:400,0
DA:403,0
DA:406,0
DA:412,1
DA:417,0
DA:418,0
DA:428,0
DA:429,0
DA:431,0
DA:432,0
DA:434,0
DA:439,0
DA:440,0
DA:447,1
DA:453,0
DA:455,0
DA:458,0
DA:459,0
DA:469,0
DA:470,0
DA:472,0
DA:475,0
DA:476,0
DA:477,0
DA:478,0
DA:481,0
DA:486,0
DA:497,0
DA:502,0
DA:503,0
DA:507,1
LF:111
LH:11
BRDA:102,0,0,0
BRDA:102,0,1,0
BRDA:166,1,0,0
BRDA:166,1,1,0
BRDA:243,2,0,0
BRDA:243,2,1,0
BRDA:244,3,0,0
BRDA:244,3,1,0
BRDA:245,4,0,0
BRDA:245,4,1,0
BRDA:246,5,0,0
BRDA:246,5,1,0
BRDA:247,6,0,0
BRDA:247,6,1,0
BRDA:262,7,0,0
BRDA:262,7,1,0
BRDA:263,8,0,0
BRDA:263,8,1,0
BRDA:264,9,0,0
BRDA:264,9,1,0
BRDA:265,10,0,0
BRDA:265,10,1,0
BRDA:266,11,0,0
BRDA:266,11,1,0
BRDA:339,12,0,0
BRDA:339,12,1,0
BRDA:339,12,2,0
BRDA:339,12,3,0
BRDA:429,13,0,0
BRDA:429,13,1,0
BRDA:453,14,0,0
BRDA:453,14,1,0
BRDA:470,15,0,0
BRDA:470,15,1,0
BRF:34
BRH:0
end_of_record
TN:
SF:server/modules/forge/environmentService.ts
FN:30,getTeamEnvironment
FN:110,getAllTeamEnvironments
FN:125,(anonymous_11)
FN:148,computeEnvScoreFromContext
FN:187,normalize
FNF:5
FNH:0
FNDA:0,getTeamEnvironment
FNDA:0,getAllTeamEnvironments
FNDA:0,(anonymous_11)
FNDA:0,computeEnvScoreFromContext
FNDA:0,normalize
DA:19,1
DA:20,1
DA:21,1
DA:24,1
DA:30,1
DA:35,0
DA:37,0
DA:49,0
DA:50,0
DA:51,0
DA:70,0
DA:82,0
DA:83,0
DA:85,0
DA:86,0
DA:99,0
DA:101,0
DA:102,0
DA:110,1
DA:114,0
DA:115,0
DA:125,0
DA:139,0
DA:140,0
DA:156,0
DA:157,0
DA:159,0
DA:161,0
DA:162,0
DA:163,0
DA:166,0
DA:168,0
DA:169,0
DA:170,0
DA:173,0
DA:175,0
DA:176,0
DA:177,0
DA:181,0
DA:188,0
DA:189,0
DA:192,1
LF:42
LH:7
BRDA:49,0,0,0
BRDA:49,0,1,0
BRDA:55,1,0,0
BRDA:55,1,1,0
BRDA:55,2,0,0
BRDA:55,2,1,0
BRDA:57,3,0,0
BRDA:57,3,1,0
BRDA:57,4,0,0
BRDA:57,4,1,0
BRDA:58,5,0,0
BRDA:58,5,1,0
BRDA:58,6,0,0
BRDA:58,6,1,0
BRDA:59,7,0,0
BRDA:59,7,1,0
BRDA:59,8,0,0
BRDA:59,8,1,0
BRDA:60,9,0,0
BRDA:60,9,1,0
BRDA:60,10,0,0
BRDA:60,10,1,0
BRDA:61,11,0,0
BRDA:61,11,1,0
BRDA:61,12,0,0
BRDA:61,12,1,0
BRDA:62,13,0,0
BRDA:62,13,1,0
BRDA:62,14,0,0
BRDA:62,14,1,0
BRDA:63,15,0,0
BRDA:63,15,1,0
BRDA:63,16,0,0
BRDA:63,16,1,0
BRDA:64,17,0,0
BRDA:64,17,1,0
BRDA:64,18,0,0
BRDA:64,18,1,0
BRDA:82,19,0,0
BRDA:82,19,1,0
BRDA:92,20,0,0
BRDA:92,20,1,0
BRDA:92,21,0,0
BRDA:92,21,1,0
BRDA:93,22,0,0
BRDA:93,22,1,0
BRDA:93,23,0,0
BRDA:93,23,1,0
BRDA:94,24,0,0
BRDA:94,24,1,0
BRDA:94,25,0,0
BRDA:94,25,1,0
BRDA:129,26,0,0
BRDA:129,26,1,0
BRDA:129,27,0,0
BRDA:129,27,1,0
BRDA:131,28,0,0
BRDA:131,28,1,0
BRDA:131,29,0,0
BRDA:131,29,1,0
BRDA:132,30,0,0
BRDA:132,30,1,0
BRDA:132,31,0,0
BRDA:132,31,1,0
BRDA:133,32,0,0
BRDA:133,32,1,0
BRDA:133,33,0,0
BRDA:133,33,1,0
BRDA:134,34,0,0
BRDA:134,34,1,0
BRDA:134,35,0,0
BRDA:134,35,1,0
BRDA:135,36,0,0
BRDA:135,36,1,0
BRDA:135,37,0,0
BRDA:135,37,1,0
BRDA:159,38,0,0
BRDA:159,38,1,0
BRDA:166,39,0,0
BRDA:166,39,1,0
BRDA:173,40,0,0
BRDA:173,40,1,0
BRDA:188,41,0,0
BRDA:188,41,1,0
BRF:84
BRH:0
end_of_record
TN:
SF:server/modules/forge/forgeEngine.ts
FN:27,isDefensivePosition
FN:31,isOffensivePosition
FN:35,assertValidPosition
FN:254,getPositionPillarConfig
FN:270,computePillarScore
FN:301,normalizeMetric
FN:344,computeDerivedMetric
FN:479,createMetricLookup
FN:480,(anonymous_15)
FN:521,extractRecursionSignals
FN:531,fetchRoleBankData
FN:584,fetchTeamContext
FN:647,normalizeRange
FN:653,normalizeTeamContext
FN:668,fetchSoSData
FN:718,computeDynastyContext
FN:757,(anonymous_27)
FN:787,(anonymous_28)
FN:790,(anonymous_29)
FN:827,(anonymous_30)
FN:852,(anonymous_31)
FN:855,(anonymous_32)
FN:878,(anonymous_33)
FN:881,(anonymous_34)
FN:914,(anonymous_35)
FN:929,fetchForgeContext
FN:1049,applyGamesPlayedDampening
FN:1059,(anonymous_39)
FN:1071,runForgeEngine
FN:1154,runForgeEngineBatch
FN:1155,(anonymous_43)
FN:1177,(anonymous_44)
FN:1177,(anonymous_45)
FN:1179,(anonymous_46)
FNF:34
FNH:4
FNDA:0,isDefensivePosition
FNDA:0,isOffensivePosition
FNDA:0,assertValidPosition
FNDA:0,getPositionPillarConfig
FNDA:9,computePillarScore
FNDA:0,normalizeMetric
FNDA:0,computeDerivedMetric
FNDA:0,createMetricLookup
FNDA:0,(anonymous_15)
FNDA:0,extractRecursionSignals
FNDA:0,fetchRoleBankData
FNDA:0,fetchTeamContext
FNDA:9,normalizeRange
FNDA:0,normalizeTeamContext
FNDA:0,fetchSoSData
FNDA:0,computeDynastyContext
FNDA:0,(anonymous_27)
FNDA:0,(anonymous_28)
FNDA:0,(anonymous_29)
FNDA:0,(anonymous_30)
FNDA:0,(anonymous_31)
FNDA:0,(anonymous_32)
FNDA:0,(anonymous_33)
FNDA:0,(anonymous_34)
FNDA:0,(anonymous_35)
FNDA:0,fetchForgeContext
FNDA:6,applyGamesPlayedDampening
FNDA:21,(anonymous_39)
FNDA:0,runForgeEngine
FNDA:0,runForgeEngineBatch
FNDA:0,(anonymous_43)
FNDA:0,(anonymous_44)
FNDA:0,(anonymous_45)
FNDA:0,(anonymous_46)
DA:10,2
DA:11,2
DA:12,2
DA:13,2
DA:14,2
DA:15,2
DA:17,2
DA:23,2
DA:24,2
DA:25,2
DA:27,2
DA:28,0
DA:31,2
DA:32,0
DA:35,2
DA:36,0
DA:37,0
DA:126,2
DA:157,2
DA:188,2
DA:219,2
DA:254,2
DA:255,0
DA:256,0
DA:258,0
DA:260,0
DA:262,0
DA:264,0
DA:266,0
DA:270,2
DA:274,9
DA:275,9
DA:277,9
DA:278,11
DA:279,11
DA:281,8
DA:282,1
DA:285,8
DA:286,2
DA:287,2
DA:290,8
DA:291,8
DA:294,9
DA:295,2
DA:298,7
DA:302,0
DA:304,0
DA:330,0
DA:331,0
DA:332,0
DA:335,0
DA:336,0
DA:345,0
DA:346,0
DA:348,0
DA:352,0
DA:353,0
DA:354,0
DA:355,0
DA:361,0
DA:362,0
DA:364,0
DA:365,0
DA:366,0
DA:369,0
DA:375,0
DA:376,0
DA:377,0
DA:380,0
DA:381,0
DA:382,0
DA:384,0
DA:390,0
DA:391,0
DA:395,0
DA:396,0
DA:399,0
DA:400,0
DA:401,0
DA:403,0
DA:409,0
DA:410,0
DA:412,0
DA:415,0
DA:416,0
DA:419,0
DA:420,0
DA:422,0
DA:427,0
DA:428,0
DA:430,0
DA:431,0
DA:433,0
DA:438,0
DA:439,0
DA:442,0
DA:443,0
DA:453,0
DA:454,0
DA:456,0
DA:458,0
DA:460,0
DA:462,0
DA:464,0
DA:466,0
DA:468,0
DA:470,0
DA:475,0
DA:479,2
DA:480,0
DA:481,0
DA:483,0
DA:485,0
DA:486,0
DA:488,0
DA:489,0
DA:491,0
DA:492,0
DA:494,0
DA:495,0
DA:496,0
DA:498,0
DA:499,0
DA:501,0
DA:504,0
DA:506,0
DA:513,0
DA:514,0
DA:517,0
DA:521,2
DA:525,0
DA:536,0
DA:537,0
DA:539,0
DA:542,0
DA:550,0
DA:551,0
DA:552,0
DA:554,0
DA:557,0
DA:563,0
DA:564,0
DA:565,0
DA:568,0
DA:569,0
DA:571,0
DA:572,0
DA:573,0
DA:577,0
DA:579,0
DA:580,0
DA:588,0
DA:595,0
DA:597,0
DA:598,0
DA:612,0
DA:613,0
DA:627,0
DA:629,0
DA:630,0
DA:633,0
DA:634,0
DA:635,0
DA:636,0
DA:638,0
DA:639,0
DA:647,2
DA:648,9
DA:649,7
DA:650,7
DA:654,0
DA:655,0
DA:656,0
DA:657,0
DA:658,0
DA:660,0
DA:673,0
DA:679,0
DA:681,0
DA:682,0
DA:688,0
DA:690,0
DA:691,0
DA:692,0
DA:693,0
DA:696,0
DA:702,0
DA:703,0
DA:727,0
DA:729,0
DA:730,0
DA:731,0
DA:733,0
DA:736,0
DA:737,0
DA:738,0
DA:741,0
DA:757,0
DA:758,0
DA:761,0
DA:763,0
DA:764,0
DA:765,0
DA:766,0
DA:769,0
DA:779,0
DA:780,0
DA:782,0
DA:783,0
DA:784,0
DA:787,0
DA:788,0
DA:790,0
DA:794,0
DA:798,0
DA:801,0
DA:819,0
DA:821,0
DA:822,0
DA:824,0
DA:827,0
DA:828,0
DA:830,0
DA:832,0
DA:835,0
DA:844,0
DA:845,0
DA:847,0
DA:848,0
DA:849,0
DA:852,0
DA:853,0
DA:855,0
DA:859,0
DA:860,0
DA:864,0
DA:865,0
DA:867,0
DA:876,0
DA:877,0
DA:878,0
DA:879,0
DA:881,0
DA:885,0
DA:889,0
DA:890,0
DA:891,0
DA:898,0
DA:899,0
DA:900,0
DA:903,0
DA:904,0
DA:905,0
DA:908,0
DA:909,0
DA:911,0
DA:912,0
DA:914,0
DA:917,0
DA:922,0
DA:926,0
DA:929,2
DA:935,0
DA:937,0
DA:939,0
DA:941,0
DA:944,0
DA:951,0
DA:952,0
DA:953,0
DA:954,0
DA:956,0
DA:957,0
DA:960,0
DA:966,0
DA:967,0
DA:968,0
DA:969,0
DA:972,0
DA:977,0
DA:978,0
DA:981,0
DA:998,0
DA:999,0
DA:1005,0
DA:1008,0
DA:1011,0
DA:1012,0
DA:1015,0
DA:1018,0
DA:1020,0
DA:1040,2
DA:1047,2
DA:1049,2
DA:1054,6
DA:1055,6
DA:1057,5
DA:1059,5
DA:1060,21
DA:1062,5
DA:1071,2
DA:1077,0
DA:1079,0
DA:1080,0
DA:1083,0
DA:1084,0
DA:1085,0
DA:1088,0
DA:1096,0
DA:1105,0
DA:1110,0
DA:1114,0
DA:1115,0
DA:1116,0
DA:1117,0
DA:1129,0
DA:1132,0
DA:1133,0
DA:1136,0
DA:1138,0
DA:1154,2
DA:1155,0
DA:1160,0
DA:1161,0
DA:1163,0
DA:1164,0
DA:1171,0
DA:1172,0
DA:1173,0
DA:1174,0
DA:1175,0
DA:1176,0
DA:1177,0
DA:1179,0
DA:1181,0
DA:1184,0
DA:1186,0
DA:1191,0
DA:1198,0
DA:1200,0
DA:1201,0
DA:1202,0
DA:1203,0
DA:1204,0
DA:1208,0
DA:1210,0
DA:1211,0
LF:347
LH:52
BRDA:36,0,0,0
BRDA:36,0,1,0
BRDA:255,1,0,0
BRDA:255,1,1,0
BRDA:258,2,0,0
BRDA:258,2,1,0
BRDA:258,2,2,0
BRDA:258,2,3,0
BRDA:279,3,0,3
BRDA:279,3,1,8
BRDA:281,4,0,1
BRDA:281,4,1,7
BRDA:285,5,0,2
BRDA:285,5,1,6
BRDA:286,6,0,2
BRDA:286,6,1,0
BRDA:287,7,0,2
BRDA:287,7,1,0
BRDA:294,8,0,2
BRDA:294,8,1,7
BRDA:302,9,0,0
BRDA:302,9,1,0
BRDA:302,10,0,0
BRDA:302,10,1,0
BRDA:331,11,0,0
BRDA:331,11,1,0
BRDA:348,12,0,0
BRDA:348,12,1,0
BRDA:348,12,2,0
BRDA:348,12,3,0
BRDA:348,12,4,0
BRDA:348,12,5,0
BRDA:348,12,6,0
BRDA:348,12,7,0
BRDA:348,12,8,0
BRDA:348,12,9,0
BRDA:348,12,10,0
BRDA:348,12,11,0
BRDA:348,12,12,0
BRDA:348,12,13,0
BRDA:352,13,0,0
BRDA:352,13,1,0
BRDA:352,13,2,0
BRDA:362,14,0,0
BRDA:362,14,1,0
BRDA:365,15,0,0
BRDA:365,15,1,0
BRDA:376,16,0,0
BRDA:376,16,1,0
BRDA:381,17,0,0
BRDA:381,17,1,0
BRDA:391,18,0,0
BRDA:391,18,1,0
BRDA:400,19,0,0
BRDA:400,19,1,0
BRDA:412,20,0,0
BRDA:412,20,1,0
BRDA:412,21,0,0
BRDA:412,21,1,0
BRDA:419,22,0,0
BRDA:419,22,1,0
BRDA:420,23,0,0
BRDA:420,23,1,0
BRDA:428,24,0,0
BRDA:428,24,1,0
BRDA:428,25,0,0
BRDA:428,25,1,0
BRDA:431,26,0,0
BRDA:431,26,1,0
BRDA:439,27,0,0
BRDA:439,27,1,0
BRDA:439,28,0,0
BRDA:439,28,1,0
BRDA:454,29,0,0
BRDA:454,29,1,0
BRDA:456,30,0,0
BRDA:456,30,1,0
BRDA:456,30,2,0
BRDA:456,30,3,0
BRDA:456,30,4,0
BRDA:456,30,5,0
BRDA:456,30,6,0
BRDA:483,31,0,0
BRDA:483,31,1,0
BRDA:483,31,2,0
BRDA:483,31,3,0
BRDA:483,31,4,0
BRDA:483,31,5,0
BRDA:485,32,0,0
BRDA:485,32,1,0
BRDA:485,33,0,0
BRDA:485,33,1,0
BRDA:488,34,0,0
BRDA:488,34,1,0
BRDA:488,35,0,0
BRDA:488,35,1,0
BRDA:491,36,0,0
BRDA:491,36,1,0
BRDA:491,37,0,0
BRDA:491,37,1,0
BRDA:494,38,0,0
BRDA:494,38,1,0
BRDA:494,39,0,0
BRDA:494,39,1,0
BRDA:494,40,0,0
BRDA:494,40,1,0
BRDA:495,41,0,0
BRDA:495,41,1,0
BRDA:495,42,0,0
BRDA:495,42,1,0
BRDA:495,43,0,0
BRDA:495,43,1,0
BRDA:504,44,0,0
BRDA:504,44,1,0
BRDA:513,45,0,0
BRDA:513,45,1,0
BRDA:551,46,0,0
BRDA:551,46,1,0
BRDA:554,47,0,0
BRDA:554,47,1,0
BRDA:554,47,2,0
BRDA:563,48,0,0
BRDA:563,48,1,0
BRDA:572,49,0,0
BRDA:572,49,1,0
BRDA:595,50,0,0
BRDA:595,50,1,0
BRDA:612,51,0,0
BRDA:612,51,1,0
BRDA:627,52,0,0
BRDA:627,52,1,0
BRDA:635,53,0,0
BRDA:635,53,1,0
BRDA:635,54,0,0
BRDA:635,54,1,0
BRDA:635,55,0,0
BRDA:635,55,1,0
BRDA:635,56,0,0
BRDA:635,56,1,0
BRDA:635,57,0,0
BRDA:635,57,1,0
BRDA:635,58,0,0
BRDA:635,58,1,0
BRDA:635,59,0,0
BRDA:635,59,1,0
BRDA:635,60,0,0
BRDA:635,60,1,0
BRDA:648,61,0,2
BRDA:648,61,1,7
BRDA:654,62,0,0
BRDA:654,62,1,0
BRDA:655,63,0,0
BRDA:655,63,1,0
BRDA:656,64,0,0
BRDA:656,64,1,0
BRDA:657,65,0,0
BRDA:657,65,1,0
BRDA:658,66,0,0
BRDA:658,66,1,0
BRDA:679,67,0,0
BRDA:679,67,1,0
BRDA:688,68,0,0
BRDA:688,68,1,0
BRDA:693,69,0,0
BRDA:693,69,1,0
BRDA:697,70,0,0
BRDA:697,70,1,0
BRDA:697,71,0,0
BRDA:697,71,1,0
BRDA:697,72,0,0
BRDA:697,72,1,0
BRDA:697,73,0,0
BRDA:697,73,1,0
BRDA:698,74,0,0
BRDA:698,74,1,0
BRDA:698,75,0,0
BRDA:698,75,1,0
BRDA:698,76,0,0
BRDA:698,76,1,0
BRDA:698,77,0,0
BRDA:698,77,1,0
BRDA:699,78,0,0
BRDA:699,78,1,0
BRDA:699,79,0,0
BRDA:699,79,1,0
BRDA:699,80,0,0
BRDA:699,80,1,0
BRDA:699,81,0,0
BRDA:699,81,1,0
BRDA:727,82,0,0
BRDA:727,82,1,0
BRDA:736,83,0,0
BRDA:736,83,1,0
BRDA:758,84,0,0
BRDA:758,84,1,0
BRDA:761,85,0,0
BRDA:761,85,1,0
BRDA:765,86,0,0
BRDA:765,86,1,0
BRDA:765,86,2,0
BRDA:766,87,0,0
BRDA:766,87,1,0
BRDA:782,88,0,0
BRDA:782,88,1,0
BRDA:784,89,0,0
BRDA:784,89,1,0
BRDA:784,89,2,0
BRDA:788,90,0,0
BRDA:788,90,1,0
BRDA:788,90,2,0
BRDA:819,91,0,0
BRDA:819,91,1,0
BRDA:828,92,0,0
BRDA:828,92,1,0
BRDA:828,93,0,0
BRDA:828,93,1,0
BRDA:830,94,0,0
BRDA:830,94,1,0
BRDA:847,95,0,0
BRDA:847,95,1,0
BRDA:849,96,0,0
BRDA:849,96,1,0
BRDA:849,96,2,0
BRDA:853,97,0,0
BRDA:853,97,1,0
BRDA:853,97,2,0
BRDA:865,98,0,0
BRDA:865,98,1,0
BRDA:877,99,0,0
BRDA:877,99,1,0
BRDA:879,100,0,0
BRDA:879,100,1,0
BRDA:879,100,2,0
BRDA:889,101,0,0
BRDA:889,101,1,0
BRDA:891,102,0,0
BRDA:891,102,1,0
BRDA:898,103,0,0
BRDA:898,103,1,0
BRDA:898,104,0,0
BRDA:898,104,1,0
BRDA:899,105,0,0
BRDA:899,105,1,0
BRDA:899,106,0,0
BRDA:899,106,1,0
BRDA:903,107,0,0
BRDA:903,107,1,0
BRDA:903,108,0,0
BRDA:903,108,1,0
BRDA:904,109,0,0
BRDA:904,109,1,0
BRDA:904,110,0,0
BRDA:904,110,1,0
BRDA:905,111,0,0
BRDA:905,111,1,0
BRDA:905,112,0,0
BRDA:905,112,1,0
BRDA:909,113,0,0
BRDA:909,113,1,0
BRDA:952,114,0,0
BRDA:952,114,1,0
BRDA:954,115,0,0
BRDA:954,115,1,0
BRDA:954,115,2,0
BRDA:956,116,0,0
BRDA:956,116,1,0
BRDA:966,117,0,0
BRDA:966,117,1,0
BRDA:968,118,0,0
BRDA:968,118,1,0
BRDA:969,119,0,0
BRDA:969,119,1,0
BRDA:977,120,0,0
BRDA:977,120,1,0
BRDA:978,121,0,0
BRDA:978,121,1,0
BRDA:998,122,0,0
BRDA:998,122,1,0
BRDA:1032,123,0,0
BRDA:1032,123,1,0
BRDA:1032,124,0,0
BRDA:1032,124,1,0
BRDA:1033,125,0,0
BRDA:1033,125,1,0
BRDA:1055,126,0,1
BRDA:1055,126,1,5
BRDA:1067,127,0,1
BRDA:1067,127,1,4
BRDA:1079,128,0,0
BRDA:1079,128,1,0
BRDA:1114,129,0,0
BRDA:1114,129,1,0
BRDA:1114,130,0,0
BRDA:1114,130,1,0
BRDA:1116,131,0,0
BRDA:1116,131,1,0
BRDA:1132,132,0,0
BRDA:1132,132,1,0
BRDA:1133,133,0,0
BRDA:1133,133,1,0
BRDA:1133,134,0,0
BRDA:1133,134,1,0
BRDA:1133,135,0,0
BRDA:1133,135,1,0
BRDA:1133,136,0,0
BRDA:1133,136,1,0
BRDA:1133,137,0,0
BRDA:1133,137,1,0
BRDA:1133,138,0,0
BRDA:1133,138,1,0
BRDA:1136,139,0,0
BRDA:1136,139,1,0
BRDA:1136,140,0,0
BRDA:1136,140,1,0
BRDA:1136,141,0,0
BRDA:1136,141,1,0
BRDA:1136,142,0,0
BRDA:1136,142,1,0
BRDA:1158,143,0,0
BRDA:1163,144,0,0
BRDA:1163,144,1,0
BRDA:1202,145,0,0
BRDA:1202,145,1,0
BRF:323
BRH:16
end_of_record
TN:
SF:server/modules/forge/forgeFootballLens.ts
FN:27,scalePillar
FN:40,applyFootballLens
FNF:2
FNH:0
FNDA:0,scalePillar
FNDA:0,applyFootballLens
DA:32,0
DA:33,0
DA:34,0
DA:40,1
DA:43,0
DA:44,0
DA:45,0
DA:47,0
DA:48,0
DA:50,0
DA:51,0
DA:59,0
DA:62,0
DA:63,0
DA:74,0
DA:75,0
DA:77,0
DA:78,0
DA:88,0
DA:89,0
DA:99,0
DA:100,0
DA:108,0
DA:112,0
DA:113,0
DA:115,0
DA:116,0
DA:124,0
DA:128,0
DA:129,0
DA:131,0
DA:132,0
DA:142,0
DA:143,0
DA:154,0
DA:155,0
DA:156,0
DA:157,0
DA:158,0
DA:166,0
DA:167,0
DA:175,0
LF:42
LH:1
BRDA:33,0,0,0
BRDA:33,0,1,0
BRDA:47,1,0,0
BRDA:47,1,1,0
BRDA:50,2,0,0
BRDA:50,2,1,0
BRDA:50,3,0,0
BRDA:50,3,1,0
BRDA:62,4,0,0
BRDA:62,4,1,0
BRDA:62,5,0,0
BRDA:62,5,1,0
BRDA:74,6,0,0
BRDA:74,6,1,0
BRDA:77,7,0,0
BRDA:77,7,1,0
BRDA:77,8,0,0
BRDA:77,8,1,0
BRDA:88,9,0,0
BRDA:88,9,1,0
BRDA:88,10,0,0
BRDA:88,10,1,0
BRDA:99,11,0,0
BRDA:99,11,1,0
BRDA:99,12,0,0
BRDA:99,12,1,0
BRDA:112,13,0,0
BRDA:112,13,1,0
BRDA:115,14,0,0
BRDA:115,14,1,0
BRDA:115,15,0,0
BRDA:115,15,1,0
BRDA:128,16,0,0
BRDA:128,16,1,0
BRDA:131,17,0,0
BRDA:131,17,1,0
BRDA:131,18,0,0
BRDA:131,18,1,0
BRDA:142,19,0,0
BRDA:142,19,1,0
BRDA:142,20,0,0
BRDA:142,20,1,0
BRDA:157,21,0,0
BRDA:157,21,1,0
BRDA:157,22,0,0
BRDA:157,22,1,0
BRDA:166,23,0,0
BRDA:166,23,1,0
BRF:48
BRH:0
end_of_record
TN:
SF:server/modules/forge/forgeGrading.ts
FN:88,normalizeWeights
FN:99,getPositionForgeWeights
FN:127,calibrateAlpha
FN:139,computeBaseAlpha
FN:163,applyRecursionBias
FN:189,mapAlphaToTier
FN:199,gradeForge
FN:284,gradeForgeWithMeta
FNF:8
FNH:0
FNDA:0,normalizeWeights
FNDA:0,getPositionForgeWeights
FNDA:0,calibrateAlpha
FNDA:0,computeBaseAlpha
FNDA:0,applyRecursionBias
FNDA:0,mapAlphaToTier
FNDA:0,gradeForge
FNDA:0,gradeForgeWithMeta
DA:11,1
DA:12,1
DA:13,1
DA:14,1
DA:48,1
DA:64,1
DA:76,1
DA:89,0
DA:90,0
DA:91,0
DA:99,1
DA:103,0
DA:106,0
DA:110,0
DA:111,0
DA:117,0
DA:123,0
DA:128,0
DA:129,0
DA:131,0
DA:132,0
DA:133,0
DA:135,0
DA:136,0
DA:143,0
DA:144,0
DA:146,0
DA:149,0
DA:155,0
DA:163,1
DA:167,0
DA:168,0
DA:169,0
DA:171,0
DA:172,0
DA:173,0
DA:174,0
DA:177,0
DA:178,0
DA:179,0
DA:180,0
DA:183,0
DA:189,1
DA:190,0
DA:192,0
DA:193,0
DA:194,0
DA:195,0
DA:196,0
DA:199,1
DA:203,0
DA:204,0
DA:206,0
DA:207,0
DA:208,0
DA:210,0
DA:211,0
DA:212,0
DA:213,0
DA:214,0
DA:218,0
DA:219,0
DA:221,0
DA:223,0
DA:224,0
DA:225,0
DA:226,0
DA:228,0
DA:230,0
DA:232,0
DA:233,0
DA:234,0
DA:237,0
DA:238,0
DA:239,0
DA:243,0
DA:245,0
DA:247,0
DA:252,0
DA:254,0
DA:256,0
DA:258,0
DA:284,1
DA:288,0
DA:290,0
LF:85
LH:12
BRDA:90,0,0,0
BRDA:90,0,1,0
BRDA:101,1,0,0
BRDA:103,2,0,0
BRDA:103,2,1,0
BRDA:103,2,2,0
BRDA:103,2,3,0
BRDA:129,3,0,0
BRDA:129,3,1,0
BRDA:133,4,0,0
BRDA:133,4,1,0
BRDA:146,5,0,0
BRDA:146,5,1,0
BRDA:171,6,0,0
BRDA:171,6,1,0
BRDA:171,7,0,0
BRDA:171,7,1,0
BRDA:177,8,0,0
BRDA:177,8,1,0
BRDA:192,9,0,0
BRDA:192,9,1,0
BRDA:193,10,0,0
BRDA:193,10,1,0
BRDA:194,11,0,0
BRDA:194,11,1,0
BRDA:195,12,0,0
BRDA:195,12,1,0
BRDA:201,13,0,0
BRDA:203,14,0,0
BRDA:203,14,1,0
BRDA:203,15,0,0
BRDA:203,15,1,0
BRDA:204,16,0,0
BRDA:204,16,1,0
BRDA:204,17,0,0
BRDA:204,17,1,0
BRDA:210,18,0,0
BRDA:210,18,1,0
BRDA:221,19,0,0
BRDA:221,19,1,0
BRDA:221,20,0,0
BRDA:221,20,1,0
BRDA:221,20,2,0
BRDA:226,21,0,0
BRDA:226,21,1,0
BRDA:226,22,0,0
BRDA:226,22,1,0
BRDA:228,23,0,0
BRDA:228,23,1,0
BRDA:228,24,0,0
BRDA:228,24,1,0
BRDA:230,25,0,0
BRDA:230,25,1,0
BRDA:256,26,0,0
BRDA:256,26,1,0
BRDA:263,27,0,0
BRDA:263,27,1,0
BRDA:286,28,0,0
BRF:58
BRH:0
end_of_record
TN:
SF:server/modules/forge/matchupService.ts
FN:30,getMatchupContext
FN:129,getDefenseMatchups
FN:171,computeMatchupScoreFromContext
FN:202,computeWRMatchupScore
FN:236,computeRBMatchupScore
FN:259,computeTEMatchupScore
FN:283,normalize
FNF:7
FNH:0
FNDA:0,getMatchupContext
FNDA:0,getDefenseMatchups
FNDA:0,computeMatchupScoreFromContext
FNDA:0,computeWRMatchupScore
FNDA:0,computeRBMatchupScore
FNDA:0,computeTEMatchupScore
FNDA:0,normalize
DA:20,1
DA:21,1
DA:22,1
DA:25,1
DA:30,1
DA:37,0
DA:39,0
DA:52,0
DA:53,0
DA:54,0
DA:74,0
DA:86,0
DA:87,0
DA:88,0
DA:89,0
DA:105,0
DA:114,0
DA:115,0
DA:129,1
DA:134,0
DA:135,0
DA:142,0
DA:143,0
DA:154,0
DA:155,0
DA:156,0
DA:157,0
DA:161,0
DA:164,0
DA:181,0
DA:183,0
DA:185,0
DA:186,0
DA:188,0
DA:189,0
DA:191,0
DA:192,0
DA:195,0
DA:196,0
DA:199,0
DA:207,0
DA:208,0
DA:212,0
DA:213,0
DA:214,0
DA:215,0
DA:220,0
DA:221,0
DA:222,0
DA:223,0
DA:227,0
DA:228,0
DA:229,0
DA:230,0
DA:233,0
DA:241,0
DA:245,0
DA:246,0
DA:247,0
DA:251,0
DA:252,0
DA:253,0
DA:256,0
DA:263,0
DA:266,0
DA:267,0
DA:268,0
DA:272,0
DA:273,0
DA:274,0
DA:277,0
DA:284,0
DA:285,0
DA:288,1
LF:74
LH:7
BRDA:52,0,0,0
BRDA:52,0,1,0
BRDA:60,1,0,0
BRDA:60,1,1,0
BRDA:60,2,0,0
BRDA:60,2,1,0
BRDA:62,3,0,0
BRDA:62,3,1,0
BRDA:62,4,0,0
BRDA:62,4,1,0
BRDA:63,5,0,0
BRDA:63,5,1,0
BRDA:63,6,0,0
BRDA:63,6,1,0
BRDA:64,7,0,0
BRDA:64,7,1,0
BRDA:64,8,0,0
BRDA:64,8,1,0
BRDA:65,9,0,0
BRDA:65,9,1,0
BRDA:65,10,0,0
BRDA:65,10,1,0
BRDA:66,11,0,0
BRDA:66,11,1,0
BRDA:66,12,0,0
BRDA:66,12,1,0
BRDA:67,13,0,0
BRDA:67,13,1,0
BRDA:67,14,0,0
BRDA:67,14,1,0
BRDA:68,15,0,0
BRDA:68,15,1,0
BRDA:68,16,0,0
BRDA:68,16,1,0
BRDA:86,17,0,0
BRDA:86,17,1,0
BRDA:97,18,0,0
BRDA:97,18,1,0
BRDA:97,19,0,0
BRDA:97,19,1,0
BRDA:98,20,0,0
BRDA:98,20,1,0
BRDA:98,21,0,0
BRDA:98,21,1,0
BRDA:99,22,0,0
BRDA:99,22,1,0
BRDA:99,23,0,0
BRDA:99,23,1,0
BRDA:156,24,0,0
BRDA:156,24,1,0
BRDA:157,25,0,0
BRDA:157,25,1,0
BRDA:157,26,0,0
BRDA:157,26,1,0
BRDA:183,27,0,0
BRDA:183,27,1,0
BRDA:183,27,2,0
BRDA:183,27,3,0
BRDA:212,28,0,0
BRDA:212,28,1,0
BRDA:220,29,0,0
BRDA:220,29,1,0
BRDA:227,30,0,0
BRDA:227,30,1,0
BRDA:245,31,0,0
BRDA:245,31,1,0
BRDA:251,32,0,0
BRDA:251,32,1,0
BRDA:266,33,0,0
BRDA:266,33,1,0
BRDA:272,34,0,0
BRDA:272,34,1,0
BRDA:284,35,0,0
BRDA:284,35,1,0
BRF:74
BRH:0
end_of_record
TN:
SF:server/modules/forge/qbContextPopulator.ts
FN:31,getAgeCurveFactor
FN:70,populateQbContext2025
FN:70,(anonymous_9)
FN:87,(anonymous_10)
FN:184,(anonymous_11)
FN:191,(anonymous_12)
FN:285,calculateQbScores
FN:341,(anonymous_14)
FN:343,(anonymous_15)
FN:372,estimateQbAge
FN:392,getTeamPassEpa
FN:412,getPrimaryQbContext
FN:412,(anonymous_21)
FNF:13
FNH:0
FNDA:0,getAgeCurveFactor
FNDA:0,populateQbContext2025
FNDA:0,(anonymous_9)
FNDA:0,(anonymous_10)
FNDA:0,(anonymous_11)
FNDA:0,(anonymous_12)
FNDA:0,calculateQbScores
FNDA:0,(anonymous_14)
FNDA:0,(anonymous_15)
FNDA:0,estimateQbAge
FNDA:0,getTeamPassEpa
FNDA:0,getPrimaryQbContext
FNDA:0,(anonymous_21)
DA:13,1
DA:14,1
DA:15,1
DA:22,1
DA:32,0
DA:35,0
DA:37,0
DA:39,0
DA:41,0
DA:43,0
DA:45,0
DA:70,1
DA:75,0
DA:76,0
DA:78,0
DA:79,0
DA:82,0
DA:87,0
DA:88,0
DA:91,0
DA:93,0
DA:94,0
DA:96,0
DA:105,0
DA:107,0
DA:108,0
DA:109,0
DA:112,0
DA:125,0
DA:126,0
DA:127,0
DA:128,0
DA:129,0
DA:130,0
DA:133,0
DA:134,0
DA:135,0
DA:136,0
DA:140,0
DA:161,0
DA:162,0
DA:163,0
DA:167,0
DA:168,0
DA:169,0
DA:170,0
DA:171,0
DA:172,0
DA:173,0
DA:177,0
DA:184,0
DA:191,0
DA:194,0
DA:205,0
DA:208,0
DA:211,0
DA:248,0
DA:249,0
DA:252,0
DA:253,0
DA:257,0
DA:259,0
DA:262,0
DA:263,0
DA:286,0
DA:289,0
DA:294,0
DA:295,0
DA:298,0
DA:299,0
DA:301,0
DA:305,0
DA:306,0
DA:307,0
DA:310,0
DA:313,0
DA:316,0
DA:318,0
DA:319,0
DA:323,0
DA:325,0
DA:326,0
DA:330,0
DA:331,0
DA:332,0
DA:335,0
DA:341,0
DA:342,0
DA:343,0
DA:347,0
DA:350,0
DA:354,0
DA:360,0
DA:361,0
DA:363,0
DA:374,0
DA:375,0
DA:380,0
DA:381,0
DA:383,0
DA:389,0
DA:393,0
DA:394,0
DA:399,0
DA:400,0
DA:406,0
DA:412,1
DA:421,0
DA:422,0
DA:428,0
DA:430,0
DA:431,0
DA:441,0
DA:442,0
LF:114
LH:6
BRDA:32,0,0,0
BRDA:32,0,1,0
BRDA:35,1,0,0
BRDA:35,1,1,0
BRDA:35,2,0,0
BRDA:35,2,1,0
BRDA:37,3,0,0
BRDA:37,3,1,0
BRDA:37,4,0,0
BRDA:37,4,1,0
BRDA:39,5,0,0
BRDA:39,5,1,0
BRDA:39,6,0,0
BRDA:39,6,1,0
BRDA:41,7,0,0
BRDA:41,7,1,0
BRDA:43,8,0,0
BRDA:43,8,1,0
BRDA:43,9,0,0
BRDA:43,9,1,0
BRDA:70,10,0,0
BRDA:105,11,0,0
BRDA:105,11,1,0
BRDA:125,12,0,0
BRDA:125,12,1,0
BRDA:127,13,0,0
BRDA:127,13,1,0
BRDA:128,14,0,0
BRDA:128,14,1,0
BRDA:129,15,0,0
BRDA:129,15,1,0
BRDA:130,16,0,0
BRDA:130,16,1,0
BRDA:161,17,0,0
BRDA:161,17,1,0
BRDA:169,18,0,0
BRDA:169,18,1,0
BRDA:170,19,0,0
BRDA:170,19,1,0
BRDA:171,20,0,0
BRDA:171,20,1,0
BRDA:172,21,0,0
BRDA:172,21,1,0
BRDA:173,22,0,0
BRDA:173,22,1,0
BRDA:186,23,0,0
BRDA:186,23,1,0
BRDA:187,24,0,0
BRDA:187,24,1,0
BRDA:298,25,0,0
BRDA:298,25,1,0
BRDA:299,26,0,0
BRDA:299,26,1,0
BRDA:316,27,0,0
BRDA:316,27,1,0
BRDA:323,28,0,0
BRDA:323,28,1,0
BRDA:330,29,0,0
BRDA:330,29,1,0
BRDA:342,30,0,0
BRDA:342,30,1,0
BRDA:360,31,0,0
BRDA:360,31,1,0
BRDA:380,32,0,0
BRDA:380,32,1,0
BRDA:381,33,0,0
BRDA:381,33,1,0
BRDA:383,34,0,0
BRDA:383,34,1,0
BRDA:399,35,0,0
BRDA:399,35,1,0
BRDA:400,36,0,0
BRDA:400,36,1,0
BRDA:412,37,0,0
BRDA:428,38,0,0
BRDA:428,38,1,0
BRDA:434,39,0,0
BRDA:434,39,1,0
BRDA:435,40,0,0
BRDA:435,40,1,0
BRDA:436,41,0,0
BRDA:436,41,1,0
BRDA:437,42,0,0
BRDA:437,42,1,0
BRDA:438,43,0,0
BRDA:438,43,1,0
BRF:86
BRH:0
end_of_record
TN:
SF:server/modules/forge/robustNormalize.ts
FN:27,calculateRobustStats
FN:32,(anonymous_1)
FN:32,(anonymous_2)
FN:48,percentile
FN:73,robustNormalize
FN:101,computeMetricStats
FN:106,(anonymous_6)
FN:107,(anonymous_7)
FN:120,createComponent
FNF:9
FNH:0
FNDA:0,calculateRobustStats
FNDA:0,(anonymous_1)
FNDA:0,(anonymous_2)
FNDA:0,percentile
FNDA:0,robustNormalize
FNDA:0,computeMetricStats
FNDA:0,(anonymous_6)
FNDA:0,(anonymous_7)
FNDA:0,createComponent
DA:22,1
DA:27,1
DA:28,0
DA:29,0
DA:32,0
DA:33,0
DA:34,0
DA:37,0
DA:38,0
DA:39,0
DA:40,0
DA:42,0
DA:49,0
DA:50,0
DA:52,0
DA:53,0
DA:54,0
DA:55,0
DA:57,0
DA:58,0
DA:73,1
DA:79,0
DA:80,0
DA:84,0
DA:87,0
DA:88,0
DA:92,0
DA:95,0
DA:101,1
DA:105,0
DA:106,0
DA:107,0
DA:109,0
DA:120,1
DA:126,0
DA:136,1
DA:152,1
LF:37
LH:7
BRDA:28,0,0,0
BRDA:28,0,1,0
BRDA:32,1,0,0
BRDA:32,1,1,0
BRDA:33,2,0,0
BRDA:33,2,1,0
BRDA:49,3,0,0
BRDA:49,3,1,0
BRDA:50,4,0,0
BRDA:50,4,1,0
BRDA:57,5,0,0
BRDA:57,5,1,0
BRDA:76,6,0,0
BRDA:77,7,0,0
BRDA:79,8,0,0
BRDA:79,8,1,0
BRDA:79,9,0,0
BRDA:79,9,1,0
BRDA:87,10,0,0
BRDA:87,10,1,0
BRDA:107,11,0,0
BRDA:107,11,1,0
BRDA:107,11,2,0
BRDA:123,12,0,0
BRDA:124,13,0,0
BRF:25
BRH:0
end_of_record
TN:
SF:server/modules/forge/roleConsistencyPillar.ts
FN:61,computeRoleConsistency
FN:138,fetchWeeklyRoleData
FN:166,(anonymous_11)
FN:183,filterActiveWeeks
FN:186,(anonymous_13)
FN:199,extractRoleMetrics
FN:206,(anonymous_15)
FN:208,(anonymous_16)
FN:219,(anonymous_17)
FN:221,(anonymous_18)
FN:231,(anonymous_19)
FN:233,(anonymous_20)
FN:251,cvToScore
FN:265,mean
FN:267,(anonymous_23)
FN:270,stdev
FN:273,(anonymous_25)
FNF:17
FNH:5
FNDA:0,computeRoleConsistency
FNDA:0,fetchWeeklyRoleData
FNDA:0,(anonymous_11)
FNDA:0,filterActiveWeeks
FNDA:0,(anonymous_13)
FNDA:0,extractRoleMetrics
FNDA:0,(anonymous_15)
FNDA:0,(anonymous_16)
FNDA:0,(anonymous_17)
FNDA:0,(anonymous_18)
FNDA:0,(anonymous_19)
FNDA:0,(anonymous_20)
FNDA:10,cvToScore
FNDA:14,mean
FNDA:64,(anonymous_23)
FNDA:6,stdev
FNDA:29,(anonymous_25)
DA:16,2
DA:17,2
DA:19,2
DA:32,2
DA:40,2
DA:49,2
DA:56,2
DA:61,2
DA:66,0
DA:68,0
DA:75,0
DA:76,0
DA:77,0
DA:78,0
DA:82,0
DA:84,0
DA:85,0
DA:89,0
DA:91,0
DA:92,0
DA:96,0
DA:99,0
DA:100,0
DA:104,0
DA:105,0
DA:106,0
DA:109,0
DA:112,0
DA:113,0
DA:116,0
DA:123,0
DA:124,0
DA:143,0
DA:160,0
DA:166,0
DA:184,0
DA:186,0
DA:187,0
DA:189,0
DA:192,0
DA:194,0
DA:203,0
DA:206,0
DA:208,0
DA:209,0
DA:210,0
DA:219,0
DA:221,0
DA:222,0
DA:223,0
DA:231,0
DA:233,0
DA:234,0
DA:235,0
DA:237,0
DA:238,0
DA:251,2
DA:252,10
DA:254,8
DA:255,8
DA:257,6
DA:258,6
DA:261,6
DA:262,6
DA:266,14
DA:267,64
DA:271,6
DA:272,6
DA:273,29
DA:274,6
LF:70
LH:22
BRDA:76,0,0,0
BRDA:76,0,1,0
BRDA:78,1,0,0
BRDA:78,1,1,0
BRDA:78,1,2,0
BRDA:84,2,0,0
BRDA:84,2,1,0
BRDA:91,3,0,0
BRDA:91,3,1,0
BRDA:99,4,0,0
BRDA:99,4,1,0
BRDA:112,5,0,0
BRDA:112,5,1,0
BRDA:112,6,0,0
BRDA:112,6,1,0
BRDA:113,7,0,0
BRDA:113,7,1,0
BRDA:167,8,0,0
BRDA:167,8,1,0
BRDA:168,9,0,0
BRDA:168,9,1,0
BRDA:169,10,0,0
BRDA:169,10,1,0
BRDA:170,11,0,0
BRDA:170,11,1,0
BRDA:171,12,0,0
BRDA:171,12,1,0
BRDA:172,13,0,0
BRDA:172,13,1,0
BRDA:173,14,0,0
BRDA:173,14,1,0
BRDA:187,15,0,0
BRDA:187,15,1,0
BRDA:187,15,2,0
BRDA:187,15,3,0
BRDA:203,16,0,0
BRDA:203,16,1,0
BRDA:203,16,2,0
BRDA:203,16,3,0
BRDA:235,17,0,0
BRDA:235,17,1,0
BRDA:252,18,0,2
BRDA:252,18,1,8
BRDA:255,19,0,2
BRDA:255,19,1,6
BRDA:266,20,0,0
BRDA:266,20,1,14
BRDA:271,21,0,0
BRDA:271,21,1,6
BRF:49
BRH:6
end_of_record
TN:
SF:server/modules/forge/routes.ts
FN:54,enrichWithSoS
FN:81,enrichScoresWithSoS
FN:83,(anonymous_20)
FN:83,(anonymous_21)
FN:134,(anonymous_22)
FN:134,(anonymous_23)
FN:156,(anonymous_24)
FN:175,(anonymous_25)
FN:178,(anonymous_26)
FN:184,(anonymous_27)
FN:229,(anonymous_28)
FN:229,(anonymous_29)
FN:277,(anonymous_30)
FN:278,(anonymous_31)
FN:329,(anonymous_32)
FN:329,(anonymous_33)
FN:357,(anonymous_34)
FN:386,(anonymous_35)
FN:415,(anonymous_36)
FN:415,(anonymous_37)
FN:484,(anonymous_38)
FN:496,(anonymous_39)
FN:510,(anonymous_40)
FN:511,(anonymous_41)
FN:513,(anonymous_42)
FN:518,(anonymous_43)
FN:567,(anonymous_44)
FN:567,(anonymous_45)
FN:595,(anonymous_46)
FN:596,(anonymous_47)
FN:597,(anonymous_48)
FN:598,(anonymous_49)
FN:599,(anonymous_50)
FN:600,(anonymous_51)
FN:646,(anonymous_52)
FN:677,(anonymous_53)
FN:677,(anonymous_54)
FN:682,(anonymous_55)
FN:696,(anonymous_56)
FN:734,(anonymous_57)
FN:734,(anonymous_58)
FN:775,(anonymous_59)
FN:775,(anonymous_60)
FN:801,(anonymous_61)
FN:803,(anonymous_62)
FN:809,(anonymous_63)
FN:810,(anonymous_64)
FN:811,(anonymous_65)
FN:908,(anonymous_66)
FN:908,(anonymous_67)
FN:981,(anonymous_68)
FN:981,(anonymous_69)
FN:994,(anonymous_70)
FN:1012,(anonymous_71)
FN:1012,(anonymous_72)
FN:1039,(anonymous_73)
FN:1040,(anonymous_74)
FN:1057,(anonymous_75)
FN:1075,computeWRCoreSubscores
FN:1101,computeSimilarity
FN:1121,fetchPlayerWRCoreData
FN:1150,(anonymous_80)
FN:1155,(anonymous_81)
FN:1194,(anonymous_82)
FN:1208,fetchPlayerIdsForPosition
FN:1225,(anonymous_85)
FN:1250,(anonymous_86)
FN:1250,(anonymous_87)
FN:1280,(anonymous_88)
FN:1280,(anonymous_89)
FN:1290,(anonymous_90)
FN:1310,(anonymous_91)
FN:1310,(anonymous_92)
FN:1345,(anonymous_93)
FN:1345,(anonymous_94)
FN:1374,(anonymous_95)
FN:1374,(anonymous_96)
FN:1413,(anonymous_97)
FN:1413,(anonymous_98)
FN:1455,getMatchupBand
FN:1466,getStyleTag
FN:1483,(anonymous_101)
FN:1483,(anonymous_102)
FN:1515,(anonymous_103)
FN:1546,(anonymous_104)
FN:1546,(anonymous_105)
FN:1641,(anonymous_106)
FN:1661,(anonymous_107)
FN:1661,(anonymous_108)
FN:1672,(anonymous_109)
FN:1690,(anonymous_110)
FN:1690,(anonymous_111)
FN:1720,(anonymous_112)
FN:1720,(anonymous_113)
FN:1755,(anonymous_114)
FN:1755,(anonymous_115)
FN:1815,(anonymous_116)
FN:1815,(anonymous_117)
FN:1867,(anonymous_118)
FN:1867,(anonymous_119)
FN:1897,(anonymous_120)
FN:1917,(anonymous_121)
FN:1917,(anonymous_122)
FN:1952,(anonymous_123)
FN:1952,(anonymous_124)
FN:1973,(anonymous_125)
FN:1973,(anonymous_126)
FN:2000,(anonymous_127)
FN:2000,(anonymous_128)
FN:2026,(anonymous_129)
FN:2026,(anonymous_130)
FN:2062,(anonymous_131)
FN:2062,(anonymous_132)
FN:2064,(anonymous_133)
FN:2091,(anonymous_134)
FN:2091,(anonymous_135)
FN:2093,(anonymous_136)
FN:2094,(anonymous_137)
FN:2124,(anonymous_138)
FN:2126,(anonymous_139)
FN:2128,(anonymous_140)
FN:2143,(anonymous_141)
FN:2185,(anonymous_142)
FN:2185,(anonymous_143)
FN:2187,(anonymous_144)
FN:2188,(anonymous_145)
FN:2279,(anonymous_146)
FN:2279,(anonymous_147)
FN:2281,(anonymous_148)
FN:2282,(anonymous_149)
FN:2283,(anonymous_150)
FN:2333,(anonymous_151)
FN:2341,(anonymous_152)
FN:2433,buildPillarBreakdown
FN:2447,(anonymous_154)
FN:2451,(anonymous_155)
FN:2491,formatMetricName
FN:2494,(anonymous_157)
FN:2508,generatePlainEnglishSummary
FN:2581,(anonymous_159)
FN:2583,(anonymous_160)
FN:2590,(anonymous_161)
FN:2590,(anonymous_162)
FN:2616,(anonymous_163)
FN:2664,(anonymous_164)
FN:2664,(anonymous_165)
FN:2691,(anonymous_166)
FN:2692,(anonymous_167)
FN:2721,registerForgeRoutes
FNF:149
FNH:10
FNDA:0,enrichWithSoS
FNDA:1,enrichScoresWithSoS
FNDA:0,(anonymous_20)
FNDA:0,(anonymous_21)
FNDA:0,(anonymous_22)
FNDA:0,(anonymous_23)
FNDA:0,(anonymous_24)
FNDA:0,(anonymous_25)
FNDA:0,(anonymous_26)
FNDA:0,(anonymous_27)
FNDA:0,(anonymous_28)
FNDA:0,(anonymous_29)
FNDA:0,(anonymous_30)
FNDA:0,(anonymous_31)
FNDA:0,(anonymous_32)
FNDA:0,(anonymous_33)
FNDA:0,(anonymous_34)
FNDA:1,(anonymous_35)
FNDA:1,(anonymous_36)
FNDA:1,(anonymous_37)
FNDA:0,(anonymous_38)
FNDA:0,(anonymous_39)
FNDA:0,(anonymous_40)
FNDA:0,(anonymous_41)
FNDA:0,(anonymous_42)
FNDA:0,(anonymous_43)
FNDA:0,(anonymous_44)
FNDA:0,(anonymous_45)
FNDA:0,(anonymous_46)
FNDA:0,(anonymous_47)
FNDA:0,(anonymous_48)
FNDA:0,(anonymous_49)
FNDA:0,(anonymous_50)
FNDA:0,(anonymous_51)
FNDA:0,(anonymous_52)
FNDA:0,(anonymous_53)
FNDA:0,(anonymous_54)
FNDA:0,(anonymous_55)
FNDA:0,(anonymous_56)
FNDA:0,(anonymous_57)
FNDA:0,(anonymous_58)
FNDA:0,(anonymous_59)
FNDA:0,(anonymous_60)
FNDA:0,(anonymous_61)
FNDA:0,(anonymous_62)
FNDA:0,(anonymous_63)
FNDA:0,(anonymous_64)
FNDA:0,(anonymous_65)
FNDA:0,(anonymous_66)
FNDA:0,(anonymous_67)
FNDA:0,(anonymous_68)
FNDA:0,(anonymous_69)
FNDA:0,(anonymous_70)
FNDA:0,(anonymous_71)
FNDA:0,(anonymous_72)
FNDA:0,(anonymous_73)
FNDA:0,(anonymous_74)
FNDA:0,(anonymous_75)
FNDA:0,computeWRCoreSubscores
FNDA:0,computeSimilarity
FNDA:0,fetchPlayerWRCoreData
FNDA:0,(anonymous_80)
FNDA:0,(anonymous_81)
FNDA:0,(anonymous_82)
FNDA:0,fetchPlayerIdsForPosition
FNDA:0,(anonymous_85)
FNDA:0,(anonymous_86)
FNDA:0,(anonymous_87)
FNDA:0,(anonymous_88)
FNDA:0,(anonymous_89)
FNDA:0,(anonymous_90)
FNDA:0,(anonymous_91)
FNDA:0,(anonymous_92)
FNDA:0,(anonymous_93)
FNDA:0,(anonymous_94)
FNDA:0,(anonymous_95)
FNDA:0,(anonymous_96)
FNDA:0,(anonymous_97)
FNDA:0,(anonymous_98)
FNDA:0,getMatchupBand
FNDA:0,getStyleTag
FNDA:0,(anonymous_101)
FNDA:0,(anonymous_102)
FNDA:0,(anonymous_103)
FNDA:0,(anonymous_104)
FNDA:0,(anonymous_105)
FNDA:0,(anonymous_106)
FNDA:0,(anonymous_107)
FNDA:0,(anonymous_108)
FNDA:0,(anonymous_109)
FNDA:0,(anonymous_110)
FNDA:0,(anonymous_111)
FNDA:0,(anonymous_112)
FNDA:0,(anonymous_113)
FNDA:0,(anonymous_114)
FNDA:0,(anonymous_115)
FNDA:0,(anonymous_116)
FNDA:0,(anonymous_117)
FNDA:0,(anonymous_118)
FNDA:0,(anonymous_119)
FNDA:0,(anonymous_120)
FNDA:0,(anonymous_121)
FNDA:0,(anonymous_122)
FNDA:0,(anonymous_123)
FNDA:0,(anonymous_124)
FNDA:0,(anonymous_125)
FNDA:0,(anonymous_126)
FNDA:0,(anonymous_127)
FNDA:0,(anonymous_128)
FNDA:0,(anonymous_129)
FNDA:0,(anonymous_130)
FNDA:0,(anonymous_131)
FNDA:0,(anonymous_132)
FNDA:0,(anonymous_133)
FNDA:2,(anonymous_134)
FNDA:2,(anonymous_135)
FNDA:2,(anonymous_136)
FNDA:2,(anonymous_137)
FNDA:0,(anonymous_138)
FNDA:0,(anonymous_139)
FNDA:0,(anonymous_140)
FNDA:0,(anonymous_141)
FNDA:0,(anonymous_142)
FNDA:0,(anonymous_143)
FNDA:0,(anonymous_144)
FNDA:0,(anonymous_145)
FNDA:0,(anonymous_146)
FNDA:0,(anonymous_147)
FNDA:0,(anonymous_148)
FNDA:0,(anonymous_149)
FNDA:0,(anonymous_150)
FNDA:0,(anonymous_151)
FNDA:0,(anonymous_152)
FNDA:0,buildPillarBreakdown
FNDA:0,(anonymous_154)
FNDA:0,(anonymous_155)
FNDA:0,formatMetricName
FNDA:0,(anonymous_157)
FNDA:0,generatePlainEnglishSummary
FNDA:0,(anonymous_159)
FNDA:0,(anonymous_160)
FNDA:2,(anonymous_161)
FNDA:2,(anonymous_162)
FNDA:0,(anonymous_163)
FNDA:0,(anonymous_164)
FNDA:0,(anonymous_165)
FNDA:0,(anonymous_166)
FNDA:0,(anonymous_167)
FNDA:0,registerForgeRoutes
DA:10,1
DA:11,1
DA:13,1
DA:14,1
DA:15,1
DA:16,1
DA:17,1
DA:18,1
DA:19,1
DA:20,1
DA:26,1
DA:27,1
DA:29,1
DA:30,1
DA:31,1
DA:32,1
DA:34,1
DA:55,0
DA:58,0
DA:59,0
DA:60,0
DA:61,0
DA:64,0
DA:66,0
DA:82,1
DA:83,0
DA:93,1
DA:96,1
DA:134,1
DA:135,0
DA:136,0
DA:137,0
DA:138,0
DA:139,0
DA:140,0
DA:141,0
DA:142,0
DA:144,0
DA:145,0
DA:151,0
DA:155,0
DA:156,0
DA:157,0
DA:159,0
DA:167,0
DA:168,0
DA:171,0
DA:173,0
DA:174,0
DA:175,0
DA:177,0
DA:178,0
DA:181,0
DA:183,0
DA:184,0
DA:187,0
DA:204,0
DA:205,0
DA:229,1
DA:230,0
DA:231,0
DA:232,0
DA:233,0
DA:234,0
DA:236,0
DA:237,0
DA:243,0
DA:246,0
DA:253,0
DA:254,0
DA:255,0
DA:268,0
DA:271,0
DA:274,0
DA:277,0
DA:278,0
DA:280,0
DA:309,0
DA:310,0
DA:329,1
DA:330,0
DA:331,0
DA:332,0
DA:333,0
DA:335,0
DA:336,0
DA:342,0
DA:344,0
DA:347,0
DA:350,0
DA:356,0
DA:357,0
DA:358,0
DA:362,0
DA:373,0
DA:374,0
DA:386,1
DA:387,1
DA:415,1
DA:416,1
DA:417,1
DA:420,1
DA:425,1
DA:430,1
DA:435,1
DA:441,1
DA:446,1
DA:452,1
DA:457,1
DA:461,1
DA:464,1
DA:467,1
DA:469,1
DA:481,1
DA:484,1
DA:486,0
DA:488,0
DA:489,0
DA:490,0
DA:492,0
DA:495,1
DA:496,1
DA:497,0
DA:503,1
DA:510,1
DA:511,1
DA:512,1
DA:513,0
DA:517,1
DA:518,0
DA:519,0
DA:523,1
DA:546,0
DA:547,0
DA:567,1
DA:568,0
DA:569,0
DA:572,0
DA:577,0
DA:582,0
DA:587,0
DA:591,0
DA:593,0
DA:595,0
DA:596,0
DA:597,0
DA:598,0
DA:599,0
DA:600,0
DA:602,0
DA:609,0
DA:611,0
DA:612,0
DA:613,0
DA:614,0
DA:617,0
DA:619,0
DA:620,0
DA:622,0
DA:623,0
DA:625,0
DA:626,0
DA:628,0
DA:631,0
DA:637,0
DA:642,0
DA:646,0
DA:648,0
DA:664,0
DA:665,0
DA:677,1
DA:678,0
DA:679,0
DA:680,0
DA:682,0
DA:683,0
DA:685,0
DA:686,0
DA:692,0
DA:696,0
DA:714,0
DA:715,0
DA:734,1
DA:735,0
DA:736,0
DA:737,0
DA:740,0
DA:742,0
DA:744,0
DA:751,0
DA:756,0
DA:757,0
DA:775,1
DA:776,0
DA:777,0
DA:778,0
DA:781,0
DA:782,0
DA:783,0
DA:784,0
DA:785,0
DA:786,0
DA:788,0
DA:789,0
DA:795,0
DA:797,0
DA:798,0
DA:800,0
DA:801,0
DA:803,0
DA:804,0
DA:808,0
DA:809,0
DA:810,0
DA:811,0
DA:813,0
DA:814,0
DA:831,0
DA:832,0
DA:833,0
DA:834,0
DA:835,0
DA:836,0
DA:837,0
DA:838,0
DA:839,0
DA:840,0
DA:842,0
DA:855,0
DA:862,0
DA:864,0
DA:887,0
DA:888,0
DA:908,1
DA:909,0
DA:910,0
DA:911,0
DA:912,0
DA:914,0
DA:915,0
DA:921,0
DA:922,0
DA:924,0
DA:925,0
DA:931,0
DA:933,0
DA:934,0
DA:940,0
DA:942,0
DA:944,0
DA:946,0
DA:961,0
DA:962,0
DA:981,1
DA:982,0
DA:983,0
DA:985,0
DA:986,0
DA:992,0
DA:994,0
DA:995,0
DA:1001,0
DA:1004,0
DA:1007,0
DA:1008,0
DA:1011,0
DA:1012,0
DA:1013,0
DA:1014,0
DA:1015,0
DA:1017,0
DA:1018,0
DA:1020,0
DA:1032,0
DA:1038,0
DA:1039,0
DA:1040,0
DA:1043,0
DA:1057,0
DA:1064,0
DA:1065,0
DA:1076,0
DA:1079,0
DA:1080,0
DA:1081,0
DA:1082,0
DA:1083,0
DA:1086,0
DA:1087,0
DA:1088,0
DA:1091,0
DA:1092,0
DA:1094,0
DA:1106,0
DA:1108,0
DA:1109,0
DA:1110,0
DA:1112,0
DA:1115,0
DA:1126,0
DA:1127,0
DA:1128,0
DA:1130,0
DA:1131,0
DA:1134,0
DA:1145,0
DA:1148,0
DA:1150,0
DA:1152,0
DA:1155,0
DA:1156,0
DA:1167,0
DA:1170,0
DA:1171,0
DA:1174,0
DA:1177,0
DA:1178,0
DA:1182,0
DA:1183,0
DA:1186,0
DA:1187,0
DA:1190,0
DA:1191,0
DA:1194,0
DA:1195,0
DA:1198,0
DA:1200,0
DA:1201,0
DA:1212,0
DA:1213,0
DA:1225,0
DA:1227,0
DA:1228,0
DA:1236,1
DA:1237,1
DA:1238,1
DA:1250,1
DA:1251,0
DA:1252,0
DA:1253,0
DA:1254,0
DA:1256,0
DA:1258,0
DA:1260,0
DA:1269,0
DA:1270,0
DA:1280,1
DA:1281,0
DA:1282,0
DA:1283,0
DA:1285,0
DA:1287,0
DA:1290,0
DA:1293,0
DA:1294,0
DA:1310,1
DA:1311,0
DA:1312,0
DA:1313,0
DA:1314,0
DA:1315,0
DA:1316,0
DA:1318,0
DA:1319,0
DA:1322,0
DA:1324,0
DA:1326,0
DA:1335,0
DA:1336,0
DA:1345,1
DA:1346,0
DA:1347,0
DA:1348,0
DA:1349,0
DA:1351,0
DA:1353,0
DA:1358,0
DA:1359,0
DA:1374,1
DA:1375,0
DA:1376,0
DA:1377,0
DA:1378,0
DA:1380,0
DA:1382,0
DA:1383,0
DA:1389,0
DA:1395,0
DA:1396,0
DA:1413,1
DA:1414,0
DA:1415,0
DA:1416,0
DA:1417,0
DA:1418,0
DA:1420,0
DA:1421,0
DA:1428,0
DA:1430,0
DA:1431,0
DA:1437,0
DA:1443,0
DA:1444,0
DA:1456,0
DA:1457,0
DA:1458,0
DA:1459,0
DA:1460,0
DA:1467,0
DA:1468,0
DA:1469,0
DA:1470,0
DA:1471,0
DA:1483,1
DA:1484,0
DA:1485,0
DA:1487,0
DA:1489,0
DA:1515,0
DA:1525,0
DA:1530,0
DA:1531,0
DA:1546,1
DA:1547,0
DA:1548,0
DA:1549,0
DA:1550,0
DA:1552,0
DA:1553,0
DA:1556,0
DA:1559,0
DA:1571,0
DA:1574,0
DA:1579,0
DA:1580,0
DA:1581,0
DA:1585,0
DA:1590,0
DA:1591,0
DA:1592,0
DA:1597,0
DA:1599,0
DA:1601,0
DA:1604,0
DA:1605,0
DA:1608,0
DA:1609,0
DA:1612,0
DA:1626,0
DA:1641,0
DA:1642,0
DA:1643,0
DA:1646,0
DA:1651,0
DA:1652,0
DA:1661,1
DA:1662,0
DA:1663,0
DA:1665,0
DA:1672,0
DA:1674,0
DA:1680,0
DA:1681,0
DA:1690,1
DA:1691,0
DA:1692,0
DA:1693,0
DA:1695,0
DA:1696,0
DA:1699,0
DA:1701,0
DA:1703,0
DA:1704,0
DA:1707,0
DA:1709,0
DA:1710,0
DA:1720,1
DA:1721,0
DA:1722,0
DA:1723,0
DA:1725,0
DA:1726,0
DA:1729,0
DA:1731,0
DA:1733,0
DA:1735,0
DA:1736,0
DA:1755,1
DA:1756,0
DA:1757,0
DA:1758,0
DA:1759,0
DA:1760,0
DA:1762,0
DA:1763,0
DA:1769,0
DA:1770,0
DA:1776,0
DA:1777,0
DA:1783,0
DA:1785,0
DA:1789,0
DA:1790,0
DA:1796,0
DA:1798,0
DA:1799,0
DA:1815,1
DA:1816,0
DA:1817,0
DA:1818,0
DA:1820,0
DA:1821,0
DA:1824,0
DA:1825,0
DA:1831,0
DA:1833,0
DA:1835,0
DA:1836,0
DA:1842,0
DA:1843,0
DA:1850,0
DA:1852,0
DA:1853,0
DA:1867,1
DA:1868,0
DA:1869,0
DA:1870,0
DA:1872,0
DA:1873,0
DA:1879,0
DA:1880,0
DA:1886,0
DA:1888,0
DA:1890,0
DA:1897,0
DA:1903,0
DA:1904,0
DA:1917,1
DA:1918,0
DA:1919,0
DA:1921,0
DA:1923,0
DA:1924,0
DA:1930,0
DA:1942,0
DA:1943,0
DA:1952,1
DA:1953,0
DA:1954,0
DA:1956,0
DA:1962,0
DA:1963,0
DA:1973,1
DA:1974,0
DA:1975,0
DA:1976,0
DA:1978,0
DA:1980,0
DA:1982,0
DA:1989,0
DA:1990,0
DA:2000,1
DA:2001,0
DA:2002,0
DA:2004,0
DA:2006,0
DA:2008,0
DA:2016,0
DA:2017,0
DA:2026,1
DA:2027,0
DA:2028,0
DA:2029,0
DA:2031,0
DA:2032,0
DA:2035,0
DA:2037,0
DA:2038,0
DA:2044,0
DA:2051,0
DA:2052,0
DA:2062,1
DA:2063,0
DA:2064,0
DA:2065,0
DA:2067,0
DA:2069,0
DA:2070,0
DA:2091,2
DA:2092,2
DA:2093,4
DA:2094,4
DA:2097,2
DA:2098,2
DA:2100,2
DA:2103,2
DA:2104,2
DA:2105,2
DA:2106,2
DA:2108,2
DA:2109,1
DA:2115,1
DA:2117,1
DA:2124,1
DA:2126,1
DA:2128,1
DA:2130,1
DA:2143,0
DA:2166,0
DA:2167,0
DA:2185,1
DA:2186,0
DA:2187,0
DA:2188,0
DA:2191,0
DA:2192,0
DA:2193,0
DA:2195,0
DA:2198,0
DA:2199,0
DA:2200,0
DA:2202,0
DA:2203,0
DA:2209,0
DA:2210,0
DA:2216,0
DA:2218,0
DA:2225,0
DA:2227,0
DA:2257,0
DA:2258,0
DA:2279,1
DA:2280,0
DA:2281,0
DA:2282,0
DA:2283,0
DA:2285,0
DA:2286,0
DA:2287,0
DA:2288,0
DA:2290,0
DA:2294,0
DA:2295,0
DA:2301,0
DA:2304,0
DA:2305,0
DA:2306,0
DA:2312,0
DA:2313,0
DA:2314,0
DA:2321,0
DA:2329,0
DA:2332,0
DA:2333,0
DA:2334,0
DA:2337,0
DA:2338,0
DA:2341,0
DA:2348,0
DA:2349,0
DA:2372,0
DA:2381,0
DA:2422,0
DA:2423,0
DA:2438,0
DA:2445,0
DA:2447,0
DA:2448,0
DA:2449,0
DA:2451,0
DA:2452,0
DA:2453,0
DA:2464,0
DA:2492,0
DA:2494,0
DA:2516,0
DA:2517,0
DA:2520,0
DA:2521,0
DA:2522,0
DA:2523,0
DA:2524,0
DA:2525,0
DA:2526,0
DA:2527,0
DA:2529,0
DA:2533,0
DA:2534,0
DA:2535,0
DA:2536,0
DA:2537,0
DA:2538,0
DA:2542,0
DA:2543,0
DA:2544,0
DA:2545,0
DA:2546,0
DA:2547,0
DA:2551,0
DA:2554,0
DA:2555,0
DA:2556,0
DA:2557,0
DA:2558,0
DA:2561,0
DA:2562,0
DA:2563,0
DA:2564,0
DA:2569,0
DA:2570,0
DA:2571,0
DA:2572,0
DA:2576,0
DA:2577,0
DA:2581,0
DA:2582,0
DA:2583,0
DA:2584,0
DA:2587,0
DA:2590,2
DA:2591,2
DA:2592,2
DA:2593,2
DA:2594,2
DA:2595,2
DA:2596,2
DA:2598,2
DA:2599,1
DA:2602,1
DA:2604,1
DA:2605,1
DA:2616,0
DA:2646,0
DA:2657,0
DA:2658,0
DA:2664,1
DA:2665,0
DA:2666,0
DA:2667,0
DA:2668,0
DA:2671,0
DA:2672,0
DA:2673,0
DA:2674,0
DA:2676,0
DA:2677,0
DA:2680,0
DA:2683,0
DA:2684,0
DA:2686,0
DA:2687,0
DA:2690,0
DA:2691,0
DA:2692,0
DA:2694,0
DA:2695,0
DA:2705,0
DA:2714,0
DA:2715,0
DA:2721,1
DA:2722,0
DA:2723,0
DA:2726,1
LF:763
LH:115
BRDA:59,0,0,0
BRDA:59,0,1,0
BRDA:59,1,0,0
BRDA:59,1,1,0
BRDA:59,2,0,0
BRDA:59,2,1,0
BRDA:59,3,0,0
BRDA:59,3,1,0
BRDA:59,4,0,0
BRDA:59,4,1,0
BRDA:59,5,0,0
BRDA:59,5,1,0
BRDA:60,6,0,0
BRDA:60,6,1,0
BRDA:60,7,0,0
BRDA:60,7,1,0
BRDA:60,8,0,0
BRDA:60,8,1,0
BRDA:60,9,0,0
BRDA:60,9,1,0
BRDA:60,10,0,0
BRDA:60,10,1,0
BRDA:60,11,0,0
BRDA:60,11,1,0
BRDA:61,12,0,0
BRDA:61,12,1,0
BRDA:61,13,0,0
BRDA:61,13,1,0
BRDA:61,14,0,0
BRDA:61,14,1,0
BRDA:61,15,0,0
BRDA:61,15,1,0
BRDA:61,16,0,0
BRDA:61,16,1,0
BRDA:61,17,0,0
BRDA:61,17,1,0
BRDA:136,18,0,0
BRDA:136,18,1,0
BRDA:136,19,0,0
BRDA:136,19,1,0
BRDA:137,20,0,0
BRDA:137,20,1,0
BRDA:138,21,0,0
BRDA:138,21,1,0
BRDA:139,22,0,0
BRDA:139,22,1,0
BRDA:141,23,0,0
BRDA:141,23,1,0
BRDA:142,24,0,0
BRDA:142,24,1,0
BRDA:144,25,0,0
BRDA:144,25,1,0
BRDA:144,26,0,0
BRDA:144,26,1,0
BRDA:155,27,0,0
BRDA:155,27,1,0
BRDA:167,28,0,0
BRDA:167,28,1,0
BRDA:174,29,0,0
BRDA:174,29,1,0
BRDA:175,30,0,0
BRDA:175,30,1,0
BRDA:177,31,0,0
BRDA:177,31,1,0
BRDA:178,32,0,0
BRDA:178,32,1,0
BRDA:207,33,0,0
BRDA:207,33,1,0
BRDA:231,34,0,0
BRDA:231,34,1,0
BRDA:231,35,0,0
BRDA:231,35,1,0
BRDA:232,36,0,0
BRDA:232,36,1,0
BRDA:233,37,0,0
BRDA:233,37,1,0
BRDA:234,38,0,0
BRDA:234,38,1,0
BRDA:236,39,0,0
BRDA:236,39,1,0
BRDA:236,40,0,0
BRDA:236,40,1,0
BRDA:253,41,0,0
BRDA:253,41,1,0
BRDA:312,42,0,0
BRDA:312,42,1,0
BRDA:332,43,0,0
BRDA:332,43,1,0
BRDA:333,44,0,0
BRDA:333,44,1,0
BRDA:335,45,0,0
BRDA:335,45,1,0
BRDA:356,46,0,0
BRDA:356,46,1,0
BRDA:376,47,0,0
BRDA:376,47,1,0
BRDA:420,48,0,1
BRDA:420,48,1,0
BRDA:420,49,0,1
BRDA:420,49,1,1
BRDA:425,50,0,0
BRDA:425,50,1,1
BRDA:425,51,0,1
BRDA:425,51,1,0
BRDA:430,52,0,1
BRDA:430,52,1,0
BRDA:430,53,0,1
BRDA:430,53,1,1
BRDA:435,54,0,0
BRDA:435,54,1,1
BRDA:435,55,0,1
BRDA:435,55,1,0
BRDA:441,56,0,0
BRDA:441,56,1,1
BRDA:441,57,0,1
BRDA:441,57,1,0
BRDA:446,58,0,0
BRDA:446,58,1,1
BRDA:446,59,0,1
BRDA:446,59,1,0
BRDA:452,60,0,0
BRDA:452,60,1,1
BRDA:452,61,0,1
BRDA:452,61,1,0
BRDA:457,62,0,0
BRDA:457,62,1,1
BRDA:457,63,0,1
BRDA:457,63,1,0
BRDA:461,64,0,0
BRDA:461,64,1,1
BRDA:461,65,0,1
BRDA:461,65,1,0
BRDA:464,66,0,0
BRDA:464,66,1,1
BRDA:464,67,0,1
BRDA:464,67,1,1
BRDA:465,68,0,0
BRDA:465,68,1,0
BRDA:465,69,0,0
BRDA:465,69,1,0
BRDA:465,70,0,0
BRDA:465,70,1,0
BRDA:465,71,0,0
BRDA:465,71,1,0
BRDA:467,72,0,1
BRDA:467,72,1,0
BRDA:467,73,0,1
BRDA:467,73,1,1
BRDA:486,74,0,0
BRDA:486,74,1,0
BRDA:488,75,0,0
BRDA:488,75,1,0
BRDA:488,76,0,0
BRDA:488,76,1,0
BRDA:489,77,0,0
BRDA:489,77,1,0
BRDA:489,78,0,0
BRDA:489,78,1,0
BRDA:490,79,0,0
BRDA:490,79,1,0
BRDA:492,80,0,0
BRDA:492,80,1,0
BRDA:492,81,0,0
BRDA:492,81,1,0
BRDA:492,82,0,0
BRDA:492,82,1,0
BRDA:492,83,0,0
BRDA:492,83,1,0
BRDA:495,84,0,0
BRDA:495,84,1,1
BRDA:495,85,0,1
BRDA:495,85,1,1
BRDA:506,86,0,1
BRDA:506,86,1,0
BRDA:506,87,0,1
BRDA:506,87,1,1
BRDA:517,88,0,0
BRDA:517,88,1,1
BRDA:527,89,0,1
BRDA:527,89,1,0
BRDA:527,90,0,1
BRDA:527,90,1,1
BRDA:533,91,0,1
BRDA:533,91,1,0
BRDA:572,92,0,0
BRDA:572,92,1,0
BRDA:572,93,0,0
BRDA:572,93,1,0
BRDA:577,94,0,0
BRDA:577,94,1,0
BRDA:577,95,0,0
BRDA:577,95,1,0
BRDA:582,96,0,0
BRDA:582,96,1,0
BRDA:582,97,0,0
BRDA:582,97,1,0
BRDA:587,98,0,0
BRDA:587,98,1,0
BRDA:587,99,0,0
BRDA:587,99,1,0
BRDA:593,100,0,0
BRDA:593,100,1,0
BRDA:593,101,0,0
BRDA:593,101,1,0
BRDA:614,102,0,0
BRDA:614,102,1,0
BRDA:617,103,0,0
BRDA:617,103,1,0
BRDA:617,103,2,0
BRDA:617,103,3,0
BRDA:652,104,0,0
BRDA:652,104,1,0
BRDA:652,105,0,0
BRDA:652,105,1,0
BRDA:680,106,0,0
BRDA:680,106,1,0
BRDA:685,107,0,0
BRDA:685,107,1,0
BRDA:709,108,0,0
BRDA:709,108,1,0
BRDA:709,109,0,0
BRDA:709,109,1,0
BRDA:710,110,0,0
BRDA:710,110,1,0
BRDA:710,111,0,0
BRDA:710,111,1,0
BRDA:736,112,0,0
BRDA:736,112,1,0
BRDA:740,113,0,0
BRDA:740,113,1,0
BRDA:740,114,0,0
BRDA:740,114,1,0
BRDA:742,115,0,0
BRDA:742,115,1,0
BRDA:742,116,0,0
BRDA:742,116,1,0
BRDA:742,117,0,0
BRDA:742,117,1,0
BRDA:742,118,0,0
BRDA:742,118,1,0
BRDA:777,119,0,0
BRDA:777,119,1,0
BRDA:781,120,0,0
BRDA:781,120,1,0
BRDA:781,121,0,0
BRDA:781,121,1,0
BRDA:782,122,0,0
BRDA:782,122,1,0
BRDA:783,123,0,0
BRDA:783,123,1,0
BRDA:785,124,0,0
BRDA:785,124,1,0
BRDA:785,125,0,0
BRDA:785,125,1,0
BRDA:786,126,0,0
BRDA:786,126,1,0
BRDA:786,127,0,0
BRDA:786,127,1,0
BRDA:788,128,0,0
BRDA:788,128,1,0
BRDA:788,129,0,0
BRDA:788,129,1,0
BRDA:801,130,0,0
BRDA:801,130,1,0
BRDA:801,131,0,0
BRDA:801,131,1,0
BRDA:804,132,0,0
BRDA:804,132,1,0
BRDA:810,133,0,0
BRDA:810,133,1,0
BRDA:813,134,0,0
BRDA:813,134,1,0
BRDA:890,135,0,0
BRDA:890,135,1,0
BRDA:912,136,0,0
BRDA:912,136,1,0
BRDA:914,137,0,0
BRDA:914,137,1,0
BRDA:924,138,0,0
BRDA:924,138,1,0
BRDA:931,139,0,0
BRDA:931,139,1,0
BRDA:931,140,0,0
BRDA:931,140,1,0
BRDA:931,141,0,0
BRDA:931,141,1,0
BRDA:933,142,0,0
BRDA:933,142,1,0
BRDA:940,143,0,0
BRDA:940,143,1,0
BRDA:940,144,0,0
BRDA:940,144,1,0
BRDA:940,145,0,0
BRDA:940,145,1,0
BRDA:964,146,0,0
BRDA:964,146,1,0
BRDA:983,147,0,0
BRDA:983,148,0,0
BRDA:983,149,0,0
BRDA:985,150,0,0
BRDA:985,150,1,0
BRDA:985,151,0,0
BRDA:985,151,1,0
BRDA:994,152,0,0
BRDA:994,152,1,0
BRDA:994,153,0,0
BRDA:994,153,1,0
BRDA:1008,154,0,0
BRDA:1008,154,1,0
BRDA:1015,155,0,0
BRDA:1015,155,1,0
BRDA:1023,156,0,0
BRDA:1023,156,1,0
BRDA:1067,157,0,0
BRDA:1067,157,1,0
BRDA:1128,158,0,0
BRDA:1128,158,1,0
BRDA:1128,159,0,0
BRDA:1128,159,1,0
BRDA:1130,160,0,0
BRDA:1130,160,1,0
BRDA:1130,161,0,0
BRDA:1130,161,1,0
BRDA:1131,162,0,0
BRDA:1131,162,1,0
BRDA:1145,163,0,0
BRDA:1145,163,1,0
BRDA:1148,164,0,0
BRDA:1148,164,1,0
BRDA:1152,165,0,0
BRDA:1152,165,1,0
BRDA:1157,166,0,0
BRDA:1157,166,1,0
BRDA:1158,167,0,0
BRDA:1158,167,1,0
BRDA:1159,168,0,0
BRDA:1159,168,1,0
BRDA:1167,169,0,0
BRDA:1167,169,1,0
BRDA:1167,170,0,0
BRDA:1167,170,1,0
BRDA:1170,171,0,0
BRDA:1170,171,1,0
BRDA:1177,172,0,0
BRDA:1177,172,1,0
BRDA:1183,173,0,0
BRDA:1183,173,1,0
BRDA:1186,174,0,0
BRDA:1186,174,1,0
BRDA:1190,175,0,0
BRDA:1190,175,1,0
BRDA:1194,176,0,0
BRDA:1194,176,1,0
BRDA:1194,177,0,0
BRDA:1194,177,1,0
BRDA:1252,178,0,0
BRDA:1252,178,1,0
BRDA:1253,179,0,0
BRDA:1253,179,1,0
BRDA:1254,180,0,0
BRDA:1254,180,1,0
BRDA:1254,181,0,0
BRDA:1254,181,1,0
BRDA:1254,182,0,0
BRDA:1254,182,1,0
BRDA:1282,183,0,0
BRDA:1282,183,1,0
BRDA:1283,184,0,0
BRDA:1283,184,1,0
BRDA:1312,185,0,0
BRDA:1312,185,1,0
BRDA:1313,186,0,0
BRDA:1313,186,1,0
BRDA:1314,187,0,0
BRDA:1314,187,1,0
BRDA:1314,188,0,0
BRDA:1314,188,1,0
BRDA:1314,189,0,0
BRDA:1314,189,1,0
BRDA:1315,190,0,0
BRDA:1315,190,1,0
BRDA:1315,191,0,0
BRDA:1315,191,1,0
BRDA:1315,192,0,0
BRDA:1315,192,1,0
BRDA:1316,193,0,0
BRDA:1316,193,1,0
BRDA:1316,194,0,0
BRDA:1316,194,1,0
BRDA:1316,195,0,0
BRDA:1316,195,1,0
BRDA:1318,196,0,0
BRDA:1318,196,1,0
BRDA:1330,197,0,0
BRDA:1330,197,1,0
BRDA:1347,198,0,0
BRDA:1347,198,1,0
BRDA:1348,199,0,0
BRDA:1348,199,1,0
BRDA:1349,200,0,0
BRDA:1349,200,1,0
BRDA:1349,201,0,0
BRDA:1349,201,1,0
BRDA:1349,202,0,0
BRDA:1349,202,1,0
BRDA:1376,203,0,0
BRDA:1376,203,1,0
BRDA:1377,204,0,0
BRDA:1377,204,1,0
BRDA:1378,205,0,0
BRDA:1378,205,1,0
BRDA:1378,206,0,0
BRDA:1378,206,1,0
BRDA:1378,207,0,0
BRDA:1378,207,1,0
BRDA:1382,208,0,0
BRDA:1382,208,1,0
BRDA:1415,209,0,0
BRDA:1415,209,1,0
BRDA:1416,210,0,0
BRDA:1416,210,1,0
BRDA:1417,211,0,0
BRDA:1417,211,1,0
BRDA:1417,212,0,0
BRDA:1417,212,1,0
BRDA:1417,213,0,0
BRDA:1417,213,1,0
BRDA:1418,214,0,0
BRDA:1418,214,1,0
BRDA:1418,215,0,0
BRDA:1418,215,1,0
BRDA:1418,216,0,0
BRDA:1418,216,1,0
BRDA:1420,217,0,0
BRDA:1420,217,1,0
BRDA:1430,218,0,0
BRDA:1430,218,1,0
BRDA:1456,219,0,0
BRDA:1456,219,1,0
BRDA:1457,220,0,0
BRDA:1457,220,1,0
BRDA:1458,221,0,0
BRDA:1458,221,1,0
BRDA:1459,222,0,0
BRDA:1459,222,1,0
BRDA:1467,223,0,0
BRDA:1467,223,1,0
BRDA:1467,224,0,0
BRDA:1467,224,1,0
BRDA:1469,225,0,0
BRDA:1469,225,1,0
BRDA:1470,226,0,0
BRDA:1470,226,1,0
BRDA:1485,227,0,0
BRDA:1485,227,1,0
BRDA:1519,228,0,0
BRDA:1519,228,1,0
BRDA:1520,229,0,0
BRDA:1520,229,1,0
BRDA:1521,230,0,0
BRDA:1521,230,1,0
BRDA:1548,231,0,0
BRDA:1548,231,1,0
BRDA:1549,232,0,0
BRDA:1549,232,1,0
BRDA:1550,233,0,0
BRDA:1550,233,1,0
BRDA:1550,234,0,0
BRDA:1550,234,1,0
BRDA:1550,235,0,0
BRDA:1550,235,1,0
BRDA:1552,236,0,0
BRDA:1552,236,1,0
BRDA:1581,237,0,0
BRDA:1581,237,1,0
BRDA:1592,238,0,0
BRDA:1592,238,1,0
BRDA:1604,239,0,0
BRDA:1604,239,1,0
BRDA:1605,240,0,0
BRDA:1605,240,1,0
BRDA:1608,241,0,0
BRDA:1608,241,1,0
BRDA:1609,242,0,0
BRDA:1609,242,1,0
BRDA:1642,243,0,0
BRDA:1642,243,1,0
BRDA:1643,244,0,0
BRDA:1643,244,1,0
BRDA:1663,245,0,0
BRDA:1663,245,1,0
BRDA:1677,246,0,0
BRDA:1677,246,1,0
BRDA:1693,247,0,0
BRDA:1693,247,1,0
BRDA:1695,248,0,0
BRDA:1695,248,1,0
BRDA:1703,249,0,0
BRDA:1703,249,1,0
BRDA:1722,250,0,0
BRDA:1722,250,1,0
BRDA:1723,251,0,0
BRDA:1723,251,1,0
BRDA:1725,252,0,0
BRDA:1725,252,1,0
BRDA:1725,253,0,0
BRDA:1725,253,1,0
BRDA:1758,254,0,0
BRDA:1758,254,1,0
BRDA:1758,255,0,0
BRDA:1758,255,1,0
BRDA:1759,256,0,0
BRDA:1759,256,1,0
BRDA:1759,257,0,0
BRDA:1759,257,1,0
BRDA:1762,258,0,0
BRDA:1762,258,1,0
BRDA:1762,259,0,0
BRDA:1762,259,1,0
BRDA:1769,260,0,0
BRDA:1769,260,1,0
BRDA:1776,261,0,0
BRDA:1776,261,1,0
BRDA:1776,262,0,0
BRDA:1776,262,1,0
BRDA:1785,263,0,0
BRDA:1785,263,1,0
BRDA:1789,264,0,0
BRDA:1789,264,1,0
BRDA:1820,265,0,0
BRDA:1820,265,1,0
BRDA:1824,266,0,0
BRDA:1824,266,1,0
BRDA:1824,267,0,0
BRDA:1824,267,1,0
BRDA:1835,268,0,0
BRDA:1835,268,1,0
BRDA:1842,269,0,0
BRDA:1842,269,1,0
BRDA:1842,270,0,0
BRDA:1842,270,1,0
BRDA:1870,271,0,0
BRDA:1870,271,1,0
BRDA:1870,272,0,0
BRDA:1870,272,1,0
BRDA:1872,273,0,0
BRDA:1872,273,1,0
BRDA:1872,274,0,0
BRDA:1872,274,1,0
BRDA:1879,275,0,0
BRDA:1879,275,1,0
BRDA:1879,276,0,0
BRDA:1879,276,1,0
BRDA:1923,277,0,0
BRDA:1923,277,1,0
BRDA:1975,278,0,0
BRDA:1975,278,1,0
BRDA:1975,278,2,0
BRDA:1976,279,0,0
BRDA:1976,279,1,0
BRDA:1976,279,2,0
BRDA:2002,280,0,0
BRDA:2002,280,1,0
BRDA:2002,280,2,0
BRDA:2028,281,0,0
BRDA:2028,281,1,0
BRDA:2028,282,0,0
BRDA:2028,282,1,0
BRDA:2029,283,0,0
BRDA:2029,283,1,0
BRDA:2031,284,0,0
BRDA:2031,284,1,0
BRDA:2037,285,0,0
BRDA:2037,285,1,0
BRDA:2097,286,0,1
BRDA:2097,286,1,1
BRDA:2097,287,0,2
BRDA:2097,287,1,2
BRDA:2098,288,0,2
BRDA:2098,288,1,0
BRDA:2098,289,0,2
BRDA:2098,289,1,2
BRDA:2100,290,0,0
BRDA:2100,290,1,2
BRDA:2100,291,0,2
BRDA:2100,291,1,0
BRDA:2103,292,0,2
BRDA:2103,292,1,1
BRDA:2105,293,0,1
BRDA:2105,293,1,1
BRDA:2105,294,0,2
BRDA:2105,294,1,2
BRDA:2106,295,0,2
BRDA:2106,295,1,2
BRDA:2108,296,0,1
BRDA:2108,296,1,1
BRDA:2108,297,0,2
BRDA:2108,297,1,1
BRDA:2128,298,0,0
BRDA:2128,298,1,0
BRDA:2157,299,0,0
BRDA:2157,299,1,0
BRDA:2169,300,0,0
BRDA:2169,300,1,0
BRDA:2192,301,0,0
BRDA:2192,301,1,0
BRDA:2192,302,0,0
BRDA:2192,302,1,0
BRDA:2193,303,0,0
BRDA:2193,303,1,0
BRDA:2193,304,0,0
BRDA:2193,304,1,0
BRDA:2195,305,0,0
BRDA:2195,305,1,0
BRDA:2195,306,0,0
BRDA:2195,306,1,0
BRDA:2198,307,0,0
BRDA:2198,307,1,0
BRDA:2200,308,0,0
BRDA:2200,308,1,0
BRDA:2200,309,0,0
BRDA:2200,309,1,0
BRDA:2202,310,0,0
BRDA:2202,310,1,0
BRDA:2209,311,0,0
BRDA:2209,311,1,0
BRDA:2209,312,0,0
BRDA:2209,312,1,0
BRDA:2247,313,0,0
BRDA:2247,313,1,0
BRDA:2260,314,0,0
BRDA:2260,314,1,0
BRDA:2286,315,0,0
BRDA:2286,315,1,0
BRDA:2287,316,0,0
BRDA:2287,316,1,0
BRDA:2288,317,0,0
BRDA:2288,317,1,0
BRDA:2288,318,0,0
BRDA:2288,318,1,0
BRDA:2290,319,0,0
BRDA:2290,319,1,0
BRDA:2290,320,0,0
BRDA:2290,320,1,0
BRDA:2294,321,0,0
BRDA:2294,321,1,0
BRDA:2305,322,0,0
BRDA:2305,322,1,0
BRDA:2313,323,0,0
BRDA:2313,323,1,0
BRDA:2343,324,0,0
BRDA:2343,324,1,0
BRDA:2343,325,0,0
BRDA:2343,325,1,0
BRDA:2343,326,0,0
BRDA:2343,326,1,0
BRDA:2343,327,0,0
BRDA:2343,327,1,0
BRDA:2344,328,0,0
BRDA:2344,328,1,0
BRDA:2344,329,0,0
BRDA:2344,329,1,0
BRDA:2348,330,0,0
BRDA:2348,330,1,0
BRDA:2349,331,0,0
BRDA:2349,331,1,0
BRDA:2350,332,0,0
BRDA:2350,332,1,0
BRDA:2350,333,0,0
BRDA:2350,333,1,0
BRDA:2351,334,0,0
BRDA:2351,334,1,0
BRDA:2351,335,0,0
BRDA:2351,335,1,0
BRDA:2355,336,0,0
BRDA:2355,336,1,0
BRDA:2355,337,0,0
BRDA:2355,337,1,0
BRDA:2356,338,0,0
BRDA:2356,338,1,0
BRDA:2356,339,0,0
BRDA:2356,339,1,0
BRDA:2363,340,0,0
BRDA:2363,340,1,0
BRDA:2363,341,0,0
BRDA:2363,341,1,0
BRDA:2378,342,0,0
BRDA:2378,342,1,0
BRDA:2387,343,0,0
BRDA:2387,343,1,0
BRDA:2409,344,0,0
BRDA:2409,344,1,0
BRDA:2425,345,0,0
BRDA:2425,345,1,0
BRDA:2445,346,0,0
BRDA:2445,346,1,0
BRDA:2449,347,0,0
BRDA:2449,347,1,0
BRDA:2449,348,0,0
BRDA:2449,348,1,0
BRDA:2449,349,0,0
BRDA:2449,349,1,0
BRDA:2452,350,0,0
BRDA:2452,350,1,0
BRDA:2452,351,0,0
BRDA:2452,351,1,0
BRDA:2456,352,0,0
BRDA:2456,352,1,0
BRDA:2456,353,0,0
BRDA:2456,353,1,0
BRDA:2459,354,0,0
BRDA:2459,354,1,0
BRDA:2520,355,0,0
BRDA:2520,355,1,0
BRDA:2522,356,0,0
BRDA:2522,356,1,0
BRDA:2524,357,0,0
BRDA:2524,357,1,0
BRDA:2526,358,0,0
BRDA:2526,358,1,0
BRDA:2533,359,0,0
BRDA:2533,359,1,0
BRDA:2535,360,0,0
BRDA:2535,360,1,0
BRDA:2537,361,0,0
BRDA:2537,361,1,0
BRDA:2542,362,0,0
BRDA:2542,362,1,0
BRDA:2544,363,0,0
BRDA:2544,363,1,0
BRDA:2546,364,0,0
BRDA:2546,364,1,0
BRDA:2554,365,0,0
BRDA:2554,365,1,0
BRDA:2554,366,0,0
BRDA:2554,366,1,0
BRDA:2555,367,0,0
BRDA:2555,367,1,0
BRDA:2555,368,0,0
BRDA:2555,368,1,0
BRDA:2557,369,0,0
BRDA:2557,369,1,0
BRDA:2557,370,0,0
BRDA:2557,370,1,0
BRDA:2561,371,0,0
BRDA:2561,371,1,0
BRDA:2561,372,0,0
BRDA:2561,372,1,0
BRDA:2563,373,0,0
BRDA:2563,373,1,0
BRDA:2563,374,0,0
BRDA:2563,374,1,0
BRDA:2569,375,0,0
BRDA:2569,375,1,0
BRDA:2571,376,0,0
BRDA:2571,376,1,0
BRDA:2576,377,0,0
BRDA:2576,377,1,0
BRDA:2576,378,0,0
BRDA:2576,378,1,0
BRDA:2581,379,0,0
BRDA:2581,379,1,0
BRDA:2582,380,0,0
BRDA:2582,380,1,0
BRDA:2592,381,0,2
BRDA:2592,381,1,1
BRDA:2594,382,0,0
BRDA:2594,382,1,2
BRDA:2595,383,0,2
BRDA:2595,383,1,0
BRDA:2596,384,0,2
BRDA:2596,384,1,2
BRDA:2598,385,0,1
BRDA:2598,385,1,1
BRDA:2604,386,0,1
BRDA:2604,386,1,0
BRDA:2607,387,0,1
BRDA:2607,387,1,0
BRDA:2607,388,0,1
BRDA:2607,388,1,1
BRDA:2607,389,0,1
BRDA:2607,389,1,0
BRDA:2607,390,0,1
BRDA:2607,390,1,1
BRDA:2636,391,0,0
BRDA:2636,391,1,0
BRDA:2636,392,0,0
BRDA:2636,392,1,0
BRDA:2637,393,0,0
BRDA:2637,393,1,0
BRDA:2637,394,0,0
BRDA:2637,394,1,0
BRDA:2650,395,0,0
BRDA:2650,395,1,0
BRDA:2650,396,0,0
BRDA:2650,396,1,0
BRDA:2659,397,0,0
BRDA:2659,397,1,0
BRDA:2666,398,0,0
BRDA:2666,398,1,0
BRDA:2667,399,0,0
BRDA:2667,399,1,0
BRDA:2667,400,0,0
BRDA:2667,400,1,0
BRDA:2671,401,0,0
BRDA:2671,401,1,0
BRDA:2671,402,0,0
BRDA:2671,402,1,0
BRDA:2671,403,0,0
BRDA:2671,403,1,0
BRDA:2672,404,0,0
BRDA:2672,404,1,0
BRDA:2672,405,0,0
BRDA:2672,405,1,0
BRDA:2672,406,0,0
BRDA:2672,406,1,0
BRDA:2673,407,0,0
BRDA:2673,407,1,0
BRDA:2673,408,0,0
BRDA:2673,408,1,0
BRDA:2673,409,0,0
BRDA:2673,409,1,0
BRDA:2674,410,0,0
BRDA:2674,410,1,0
BRDA:2674,411,0,0
BRDA:2674,411,1,0
BRDA:2674,412,0,0
BRDA:2674,412,1,0
BRDA:2676,413,0,0
BRDA:2676,413,1,0
BRDA:2683,414,0,0
BRDA:2683,414,1,0
BRDA:2694,415,0,0
BRDA:2694,415,1,0
BRDA:2694,416,0,0
BRDA:2694,416,1,0
BRDA:2716,417,0,0
BRDA:2716,417,1,0
BRF:838
BRH:73
end_of_record
TN:
SF:server/modules/forge/snapshotDataValidator.ts
FN:39,validateSnapshotRows
FN:47,(anonymous_1)
FN:78,(anonymous_2)
FN:120,isInactiveWeek
FN:135,detectExtremeOutliers
FN:144,(anonymous_5)
FN:145,(anonymous_6)
FN:149,(anonymous_7)
FN:150,(anonymous_8)
FN:172,logValidationSummary
FN:183,(anonymous_10)
FN:196,toInt
FN:201,toNumberOrNull
FNF:13
FNH:0
FNDA:0,validateSnapshotRows
FNDA:0,(anonymous_1)
FNDA:0,(anonymous_2)
FNDA:0,isInactiveWeek
FNDA:0,detectExtremeOutliers
FNDA:0,(anonymous_5)
FNDA:0,(anonymous_6)
FNDA:0,(anonymous_7)
FNDA:0,(anonymous_8)
FNDA:0,logValidationSummary
FNDA:0,(anonymous_10)
FNDA:0,toInt
FNDA:0,toNumberOrNull
DA:30,2
DA:37,2
DA:39,2
DA:44,0
DA:45,0
DA:47,0
DA:48,0
DA:50,0
DA:51,0
DA:52,0
DA:53,0
DA:62,0
DA:63,0
DA:64,0
DA:75,0
DA:78,0
DA:79,0
DA:80,0
DA:81,0
DA:82,0
DA:83,0
DA:85,0
DA:86,0
DA:87,0
DA:90,0
DA:91,0
DA:92,0
DA:95,0
DA:98,0
DA:100,0
DA:101,0
DA:111,0
DA:113,0
DA:124,0
DA:126,0
DA:128,0
DA:131,0
DA:139,0
DA:140,0
DA:142,0
DA:143,0
DA:144,0
DA:145,0
DA:147,0
DA:149,0
DA:150,0
DA:151,0
DA:153,0
DA:155,0
DA:156,0
DA:157,0
DA:169,0
DA:180,0
DA:181,0
DA:183,0
DA:185,0
DA:189,0
DA:190,0
DA:191,0
DA:197,0
DA:198,0
DA:202,0
DA:203,0
DA:204,0
LF:64
LH:3
BRDA:51,0,0,0
BRDA:51,0,1,0
BRDA:62,1,0,0
BRDA:62,1,1,0
BRDA:62,2,0,0
BRDA:62,2,1,0
BRDA:85,3,0,0
BRDA:85,3,1,0
BRDA:90,4,0,0
BRDA:90,4,1,0
BRDA:100,5,0,0
BRDA:100,5,1,0
BRDA:124,6,0,0
BRDA:124,6,1,0
BRDA:124,6,2,0
BRDA:124,6,3,0
BRDA:147,7,0,0
BRDA:147,7,1,0
BRDA:153,8,0,0
BRDA:153,8,1,0
BRDA:156,9,0,0
BRDA:156,9,1,0
BRDA:181,10,0,0
BRDA:181,10,1,0
BRDA:189,11,0,0
BRDA:189,11,1,0
BRDA:198,12,0,0
BRDA:198,12,1,0
BRDA:202,13,0,0
BRDA:202,13,1,0
BRDA:202,14,0,0
BRDA:202,14,1,0
BRDA:204,15,0,0
BRDA:204,15,1,0
BRF:34
BRH:0
end_of_record
TN:
SF:server/modules/forge/types.ts
FNF:0
FNH:0
DA:40,2
DA:50,2
DA:158,2
DA:378,2
DA:386,2
DA:404,2
DA:415,2
DA:430,2
DA:442,2
DA:525,2
DA:610,2
LF:11
LH:11
BRF:0
BRH:0
end_of_record
TN:
SF:server/modules/forge/xfpVolumePillar.ts
FN:30,computeXfpPerGame
FN:108,computeWeekXfp
FN:154,computeXfpFromV2Fallback
FN:189,normalizeXfpToScore
FNF:4
FNH:0
FNDA:0,computeXfpPerGame
FNDA:0,computeWeekXfp
FNDA:0,computeXfpFromV2Fallback
FNDA:0,normalizeXfpToScore
DA:14,2
DA:15,2
DA:16,2
DA:18,2
DA:30,2
DA:35,0
DA:37,0
DA:44,0
DA:45,0
DA:46,0
DA:47,0
DA:51,0
DA:72,0
DA:74,0
DA:77,0
DA:83,0
DA:84,0
DA:85,0
DA:87,0
DA:88,0
DA:89,0
DA:90,0
DA:93,0
DA:94,0
DA:95,0
DA:96,0
DA:98,0
DA:100,0
DA:101,0
DA:109,0
DA:110,0
DA:111,0
DA:112,0
DA:113,0
DA:114,0
DA:116,0
DA:118,0
DA:120,0
DA:123,0
DA:126,0
DA:127,0
DA:129,0
DA:131,0
DA:134,0
DA:136,0
DA:138,0
DA:142,0
DA:144,0
DA:147,0
DA:158,0
DA:159,0
DA:169,0
DA:170,0
DA:173,0
DA:174,0
DA:175,0
DA:176,0
DA:182,0
DA:189,2
DA:190,0
DA:191,0
DA:193,0
DA:194,0
LF:63
LH:6
BRDA:45,0,0,0
BRDA:45,0,1,0
BRDA:47,1,0,0
BRDA:47,1,1,0
BRDA:47,1,2,0
BRDA:72,2,0,0
BRDA:72,2,1,0
BRDA:90,3,0,0
BRDA:90,3,1,0
BRDA:94,4,0,0
BRDA:94,4,1,0
BRDA:95,5,0,0
BRDA:95,5,1,0
BRDA:109,6,0,0
BRDA:109,6,1,0
BRDA:110,7,0,0
BRDA:110,7,1,0
BRDA:111,8,0,0
BRDA:111,8,1,0
BRDA:112,9,0,0
BRDA:112,9,1,0
BRDA:113,10,0,0
BRDA:113,10,1,0
BRDA:114,11,0,0
BRDA:114,11,1,0
BRDA:116,12,0,0
BRDA:116,12,1,0
BRDA:116,12,2,0
BRDA:116,12,3,0
BRDA:116,12,4,0
BRDA:169,13,0,0
BRDA:169,13,1,0
BRDA:174,14,0,0
BRDA:174,14,1,0
BRDA:175,15,0,0
BRDA:175,15,1,0
BRDA:179,16,0,0
BRDA:179,16,1,0
BRDA:191,17,0,0
BRDA:191,17,1,0
BRF:40
BRH:0
end_of_record
TN:
SF:server/modules/forge/features/qbFeatures.ts
FN:34,buildQBFeatures
FN:68,buildVolumeFeatures
FN:113,buildEfficiencyFeatures
FN:169,buildStabilityFeatures
FN:173,(anonymous_4)
FN:210,buildContextFitFeatures
FNF:6
FNH:6
FNDA:7,buildQBFeatures
FNDA:7,buildVolumeFeatures
FNDA:7,buildEfficiencyFeatures
FNDA:7,buildStabilityFeatures
FNDA:42,(anonymous_4)
FNDA:7,buildContextFitFeatures
DA:11,1
DA:12,1
DA:19,1
DA:34,1
DA:35,7
DA:36,7
DA:37,7
DA:38,7
DA:39,7
DA:41,7
DA:42,7
DA:43,7
DA:44,7
DA:46,7
DA:47,3
DA:48,3
DA:49,3
DA:52,7
DA:72,7
DA:75,7
DA:76,7
DA:77,7
DA:78,0
DA:80,7
DA:82,7
DA:83,7
DA:86,7
DA:87,7
DA:88,1
DA:91,7
DA:97,7
DA:103,7
DA:110,7
DA:117,7
DA:118,7
DA:119,7
DA:121,7
DA:122,7
DA:123,7
DA:124,7
DA:125,7
DA:126,7
DA:128,7
DA:130,7
DA:138,7
DA:152,7
DA:160,7
DA:161,7
DA:162,3
DA:165,7
DA:173,42
DA:175,7
DA:176,7
DA:182,7
DA:186,7
DA:187,7
DA:189,7
DA:190,7
DA:191,7
DA:192,7
DA:194,7
DA:202,7
DA:215,7
DA:216,7
DA:217,7
DA:218,7
DA:220,7
DA:227,7
DA:229,7
DA:230,0
DA:238,7
DA:249,7
DA:257,7
LF:73
LH:71
BRDA:35,0,0,7
BRDA:35,0,1,2
BRDA:36,1,0,7
BRDA:36,1,1,3
BRDA:36,2,0,3
BRDA:36,2,1,4
BRDA:36,3,0,7
BRDA:36,3,1,7
BRDA:36,4,0,3
BRDA:36,4,1,0
BRDA:36,5,0,3
BRDA:36,5,1,3
BRDA:46,6,0,3
BRDA:46,6,1,4
BRDA:76,7,0,5
BRDA:76,7,1,2
BRDA:76,8,0,7
BRDA:76,8,1,7
BRDA:77,9,0,0
BRDA:77,9,1,7
BRDA:77,10,0,7
BRDA:77,10,1,2
BRDA:82,11,0,4
BRDA:82,11,1,3
BRDA:82,12,0,7
BRDA:82,12,1,7
BRDA:86,13,0,4
BRDA:86,13,1,3
BRDA:86,14,0,7
BRDA:86,14,1,7
BRDA:87,15,0,1
BRDA:87,15,1,6
BRDA:87,16,0,7
BRDA:87,16,1,3
BRDA:117,17,0,3
BRDA:117,17,1,4
BRDA:117,18,0,7
BRDA:117,18,1,7
BRDA:118,19,0,3
BRDA:118,19,1,4
BRDA:118,20,0,7
BRDA:118,20,1,7
BRDA:119,21,0,3
BRDA:119,21,1,4
BRDA:119,22,0,7
BRDA:119,22,1,7
BRDA:121,23,0,5
BRDA:121,23,1,2
BRDA:121,24,0,7
BRDA:121,24,1,7
BRDA:122,25,0,5
BRDA:122,25,1,2
BRDA:122,26,0,7
BRDA:122,26,1,7
BRDA:123,27,0,5
BRDA:123,27,1,2
BRDA:123,28,0,7
BRDA:123,28,1,7
BRDA:139,29,0,4
BRDA:139,29,1,3
BRDA:142,30,0,4
BRDA:142,30,1,3
BRDA:145,31,0,4
BRDA:145,31,1,3
BRDA:161,32,0,3
BRDA:161,32,1,4
BRDA:182,33,0,5
BRDA:182,33,1,2
BRDA:189,34,0,5
BRDA:189,34,1,2
BRDA:189,35,0,7
BRDA:189,35,1,7
BRDA:190,36,0,5
BRDA:190,36,1,2
BRDA:190,37,0,7
BRDA:190,37,1,7
BRDA:215,38,0,0
BRDA:215,38,1,7
BRDA:215,39,0,7
BRDA:215,39,1,7
BRDA:216,40,0,0
BRDA:216,40,1,7
BRDA:216,41,0,7
BRDA:216,41,1,7
BRDA:217,42,0,0
BRDA:217,42,1,7
BRDA:217,43,0,7
BRDA:217,43,1,7
BRDA:218,44,0,0
BRDA:218,44,1,7
BRDA:218,45,0,7
BRDA:218,45,1,7
BRDA:227,46,0,7
BRDA:227,46,1,0
BRDA:229,47,0,0
BRDA:229,47,1,7
BRDA:239,48,0,0
BRDA:239,48,1,7
BRDA:239,49,0,7
BRDA:239,49,1,7
BRDA:240,50,0,0
BRDA:240,50,1,7
BRDA:243,51,0,7
BRDA:243,51,1,0
BRDA:243,52,0,7
BRDA:243,52,1,7
BRDA:244,53,0,7
BRDA:244,53,1,0
BRF:108
BRH:96
end_of_record
TN:
SF:server/modules/forge/features/rbFeatures.ts
FN:36,buildRBFeatures
FN:71,buildVolumeFeatures
FN:129,buildEfficiencyFeatures
FN:186,buildStabilityFeatures
FN:190,(anonymous_4)
FN:226,buildContextFitFeatures
FNF:6
FNH:6
FNDA:5,buildRBFeatures
FNDA:5,buildVolumeFeatures
FNDA:5,buildEfficiencyFeatures
FNDA:5,buildStabilityFeatures
FNDA:21,(anonymous_4)
FNDA:5,buildContextFitFeatures
DA:11,1
DA:12,1
DA:19,1
DA:36,1
DA:37,5
DA:38,5
DA:40,5
DA:41,5
DA:42,5
DA:44,5
DA:45,5
DA:46,5
DA:47,5
DA:49,5
DA:50,3
DA:51,3
DA:52,3
DA:55,5
DA:75,5
DA:77,5
DA:78,5
DA:79,5
DA:80,5
DA:83,5
DA:84,5
DA:85,5
DA:86,5
DA:87,0
DA:91,5
DA:92,5
DA:93,5
DA:94,5
DA:95,1
DA:99,5
DA:100,5
DA:101,1
DA:104,5
DA:111,5
DA:118,5
DA:126,5
DA:133,5
DA:135,5
DA:136,5
DA:137,5
DA:138,5
DA:140,5
DA:148,5
DA:155,5
DA:166,5
DA:174,5
DA:175,5
DA:176,2
DA:180,5
DA:182,5
DA:190,21
DA:192,5
DA:193,5
DA:199,5
DA:203,5
DA:204,5
DA:206,5
DA:210,5
DA:218,5
DA:231,5
DA:234,5
DA:235,5
DA:237,5
DA:243,5
DA:245,5
DA:246,0
DA:254,5
DA:262,5
DA:269,5
LF:73
LH:71
BRDA:37,0,0,5
BRDA:37,0,1,2
BRDA:38,1,0,5
BRDA:38,1,1,2
BRDA:38,2,0,2
BRDA:38,2,1,3
BRDA:38,3,0,5
BRDA:38,3,1,5
BRDA:39,4,0,2
BRDA:39,4,1,0
BRDA:39,5,0,2
BRDA:39,5,1,2
BRDA:40,6,0,5
BRDA:40,6,1,2
BRDA:40,7,0,0
BRDA:40,7,1,2
BRDA:40,8,0,2
BRDA:40,8,1,2
BRDA:49,9,0,3
BRDA:49,9,1,2
BRDA:77,10,0,3
BRDA:77,10,1,2
BRDA:77,11,0,5
BRDA:77,11,1,5
BRDA:78,12,0,2
BRDA:78,12,1,3
BRDA:78,13,0,5
BRDA:78,13,1,5
BRDA:84,14,0,5
BRDA:84,14,1,0
BRDA:84,15,0,5
BRDA:84,15,1,5
BRDA:86,16,0,0
BRDA:86,16,1,5
BRDA:86,17,0,5
BRDA:86,17,1,2
BRDA:91,18,0,2
BRDA:91,18,1,3
BRDA:91,19,0,5
BRDA:91,19,1,5
BRDA:92,20,0,2
BRDA:92,20,1,3
BRDA:92,21,0,5
BRDA:92,21,1,5
BRDA:94,22,0,1
BRDA:94,22,1,4
BRDA:94,23,0,5
BRDA:94,23,1,3
BRDA:100,24,0,1
BRDA:100,24,1,4
BRDA:100,25,0,5
BRDA:100,25,1,3
BRDA:133,26,0,3
BRDA:133,26,1,2
BRDA:133,27,0,5
BRDA:133,27,1,5
BRDA:133,28,0,2
BRDA:133,28,1,3
BRDA:133,29,0,5
BRDA:133,29,1,5
BRDA:134,30,0,0
BRDA:134,30,1,2
BRDA:134,31,0,2
BRDA:134,31,1,2
BRDA:134,32,0,0
BRDA:134,32,1,2
BRDA:134,33,0,2
BRDA:134,33,1,2
BRDA:135,34,0,2
BRDA:135,34,1,3
BRDA:135,35,0,5
BRDA:135,35,1,5
BRDA:136,36,0,2
BRDA:136,36,1,3
BRDA:136,37,0,5
BRDA:136,37,1,5
BRDA:137,38,0,2
BRDA:137,38,1,3
BRDA:137,39,0,5
BRDA:137,39,1,5
BRDA:138,40,0,2
BRDA:138,40,1,3
BRDA:138,41,0,5
BRDA:138,41,1,5
BRDA:148,42,0,3
BRDA:148,42,1,2
BRDA:148,43,0,5
BRDA:148,43,1,3
BRDA:151,44,0,2
BRDA:151,44,1,0
BRDA:157,45,0,3
BRDA:157,45,1,2
BRDA:160,46,0,0
BRDA:160,46,1,5
BRDA:175,47,0,2
BRDA:175,47,1,3
BRDA:199,48,0,2
BRDA:199,48,1,3
BRDA:206,49,0,0
BRDA:206,49,1,5
BRDA:206,50,0,5
BRDA:206,50,1,0
BRDA:206,51,0,5
BRDA:206,51,1,5
BRDA:231,52,0,5
BRDA:231,52,1,0
BRDA:231,53,0,0
BRDA:231,53,1,5
BRDA:231,54,0,5
BRDA:231,54,1,5
BRDA:234,55,0,0
BRDA:234,55,1,5
BRDA:234,56,0,5
BRDA:234,56,1,5
BRDA:235,57,0,0
BRDA:235,57,1,5
BRDA:235,58,0,5
BRDA:235,58,1,5
BRDA:243,59,0,5
BRDA:243,59,1,0
BRDA:245,60,0,0
BRDA:245,60,1,5
BRDA:255,61,0,5
BRDA:255,61,1,0
BRDA:255,62,0,5
BRDA:255,62,1,5
BRDA:256,63,0,0
BRDA:256,63,1,5
BRDA:256,64,0,5
BRDA:256,64,1,5
BRDA:257,65,0,5
BRDA:257,65,1,0
BRF:132
BRH:113
end_of_record
TN:
SF:server/modules/forge/features/teFeatures.ts
FN:34,buildTEFeatures
FN:68,buildVolumeFeatures
FN:105,buildEfficiencyFeatures
FN:158,buildStabilityFeatures
FN:162,(anonymous_4)
FN:193,buildContextFitFeatures
FNF:6
FNH:6
FNDA:4,buildTEFeatures
FNDA:4,buildVolumeFeatures
FNDA:4,buildEfficiencyFeatures
FNDA:4,buildStabilityFeatures
FNDA:20,(anonymous_4)
FNDA:4,buildContextFitFeatures
DA:11,1
DA:12,1
DA:19,1
DA:34,1
DA:35,4
DA:36,4
DA:37,4
DA:38,4
DA:39,4
DA:41,4
DA:42,4
DA:43,4
DA:44,4
DA:46,4
DA:47,2
DA:48,2
DA:49,2
DA:52,4
DA:72,4
DA:74,4
DA:75,4
DA:76,4
DA:77,4
DA:78,4
DA:80,4
DA:87,4
DA:94,4
DA:102,4
DA:109,4
DA:110,4
DA:112,4
DA:113,4
DA:114,4
DA:116,4
DA:117,4
DA:118,4
DA:120,4
DA:127,4
DA:138,4
DA:146,4
DA:147,4
DA:148,2
DA:152,4
DA:154,4
DA:162,20
DA:164,4
DA:165,4
DA:171,4
DA:175,4
DA:176,4
DA:178,4
DA:185,4
DA:198,4
DA:199,4
DA:200,4
DA:202,4
DA:208,4
DA:210,4
DA:211,0
DA:219,4
DA:229,4
DA:236,4
LF:62
LH:61
BRDA:35,0,0,4
BRDA:35,0,1,2
BRDA:36,1,0,4
BRDA:36,1,1,2
BRDA:36,2,0,2
BRDA:36,2,1,2
BRDA:36,3,0,4
BRDA:36,3,1,4
BRDA:36,4,0,2
BRDA:36,4,1,0
BRDA:36,5,0,2
BRDA:36,5,1,2
BRDA:37,6,0,4
BRDA:37,6,1,2
BRDA:37,7,0,0
BRDA:37,7,1,2
BRDA:37,8,0,2
BRDA:37,8,1,2
BRDA:46,9,0,2
BRDA:46,9,1,2
BRDA:74,10,0,2
BRDA:74,10,1,2
BRDA:74,11,0,4
BRDA:74,11,1,4
BRDA:76,12,0,2
BRDA:76,12,1,2
BRDA:76,13,0,4
BRDA:76,13,1,4
BRDA:77,14,0,2
BRDA:77,14,1,2
BRDA:77,15,0,4
BRDA:77,15,1,4
BRDA:109,16,0,2
BRDA:109,16,1,2
BRDA:109,17,0,4
BRDA:109,17,1,4
BRDA:110,18,0,2
BRDA:110,18,1,2
BRDA:110,19,0,4
BRDA:110,19,1,4
BRDA:112,20,0,2
BRDA:112,20,1,2
BRDA:112,21,0,4
BRDA:112,21,1,4
BRDA:113,22,0,2
BRDA:113,22,1,2
BRDA:113,23,0,4
BRDA:113,23,1,4
BRDA:114,24,0,4
BRDA:114,24,1,0
BRDA:116,25,0,2
BRDA:116,25,1,2
BRDA:116,26,0,4
BRDA:116,26,1,4
BRDA:117,27,0,4
BRDA:117,27,1,0
BRDA:128,28,0,2
BRDA:128,28,1,2
BRDA:131,29,0,2
BRDA:131,29,1,2
BRDA:147,30,0,2
BRDA:147,30,1,2
BRDA:171,31,0,2
BRDA:171,31,1,2
BRDA:198,32,0,0
BRDA:198,32,1,4
BRDA:198,33,0,4
BRDA:198,33,1,4
BRDA:199,34,0,0
BRDA:199,34,1,4
BRDA:199,35,0,4
BRDA:199,35,1,4
BRDA:200,36,0,0
BRDA:200,36,1,4
BRDA:200,37,0,4
BRDA:200,37,1,4
BRDA:208,38,0,4
BRDA:208,38,1,0
BRDA:210,39,0,0
BRDA:210,39,1,4
BRDA:220,40,0,4
BRDA:220,40,1,0
BRDA:220,41,0,4
BRDA:220,41,1,4
BRDA:221,42,0,0
BRDA:221,42,1,4
BRDA:224,43,0,4
BRDA:224,43,1,0
BRF:88
BRH:76
end_of_record
TN:
SF:server/modules/forge/features/wrFeatures.ts
FN:36,buildWRFeatures
FN:70,buildVolumeFeatures
FN:125,buildEfficiencyFeatures
FN:178,buildStabilityFeatures
FN:182,(anonymous_4)
FN:213,buildContextFitFeatures
FNF:6
FNH:6
FNDA:6,buildWRFeatures
FNDA:6,buildVolumeFeatures
FNDA:6,buildEfficiencyFeatures
FNDA:6,buildStabilityFeatures
FNDA:32,(anonymous_4)
FNDA:6,buildContextFitFeatures
DA:11,1
DA:12,1
DA:20,1
DA:36,1
DA:37,6
DA:38,6
DA:39,6
DA:40,6
DA:41,6
DA:43,6
DA:44,6
DA:45,6
DA:46,6
DA:48,6
DA:49,3
DA:50,3
DA:51,3
DA:54,6
DA:74,6
DA:76,6
DA:77,6
DA:80,6
DA:81,6
DA:82,6
DA:83,6
DA:84,1
DA:87,6
DA:92,6
DA:93,6
DA:94,6
DA:95,1
DA:98,6
DA:105,6
DA:114,6
DA:122,6
DA:129,6
DA:130,6
DA:132,6
DA:133,6
DA:134,6
DA:136,6
DA:137,6
DA:138,6
DA:140,6
DA:147,6
DA:158,6
DA:166,6
DA:167,6
DA:168,2
DA:172,6
DA:174,6
DA:182,32
DA:184,6
DA:185,6
DA:191,6
DA:195,6
DA:196,6
DA:198,6
DA:205,6
DA:218,6
DA:219,6
DA:220,6
DA:222,6
DA:228,6
DA:230,6
DA:231,3
DA:239,3
DA:247,3
DA:254,3
LF:69
LH:69
BRDA:37,0,0,6
BRDA:37,0,1,2
BRDA:38,1,0,6
BRDA:38,1,1,2
BRDA:38,2,0,2
BRDA:38,2,1,4
BRDA:38,3,0,6
BRDA:38,3,1,6
BRDA:38,4,0,2
BRDA:38,4,1,0
BRDA:38,5,0,2
BRDA:38,5,1,2
BRDA:39,6,0,6
BRDA:39,6,1,2
BRDA:39,7,0,2
BRDA:39,7,1,0
BRDA:39,8,0,2
BRDA:39,8,1,2
BRDA:48,9,0,3
BRDA:48,9,1,3
BRDA:76,10,0,4
BRDA:76,10,1,2
BRDA:76,11,0,6
BRDA:76,11,1,6
BRDA:81,12,0,3
BRDA:81,12,1,3
BRDA:81,13,0,6
BRDA:81,13,1,6
BRDA:83,14,0,1
BRDA:83,14,1,5
BRDA:83,15,0,6
BRDA:83,15,1,3
BRDA:87,16,0,3
BRDA:87,16,1,3
BRDA:88,17,0,3
BRDA:88,17,1,0
BRDA:92,18,0,3
BRDA:92,18,1,3
BRDA:92,19,0,6
BRDA:92,19,1,6
BRDA:94,20,0,1
BRDA:94,20,1,5
BRDA:94,21,0,6
BRDA:94,21,1,3
BRDA:108,22,0,3
BRDA:108,22,1,3
BRDA:129,23,0,2
BRDA:129,23,1,4
BRDA:129,24,0,6
BRDA:129,24,1,6
BRDA:130,25,0,2
BRDA:130,25,1,4
BRDA:130,26,0,6
BRDA:130,26,1,6
BRDA:132,27,0,4
BRDA:132,27,1,2
BRDA:132,28,0,6
BRDA:132,28,1,6
BRDA:133,29,0,4
BRDA:133,29,1,2
BRDA:133,30,0,6
BRDA:133,30,1,6
BRDA:134,31,0,6
BRDA:134,31,1,0
BRDA:136,32,0,4
BRDA:136,32,1,2
BRDA:136,33,0,6
BRDA:136,33,1,6
BRDA:137,34,0,6
BRDA:137,34,1,0
BRDA:148,35,0,4
BRDA:148,35,1,2
BRDA:151,36,0,4
BRDA:151,36,1,2
BRDA:167,37,0,2
BRDA:167,37,1,4
BRDA:191,38,0,4
BRDA:191,38,1,2
BRDA:218,39,0,3
BRDA:218,39,1,3
BRDA:218,40,0,6
BRDA:218,40,1,6
BRDA:219,41,0,3
BRDA:219,41,1,3
BRDA:219,42,0,6
BRDA:219,42,1,6
BRDA:220,43,0,3
BRDA:220,43,1,3
BRDA:220,44,0,6
BRDA:220,44,1,6
BRDA:228,45,0,6
BRDA:228,45,1,3
BRDA:230,46,0,3
BRDA:230,46,1,3
BRDA:240,47,0,3
BRDA:240,47,1,0
BRDA:240,48,0,3
BRDA:240,48,1,3
BRDA:241,49,0,3
BRDA:241,49,1,0
BRDA:241,50,0,3
BRDA:241,50,1,3
BRDA:242,51,0,3
BRDA:242,51,1,0
BRF:104
BRH:96
end_of_record
TN:
SF:server/modules/forge/idp/idpCalibration.ts
FN:24,calibrateIdpAlpha
FN:27,(anonymous_1)
FN:28,(anonymous_2)
FNF:3
FNH:0
FNDA:0,calibrateIdpAlpha
FNDA:0,(anonymous_1)
FNDA:0,(anonymous_2)
DA:5,2
DA:13,2
DA:24,2
DA:25,0
DA:27,0
DA:28,0
DA:30,0
DA:31,0
DA:33,0
DA:34,0
DA:35,0
DA:36,0
DA:37,0
DA:38,0
DA:42,0
LF:15
LH:3
BRDA:30,0,0,0
BRDA:30,0,1,0
BRDA:31,1,0,0
BRDA:31,1,1,0
BRDA:34,2,0,0
BRDA:34,2,1,0
BRDA:36,3,0,0
BRDA:36,3,1,0
BRF:8
BRH:0
end_of_record
TN:
SF:server/modules/forge/idp/idpForgeEngine.ts
FN:39,getTeamDefSnapsPerWeek
FN:57,computeSnapShare
FN:73,(anonymous_11)
FN:77,fetchIdpForgeContext
FN:97,(anonymous_14)
FN:124,computeStabilityScore
FN:126,(anonymous_16)
FN:127,(anonymous_17)
FN:133,(anonymous_18)
FN:134,(anonymous_19)
FN:136,(anonymous_20)
FN:145,createIdpMetricLookup
FN:158,(anonymous_22)
FN:186,runIdpForgeEngine
FN:219,buildVirtualSeasonRow
FN:220,(anonymous_26)
FN:220,(anonymous_27)
FN:247,runIdpForgeThroughWeek
FN:268,(anonymous_30)
FNF:19
FNH:0
FNDA:0,getTeamDefSnapsPerWeek
FNDA:0,computeSnapShare
FNDA:0,(anonymous_11)
FNDA:0,fetchIdpForgeContext
FNDA:0,(anonymous_14)
FNDA:0,computeStabilityScore
FNDA:0,(anonymous_16)
FNDA:0,(anonymous_17)
FNDA:0,(anonymous_18)
FNDA:0,(anonymous_19)
FNDA:0,(anonymous_20)
FNDA:0,createIdpMetricLookup
FNDA:0,(anonymous_22)
FNDA:0,runIdpForgeEngine
FNDA:0,buildVirtualSeasonRow
FNDA:0,(anonymous_26)
FNDA:0,(anonymous_27)
FNDA:0,runIdpForgeThroughWeek
FNDA:0,(anonymous_30)
DA:1,2
DA:2,2
DA:3,2
DA:5,2
DA:6,2
DA:7,2
DA:20,2
DA:37,2
DA:40,0
DA:41,0
DA:43,0
DA:49,0
DA:50,0
DA:51,0
DA:53,0
DA:54,0
DA:63,0
DA:64,0
DA:65,0
DA:66,0
DA:67,0
DA:68,0
DA:69,0
DA:70,0
DA:72,0
DA:73,0
DA:74,0
DA:77,2
DA:78,0
DA:79,0
DA:80,0
DA:81,0
DA:86,0
DA:88,0
DA:89,0
DA:90,0
DA:92,0
DA:93,0
DA:94,0
DA:95,0
DA:97,0
DA:98,0
DA:100,0
DA:116,2
DA:125,0
DA:126,0
DA:127,0
DA:128,0
DA:129,0
DA:130,0
DA:131,0
DA:133,0
DA:134,0
DA:135,0
DA:136,0
DA:137,0
DA:139,0
DA:140,0
DA:141,0
DA:142,0
DA:145,2
DA:146,0
DA:147,0
DA:148,0
DA:150,0
DA:151,0
DA:152,0
DA:153,0
DA:154,0
DA:155,0
DA:156,0
DA:158,0
DA:159,0
DA:160,0
DA:161,0
DA:162,0
DA:163,0
DA:164,0
DA:166,0
DA:167,0
DA:168,0
DA:169,0
DA:170,0
DA:172,0
DA:173,0
DA:174,0
DA:175,0
DA:176,0
DA:177,0
DA:178,0
DA:179,0
DA:180,0
DA:181,0
DA:186,2
DA:187,0
DA:188,0
DA:189,0
DA:191,0
DA:198,0
DA:199,0
DA:200,0
DA:202,0
DA:220,0
DA:221,0
DA:222,0
DA:223,0
DA:224,0
DA:225,0
DA:247,2
DA:253,0
DA:258,0
DA:259,0
DA:261,0
DA:262,0
DA:264,0
DA:265,0
DA:266,0
DA:267,0
DA:268,0
DA:269,0
DA:271,0
DA:286,0
DA:287,0
DA:288,0
DA:295,0
DA:296,0
DA:297,0
DA:299,0
LF:128
LH:13
BRDA:41,0,0,0
BRDA:41,0,1,0
BRDA:51,1,0,0
BRDA:51,1,1,0
BRDA:63,2,0,0
BRDA:63,2,1,0
BRDA:67,3,0,0
BRDA:67,3,1,0
BRDA:68,4,0,0
BRDA:68,4,1,0
BRDA:69,5,0,0
BRDA:69,5,1,0
BRDA:72,6,0,0
BRDA:72,6,1,0
BRDA:79,7,0,0
BRDA:79,7,1,0
BRDA:88,8,0,0
BRDA:88,8,1,0
BRDA:88,9,0,0
BRDA:88,9,1,0
BRDA:89,10,0,0
BRDA:89,10,1,0
BRDA:90,11,0,0
BRDA:90,11,1,0
BRDA:94,12,0,0
BRDA:94,12,1,0
BRDA:102,13,0,0
BRDA:102,13,1,0
BRDA:125,14,0,0
BRDA:125,14,1,0
BRDA:126,15,0,0
BRDA:126,15,1,0
BRDA:128,16,0,0
BRDA:128,16,1,0
BRDA:128,17,0,0
BRDA:128,17,1,0
BRDA:128,18,0,0
BRDA:128,18,1,0
BRDA:128,19,0,0
BRDA:128,19,1,0
BRDA:129,20,0,0
BRDA:129,20,1,0
BRDA:129,21,0,0
BRDA:129,21,1,0
BRDA:130,22,0,0
BRDA:130,22,1,0
BRDA:130,23,0,0
BRDA:130,23,1,0
BRDA:131,24,0,0
BRDA:131,24,1,0
BRDA:135,25,0,0
BRDA:135,25,1,0
BRDA:150,26,0,0
BRDA:150,26,1,0
BRDA:150,27,0,0
BRDA:150,27,1,0
BRDA:151,28,0,0
BRDA:151,28,1,0
BRDA:152,29,0,0
BRDA:152,29,1,0
BRDA:153,30,0,0
BRDA:153,30,1,0
BRDA:154,31,0,0
BRDA:154,31,1,0
BRDA:155,32,0,0
BRDA:155,32,1,0
BRDA:156,33,0,0
BRDA:156,33,1,0
BRDA:159,34,0,0
BRDA:159,34,1,0
BRDA:159,34,2,0
BRDA:159,34,3,0
BRDA:159,34,4,0
BRDA:159,34,5,0
BRDA:159,34,6,0
BRDA:159,34,7,0
BRDA:159,34,8,0
BRDA:159,34,9,0
BRDA:159,34,10,0
BRDA:159,34,11,0
BRDA:160,35,0,0
BRDA:160,35,1,0
BRDA:162,36,0,0
BRDA:162,36,1,0
BRDA:163,37,0,0
BRDA:163,37,1,0
BRDA:164,38,0,0
BRDA:164,38,1,0
BRDA:164,39,0,0
BRDA:164,39,1,0
BRDA:166,40,0,0
BRDA:166,40,1,0
BRDA:167,41,0,0
BRDA:167,41,1,0
BRDA:168,42,0,0
BRDA:168,42,1,0
BRDA:169,43,0,0
BRDA:169,43,1,0
BRDA:172,44,0,0
BRDA:172,44,1,0
BRDA:173,45,0,0
BRDA:173,45,1,0
BRDA:174,46,0,0
BRDA:174,46,1,0
BRDA:175,47,0,0
BRDA:175,47,1,0
BRDA:206,48,0,0
BRDA:206,48,1,0
BRDA:206,49,0,0
BRDA:206,49,1,0
BRDA:214,50,0,0
BRDA:214,50,1,0
BRDA:220,51,0,0
BRDA:220,51,1,0
BRDA:226,52,0,0
BRDA:226,52,1,0
BRDA:226,53,0,0
BRDA:226,53,1,0
BRDA:226,54,0,0
BRDA:226,54,1,0
BRDA:226,55,0,0
BRDA:226,55,1,0
BRDA:227,56,0,0
BRDA:227,56,1,0
BRDA:227,57,0,0
BRDA:227,57,1,0
BRDA:227,58,0,0
BRDA:227,58,1,0
BRDA:227,59,0,0
BRDA:227,59,1,0
BRDA:228,60,0,0
BRDA:228,60,1,0
BRDA:228,61,0,0
BRDA:228,61,1,0
BRDA:228,62,0,0
BRDA:228,62,1,0
BRDA:228,63,0,0
BRDA:228,63,1,0
BRDA:243,64,0,0
BRDA:243,64,1,0
BRDA:259,65,0,0
BRDA:259,65,1,0
BRDA:266,66,0,0
BRDA:266,66,1,0
BRF:144
BRH:0
end_of_record
TN:
SF:server/modules/forge/idp/idpPillars.ts
FN:69,getIdpPillarConfig
FNF:1
FNH:0
FNDA:0,getIdpPillarConfig
DA:6,2
DA:27,2
DA:61,2
DA:69,2
DA:70,0
LF:5
LH:4
BRF:0
BRH:0
end_of_record
TN:
SF:server/modules/forge/idp/idpTeamContext.ts
FN:16,parseDefensePersonnel
FN:32,deriveTeamDefenseScheme
FN:70,computeSchemeFitScore
FNF:3
FNH:0
FNDA:0,parseDefensePersonnel
FNDA:0,deriveTeamDefenseScheme
FNDA:0,computeSchemeFitScore
DA:1,2
DA:2,2
DA:16,2
DA:17,0
DA:18,0
DA:19,0
DA:20,0
DA:22,0
DA:23,0
DA:24,0
DA:25,0
DA:26,0
DA:27,0
DA:29,0
DA:32,2
DA:33,0
DA:38,0
DA:40,0
DA:41,0
DA:42,0
DA:43,0
DA:44,0
DA:45,0
DA:46,0
DA:47,0
DA:48,0
DA:49,0
DA:50,0
DA:51,0
DA:52,0
DA:53,0
DA:54,0
DA:56,0
DA:57,0
DA:58,0
DA:70,2
DA:71,0
DA:72,0
DA:73,0
DA:74,0
DA:75,0
DA:76,0
LF:42
LH:5
BRDA:25,0,0,0
BRDA:25,0,1,0
BRDA:26,1,0,0
BRDA:26,1,1,0
BRDA:38,2,0,0
BRDA:38,2,1,0
BRDA:47,3,0,0
BRDA:47,3,1,0
BRDA:48,4,0,0
BRDA:48,4,1,0
BRDA:53,5,0,0
BRDA:53,5,1,0
BRDA:54,6,0,0
BRDA:54,6,1,0
BRDA:56,7,0,0
BRDA:56,7,1,0
BRDA:61,8,0,0
BRDA:61,8,1,0
BRDA:61,9,0,0
BRDA:61,9,1,0
BRDA:72,10,0,0
BRDA:72,10,1,0
BRDA:73,11,0,0
BRDA:73,11,1,0
BRDA:73,12,0,0
BRDA:73,12,1,0
BRDA:74,13,0,0
BRDA:74,13,1,0
BRDA:74,14,0,0
BRDA:74,14,1,0
BRDA:75,15,0,0
BRDA:75,15,1,0
BRDA:75,16,0,0
BRDA:75,16,1,0
BRDA:75,16,2,0
BRF:35
BRH:0
end_of_record
TN:
SF:server/modules/forge/utils/scoring.ts
FN:15,calculatePercentile
FN:34,clamp
FN:41,safeAverage
FN:42,(anonymous_3)
FN:44,(anonymous_4)
FN:50,calculateWeeklyStdDev
FN:53,(anonymous_6)
FN:54,(anonymous_7)
FN:55,(anonymous_8)
FN:67,calculateFloorBoomRates
FN:76,(anonymous_10)
FN:77,(anonymous_11)
FN:89,calculateRollingWeightedAlpha
FN:102,(anonymous_13)
FN:103,(anonymous_14)
FN:116,calculateSeasonAlpha
FN:118,(anonymous_16)
FN:124,roundTo
FNF:18
FNH:9
FNDA:228,calculatePercentile
FNDA:313,clamp
FNDA:0,safeAverage
FNDA:0,(anonymous_3)
FNDA:0,(anonymous_4)
FNDA:22,calculateWeeklyStdDev
FNDA:114,(anonymous_6)
FNDA:114,(anonymous_7)
FNDA:114,(anonymous_8)
FNDA:22,calculateFloorBoomRates
FNDA:115,(anonymous_10)
FNDA:115,(anonymous_11)
FNDA:0,calculateRollingWeightedAlpha
FNDA:0,(anonymous_13)
FNDA:0,(anonymous_14)
FNDA:0,calculateSeasonAlpha
FNDA:0,(anonymous_16)
FNDA:0,roundTo
DA:15,1
DA:20,228
DA:21,0
DA:24,228
DA:25,228
DA:27,228
DA:28,228
DA:34,1
DA:35,313
DA:41,1
DA:42,0
DA:43,0
DA:44,0
DA:50,1
DA:51,22
DA:53,114
DA:54,114
DA:55,114
DA:57,13
DA:67,1
DA:72,22
DA:73,8
DA:76,115
DA:77,115
DA:79,14
DA:89,1
DA:92,0
DA:95,0
DA:98,0
DA:99,0
DA:100,0
DA:102,0
DA:103,0
DA:105,0
DA:106,0
DA:107,0
DA:110,0
DA:116,1
DA:117,0
DA:118,0
DA:124,1
DA:125,0
DA:126,0
LF:43
LH:24
BRDA:20,0,0,0
BRDA:20,0,1,228
BRDA:20,1,0,228
BRDA:20,1,1,228
BRDA:20,1,2,228
BRDA:25,2,0,0
BRDA:25,2,1,228
BRDA:42,3,0,0
BRDA:42,3,1,0
BRDA:42,3,2,0
BRDA:43,4,0,0
BRDA:43,4,1,0
BRDA:51,5,0,9
BRDA:51,5,1,13
BRDA:72,6,0,8
BRDA:72,6,1,14
BRDA:92,7,0,0
BRDA:92,7,1,0
BRDA:103,8,0,0
BRDA:103,8,1,0
BRDA:106,9,0,0
BRDA:106,9,1,0
BRDA:107,10,0,0
BRDA:107,10,1,0
BRDA:117,11,0,0
BRDA:117,11,1,0
BRF:26
BRH:9
end_of_record
TN:
SF:server/services/xFptsConfig.ts
FN:111,clamp
FN:119,calculateXFptsV1
FN:144,getPerformanceTag
FN:166,calculateRecMultiplier
FN:209,calculateRushMultiplier
FNF:5
FNH:0
FNDA:0,clamp
FNDA:0,calculateXFptsV1
FNDA:0,getPerformanceTag
FNDA:0,calculateRecMultiplier
FNDA:0,calculateRushMultiplier
DA:9,2
DA:36,2
DA:74,2
DA:99,2
DA:111,2
DA:112,0
DA:119,2
DA:124,0
DA:125,0
DA:126,0
DA:129,0
DA:130,0
DA:131,0
DA:144,2
DA:148,0
DA:150,0
DA:152,0
DA:153,0
DA:154,0
DA:156,0
DA:166,2
DA:171,0
DA:172,0
DA:174,0
DA:175,0
DA:178,0
DA:179,0
DA:183,0
DA:184,0
DA:185,0
DA:187,0
DA:188,0
DA:189,0
DA:192,0
DA:193,0
DA:199,0
DA:209,2
DA:214,0
DA:215,0
DA:218,0
DA:219,0
DA:222,0
DA:223,0
DA:230,0
DA:231,0
DA:232,0
DA:239,0
DA:240,0
DA:246,0
LF:49
LH:9
BRDA:125,0,0,0
BRDA:125,0,1,0
BRDA:150,1,0,0
BRDA:150,1,1,0
BRDA:152,2,0,0
BRDA:152,2,1,0
BRDA:153,3,0,0
BRDA:153,3,1,0
BRDA:154,4,0,0
BRDA:154,4,1,0
BRDA:174,5,0,0
BRDA:174,5,1,0
BRDA:178,6,0,0
BRDA:178,6,1,0
BRDA:178,7,0,0
BRDA:178,7,1,0
BRDA:214,8,0,0
BRDA:214,8,1,0
BRDA:218,9,0,0
BRDA:218,9,1,0
BRDA:218,10,0,0
BRDA:218,10,1,0
BRDA:219,11,0,0
BRDA:219,11,1,0
BRDA:219,12,0,0
BRDA:219,12,1,0
BRF:26
BRH:0
end_of_record
TN:
SF:shared/idpSchema.ts
FN:33,mapHavocToTier
FNF:1
FNH:0
FNDA:0,mapHavocToTier
DA:3,2
DA:5,2
DA:22,2
DA:23,2
DA:25,2
DA:33,2
DA:34,0
DA:35,0
DA:36,0
DA:37,0
DA:38,0
LF:11
LH:6
BRDA:34,0,0,0
BRDA:34,0,1,0
BRDA:35,1,0,0
BRDA:35,1,1,0
BRDA:36,2,0,0
BRDA:36,2,1,0
BRDA:37,3,0,0
BRDA:37,3,1,0
BRF:8
BRH:0
end_of_record
TN:
SF:shared/schema.ts
FN:180,(anonymous_0)
FN:201,(anonymous_1)
FN:216,(anonymous_2)
FN:246,(anonymous_3)
FN:258,(anonymous_4)
FN:280,(anonymous_5)
FN:337,(anonymous_6)
FN:373,(anonymous_7)
FN:403,(anonymous_8)
FN:426,(anonymous_9)
FN:477,(anonymous_10)
FN:535,(anonymous_11)
FN:568,(anonymous_12)
FN:576,(anonymous_13)
FN:601,(anonymous_14)
FN:620,(anonymous_15)
FN:655,(anonymous_16)
FN:669,(anonymous_17)
FN:689,(anonymous_18)
FN:699,(anonymous_19)
FN:700,(anonymous_20)
FN:724,(anonymous_21)
FN:774,(anonymous_22)
FN:950,(anonymous_23)
FN:990,(anonymous_24)
FN:1023,(anonymous_25)
FN:1036,(anonymous_26)
FN:1047,(anonymous_27)
FN:1058,(anonymous_28)
FN:1079,(anonymous_29)
FN:1080,(anonymous_30)
FN:1090,(anonymous_31)
FN:1163,(anonymous_32)
FN:1196,(anonymous_33)
FN:1201,(anonymous_34)
FN:1218,(anonymous_35)
FN:1235,(anonymous_36)
FN:1250,(anonymous_37)
FN:1267,(anonymous_38)
FN:1384,(anonymous_39)
FN:1390,(anonymous_40)
FN:1395,(anonymous_41)
FN:1413,(anonymous_42)
FN:1424,(anonymous_43)
FN:1425,(anonymous_44)
FN:1432,(anonymous_45)
FN:1438,(anonymous_46)
FN:1445,(anonymous_47)
FN:1504,(anonymous_48)
FN:1524,(anonymous_49)
FN:1535,(anonymous_50)
FN:1542,(anonymous_51)
FN:1549,(anonymous_52)
FN:1556,(anonymous_53)
FN:1567,(anonymous_54)
FN:1588,(anonymous_55)
FN:1610,(anonymous_56)
FN:1657,(anonymous_57)
FN:1672,(anonymous_58)
FN:1697,(anonymous_59)
FN:1710,(anonymous_60)
FN:1723,(anonymous_61)
FN:1738,(anonymous_62)
FN:1751,(anonymous_63)
FN:1757,(anonymous_64)
FN:1809,(anonymous_65)
FN:1844,(anonymous_66)
FN:1868,(anonymous_67)
FN:1898,(anonymous_68)
FN:1976,(anonymous_69)
FN:2010,(anonymous_70)
FN:2047,(anonymous_71)
FN:2057,(anonymous_72)
FN:2060,(anonymous_73)
FN:2068,(anonymous_74)
FN:2078,(anonymous_75)
FN:2085,(anonymous_76)
FN:2104,(anonymous_77)
FN:2115,(anonymous_78)
FN:2125,(anonymous_79)
FN:2135,(anonymous_80)
FN:2144,(anonymous_81)
FN:2153,(anonymous_82)
FN:2212,(anonymous_83)
FN:2221,(anonymous_84)
FN:2250,(anonymous_85)
FN:2267,(anonymous_86)
FN:2330,(anonymous_87)
FN:2384,(anonymous_88)
FN:2416,(anonymous_89)
FN:2433,(anonymous_90)
FN:2485,(anonymous_91)
FN:2522,(anonymous_92)
FN:2538,(anonymous_93)
FN:2565,(anonymous_94)
FN:2599,(anonymous_95)
FN:2661,(anonymous_96)
FN:2677,(anonymous_97)
FN:2711,(anonymous_98)
FN:2719,(anonymous_99)
FN:2727,(anonymous_100)
FN:2768,(anonymous_101)
FN:2787,(anonymous_102)
FN:2790,(anonymous_103)
FN:2837,(anonymous_104)
FN:2850,(anonymous_105)
FN:2889,(anonymous_106)
FN:2912,(anonymous_107)
FN:2933,(anonymous_108)
FN:2943,(anonymous_109)
FN:2991,(anonymous_110)
FN:3006,(anonymous_111)
FN:3057,(anonymous_112)
FN:3100,(anonymous_113)
FN:3136,(anonymous_114)
FN:3273,(anonymous_115)
FN:3284,(anonymous_116)
FN:3290,(anonymous_117)
FN:3298,(anonymous_118)
FN:3306,(anonymous_119)
FN:3318,(anonymous_120)
FN:3330,(anonymous_121)
FN:3338,(anonymous_122)
FN:3346,(anonymous_123)
FN:3354,(anonymous_124)
FN:3395,(anonymous_125)
FN:3404,(anonymous_126)
FN:3421,(anonymous_127)
FN:3497,(anonymous_128)
FN:3509,(anonymous_129)
FN:3572,(anonymous_130)
FN:3584,(anonymous_131)
FN:3645,(anonymous_132)
FN:3657,(anonymous_133)
FN:3727,(anonymous_134)
FN:3739,(anonymous_135)
FN:3778,(anonymous_136)
FN:3822,(anonymous_137)
FN:3856,(anonymous_138)
FN:3903,(anonymous_139)
FN:3935,(anonymous_140)
FN:3973,(anonymous_141)
FN:4039,(anonymous_142)
FN:4064,(anonymous_143)
FN:4138,(anonymous_144)
FN:4145,(anonymous_145)
FN:4153,(anonymous_146)
FN:4160,(anonymous_147)
FN:4161,(anonymous_148)
FN:4187,(anonymous_149)
FN:4205,(anonymous_150)
FN:4232,(anonymous_151)
FN:4239,(anonymous_152)
FN:4252,(anonymous_153)
FN:4259,(anonymous_154)
FN:4263,(anonymous_155)
FN:4270,(anonymous_156)
FN:4274,(anonymous_157)
FN:4297,(anonymous_158)
FN:4322,(anonymous_159)
FN:4346,(anonymous_160)
FN:4426,(anonymous_161)
FN:4470,(anonymous_162)
FN:4534,(anonymous_163)
FN:4593,(anonymous_164)
FN:4665,(anonymous_165)
FN:4703,(anonymous_166)
FN:4717,(anonymous_167)
FN:4742,(anonymous_168)
FN:4775,(anonymous_169)
FN:4832,(anonymous_170)
FN:4891,(anonymous_171)
FN:4904,(anonymous_172)
FN:5076,(anonymous_173)
FN:5092,(anonymous_174)
FN:5136,(anonymous_175)
FN:5164,(anonymous_176)
FN:5203,(anonymous_177)
FN:5268,(anonymous_178)
FN:5301,(anonymous_179)
FN:5316,(anonymous_180)
FN:5347,(anonymous_181)
FN:5389,(anonymous_182)
FN:5430,(anonymous_183)
FN:5445,(anonymous_184)
FN:5453,(anonymous_185)
FNF:186
FNH:0
FNDA:0,(anonymous_0)
FNDA:0,(anonymous_1)
FNDA:0,(anonymous_2)
FNDA:0,(anonymous_3)
FNDA:0,(anonymous_4)
FNDA:0,(anonymous_5)
FNDA:0,(anonymous_6)
FNDA:0,(anonymous_7)
FNDA:0,(anonymous_8)
FNDA:0,(anonymous_9)
FNDA:0,(anonymous_10)
FNDA:0,(anonymous_11)
FNDA:0,(anonymous_12)
FNDA:0,(anonymous_13)
FNDA:0,(anonymous_14)
FNDA:0,(anonymous_15)
FNDA:0,(anonymous_16)
FNDA:0,(anonymous_17)
FNDA:0,(anonymous_18)
FNDA:0,(anonymous_19)
FNDA:0,(anonymous_20)
FNDA:0,(anonymous_21)
FNDA:0,(anonymous_22)
FNDA:0,(anonymous_23)
FNDA:0,(anonymous_24)
FNDA:0,(anonymous_25)
FNDA:0,(anonymous_26)
FNDA:0,(anonymous_27)
FNDA:0,(anonymous_28)
FNDA:0,(anonymous_29)
FNDA:0,(anonymous_30)
FNDA:0,(anonymous_31)
FNDA:0,(anonymous_32)
FNDA:0,(anonymous_33)
FNDA:0,(anonymous_34)
FNDA:0,(anonymous_35)
FNDA:0,(anonymous_36)
FNDA:0,(anonymous_37)
FNDA:0,(anonymous_38)
FNDA:0,(anonymous_39)
FNDA:0,(anonymous_40)
FNDA:0,(anonymous_41)
FNDA:0,(anonymous_42)
FNDA:0,(anonymous_43)
FNDA:0,(anonymous_44)
FNDA:0,(anonymous_45)
FNDA:0,(anonymous_46)
FNDA:0,(anonymous_47)
FNDA:0,(anonymous_48)
FNDA:0,(anonymous_49)
FNDA:0,(anonymous_50)
FNDA:0,(anonymous_51)
FNDA:0,(anonymous_52)
FNDA:0,(anonymous_53)
FNDA:0,(anonymous_54)
FNDA:0,(anonymous_55)
FNDA:0,(anonymous_56)
FNDA:0,(anonymous_57)
FNDA:0,(anonymous_58)
FNDA:0,(anonymous_59)
FNDA:0,(anonymous_60)
FNDA:0,(anonymous_61)
FNDA:0,(anonymous_62)
FNDA:0,(anonymous_63)
FNDA:0,(anonymous_64)
FNDA:0,(anonymous_65)
FNDA:0,(anonymous_66)
FNDA:0,(anonymous_67)
FNDA:0,(anonymous_68)
FNDA:0,(anonymous_69)
FNDA:0,(anonymous_70)
FNDA:0,(anonymous_71)
FNDA:0,(anonymous_72)
FNDA:0,(anonymous_73)
FNDA:0,(anonymous_74)
FNDA:0,(anonymous_75)
FNDA:0,(anonymous_76)
FNDA:0,(anonymous_77)
FNDA:0,(anonymous_78)
FNDA:0,(anonymous_79)
FNDA:0,(anonymous_80)
FNDA:0,(anonymous_81)
FNDA:0,(anonymous_82)
FNDA:0,(anonymous_83)
FNDA:0,(anonymous_84)
FNDA:0,(anonymous_85)
FNDA:0,(anonymous_86)
FNDA:0,(anonymous_87)
FNDA:0,(anonymous_88)
FNDA:0,(anonymous_89)
FNDA:0,(anonymous_90)
FNDA:0,(anonymous_91)
FNDA:0,(anonymous_92)
FNDA:0,(anonymous_93)
FNDA:0,(anonymous_94)
FNDA:0,(anonymous_95)
FNDA:0,(anonymous_96)
FNDA:0,(anonymous_97)
FNDA:0,(anonymous_98)
FNDA:0,(anonymous_99)
FNDA:0,(anonymous_100)
FNDA:0,(anonymous_101)
FNDA:0,(anonymous_102)
FNDA:0,(anonymous_103)
FNDA:0,(anonymous_104)
FNDA:0,(anonymous_105)
FNDA:0,(anonymous_106)
FNDA:0,(anonymous_107)
FNDA:0,(anonymous_108)
FNDA:0,(anonymous_109)
FNDA:0,(anonymous_110)
FNDA:0,(anonymous_111)
FNDA:0,(anonymous_112)
FNDA:0,(anonymous_113)
FNDA:0,(anonymous_114)
FNDA:0,(anonymous_115)
FNDA:0,(anonymous_116)
FNDA:0,(anonymous_117)
FNDA:0,(anonymous_118)
FNDA:0,(anonymous_119)
FNDA:0,(anonymous_120)
FNDA:0,(anonymous_121)
FNDA:0,(anonymous_122)
FNDA:0,(anonymous_123)
FNDA:0,(anonymous_124)
FNDA:0,(anonymous_125)
FNDA:0,(anonymous_126)
FNDA:0,(anonymous_127)
FNDA:0,(anonymous_128)
FNDA:0,(anonymous_129)
FNDA:0,(anonymous_130)
FNDA:0,(anonymous_131)
FNDA:0,(anonymous_132)
FNDA:0,(anonymous_133)
FNDA:0,(anonymous_134)
FNDA:0,(anonymous_135)
FNDA:0,(anonymous_136)
FNDA:0,(anonymous_137)
FNDA:0,(anonymous_138)
FNDA:0,(anonymous_139)
FNDA:0,(anonymous_140)
FNDA:0,(anonymous_141)
FNDA:0,(anonymous_142)
FNDA:0,(anonymous_143)
FNDA:0,(anonymous_144)
FNDA:0,(anonymous_145)
FNDA:0,(anonymous_146)
FNDA:0,(anonymous_147)
FNDA:0,(anonymous_148)
FNDA:0,(anonymous_149)
FNDA:0,(anonymous_150)
FNDA:0,(anonymous_151)
FNDA:0,(anonymous_152)
FNDA:0,(anonymous_153)
FNDA:0,(anonymous_154)
FNDA:0,(anonymous_155)
FNDA:0,(anonymous_156)
FNDA:0,(anonymous_157)
FNDA:0,(anonymous_158)
FNDA:0,(anonymous_159)
FNDA:0,(anonymous_160)
FNDA:0,(anonymous_161)
FNDA:0,(anonymous_162)
FNDA:0,(anonymous_163)
FNDA:0,(anonymous_164)
FNDA:0,(anonymous_165)
FNDA:0,(anonymous_166)
FNDA:0,(anonymous_167)
FNDA:0,(anonymous_168)
FNDA:0,(anonymous_169)
FNDA:0,(anonymous_170)
FNDA:0,(anonymous_171)
FNDA:0,(anonymous_172)
FNDA:0,(anonymous_173)
FNDA:0,(anonymous_174)
FNDA:0,(anonymous_175)
FNDA:0,(anonymous_176)
FNDA:0,(anonymous_177)
FNDA:0,(anonymous_178)
FNDA:0,(anonymous_179)
FNDA:0,(anonymous_180)
FNDA:0,(anonymous_181)
FNDA:0,(anonymous_182)
FNDA:0,(anonymous_183)
FNDA:0,(anonymous_184)
FNDA:0,(anonymous_185)
DA:1,2
DA:2,2
DA:3,2
DA:4,2
DA:12,2
DA:20,2
DA:32,2
DA:45,2
DA:54,2
DA:62,2
DA:74,2
DA:84,2
DA:91,2
DA:102,2
DA:105,2
DA:118,2
DA:128,2
DA:139,2
DA:150,2
DA:165,2
DA:180,0
DA:193,2
DA:201,0
DA:208,2
DA:216,0
DA:223,2
DA:246,0
DA:256,2
DA:258,0
DA:280,0
DA:294,2
DA:303,2
DA:312,2
DA:337,0
DA:347,2
DA:373,0
DA:389,2
DA:403,0
DA:419,2
DA:426,0
DA:438,2
DA:477,0
DA:507,2
DA:519,2
DA:535,0
DA:546,2
DA:568,0
DA:574,2
DA:576,0
DA:601,0
DA:618,2
DA:620,0
DA:655,0
DA:668,2
DA:669,0
DA:689,0
DA:697,2
DA:699,0
DA:700,0
DA:724,0
DA:739,2
DA:774,0
DA:796,2
DA:807,2
DA:813,2
DA:819,2
DA:836,2
DA:927,2
DA:948,2
DA:950,0
DA:990,0
DA:995,2
DA:1002,2
DA:1012,2
DA:1021,2
DA:1023,0
DA:1034,2
DA:1036,0
DA:1045,2
DA:1047,0
DA:1056,2
DA:1058,0
DA:1077,2
DA:1079,0
DA:1080,0
DA:1088,2
DA:1090,0
DA:1101,2
DA:1105,2
DA:1109,2
DA:1113,2
DA:1117,2
DA:1122,2
DA:1127,2
DA:1132,2
DA:1137,2
DA:1142,2
DA:1149,2
DA:1154,2
DA:1161,2
DA:1163,0
DA:1194,2
DA:1196,0
DA:1201,0
DA:1216,2
DA:1218,0
DA:1233,2
DA:1235,0
DA:1248,2
DA:1250,0
DA:1267,0
DA:1272,2
DA:1283,2
DA:1289,2
DA:1295,2
DA:1300,2
DA:1306,2
DA:1311,2
DA:1361,2
DA:1370,2
DA:1384,2
DA:1390,2
DA:1395,2
DA:1403,2
DA:1411,2
DA:1413,0
DA:1422,2
DA:1424,0
DA:1425,0
DA:1432,2
DA:1438,2
DA:1445,2
DA:1459,2
DA:1464,2
DA:1469,2
DA:1493,2
DA:1504,0
DA:1508,2
DA:1524,2
DA:1535,2
DA:1542,2
DA:1549,2
DA:1556,2
DA:1567,2
DA:1575,2
DA:1576,2
DA:1578,2
DA:1588,0
DA:1594,2
DA:1601,2
DA:1610,0
DA:1624,2
DA:1640,2
DA:1648,2
DA:1657,0
DA:1661,2
DA:1672,0
DA:1686,2
DA:1697,0
DA:1701,2
DA:1710,0
DA:1714,2
DA:1723,0
DA:1728,2
DA:1738,0
DA:1743,2
DA:1751,0
DA:1755,2
DA:1757,0
DA:1764,2
DA:1780,2
DA:1809,0
DA:1816,2
DA:1844,0
DA:1851,2
DA:1868,0
DA:1875,2
DA:1898,0
DA:1923,2
DA:1976,0
DA:1989,2
DA:2010,0
DA:2022,2
DA:2036,2
DA:2046,2
DA:2047,0
DA:2056,2
DA:2057,0
DA:2060,0
DA:2067,2
DA:2068,0
DA:2078,2
DA:2085,2
DA:2102,2
DA:2104,0
DA:2115,0
DA:2123,2
DA:2125,0
DA:2135,0
DA:2142,2
DA:2144,0
DA:2153,0
DA:2170,2
DA:2171,2
DA:2172,2
DA:2180,2
DA:2212,0
DA:2221,2
DA:2231,2
DA:2239,2
DA:2250,0
DA:2267,2
DA:2277,2
DA:2288,2
DA:2330,0
DA:2343,2
DA:2384,0
DA:2394,2
DA:2416,0
DA:2426,2
DA:2433,0
DA:2441,2
DA:2485,0
DA:2492,2
DA:2522,0
DA:2536,2
DA:2538,0
DA:2565,0
DA:2574,2
DA:2599,0
DA:2611,2
DA:2661,0
DA:2677,2
DA:2687,2
DA:2693,2
DA:2711,0
DA:2719,2
DA:2727,2
DA:2735,2
DA:2739,2
DA:2748,2
DA:2768,0
DA:2777,2
DA:2786,2
DA:2787,0
DA:2790,0
DA:2837,0
DA:2848,2
DA:2850,0
DA:2889,0
DA:2903,2
DA:2912,0
DA:2933,0
DA:2941,2
DA:2943,0
DA:2991,0
DA:3005,2
DA:3006,0
DA:3057,0
DA:3069,2
DA:3100,0
DA:3108,2
DA:3136,0
DA:3150,2
DA:3156,2
DA:3161,2
DA:3166,2
DA:3171,2
DA:3176,2
DA:3182,2
DA:3189,2
DA:3195,2
DA:3201,2
DA:3206,2
DA:3212,2
DA:3219,2
DA:3225,2
DA:3273,2
DA:3284,2
DA:3290,2
DA:3298,2
DA:3306,2
DA:3318,2
DA:3330,2
DA:3338,2
DA:3346,2
DA:3354,2
DA:3366,2
DA:3395,0
DA:3404,2
DA:3412,2
DA:3421,0
DA:3429,2
DA:3440,2
DA:3497,0
DA:3509,2
DA:3519,2
DA:3530,2
DA:3572,0
DA:3584,2
DA:3594,2
DA:3605,2
DA:3645,0
DA:3657,2
DA:3667,2
DA:3678,2
DA:3727,0
DA:3739,2
DA:3749,2
DA:3760,2
DA:3778,0
DA:3784,2
DA:3822,0
DA:3828,2
DA:3856,0
DA:3866,2
DA:3903,0
DA:3909,2
DA:3935,0
DA:3941,2
DA:3973,0
DA:3980,2
DA:3981,2
DA:3982,2
DA:3985,2
DA:3986,2
DA:3989,2
DA:4010,2
DA:4011,2
DA:4030,2
DA:4039,0
DA:4045,2
DA:4064,0
DA:4075,2
DA:4122,2
DA:4138,0
DA:4143,2
DA:4145,0
DA:4153,0
DA:4158,2
DA:4160,0
DA:4161,0
DA:4170,2
DA:4182,2
DA:4187,0
DA:4193,2
DA:4205,0
DA:4212,2
DA:4213,2
DA:4214,2
DA:4224,2
DA:4232,0
DA:4237,2
DA:4239,0
DA:4252,0
DA:4257,2
DA:4259,0
DA:4263,0
DA:4268,2
DA:4270,0
DA:4274,0
DA:4283,2
DA:4294,2
DA:4297,0
DA:4322,0
DA:4329,2
DA:4336,2
DA:4337,2
DA:4339,2
DA:4346,0
DA:4351,2
DA:4352,2
DA:4353,2
DA:4374,2
DA:4375,2
DA:4403,2
DA:4426,0
DA:4447,2
DA:4470,0
DA:4496,2
DA:4534,0
DA:4549,2
DA:4593,0
DA:4618,2
DA:4665,0
DA:4681,2
DA:4703,0
DA:4715,2
DA:4717,0
DA:4742,0
DA:4759,2
DA:4775,0
DA:4784,2
DA:4832,0
DA:4843,2
DA:4891,0
DA:4902,2
DA:4904,0
DA:5076,0
DA:5090,2
DA:5092,0
DA:5136,0
DA:5148,2
DA:5164,0
DA:5174,2
DA:5203,0
DA:5233,2
DA:5268,0
DA:5274,2
DA:5289,2
DA:5301,0
DA:5307,2
DA:5311,2
DA:5316,0
DA:5320,2
DA:5332,2
DA:5347,0
DA:5361,2
DA:5389,0
DA:5395,2
DA:5430,0
DA:5436,2
DA:5445,0
DA:5449,2
DA:5453,0
LF:425
LH:273
BRF:0
BRH:0
end_of_record
TN:
SF:shared/weekDetection.ts
FN:175,getCurrentWeek
FN:244,estimateGamesCompleted
FN:282,getWeekInfo
FN:283,(anonymous_3)
FN:303,(anonymous_4)
FN:322,isRisersFallersDataAvailable
FN:334,getBestRisersFallersWeek
FN:357,debugWeekDetection
FNF:8
FNH:1
FNDA:1,getCurrentWeek
FNDA:0,estimateGamesCompleted
FNDA:0,getWeekInfo
FNDA:0,(anonymous_3)
FNDA:0,(anonymous_4)
FNDA:0,isRisersFallersDataAvailable
FNDA:0,getBestRisersFallersWeek
FNDA:0,debugWeekDetection
DA:26,1
DA:175,1
DA:176,1
DA:177,1
DA:180,1
DA:181,18
DA:182,18
DA:183,18
DA:184,18
DA:187,18
DA:188,0
DA:191,0
DA:192,0
DA:193,0
DA:194,0
DA:196,0
DA:199,0
DA:214,1
DA:215,0
DA:229,1
DA:245,0
DA:246,0
DA:247,0
DA:250,0
DA:253,0
DA:260,0
DA:261,0
DA:263,0
DA:264,0
DA:265,0
DA:266,0
DA:267,0
DA:268,0
DA:269,0
DA:270,0
DA:271,0
DA:272,0
DA:273,0
DA:275,0
DA:282,1
DA:283,0
DA:284,0
DA:286,0
DA:287,0
DA:288,0
DA:289,0
DA:290,0
DA:292,0
DA:295,0
DA:296,0
DA:297,0
DA:298,0
DA:300,0
DA:303,0
DA:305,0
DA:322,1
DA:324,0
DA:327,0
DA:328,0
DA:334,1
DA:335,0
DA:338,0
DA:339,0
DA:343,0
DA:344,0
DA:345,0
DA:346,0
DA:351,0
DA:357,1
DA:358,0
DA:359,0
DA:361,0
DA:362,0
DA:364,0
LF:74
LH:16
BRDA:176,0,0,1
BRDA:176,0,1,1
BRDA:187,1,0,0
BRDA:187,1,1,18
BRDA:187,2,0,18
BRDA:187,2,1,18
BRDA:191,3,0,0
BRDA:191,3,1,0
BRDA:193,4,0,0
BRDA:193,4,1,0
BRDA:206,5,0,0
BRDA:206,5,1,0
BRDA:206,6,0,0
BRDA:206,6,1,0
BRDA:207,7,0,0
BRDA:207,7,1,0
BRDA:214,8,0,0
BRDA:214,8,1,1
BRDA:250,9,0,0
BRDA:250,9,1,0
BRDA:253,10,0,0
BRDA:253,10,1,0
BRDA:263,11,0,0
BRDA:263,11,1,0
BRDA:265,12,0,0
BRDA:265,12,1,0
BRDA:266,13,0,0
BRDA:266,13,1,0
BRDA:267,14,0,0
BRDA:267,14,1,0
BRDA:269,15,0,0
BRDA:269,15,1,0
BRDA:269,16,0,0
BRDA:269,16,1,0
BRDA:270,17,0,0
BRDA:270,17,1,0
BRDA:271,18,0,0
BRDA:271,18,1,0
BRDA:272,19,0,0
BRDA:272,19,1,0
BRDA:275,20,0,0
BRDA:275,20,1,0
BRDA:282,21,0,0
BRDA:284,22,0,0
BRDA:284,22,1,0
BRDA:295,23,0,0
BRDA:295,23,1,0
BRDA:297,24,0,0
BRDA:297,24,1,0
BRDA:312,25,0,0
BRDA:312,25,1,0
BRDA:312,26,0,0
BRDA:312,26,1,0
BRDA:313,27,0,0
BRDA:313,27,1,0
BRDA:324,28,0,0
BRDA:324,28,1,0
BRDA:328,29,0,0
BRDA:328,29,1,0
BRDA:328,30,0,0
BRDA:328,30,1,0
BRDA:328,31,0,0
BRDA:328,31,1,0
BRDA:338,32,0,0
BRDA:338,32,1,0
BRDA:338,33,0,0
BRDA:338,33,1,0
BRDA:343,34,0,0
BRDA:343,34,1,0
BRDA:345,35,0,0
BRDA:345,35,1,0
BRDA:345,36,0,0
BRDA:345,36,1,0
BRDA:345,37,0,0
BRDA:345,37,1,0
BRDA:358,38,0,0
BRDA:358,38,1,0
BRF:77
BRH:6
end_of_record
